=== GitHub SLA Check: Sun Mar  8 06:00:01 AM CST 2026 ===
[06:00:01] STEP 0: Cleaning old data
[06:00:01] Checking tracked issues for closures...
[06:00:11] Cleanup complete
[06:00:11] STEP 1: Processing notifications
[06:00:13] Found 70 notifications
[06:00:30] VATSIM-UK/UK-Sector-File#6064: Already assigned, skipping
[06:00:33] pytorch-tabular/pytorch_tabular#605: Too old (41 days), skipping
[06:00:52] activist-org/activist#1925: Already assigned, skipping
[06:01:09] microsoft/vscode#288770: Already assigned, skipping
[06:01:15] lucasjinreal/Kokoros#61: Too old (379 days), skipping
[06:01:44] STEP 2: Checking my PRs
[06:01:46] STEP 2.5: Proactive discovery - finding new issues
[06:01:46] Searching for good-first-issues...
[06:01:47] Found 20 good-first-issues from search
[06:01:47]   Checking lingdojo/kana-dojo#7597: priority=100, comments=1
[06:01:47] *** DISCOVERED: lingdojo/kana-dojo#7597 (priority: 100, 1 comments) ***
[06:01:47] >>> Posting on discovered issue lingdojo/kana-dojo#7597
[06:01:48] FAILED to post on lingdojo/kana-dojo#7597: GraphQL: User is blocked (addComment)
[06:01:49]   Checking lingdojo/kana-dojo#7596: priority=100, comments=1
[06:01:49] *** DISCOVERED: lingdojo/kana-dojo#7596 (priority: 100, 1 comments) ***
[06:01:49] >>> Posting on discovered issue lingdojo/kana-dojo#7596
[06:01:49] FAILED to post on lingdojo/kana-dojo#7596: GraphQL: User is blocked (addComment)
[06:01:50]   Checking lingdojo/kana-dojo#7595: priority=100, comments=1
[06:01:50] *** DISCOVERED: lingdojo/kana-dojo#7595 (priority: 100, 1 comments) ***
[06:01:50] >>> Posting on discovered issue lingdojo/kana-dojo#7595
[06:01:51] FAILED to post on lingdojo/kana-dojo#7595: GraphQL: User is blocked (addComment)
[06:01:51]   Checking lingdojo/kana-dojo#7594: priority=100, comments=1
[06:01:51] *** DISCOVERED: lingdojo/kana-dojo#7594 (priority: 100, 1 comments) ***
[06:01:51] >>> Posting on discovered issue lingdojo/kana-dojo#7594
[06:01:52] FAILED to post on lingdojo/kana-dojo#7594: GraphQL: User is blocked (addComment)
[06:01:53]   Checking lingdojo/kana-dojo#7593: priority=100, comments=1
[06:01:53] *** DISCOVERED: lingdojo/kana-dojo#7593 (priority: 100, 1 comments) ***
[06:01:53] >>> Posting on discovered issue lingdojo/kana-dojo#7593
[06:01:54] FAILED to post on lingdojo/kana-dojo#7593: GraphQL: User is blocked (addComment)
[06:01:54]   Checking lingdojo/kana-dojo#7590: priority=100, comments=2
[06:01:54] *** DISCOVERED: lingdojo/kana-dojo#7590 (priority: 100, 2 comments) ***
[06:01:54] >>> Posting on discovered issue lingdojo/kana-dojo#7590
[06:01:55] FAILED to post on lingdojo/kana-dojo#7590: GraphQL: User is blocked (addComment)
[06:01:55]   Skipping lingdojo/kana-dojo#7589: Already tracked
[06:01:55]   Skipping lingdojo/kana-dojo#7588: Already tracked
[06:01:55]   Skipping lingdojo/kana-dojo#7587: Already tracked
[06:01:55]   Skipping lingdojo/kana-dojo#7586: Already tracked
[06:01:55]   Skipping ibelanger/GraniteFungiForager#36: Already tracked
[06:01:55]   Skipping ibelanger/GraniteFungiForager#35: Already tracked
[06:01:55]   Skipping ibelanger/GraniteFungiForager#28: Already tracked
[06:01:55]   Skipping ibelanger/GraniteFungiForager#27: Already tracked
[06:01:55]   Skipping ibelanger/GraniteFungiForager#24: Already tracked
[06:01:56]   Skipping ibelanger/GraniteFungiForager#22: Already tracked
[06:01:56]   Skipping windoze95/nullfeed-flutter#15: Already tracked
[06:01:56]   Skipping windoze95/nullfeed-flutter#14: Already tracked
[06:01:56]   Skipping windoze95/nullfeed-backend#27: Already tracked
[06:01:56]   Skipping finnoybu/aegis-governance#14: Already tracked
[06:01:56] Checked 20 issues, discovered 6 high-priority ones
[06:01:56] STEP 3: Checking follow-ups
[06:01:58] STEP 4: Building action items list
[06:01:58] STEP 5: Updating metrics
[06:01:58] === SUMMARY ===
[06:01:58] Notifications: 70
[06:01:58] Posted: 0
[06:01:58] Consent opportunities: 6
[06:01:58] Stale issues: 0
[06:01:58] Need follow-up: 0
[06:01:58] Merge conflicts: 0
[06:01:58] Total tracked: 58
[06:01:58] Check complete
