=== GitHub SLA Check: Tue Mar 10 07:30:01 AM CST 2026 ===
[07:30:01] STEP 0: Cleaning old data
[07:30:01] Checking tracked issues for closures...
[07:30:12] Cleanup complete
[07:30:12] STEP 1: Processing notifications
[07:30:13] Found 79 notifications
[07:30:15] djangonaut-space/wagtail-indymeet#713: Already assigned, skipping
[07:30:16] EndlessPixel/EndlessPixel-Modpack#35: Already assigned, skipping
[07:30:17] VATSIM-UK/UK-Sector-File#6064: Already assigned, skipping
[07:30:51] pytorch-tabular/pytorch_tabular#605: Too old (43 days), skipping
[07:31:09] activist-org/activist#1925: Already assigned, skipping
[07:31:25] microsoft/vscode#288770: Already assigned, skipping
[07:31:29] lucasjinreal/Kokoros#61: Too old (381 days), skipping
[07:32:00] STEP 2: Checking my PRs
[07:32:01] STEP 2.5: Proactive discovery - finding new issues
[07:32:01] Searching for good-first-issues...
[07:32:02] Found 20 good-first-issues from search
[07:32:02]   Skipping djangonaut-space/wagtail-indymeet#713: Already tracked
[07:32:02]   Skipping rajmahadev422/Learn-To-PR#16: Already tracked
[07:32:02]   Skipping EndlessPixel/EndlessPixel-Modpack#35: Too many comments (6)
[07:32:02]   Skipping rysweet/azlin#793: Already tracked
[07:32:02]   Skipping rysweet/amplihack#2981: Already tracked
[07:32:02]   Skipping rysweet/amplihack#2980: Already tracked
[07:32:03]   Skipping rysweet/amplihack#2979: Already tracked
[07:32:03]   Skipping rysweet/amplihack#2977: Already tracked
[07:32:03]   Skipping rysweet/amplihack#2976: Already tracked
[07:32:03]   Skipping brendankowitz/FHIR-Tools-for-Anonymization#80: Already tracked
[07:32:03]   Skipping windoze95/nullfeed-flutter#19: Already tracked
[07:32:03]   Skipping windoze95/nullfeed-backend#33: Already tracked
[07:32:03]   Skipping windoze95/nullfeed-backend#32: Already tracked
[07:32:03]   Skipping avni-j/synthetic-demo-app#12: Already tracked
[07:32:03]   Skipping T-SIG/tsig-prints#252: Already tracked
[07:32:03]   Skipping T-SIG/tsig-prints#249: Already tracked
[07:32:03]   Skipping T-SIG/tsig-prints#248: Already tracked
[07:32:03]   Skipping T-SIG/tsig-prints#247: Already tracked
[07:32:03]   Skipping T-SIG/tsig-prints#245: Already tracked
[07:32:03]   Skipping T-SIG/tsig-prints#244: Already tracked
[07:32:03] Checked 20 issues, discovered 0 high-priority ones
[07:32:03] STEP 3: Checking follow-ups
[07:32:27] FOLLOW-UP NEEDED: Vexa-ai/vexa#160 (no response in 3 days)
[07:32:35] FOLLOW-UP NEEDED: mynextproject-portfolio/recipe-explorer-lite-yuewang199511#1 (no response in 3 days)
[07:32:38] FOLLOW-UP NEEDED: Marormur/Website#158 (no response in 3 days)
[07:32:40] FOLLOW-UP NEEDED: Marormur/Website#160 (no response in 3 days)
[07:32:41] FOLLOW-UP NEEDED: PatrickB1905/wealthwise#12 (no response in 3 days)
[07:32:43] STEP 4: Building action items list
[07:32:43] STEP 5: Updating metrics
[07:32:43] === SUMMARY ===
[07:32:43] Notifications: 79
[07:32:43] Posted: 0
[07:32:43] Consent opportunities: 0
[07:32:43] Stale issues: 0
[07:32:43] Need follow-up: 15
[07:32:43] Merge conflicts: 0
[07:32:43] Total tracked: 101
[07:32:43] Check complete
