=== GitHub SLA Check: Tue Mar 10 09:30:01 AM CST 2026 ===
[09:30:01] STEP 0: Cleaning old data
[09:30:01] Checking tracked issues for closures...
[09:30:12] Cleanup complete
[09:30:12] STEP 1: Processing notifications
[09:30:13] Found 79 notifications
[09:30:15] djangonaut-space/wagtail-indymeet#713: Already assigned, skipping
[09:30:16] EndlessPixel/EndlessPixel-Modpack#35: Already assigned, skipping
[09:30:18] VATSIM-UK/UK-Sector-File#6064: Already assigned, skipping
[09:30:50] pytorch-tabular/pytorch_tabular#605: Too old (43 days), skipping
[09:31:08] activist-org/activist#1925: Already assigned, skipping
[09:31:23] microsoft/vscode#288770: Already assigned, skipping
[09:31:27] lucasjinreal/Kokoros#61: Too old (382 days), skipping
[09:31:57] STEP 2: Checking my PRs
[09:31:58] STEP 2.5: Proactive discovery - finding new issues
[09:31:58] Searching for good-first-issues...
[09:31:59] Found 20 good-first-issues from search
[09:31:59]   Skipping djangonaut-space/wagtail-indymeet#713: Already tracked
[09:31:59]   Skipping rajmahadev422/Learn-To-PR#16: Already tracked
[09:31:59]   Skipping EndlessPixel/EndlessPixel-Modpack#35: Too many comments (6)
[09:32:00]   Skipping rysweet/azlin#793: Already tracked
[09:32:00]   Skipping rysweet/amplihack#2981: Already tracked
[09:32:00]   Skipping rysweet/amplihack#2980: Already tracked
[09:32:00]   Skipping rysweet/amplihack#2979: Already tracked
[09:32:00]   Skipping rysweet/amplihack#2977: Already tracked
[09:32:00]   Skipping rysweet/amplihack#2976: Already tracked
[09:32:00]   Skipping brendankowitz/FHIR-Tools-for-Anonymization#80: Already tracked
[09:32:00]   Skipping windoze95/nullfeed-flutter#19: Already tracked
[09:32:00]   Skipping windoze95/nullfeed-backend#33: Already tracked
[09:32:00]   Skipping windoze95/nullfeed-backend#32: Already tracked
[09:32:00]   Skipping avni-j/synthetic-demo-app#12: Already tracked
[09:32:00]   Skipping T-SIG/tsig-prints#252: Already tracked
[09:32:00]   Skipping T-SIG/tsig-prints#249: Already tracked
[09:32:01]   Skipping T-SIG/tsig-prints#248: Already tracked
[09:32:01]   Skipping T-SIG/tsig-prints#247: Already tracked
[09:32:01]   Skipping T-SIG/tsig-prints#245: Already tracked
[09:32:01]   Skipping T-SIG/tsig-prints#244: Already tracked
[09:32:01] Checked 20 issues, discovered 0 high-priority ones
[09:32:01] STEP 3: Checking follow-ups
[09:32:24] FOLLOW-UP NEEDED: Vexa-ai/vexa#160 (no response in 3 days)
[09:32:32] FOLLOW-UP NEEDED: mynextproject-portfolio/recipe-explorer-lite-yuewang199511#1 (no response in 3 days)
[09:32:34] FOLLOW-UP NEEDED: Marormur/Website#158 (no response in 3 days)
[09:32:36] FOLLOW-UP NEEDED: Marormur/Website#160 (no response in 3 days)
[09:32:37] FOLLOW-UP NEEDED: PatrickB1905/wealthwise#12 (no response in 3 days)
[09:32:38] FOLLOW-UP NEEDED: GreatJobTommy/DIT-Transfer-Tools#73 (no response in 3 days)
[09:32:41] STEP 4: Building action items list
[09:32:41] STEP 5: Updating metrics
[09:32:41] === SUMMARY ===
[09:32:41] Notifications: 79
[09:32:41] Posted: 0
[09:32:41] Consent opportunities: 0
[09:32:41] Stale issues: 0
[09:32:41] Need follow-up: 39
[09:32:41] Merge conflicts: 0
[09:32:41] Total tracked: 101
[09:32:41] Check complete
