=== GitHub SLA Check: Mon Mar  9 08:30:01 PM CST 2026 ===
[20:30:01] STEP 0: Cleaning old data
[20:30:01] Checking tracked issues for closures...
[20:30:13] Cleanup complete
[20:30:13] STEP 1: Processing notifications
[20:30:14] Found 76 notifications
[20:30:45] VATSIM-UK/UK-Sector-File#6064: Already assigned, skipping
[20:30:50] pytorch-tabular/pytorch_tabular#605: Too old (43 days), skipping
[20:31:10] activist-org/activist#1925: Already assigned, skipping
[20:31:27] microsoft/vscode#288770: Already assigned, skipping
[20:31:32] lucasjinreal/Kokoros#61: Too old (381 days), skipping
[20:32:02] STEP 2: Checking my PRs
[20:32:04] STEP 2.5: Proactive discovery - finding new issues
[20:32:04] Searching for good-first-issues...
[20:32:06] Found 20 good-first-issues from search
[20:32:06]   Skipping rysweet/azlin#793: Already tracked
[20:32:06]   Skipping rysweet/amplihack#2981: Already tracked
[20:32:06]   Skipping rysweet/amplihack#2980: Already tracked
[20:32:06]   Skipping rysweet/amplihack#2979: Already tracked
[20:32:06]   Skipping rysweet/amplihack#2977: Already tracked
[20:32:06]   Skipping rysweet/amplihack#2976: Already tracked
[20:32:06]   Skipping brendankowitz/FHIR-Tools-for-Anonymization#80: Already tracked
[20:32:07]   Skipping windoze95/nullfeed-flutter#19: Already tracked
[20:32:07]   Skipping windoze95/nullfeed-backend#33: Already tracked
[20:32:07]   Skipping windoze95/nullfeed-backend#32: Already tracked
[20:32:07]   Skipping avni-j/synthetic-demo-app#12: Already tracked
[20:32:07]   Skipping T-SIG/tsig-prints#252: Already tracked
[20:32:07]   Skipping T-SIG/tsig-prints#249: Already tracked
[20:32:07]   Skipping T-SIG/tsig-prints#248: Already tracked
[20:32:07]   Skipping T-SIG/tsig-prints#247: Already tracked
[20:32:07]   Skipping T-SIG/tsig-prints#245: Already tracked
[20:32:07]   Skipping T-SIG/tsig-prints#244: Already tracked
[20:32:07]   Skipping T-SIG/tsig-prints#243: Already tracked
[20:32:07]   Skipping T-SIG/tsig-prints#242: Already tracked
[20:32:07]   Skipping T-SIG/tsig-prints#241: Already tracked
[20:32:07] Checked 20 issues, discovered 0 high-priority ones
[20:32:07] STEP 3: Checking follow-ups
[20:32:10] STEP 4: Building action items list
[20:32:10] STEP 5: Updating metrics
[20:32:10] === SUMMARY ===
[20:32:10] Notifications: 76
[20:32:10] Posted: 0
[20:32:10] Consent opportunities: 0
[20:32:10] Stale issues: 0
[20:32:10] Need follow-up: 0
[20:32:10] Merge conflicts: 0
[20:32:10] Total tracked: 94
[20:32:10] Check complete
