=== GitHub SLA Check: Mon Mar  9 06:00:01 PM CST 2026 ===
[18:00:01] STEP 0: Cleaning old data
[18:00:01] Checking tracked issues for closures...
[18:00:13] Cleanup complete
[18:00:13] STEP 1: Processing notifications
[18:00:15] Found 74 notifications
[18:00:42] VATSIM-UK/UK-Sector-File#6064: Already assigned, skipping
[18:00:47] pytorch-tabular/pytorch_tabular#605: Too old (43 days), skipping
[18:01:05] activist-org/activist#1925: Already assigned, skipping
[18:01:21] microsoft/vscode#288770: Already assigned, skipping
[18:01:26] lucasjinreal/Kokoros#61: Too old (381 days), skipping
[18:01:56] STEP 2: Checking my PRs
[18:01:57] STEP 2.5: Proactive discovery - finding new issues
[18:01:57] Searching for good-first-issues...
[18:01:59] Found 20 good-first-issues from search
[18:01:59]   Checking rysweet/azlin#793: priority=100, comments=0
[18:01:59] *** DISCOVERED: rysweet/azlin#793 (priority: 100, 0 comments) ***
[18:01:59] >>> Posting on discovered issue rysweet/azlin#793
[18:02:00] SUCCESS: Posted on rysweet/azlin#793
[18:02:06]   Checking rysweet/amplihack#2981: priority=100, comments=0
[18:02:06] *** DISCOVERED: rysweet/amplihack#2981 (priority: 100, 0 comments) ***
[18:02:06] >>> Posting on discovered issue rysweet/amplihack#2981
[18:02:07] SUCCESS: Posted on rysweet/amplihack#2981
[18:02:12]   Checking rysweet/amplihack#2980: priority=100, comments=0
[18:02:12] *** DISCOVERED: rysweet/amplihack#2980 (priority: 100, 0 comments) ***
[18:02:12] >>> Posting on discovered issue rysweet/amplihack#2980
[18:02:14] SUCCESS: Posted on rysweet/amplihack#2980
[18:02:19]   Checking rysweet/amplihack#2979: priority=100, comments=0
[18:02:19] *** DISCOVERED: rysweet/amplihack#2979 (priority: 100, 0 comments) ***
[18:02:19] >>> Posting on discovered issue rysweet/amplihack#2979
[18:02:20] SUCCESS: Posted on rysweet/amplihack#2979
[18:02:26]   Checking rysweet/amplihack#2977: priority=100, comments=0
[18:02:26] *** DISCOVERED: rysweet/amplihack#2977 (priority: 100, 0 comments) ***
[18:02:26] >>> Posting on discovered issue rysweet/amplihack#2977
[18:02:27] SUCCESS: Posted on rysweet/amplihack#2977
[18:02:32]   Checking rysweet/amplihack#2976: priority=100, comments=0
[18:02:32] *** DISCOVERED: rysweet/amplihack#2976 (priority: 100, 0 comments) ***
[18:02:32]   Skipping brendankowitz/FHIR-Tools-for-Anonymization#80: Already tracked
[18:02:32]   Skipping windoze95/nullfeed-flutter#19: Already tracked
[18:02:33]   Skipping windoze95/nullfeed-backend#33: Already tracked
[18:02:33]   Skipping windoze95/nullfeed-backend#32: Already tracked
[18:02:33]   Skipping avni-j/synthetic-demo-app#12: Already tracked
[18:02:33]   Skipping T-SIG/tsig-prints#252: Already tracked
[18:02:33]   Skipping T-SIG/tsig-prints#249: Already tracked
[18:02:33]   Skipping T-SIG/tsig-prints#248: Already tracked
[18:02:33]   Skipping T-SIG/tsig-prints#247: Already tracked
[18:02:33]   Skipping T-SIG/tsig-prints#245: Already tracked
[18:02:33]   Skipping T-SIG/tsig-prints#244: Already tracked
[18:02:33]   Skipping T-SIG/tsig-prints#243: Already tracked
[18:02:33]   Skipping T-SIG/tsig-prints#242: Already tracked
[18:02:33]   Skipping T-SIG/tsig-prints#241: Already tracked
[18:02:33] Checked 20 issues, discovered 6 high-priority ones
[18:02:33] STEP 3: Checking follow-ups
[18:02:37] STEP 4: Building action items list
[18:02:37] STEP 5: Updating metrics
[18:02:37] === SUMMARY ===
[18:02:37] Notifications: 74
[18:02:37] Posted: 5
[18:02:37] Consent opportunities: 6
[18:02:37] Stale issues: 0
[18:02:37] Need follow-up: 0
[18:02:37] Merge conflicts: 0
[18:02:37] Total tracked: 93
[18:02:37] Check complete
