=== GitHub SLA Check: Mon Mar  9 09:00:02 AM CST 2026 ===
[09:00:02] STEP 0: Cleaning old data
[09:00:02] Checking tracked issues for closures...
[09:00:14] Cleanup complete
[09:00:14] STEP 1: Processing notifications
[09:00:15] Found 71 notifications
[09:00:36] VATSIM-UK/UK-Sector-File#6064: Already assigned, skipping
[09:00:40] pytorch-tabular/pytorch_tabular#605: Too old (42 days), skipping
[09:01:00] activist-org/activist#1925: Already assigned, skipping
[09:01:17] microsoft/vscode#288770: Already assigned, skipping
[09:01:21] lucasjinreal/Kokoros#61: Too old (381 days), skipping
[09:01:50] STEP 2: Checking my PRs
[09:01:50] STEP 2.5: Proactive discovery - finding new issues
[09:01:50] Searching for good-first-issues...
[09:01:52] Found 20 good-first-issues from search
[09:01:52]   Skipping VATSIM-UK/UK-Sector-File#6069: Already tracked
[09:01:52]   Checking lingdojo/kana-dojo#7665: priority=100, comments=1
[09:01:52] *** DISCOVERED: lingdojo/kana-dojo#7665 (priority: 100, 1 comments) ***
[09:01:52] >>> Posting on discovered issue lingdojo/kana-dojo#7665
[09:01:54] FAILED to post on lingdojo/kana-dojo#7665: GraphQL: User is blocked (addComment)
[09:01:54]   Checking lingdojo/kana-dojo#7664: priority=100, comments=1
[09:01:54] *** DISCOVERED: lingdojo/kana-dojo#7664 (priority: 100, 1 comments) ***
[09:01:54] >>> Posting on discovered issue lingdojo/kana-dojo#7664
[09:01:55] FAILED to post on lingdojo/kana-dojo#7664: GraphQL: User is blocked (addComment)
[09:01:55]   Checking lingdojo/kana-dojo#7663: priority=100, comments=2
[09:01:55] *** DISCOVERED: lingdojo/kana-dojo#7663 (priority: 100, 2 comments) ***
[09:01:55] >>> Posting on discovered issue lingdojo/kana-dojo#7663
[09:01:56] FAILED to post on lingdojo/kana-dojo#7663: GraphQL: User is blocked (addComment)
[09:01:56]   Checking lingdojo/kana-dojo#7662: priority=100, comments=1
[09:01:56] *** DISCOVERED: lingdojo/kana-dojo#7662 (priority: 100, 1 comments) ***
[09:01:56] >>> Posting on discovered issue lingdojo/kana-dojo#7662
[09:01:58] FAILED to post on lingdojo/kana-dojo#7662: GraphQL: User is blocked (addComment)
[09:01:59]   Checking lingdojo/kana-dojo#7661: priority=100, comments=1
[09:01:59] *** DISCOVERED: lingdojo/kana-dojo#7661 (priority: 100, 1 comments) ***
[09:01:59] >>> Posting on discovered issue lingdojo/kana-dojo#7661
[09:02:00] FAILED to post on lingdojo/kana-dojo#7661: GraphQL: User is blocked (addComment)
[09:02:00]   Checking lingdojo/kana-dojo#7660: priority=100, comments=1
[09:02:00] *** DISCOVERED: lingdojo/kana-dojo#7660 (priority: 100, 1 comments) ***
[09:02:00] >>> Posting on discovered issue lingdojo/kana-dojo#7660
[09:02:01] FAILED to post on lingdojo/kana-dojo#7660: GraphQL: User is blocked (addComment)
[09:02:01]   Checking lingdojo/kana-dojo#7659: priority=100, comments=1
[09:02:01] *** DISCOVERED: lingdojo/kana-dojo#7659 (priority: 100, 1 comments) ***
[09:02:01] >>> Posting on discovered issue lingdojo/kana-dojo#7659
[09:02:03] FAILED to post on lingdojo/kana-dojo#7659: GraphQL: User is blocked (addComment)
[09:02:03]   Checking lingdojo/kana-dojo#7658: priority=100, comments=1
[09:02:03] *** DISCOVERED: lingdojo/kana-dojo#7658 (priority: 100, 1 comments) ***
[09:02:03] >>> Posting on discovered issue lingdojo/kana-dojo#7658
[09:02:04] FAILED to post on lingdojo/kana-dojo#7658: GraphQL: User is blocked (addComment)
[09:02:04]   Checking lingdojo/kana-dojo#7657: priority=100, comments=1
[09:02:04] *** DISCOVERED: lingdojo/kana-dojo#7657 (priority: 100, 1 comments) ***
[09:02:04] >>> Posting on discovered issue lingdojo/kana-dojo#7657
[09:02:05] FAILED to post on lingdojo/kana-dojo#7657: GraphQL: User is blocked (addComment)
[09:02:05]   Checking lingdojo/kana-dojo#7656: priority=100, comments=1
[09:02:05] *** DISCOVERED: lingdojo/kana-dojo#7656 (priority: 100, 1 comments) ***
[09:02:05] >>> Posting on discovered issue lingdojo/kana-dojo#7656
[09:02:06] FAILED to post on lingdojo/kana-dojo#7656: GraphQL: User is blocked (addComment)
[09:02:06]   Checking lingdojo/kana-dojo#7654: priority=100, comments=1
[09:02:06] *** DISCOVERED: lingdojo/kana-dojo#7654 (priority: 100, 1 comments) ***
[09:02:06] >>> Posting on discovered issue lingdojo/kana-dojo#7654
[09:02:07] FAILED to post on lingdojo/kana-dojo#7654: GraphQL: User is blocked (addComment)
[09:02:08]   Skipping windoze95/nullfeed-flutter#17: Already tracked
[09:02:08]   Skipping windoze95/nullfeed-backend#29: Already tracked
[09:02:08]   Skipping windoze95/nullfeed-backend#28: Already tracked
[09:02:08]   Checking lingdojo/kana-dojo#7653: priority=100, comments=1
[09:02:08] *** DISCOVERED: lingdojo/kana-dojo#7653 (priority: 100, 1 comments) ***
[09:02:08] >>> Posting on discovered issue lingdojo/kana-dojo#7653
[09:02:09] FAILED to post on lingdojo/kana-dojo#7653: GraphQL: User is blocked (addComment)
[09:02:09]   Checking lingdojo/kana-dojo#7652: priority=100, comments=1
[09:02:09] *** DISCOVERED: lingdojo/kana-dojo#7652 (priority: 100, 1 comments) ***
[09:02:09] >>> Posting on discovered issue lingdojo/kana-dojo#7652
[09:02:10] FAILED to post on lingdojo/kana-dojo#7652: GraphQL: User is blocked (addComment)
[09:02:10]   Checking lingdojo/kana-dojo#7651: priority=100, comments=2
[09:02:10] *** DISCOVERED: lingdojo/kana-dojo#7651 (priority: 100, 2 comments) ***
[09:02:10] >>> Posting on discovered issue lingdojo/kana-dojo#7651
[09:02:11] FAILED to post on lingdojo/kana-dojo#7651: GraphQL: User is blocked (addComment)
[09:02:12]   Checking lingdojo/kana-dojo#7649: priority=100, comments=1
[09:02:12] *** DISCOVERED: lingdojo/kana-dojo#7649 (priority: 100, 1 comments) ***
[09:02:12] >>> Posting on discovered issue lingdojo/kana-dojo#7649
[09:02:13] FAILED to post on lingdojo/kana-dojo#7649: GraphQL: User is blocked (addComment)
[09:02:13]   Checking lingdojo/kana-dojo#7648: priority=100, comments=1
[09:02:13] *** DISCOVERED: lingdojo/kana-dojo#7648 (priority: 100, 1 comments) ***
[09:02:13] >>> Posting on discovered issue lingdojo/kana-dojo#7648
[09:02:14] FAILED to post on lingdojo/kana-dojo#7648: GraphQL: User is blocked (addComment)
[09:02:14] Checked 20 issues, discovered 16 high-priority ones
[09:02:14] STEP 3: Checking follow-ups
[09:02:16] STEP 4: Building action items list
[09:02:16] STEP 5: Updating metrics
[09:02:16] === SUMMARY ===
[09:02:16] Notifications: 71
[09:02:16] Posted: 0
[09:02:16] Consent opportunities: 16
[09:02:16] Stale issues: 0
[09:02:16] Need follow-up: 0
[09:02:16] Merge conflicts: 0
[09:02:16] Total tracked: 62
[09:02:16] Check complete
