=== GitHub SLA Check: Mon Mar  9 09:00:01 PM CST 2026 ===
[21:00:01] STEP 0: Cleaning old data
[21:00:01] Checking tracked issues for closures...
[21:00:13] Cleanup complete
[21:00:13] STEP 1: Processing notifications
[21:00:15] Found 76 notifications
[21:00:46] Network/server error (attempt 1/3), retrying...
[21:00:49] VATSIM-UK/UK-Sector-File#6064: Already assigned, skipping
[21:00:54] pytorch-tabular/pytorch_tabular#605: Too old (43 days), skipping
[21:01:14] activist-org/activist#1925: Already assigned, skipping
[21:01:33] microsoft/vscode#288770: Already assigned, skipping
[21:01:38] lucasjinreal/Kokoros#61: Too old (381 days), skipping
[21:02:11] STEP 2: Checking my PRs
[21:02:13] STEP 2.5: Proactive discovery - finding new issues
[21:02:13] Searching for good-first-issues...
[21:02:15] Found 20 good-first-issues from search
[21:02:15]   Skipping rysweet/azlin#793: Already tracked
[21:02:15]   Skipping rysweet/amplihack#2981: Already tracked
[21:02:15]   Skipping rysweet/amplihack#2980: Already tracked
[21:02:15]   Skipping rysweet/amplihack#2979: Already tracked
[21:02:15]   Skipping rysweet/amplihack#2977: Already tracked
[21:02:15]   Skipping rysweet/amplihack#2976: Already tracked
[21:02:15]   Skipping brendankowitz/FHIR-Tools-for-Anonymization#80: Already tracked
[21:02:15]   Skipping windoze95/nullfeed-flutter#19: Already tracked
[21:02:15]   Skipping windoze95/nullfeed-backend#33: Already tracked
[21:02:15]   Skipping windoze95/nullfeed-backend#32: Already tracked
[21:02:15]   Skipping avni-j/synthetic-demo-app#12: Already tracked
[21:02:15]   Skipping T-SIG/tsig-prints#252: Already tracked
[21:02:16]   Skipping T-SIG/tsig-prints#249: Already tracked
[21:02:16]   Skipping T-SIG/tsig-prints#248: Already tracked
[21:02:16]   Skipping T-SIG/tsig-prints#247: Already tracked
[21:02:16]   Skipping T-SIG/tsig-prints#245: Already tracked
[21:02:16]   Skipping T-SIG/tsig-prints#244: Already tracked
[21:02:16]   Skipping T-SIG/tsig-prints#243: Already tracked
[21:02:16]   Skipping T-SIG/tsig-prints#242: Already tracked
[21:02:16]   Skipping T-SIG/tsig-prints#241: Already tracked
[21:02:16] Checked 20 issues, discovered 0 high-priority ones
[21:02:16] STEP 3: Checking follow-ups
[21:02:19] STEP 4: Building action items list
[21:02:19] STEP 5: Updating metrics
[21:02:19] === SUMMARY ===
[21:02:19] Notifications: 76
[21:02:19] Posted: 0
[21:02:19] Consent opportunities: 0
[21:02:19] Stale issues: 0
[21:02:19] Need follow-up: 0
[21:02:19] Merge conflicts: 0
[21:02:19] Total tracked: 94
[21:02:19] Check complete
