=== GitHub SLA Check: Tue Mar 10 10:30:02 AM CST 2026 ===
[10:30:02] STEP 0: Cleaning old data
[10:30:02] Checking tracked issues for closures...
[10:30:13] Cleanup complete
[10:30:13] STEP 1: Processing notifications
[10:30:14] Found 79 notifications
[10:30:15] djangonaut-space/wagtail-indymeet#713: Already assigned, skipping
[10:30:16] EndlessPixel/EndlessPixel-Modpack#35: Already assigned, skipping
[10:30:18] VATSIM-UK/UK-Sector-File#6064: Already assigned, skipping
[10:30:50] pytorch-tabular/pytorch_tabular#605: Too old (43 days), skipping
[10:31:07] activist-org/activist#1925: Already assigned, skipping
[10:31:23] microsoft/vscode#288770: Already assigned, skipping
[10:31:27] lucasjinreal/Kokoros#61: Too old (382 days), skipping
[10:31:56] STEP 2: Checking my PRs
[10:31:57] STEP 2.5: Proactive discovery - finding new issues
[10:31:57] Searching for good-first-issues...
[10:31:59] Found 20 good-first-issues from search
[10:31:59]   Checking 7788ken/linkgate#7: priority=100, comments=0
[10:31:59] *** DISCOVERED: 7788ken/linkgate#7 (priority: 100, 0 comments) ***
[10:31:59] >>> Posting on discovered issue 7788ken/linkgate#7
[10:32:00] SUCCESS: Posted on 7788ken/linkgate#7
[10:32:06]   Checking 7788ken/linkgate#3: priority=100, comments=0
[10:32:06] *** DISCOVERED: 7788ken/linkgate#3 (priority: 100, 0 comments) ***
[10:32:06] >>> Posting on discovered issue 7788ken/linkgate#3
[10:32:07] SUCCESS: Posted on 7788ken/linkgate#3
[10:32:12]   Skipping djangonaut-space/wagtail-indymeet#713: Already tracked
[10:32:12]   Skipping rajmahadev422/Learn-To-PR#16: Already tracked
[10:32:12]   Skipping EndlessPixel/EndlessPixel-Modpack#35: Too many comments (6)
[10:32:12]   Skipping rysweet/azlin#793: Already tracked
[10:32:12]   Skipping rysweet/amplihack#2981: Already tracked
[10:32:12]   Skipping rysweet/amplihack#2980: Already tracked
[10:32:12]   Skipping rysweet/amplihack#2979: Already tracked
[10:32:13]   Skipping rysweet/amplihack#2977: Already tracked
[10:32:13]   Skipping rysweet/amplihack#2976: Already tracked
[10:32:13]   Skipping brendankowitz/FHIR-Tools-for-Anonymization#80: Already tracked
[10:32:13]   Skipping windoze95/nullfeed-flutter#19: Already tracked
[10:32:13]   Skipping windoze95/nullfeed-backend#33: Already tracked
[10:32:13]   Skipping windoze95/nullfeed-backend#32: Already tracked
[10:32:13]   Skipping avni-j/synthetic-demo-app#12: Already tracked
[10:32:13]   Skipping T-SIG/tsig-prints#252: Already tracked
[10:32:13]   Skipping T-SIG/tsig-prints#249: Already tracked
[10:32:13]   Skipping T-SIG/tsig-prints#248: Already tracked
[10:32:13]   Skipping T-SIG/tsig-prints#247: Already tracked
[10:32:13] Checked 20 issues, discovered 2 high-priority ones
[10:32:13] STEP 3: Checking follow-ups
[10:32:36] FOLLOW-UP NEEDED: Vexa-ai/vexa#160 (no response in 3 days)
[10:32:43] FOLLOW-UP NEEDED: mynextproject-portfolio/recipe-explorer-lite-yuewang199511#1 (no response in 3 days)
[10:32:45] FOLLOW-UP NEEDED: Marormur/Website#158 (no response in 3 days)
[10:32:48] FOLLOW-UP NEEDED: Marormur/Website#160 (no response in 3 days)
[10:32:50] FOLLOW-UP NEEDED: PatrickB1905/wealthwise#12 (no response in 3 days)
[10:32:51] FOLLOW-UP NEEDED: GreatJobTommy/DIT-Transfer-Tools#73 (no response in 3 days)
[10:32:54] STEP 4: Building action items list
[10:32:54] STEP 5: Updating metrics
[10:32:54] === SUMMARY ===
[10:32:54] Notifications: 79
[10:32:54] Posted: 2
[10:32:54] Consent opportunities: 2
[10:32:54] Stale issues: 0
[10:32:54] Need follow-up: 51
[10:32:54] Merge conflicts: 0
[10:32:54] Total tracked: 103
[10:32:54] Check complete
