=== GitHub SLA Check: Sat Mar  7 03:00:01 PM CST 2026 ===
[15:00:01] STEP 0: Cleaning old data
[15:00:01] Checking tracked issues for closures...
[15:00:12] Cleanup complete
[15:00:12] STEP 1: Processing notifications
[15:00:13] Found 71 notifications
[15:00:24] pytorch-tabular/pytorch_tabular#605: Too old (40 days), skipping
[15:00:48] activist-org/activist#1925: Already assigned, skipping
[15:01:09] microsoft/vscode#288770: Already assigned, skipping
[15:01:14] lucasjinreal/Kokoros#61: Too old (379 days), skipping
[15:01:47] STEP 2: Checking my PRs
[15:01:50] STEP 2.5: Proactive discovery - finding new issues
[15:01:50] Searching for good-first-issues...
[15:01:52] Found 20 good-first-issues from search
[15:01:52]   Skipping finnoybu/aegis-governance#14: Already tracked
[15:01:52]   Skipping finnoybu/aegis-governance#13: Already tracked
[15:01:52]   Skipping adenueltech/jobhunter#27: Already tracked
[15:01:52]   Skipping adenueltech/jobhunter#1: Already tracked
[15:01:52]   Skipping GreatJobTommy/DIT-Transfer-Tools#73: Already tracked
[15:01:52]   Skipping GreatJobTommy/DIT-Transfer-Tools#72: Already tracked
[15:01:52]   Skipping PatrickB1905/WealthWise#12: Already tracked
[15:01:52]   Skipping mynextproject-portfolio/recipe-explorer-lite-ildarakhmetov#1: Already tracked
[15:01:52]   Skipping rajmahadev422/Learn-To-PR#7: Already tracked
[15:01:53]   Skipping finnoybu/aegis-governance#12: Already tracked
[15:01:53]   Skipping Vexa-ai/vexa#160: Already tracked
[15:01:53]   Skipping rajmahadev422/Learn-To-PR#3: Already tracked
[15:01:53]   Skipping VATSIM-UK/UK-Sector-File#6064: Already tracked
[15:01:53]   Skipping Vexa-ai/vexa#155: Already tracked
[15:01:53]   Skipping windoze95/nullfeed-flutter#12: Already tracked
[15:01:53]   Skipping windoze95/nullfeed-backend#22: Already tracked
[15:01:53]   Skipping brendankowitz/FHIR-Tools-for-Anonymization#64: Too many comments (6)
[15:01:53]   Skipping brendankowitz/FHIR-Tools-for-Anonymization#63: Too many comments (6)
[15:01:53]   Skipping brendankowitz/FHIR-Tools-for-Anonymization#62: Already tracked
[15:01:53]   Skipping brendankowitz/FHIR-Tools-for-Anonymization#61: Too many comments (7)
[15:01:53] Checked 20 issues, discovered 0 high-priority ones
[15:01:53] STEP 3: Checking follow-ups
[15:01:55] STEP 4: Building action items list
[15:01:55] STEP 5: Updating metrics
[15:01:55] === SUMMARY ===
[15:01:55] Notifications: 71
[15:01:55] Posted: 0
[15:01:55] Consent opportunities: 0
[15:01:55] Stale issues: 0
[15:01:55] Need follow-up: 0
[15:01:55] Merge conflicts: 0
[15:01:55] Total tracked: 44
[15:01:55] Check complete
