=== GitHub SLA Check: Wed Mar 11 02:30:01 AM CST 2026 ===
[02:30:01] STEP 0: Cleaning old data
[02:30:01] Checking tracked issues for closures...
[02:30:14] Cleanup complete
[02:30:14] STEP 1: Processing notifications
[02:30:16] Found 82 notifications
[02:30:20] PretendoNetwork/juxtaposition#411: Already assigned, skipping
[02:30:21] EndlessPixel/EndlessPixel-Modpack#35: Already assigned, skipping
[02:30:24] djangonaut-space/wagtail-indymeet#713: Already assigned, skipping
[02:30:26] VATSIM-UK/UK-Sector-File#6064: Already assigned, skipping
[02:31:03] pytorch-tabular/pytorch_tabular#605: Too old (44 days), skipping
[02:31:23] activist-org/activist#1925: Already assigned, skipping
[02:31:38] microsoft/vscode#288770: Already assigned, skipping
[02:31:44] lucasjinreal/Kokoros#61: Too old (382 days), skipping
[02:32:18] STEP 2: Checking my PRs
[02:32:19] STEP 2.5: Proactive discovery - finding new issues
[02:32:19] Searching for good-first-issues...
[02:32:21] Found 50 good-first-issues from search
[02:32:21]   Skipping 7788ken/linkgate#13: Already tracked
[02:32:21]   Skipping 7788ken/linkgate#7: Already tracked
[02:32:21]   Skipping 7788ken/linkgate#3: Already tracked
[02:32:21]   Skipping djangonaut-space/wagtail-indymeet#713: Already tracked
[02:32:21]   Skipping rajmahadev422/Learn-To-PR#16: Already tracked
[02:32:21]   Skipping EndlessPixel/EndlessPixel-Modpack#35: Too many comments (8)
[02:32:21]   Skipping rysweet/azlin#793: Already tracked
[02:32:21]   Skipping rysweet/amplihack#2981: Already tracked
[02:32:22]   Skipping rysweet/amplihack#2979: Already tracked
[02:32:22]   Skipping rysweet/amplihack#2980: Already tracked
[02:32:22]   Skipping rysweet/amplihack#2977: Already tracked
[02:32:22]   Skipping rysweet/amplihack#2976: Already tracked
[02:32:22]   Skipping brendankowitz/FHIR-Tools-for-Anonymization#80: Already tracked
[02:32:22]   Skipping windoze95/nullfeed-flutter#19: Already tracked
[02:32:22]   Skipping windoze95/nullfeed-backend#33: Already tracked
[02:32:22]   Skipping windoze95/nullfeed-backend#32: Already tracked
[02:32:22]   Skipping avni-j/synthetic-demo-app#12: Already tracked
[02:32:22]   Skipping T-SIG/tsig-prints#252: Already tracked
[02:32:22]   Skipping T-SIG/tsig-prints#249: Already tracked
[02:32:22]   Skipping T-SIG/tsig-prints#248: Already tracked
[02:32:22]   Skipping T-SIG/tsig-prints#247: Already tracked
[02:32:22]   Skipping T-SIG/tsig-prints#245: Already tracked
[02:32:22]   Skipping T-SIG/tsig-prints#244: Already tracked
[02:32:23]   Skipping T-SIG/tsig-prints#243: Already tracked
[02:32:23]   Skipping T-SIG/tsig-prints#242: Already tracked
[02:32:23]   Skipping T-SIG/tsig-prints#241: Already tracked
[02:32:23]   Skipping T-SIG/tsig-prints#240: Already tracked
[02:32:23]   Skipping T-SIG/tsig-prints#239: Already tracked
[02:32:23]   Skipping T-SIG/tsig-prints#238: Already tracked
[02:32:23]   Skipping T-SIG/tsig-prints#237: Already tracked
[02:32:23]   Skipping T-SIG/tsig-prints#236: Already tracked
[02:32:23]   Skipping T-SIG/tsig-prints#234: Already tracked
[02:32:23]   Skipping T-SIG/tsig-prints#231: Already tracked
[02:32:23]   Skipping T-SIG/tsig-prints#230: Already tracked
[02:32:23]   Skipping T-SIG/tsig-prints#229: Already tracked
[02:32:23]   Skipping T-SIG/tsig-prints#227: Already tracked
[02:32:23]   Skipping T-SIG/tsig-prints#226: Already tracked
[02:32:24]   Skipping T-SIG/tsig-prints#225: Already tracked
[02:32:24]   Skipping T-SIG/tsig-prints#224: Already tracked
[02:32:24]   Skipping visouha/openclaw-test-repo#2: Already tracked
[02:32:24]   Skipping VATSIM-UK/UK-Sector-File#6069: Already tracked
[02:32:24]   Checking lingdojo/kana-dojo#7665: priority=100, comments=1
[02:32:24] *** DISCOVERED: lingdojo/kana-dojo#7665 (priority: 100, 1 comments) ***
[02:32:24] >>> Posting on discovered issue lingdojo/kana-dojo#7665
[02:32:25] FAILED to post on lingdojo/kana-dojo#7665: GraphQL: User is blocked (addComment)
[02:32:25]   Checking lingdojo/kana-dojo#7664: priority=100, comments=1
[02:32:25] *** DISCOVERED: lingdojo/kana-dojo#7664 (priority: 100, 1 comments) ***
[02:32:25] >>> Posting on discovered issue lingdojo/kana-dojo#7664
[02:32:27] FAILED to post on lingdojo/kana-dojo#7664: GraphQL: User is blocked (addComment)
[02:32:27]   Checking lingdojo/kana-dojo#7663: priority=100, comments=2
[02:32:27] *** DISCOVERED: lingdojo/kana-dojo#7663 (priority: 100, 2 comments) ***
[02:32:27] >>> Posting on discovered issue lingdojo/kana-dojo#7663
[02:32:28] FAILED to post on lingdojo/kana-dojo#7663: GraphQL: User is blocked (addComment)
[02:32:28]   Checking lingdojo/kana-dojo#7662: priority=100, comments=1
[02:32:28] *** DISCOVERED: lingdojo/kana-dojo#7662 (priority: 100, 1 comments) ***
[02:32:28] >>> Posting on discovered issue lingdojo/kana-dojo#7662
[02:32:29] FAILED to post on lingdojo/kana-dojo#7662: GraphQL: User is blocked (addComment)
[02:32:30]   Checking lingdojo/kana-dojo#7661: priority=100, comments=1
[02:32:30] *** DISCOVERED: lingdojo/kana-dojo#7661 (priority: 100, 1 comments) ***
[02:32:30] >>> Posting on discovered issue lingdojo/kana-dojo#7661
[02:32:31] FAILED to post on lingdojo/kana-dojo#7661: GraphQL: User is blocked (addComment)
[02:32:31]   Checking lingdojo/kana-dojo#7660: priority=100, comments=1
[02:32:31] *** DISCOVERED: lingdojo/kana-dojo#7660 (priority: 100, 1 comments) ***
[02:32:31] >>> Posting on discovered issue lingdojo/kana-dojo#7660
[02:32:32] FAILED to post on lingdojo/kana-dojo#7660: GraphQL: User is blocked (addComment)
[02:32:32]   Checking lingdojo/kana-dojo#7659: priority=100, comments=1
[02:32:32] *** DISCOVERED: lingdojo/kana-dojo#7659 (priority: 100, 1 comments) ***
[02:32:32] >>> Posting on discovered issue lingdojo/kana-dojo#7659
[02:32:33] FAILED to post on lingdojo/kana-dojo#7659: GraphQL: User is blocked (addComment)
[02:32:33]   Checking lingdojo/kana-dojo#7658: priority=100, comments=1
[02:32:33] *** DISCOVERED: lingdojo/kana-dojo#7658 (priority: 100, 1 comments) ***
[02:32:33] >>> Posting on discovered issue lingdojo/kana-dojo#7658
[02:32:35] FAILED to post on lingdojo/kana-dojo#7658: GraphQL: User is blocked (addComment)
[02:32:35]   Checking lingdojo/kana-dojo#7657: priority=100, comments=1
[02:32:35] *** DISCOVERED: lingdojo/kana-dojo#7657 (priority: 100, 1 comments) ***
[02:32:35] >>> Posting on discovered issue lingdojo/kana-dojo#7657
[02:32:37] FAILED to post on lingdojo/kana-dojo#7657: GraphQL: User is blocked (addComment)
[02:32:37] Checked 50 issues, discovered 9 high-priority ones
[02:32:37] STEP 3: Checking follow-ups
[02:33:07] FOLLOW-UP NEEDED: Vexa-ai/vexa#160 (no response in 3 days)
[02:33:16] FOLLOW-UP NEEDED: mynextproject-portfolio/recipe-explorer-lite-yuewang199511#1 (no response in 3 days)
[02:33:18] FOLLOW-UP NEEDED: Marormur/Website#158 (no response in 3 days)
[02:33:20] FOLLOW-UP NEEDED: Marormur/Website#160 (no response in 3 days)
[02:33:22] FOLLOW-UP NEEDED: PatrickB1905/wealthwise#12 (no response in 3 days)
[02:33:23] FOLLOW-UP NEEDED: GreatJobTommy/DIT-Transfer-Tools#73 (no response in 3 days)
[02:33:26] FOLLOW-UP NEEDED: adenueltech/jobhunter#1 (no response in 3 days)
[02:33:27] FOLLOW-UP NEEDED: windoze95/nullfeed-backend#24 (no response in 3 days)
[02:33:28] FOLLOW-UP NEEDED: PatrickB1905/WealthWise#12 (no response in 3 days)
[02:33:30] FOLLOW-UP NEEDED: finnoybu/aegis-governance#14 (no response in 3 days)
[02:33:32] FOLLOW-UP NEEDED: finnoybu/aegis-governance#13 (no response in 3 days)
[02:33:33] FOLLOW-UP NEEDED: windoze95/nullfeed-flutter#15 (no response in 3 days)
[02:33:34] FOLLOW-UP NEEDED: windoze95/nullfeed-flutter#14 (no response in 3 days)
[02:33:35] FOLLOW-UP NEEDED: windoze95/nullfeed-backend#27 (no response in 3 days)
[02:33:39] FOLLOW-UP NEEDED: ibelanger/GraniteFungiForager#35 (no response in 3 days)
[02:33:41] FOLLOW-UP NEEDED: ibelanger/GraniteFungiForager#28 (no response in 3 days)
[02:33:42] FOLLOW-UP NEEDED: ibelanger/GraniteFungiForager#27 (no response in 3 days)
[02:33:43] FOLLOW-UP NEEDED: ibelanger/GraniteFungiForager#24 (no response in 3 days)
[02:33:44] FOLLOW-UP NEEDED: ibelanger/GraniteFungiForager#22 (no response in 3 days)
[02:33:46] STEP 4: Building action items list
[02:33:46] STEP 5: Updating metrics
[02:33:46] === SUMMARY ===
[02:33:46] Notifications: 82
[02:33:46] Posted: 0
[02:33:46] Consent opportunities: 9
[02:33:46] Stale issues: 0
[02:33:46] Need follow-up: 485
[02:33:46] Merge conflicts: 0
[02:33:46] Total tracked: 109
[02:33:46] Check complete
