=== GitHub SLA Check: Mon Mar  9 10:00:02 AM CST 2026 ===
[10:00:02] STEP 0: Cleaning old data
[10:00:02] Checking tracked issues for closures...
[10:00:13] Cleanup complete
[10:00:13] STEP 1: Processing notifications
[10:00:14] Found 71 notifications
[10:00:34] VATSIM-UK/UK-Sector-File#6064: Already assigned, skipping
[10:00:38] pytorch-tabular/pytorch_tabular#605: Too old (42 days), skipping
[10:00:55] activist-org/activist#1925: Already assigned, skipping
[10:01:11] microsoft/vscode#288770: Already assigned, skipping
[10:01:15] lucasjinreal/Kokoros#61: Too old (381 days), skipping
[10:01:43] STEP 2: Checking my PRs
[10:01:44] STEP 2.5: Proactive discovery - finding new issues
[10:01:44] Searching for good-first-issues...
[10:01:45] Found 20 good-first-issues from search
[10:01:45]   Skipping VATSIM-UK/UK-Sector-File#6069: Already tracked
[10:01:46]   Checking lingdojo/kana-dojo#7665: priority=100, comments=1
[10:01:46] *** DISCOVERED: lingdojo/kana-dojo#7665 (priority: 100, 1 comments) ***
[10:01:46] >>> Posting on discovered issue lingdojo/kana-dojo#7665
[10:01:47] FAILED to post on lingdojo/kana-dojo#7665: GraphQL: User is blocked (addComment)
[10:01:47]   Checking lingdojo/kana-dojo#7664: priority=100, comments=1
[10:01:47] *** DISCOVERED: lingdojo/kana-dojo#7664 (priority: 100, 1 comments) ***
[10:01:47] >>> Posting on discovered issue lingdojo/kana-dojo#7664
[10:01:48] FAILED to post on lingdojo/kana-dojo#7664: GraphQL: User is blocked (addComment)
[10:01:48]   Checking lingdojo/kana-dojo#7663: priority=100, comments=2
[10:01:48] *** DISCOVERED: lingdojo/kana-dojo#7663 (priority: 100, 2 comments) ***
[10:01:48] >>> Posting on discovered issue lingdojo/kana-dojo#7663
[10:01:50] FAILED to post on lingdojo/kana-dojo#7663: GraphQL: User is blocked (addComment)
[10:01:50]   Checking lingdojo/kana-dojo#7662: priority=100, comments=1
[10:01:50] *** DISCOVERED: lingdojo/kana-dojo#7662 (priority: 100, 1 comments) ***
[10:01:50] >>> Posting on discovered issue lingdojo/kana-dojo#7662
[10:01:51] FAILED to post on lingdojo/kana-dojo#7662: GraphQL: User is blocked (addComment)
[10:01:52]   Checking lingdojo/kana-dojo#7661: priority=100, comments=1
[10:01:52] *** DISCOVERED: lingdojo/kana-dojo#7661 (priority: 100, 1 comments) ***
[10:01:52] >>> Posting on discovered issue lingdojo/kana-dojo#7661
[10:01:53] FAILED to post on lingdojo/kana-dojo#7661: GraphQL: User is blocked (addComment)
[10:01:53]   Checking lingdojo/kana-dojo#7660: priority=100, comments=1
[10:01:53] *** DISCOVERED: lingdojo/kana-dojo#7660 (priority: 100, 1 comments) ***
[10:01:53] >>> Posting on discovered issue lingdojo/kana-dojo#7660
[10:01:54] FAILED to post on lingdojo/kana-dojo#7660: GraphQL: User is blocked (addComment)
[10:01:54]   Checking lingdojo/kana-dojo#7659: priority=100, comments=1
[10:01:54] *** DISCOVERED: lingdojo/kana-dojo#7659 (priority: 100, 1 comments) ***
[10:01:54] >>> Posting on discovered issue lingdojo/kana-dojo#7659
[10:01:55] FAILED to post on lingdojo/kana-dojo#7659: GraphQL: User is blocked (addComment)
[10:01:55]   Checking lingdojo/kana-dojo#7658: priority=100, comments=1
[10:01:55] *** DISCOVERED: lingdojo/kana-dojo#7658 (priority: 100, 1 comments) ***
[10:01:55] >>> Posting on discovered issue lingdojo/kana-dojo#7658
[10:01:56] FAILED to post on lingdojo/kana-dojo#7658: GraphQL: User is blocked (addComment)
[10:01:57]   Checking lingdojo/kana-dojo#7657: priority=100, comments=1
[10:01:57] *** DISCOVERED: lingdojo/kana-dojo#7657 (priority: 100, 1 comments) ***
[10:01:57] >>> Posting on discovered issue lingdojo/kana-dojo#7657
[10:01:57] FAILED to post on lingdojo/kana-dojo#7657: GraphQL: User is blocked (addComment)
[10:01:58]   Checking lingdojo/kana-dojo#7656: priority=100, comments=1
[10:01:58] *** DISCOVERED: lingdojo/kana-dojo#7656 (priority: 100, 1 comments) ***
[10:01:58] >>> Posting on discovered issue lingdojo/kana-dojo#7656
[10:01:59] FAILED to post on lingdojo/kana-dojo#7656: GraphQL: User is blocked (addComment)
[10:01:59]   Checking lingdojo/kana-dojo#7654: priority=100, comments=1
[10:01:59] *** DISCOVERED: lingdojo/kana-dojo#7654 (priority: 100, 1 comments) ***
[10:01:59] >>> Posting on discovered issue lingdojo/kana-dojo#7654
[10:02:00] FAILED to post on lingdojo/kana-dojo#7654: GraphQL: User is blocked (addComment)
[10:02:00]   Skipping windoze95/nullfeed-flutter#17: Already tracked
[10:02:00]   Skipping windoze95/nullfeed-backend#29: Already tracked
[10:02:00]   Skipping windoze95/nullfeed-backend#28: Already tracked
[10:02:01]   Checking lingdojo/kana-dojo#7653: priority=100, comments=1
[10:02:01] *** DISCOVERED: lingdojo/kana-dojo#7653 (priority: 100, 1 comments) ***
[10:02:01] >>> Posting on discovered issue lingdojo/kana-dojo#7653
[10:02:02] FAILED to post on lingdojo/kana-dojo#7653: GraphQL: User is blocked (addComment)
[10:02:02]   Checking lingdojo/kana-dojo#7652: priority=100, comments=1
[10:02:02] *** DISCOVERED: lingdojo/kana-dojo#7652 (priority: 100, 1 comments) ***
[10:02:02] >>> Posting on discovered issue lingdojo/kana-dojo#7652
[10:02:03] FAILED to post on lingdojo/kana-dojo#7652: GraphQL: User is blocked (addComment)
[10:02:04]   Checking lingdojo/kana-dojo#7651: priority=100, comments=2
[10:02:04] *** DISCOVERED: lingdojo/kana-dojo#7651 (priority: 100, 2 comments) ***
[10:02:04] >>> Posting on discovered issue lingdojo/kana-dojo#7651
[10:02:05] FAILED to post on lingdojo/kana-dojo#7651: GraphQL: User is blocked (addComment)
[10:02:05]   Checking lingdojo/kana-dojo#7649: priority=100, comments=1
[10:02:05] *** DISCOVERED: lingdojo/kana-dojo#7649 (priority: 100, 1 comments) ***
[10:02:05] >>> Posting on discovered issue lingdojo/kana-dojo#7649
[10:02:06] FAILED to post on lingdojo/kana-dojo#7649: GraphQL: User is blocked (addComment)
[10:02:06]   Checking lingdojo/kana-dojo#7648: priority=100, comments=1
[10:02:06] *** DISCOVERED: lingdojo/kana-dojo#7648 (priority: 100, 1 comments) ***
[10:02:06] >>> Posting on discovered issue lingdojo/kana-dojo#7648
[10:02:07] FAILED to post on lingdojo/kana-dojo#7648: GraphQL: User is blocked (addComment)
[10:02:07] Checked 20 issues, discovered 16 high-priority ones
[10:02:07] STEP 3: Checking follow-ups
[10:02:09] STEP 4: Building action items list
[10:02:09] STEP 5: Updating metrics
[10:02:09] === SUMMARY ===
[10:02:10] Notifications: 71
[10:02:10] Posted: 0
[10:02:10] Consent opportunities: 16
[10:02:10] Stale issues: 0
[10:02:10] Need follow-up: 0
[10:02:10] Merge conflicts: 0
[10:02:10] Total tracked: 62
[10:02:10] Check complete
