=== GitHub SLA Check: Mon Mar  9 03:30:01 AM CST 2026 ===
[03:30:01] STEP 0: Cleaning old data
[03:30:01] Checking tracked issues for closures...
[03:30:13] Cleanup complete
[03:30:13] STEP 1: Processing notifications
[03:30:14] Found 71 notifications
[03:30:34] VATSIM-UK/UK-Sector-File#6064: Already assigned, skipping
[03:30:38] pytorch-tabular/pytorch_tabular#605: Too old (42 days), skipping
[03:30:56] activist-org/activist#1925: Already assigned, skipping
[03:31:12] microsoft/vscode#288770: Already assigned, skipping
[03:31:16] lucasjinreal/Kokoros#61: Too old (380 days), skipping
[03:31:46] STEP 2: Checking my PRs
[03:31:47] STEP 2.5: Proactive discovery - finding new issues
[03:31:47] Searching for good-first-issues...
[03:31:48] Found 20 good-first-issues from search
[03:31:48]   Skipping VATSIM-UK/UK-Sector-File#6069: Already tracked
[03:31:48]   Checking lingdojo/kana-dojo#7665: priority=100, comments=1
[03:31:48] *** DISCOVERED: lingdojo/kana-dojo#7665 (priority: 100, 1 comments) ***
[03:31:48] >>> Posting on discovered issue lingdojo/kana-dojo#7665
[03:31:49] FAILED to post on lingdojo/kana-dojo#7665: GraphQL: User is blocked (addComment)
[03:31:49]   Checking lingdojo/kana-dojo#7664: priority=100, comments=1
[03:31:49] *** DISCOVERED: lingdojo/kana-dojo#7664 (priority: 100, 1 comments) ***
[03:31:49] >>> Posting on discovered issue lingdojo/kana-dojo#7664
[03:31:50] FAILED to post on lingdojo/kana-dojo#7664: GraphQL: User is blocked (addComment)
[03:31:51]   Checking lingdojo/kana-dojo#7663: priority=100, comments=2
[03:31:51] *** DISCOVERED: lingdojo/kana-dojo#7663 (priority: 100, 2 comments) ***
[03:31:51] >>> Posting on discovered issue lingdojo/kana-dojo#7663
[03:31:52] FAILED to post on lingdojo/kana-dojo#7663: GraphQL: User is blocked (addComment)
[03:31:52]   Checking lingdojo/kana-dojo#7662: priority=100, comments=1
[03:31:52] *** DISCOVERED: lingdojo/kana-dojo#7662 (priority: 100, 1 comments) ***
[03:31:52] >>> Posting on discovered issue lingdojo/kana-dojo#7662
[03:31:53] FAILED to post on lingdojo/kana-dojo#7662: GraphQL: User is blocked (addComment)
[03:31:53]   Checking lingdojo/kana-dojo#7661: priority=100, comments=1
[03:31:53] *** DISCOVERED: lingdojo/kana-dojo#7661 (priority: 100, 1 comments) ***
[03:31:53] >>> Posting on discovered issue lingdojo/kana-dojo#7661
[03:31:54] FAILED to post on lingdojo/kana-dojo#7661: GraphQL: User is blocked (addComment)
[03:31:54]   Checking lingdojo/kana-dojo#7660: priority=100, comments=1
[03:31:54] *** DISCOVERED: lingdojo/kana-dojo#7660 (priority: 100, 1 comments) ***
[03:31:54] >>> Posting on discovered issue lingdojo/kana-dojo#7660
[03:31:56] FAILED to post on lingdojo/kana-dojo#7660: GraphQL: User is blocked (addComment)
[03:31:56]   Checking lingdojo/kana-dojo#7659: priority=100, comments=1
[03:31:56] *** DISCOVERED: lingdojo/kana-dojo#7659 (priority: 100, 1 comments) ***
[03:31:56] >>> Posting on discovered issue lingdojo/kana-dojo#7659
[03:31:57] FAILED to post on lingdojo/kana-dojo#7659: GraphQL: User is blocked (addComment)
[03:31:57]   Checking lingdojo/kana-dojo#7658: priority=100, comments=1
[03:31:57] *** DISCOVERED: lingdojo/kana-dojo#7658 (priority: 100, 1 comments) ***
[03:31:57] >>> Posting on discovered issue lingdojo/kana-dojo#7658
[03:31:58] FAILED to post on lingdojo/kana-dojo#7658: GraphQL: User is blocked (addComment)
[03:31:59]   Checking lingdojo/kana-dojo#7657: priority=100, comments=1
[03:31:59] *** DISCOVERED: lingdojo/kana-dojo#7657 (priority: 100, 1 comments) ***
[03:31:59] >>> Posting on discovered issue lingdojo/kana-dojo#7657
[03:32:00] FAILED to post on lingdojo/kana-dojo#7657: GraphQL: User is blocked (addComment)
[03:32:01]   Checking lingdojo/kana-dojo#7656: priority=100, comments=1
[03:32:01] *** DISCOVERED: lingdojo/kana-dojo#7656 (priority: 100, 1 comments) ***
[03:32:01] >>> Posting on discovered issue lingdojo/kana-dojo#7656
[03:32:01] FAILED to post on lingdojo/kana-dojo#7656: GraphQL: User is blocked (addComment)
[03:32:02]   Checking lingdojo/kana-dojo#7654: priority=100, comments=1
[03:32:02] *** DISCOVERED: lingdojo/kana-dojo#7654 (priority: 100, 1 comments) ***
[03:32:02] >>> Posting on discovered issue lingdojo/kana-dojo#7654
[03:32:03] FAILED to post on lingdojo/kana-dojo#7654: GraphQL: User is blocked (addComment)
[03:32:03]   Skipping windoze95/nullfeed-flutter#17: Already tracked
[03:32:03]   Skipping windoze95/nullfeed-backend#29: Already tracked
[03:32:03]   Skipping windoze95/nullfeed-backend#28: Already tracked
[03:32:03]   Checking lingdojo/kana-dojo#7653: priority=100, comments=1
[03:32:03] *** DISCOVERED: lingdojo/kana-dojo#7653 (priority: 100, 1 comments) ***
[03:32:03] >>> Posting on discovered issue lingdojo/kana-dojo#7653
[03:32:04] FAILED to post on lingdojo/kana-dojo#7653: GraphQL: User is blocked (addComment)
[03:32:04]   Checking lingdojo/kana-dojo#7652: priority=100, comments=1
[03:32:04] *** DISCOVERED: lingdojo/kana-dojo#7652 (priority: 100, 1 comments) ***
[03:32:04] >>> Posting on discovered issue lingdojo/kana-dojo#7652
[03:32:06] FAILED to post on lingdojo/kana-dojo#7652: GraphQL: User is blocked (addComment)
[03:32:06]   Checking lingdojo/kana-dojo#7651: priority=100, comments=2
[03:32:06] *** DISCOVERED: lingdojo/kana-dojo#7651 (priority: 100, 2 comments) ***
[03:32:06] >>> Posting on discovered issue lingdojo/kana-dojo#7651
[03:32:07] FAILED to post on lingdojo/kana-dojo#7651: GraphQL: User is blocked (addComment)
[03:32:07]   Checking lingdojo/kana-dojo#7649: priority=100, comments=1
[03:32:07] *** DISCOVERED: lingdojo/kana-dojo#7649 (priority: 100, 1 comments) ***
[03:32:07] >>> Posting on discovered issue lingdojo/kana-dojo#7649
[03:32:08] FAILED to post on lingdojo/kana-dojo#7649: GraphQL: User is blocked (addComment)
[03:32:08]   Checking lingdojo/kana-dojo#7648: priority=100, comments=1
[03:32:08] *** DISCOVERED: lingdojo/kana-dojo#7648 (priority: 100, 1 comments) ***
[03:32:08] >>> Posting on discovered issue lingdojo/kana-dojo#7648
[03:32:09] FAILED to post on lingdojo/kana-dojo#7648: GraphQL: User is blocked (addComment)
[03:32:09] Checked 20 issues, discovered 16 high-priority ones
[03:32:09] STEP 3: Checking follow-ups
[03:32:11] STEP 4: Building action items list
[03:32:11] STEP 5: Updating metrics
[03:32:11] === SUMMARY ===
[03:32:11] Notifications: 71
[03:32:11] Posted: 0
[03:32:11] Consent opportunities: 16
[03:32:11] Stale issues: 0
[03:32:11] Need follow-up: 0
[03:32:11] Merge conflicts: 0
[03:32:11] Total tracked: 62
[03:32:11] Check complete
