=== GitHub SLA Check: Sat Mar  7 01:30:01 PM CST 2026 ===
[13:30:01] STEP 0: Cleaning old data
[13:30:01] Checking tracked issues for closures...
[13:30:12] Cleanup complete
[13:30:12] STEP 1: Processing notifications
[13:30:13] Found 71 notifications
[13:30:25] pytorch-tabular/pytorch_tabular#605: Too old (40 days), skipping
[13:30:46] activist-org/activist#1925: Already assigned, skipping
[13:31:05] microsoft/vscode#288770: Already assigned, skipping
[13:31:11] lucasjinreal/Kokoros#61: Too old (379 days), skipping
[13:31:45] STEP 2: Checking my PRs
[13:31:48] STEP 2.5: Proactive discovery - finding new issues
[13:31:48] Searching for good-first-issues...
[13:31:50] Found 20 good-first-issues from search
[13:31:50]   Skipping finnoybu/aegis-governance#14: Already tracked
[13:31:50]   Skipping finnoybu/aegis-governance#13: Already tracked
[13:31:50]   Skipping adenueltech/jobhunter#27: Already tracked
[13:31:50]   Skipping adenueltech/jobhunter#1: Already tracked
[13:31:50]   Skipping GreatJobTommy/DIT-Transfer-Tools#73: Already tracked
[13:31:50]   Skipping GreatJobTommy/DIT-Transfer-Tools#72: Already tracked
[13:31:50]   Skipping PatrickB1905/WealthWise#12: Already tracked
[13:31:50]   Skipping mynextproject-portfolio/recipe-explorer-lite-ildarakhmetov#1: Already tracked
[13:31:50]   Skipping rajmahadev422/Learn-To-PR#7: Already tracked
[13:31:50]   Skipping finnoybu/aegis-governance#12: Already tracked
[13:31:50]   Skipping Vexa-ai/vexa#160: Already tracked
[13:31:50]   Skipping rajmahadev422/Learn-To-PR#3: Already tracked
[13:31:50]   Skipping VATSIM-UK/UK-Sector-File#6064: Already tracked
[13:31:51]   Skipping Vexa-ai/vexa#155: Already tracked
[13:31:51]   Skipping windoze95/nullfeed-flutter#12: Already tracked
[13:31:51]   Skipping windoze95/nullfeed-backend#22: Already tracked
[13:31:51]   Skipping brendankowitz/FHIR-Tools-for-Anonymization#64: Too many comments (6)
[13:31:51]   Skipping brendankowitz/FHIR-Tools-for-Anonymization#63: Too many comments (6)
[13:31:51]   Skipping brendankowitz/FHIR-Tools-for-Anonymization#62: Already tracked
[13:31:51]   Skipping brendankowitz/FHIR-Tools-for-Anonymization#61: Too many comments (7)
[13:31:51] Checked 20 issues, discovered 0 high-priority ones
[13:31:51] STEP 3: Checking follow-ups
[13:31:52] STEP 4: Building action items list
[13:31:52] STEP 5: Updating metrics
[13:31:52] === SUMMARY ===
[13:31:52] Notifications: 71
[13:31:52] Posted: 0
[13:31:52] Consent opportunities: 0
[13:31:52] Stale issues: 0
[13:31:52] Need follow-up: 0
[13:31:52] Merge conflicts: 0
[13:31:52] Total tracked: 44
[13:31:52] Check complete
