=== GitHub SLA Check: Sun Mar  8 05:30:01 AM CST 2026 ===
[05:30:01] STEP 0: Cleaning old data
[05:30:01] Checking tracked issues for closures...
[05:30:11] Cleanup complete
[05:30:11] STEP 1: Processing notifications
[05:30:12] Found 70 notifications
[05:30:28] VATSIM-UK/UK-Sector-File#6064: Already assigned, skipping
[05:30:32] pytorch-tabular/pytorch_tabular#605: Too old (41 days), skipping
[05:30:51] activist-org/activist#1925: Already assigned, skipping
[05:31:08] microsoft/vscode#288770: Already assigned, skipping
[05:31:13] lucasjinreal/Kokoros#61: Too old (379 days), skipping
[05:31:42] STEP 2: Checking my PRs
[05:31:45] STEP 2.5: Proactive discovery - finding new issues
[05:31:45] Searching for good-first-issues...
[05:31:47] Found 20 good-first-issues from search
[05:31:47]   Checking lingdojo/kana-dojo#7595: priority=100, comments=1
[05:31:47] *** DISCOVERED: lingdojo/kana-dojo#7595 (priority: 100, 1 comments) ***
[05:31:47] >>> Posting on discovered issue lingdojo/kana-dojo#7595
[05:31:48] FAILED to post on lingdojo/kana-dojo#7595: GraphQL: User is blocked (addComment)
[05:31:48]   Checking lingdojo/kana-dojo#7594: priority=100, comments=1
[05:31:48] *** DISCOVERED: lingdojo/kana-dojo#7594 (priority: 100, 1 comments) ***
[05:31:48] >>> Posting on discovered issue lingdojo/kana-dojo#7594
[05:31:49] FAILED to post on lingdojo/kana-dojo#7594: GraphQL: User is blocked (addComment)
[05:31:49]   Checking lingdojo/kana-dojo#7593: priority=100, comments=1
[05:31:49] *** DISCOVERED: lingdojo/kana-dojo#7593 (priority: 100, 1 comments) ***
[05:31:49] >>> Posting on discovered issue lingdojo/kana-dojo#7593
[05:31:51] FAILED to post on lingdojo/kana-dojo#7593: GraphQL: User is blocked (addComment)
[05:31:51]   Checking lingdojo/kana-dojo#7590: priority=100, comments=2
[05:31:51] *** DISCOVERED: lingdojo/kana-dojo#7590 (priority: 100, 2 comments) ***
[05:31:51] >>> Posting on discovered issue lingdojo/kana-dojo#7590
[05:31:53] FAILED to post on lingdojo/kana-dojo#7590: GraphQL: User is blocked (addComment)
[05:31:53]   Skipping lingdojo/kana-dojo#7589: Already tracked
[05:31:53]   Skipping lingdojo/kana-dojo#7588: Already tracked
[05:31:53]   Skipping lingdojo/kana-dojo#7587: Already tracked
[05:31:53]   Skipping lingdojo/kana-dojo#7586: Already tracked
[05:31:53]   Skipping ibelanger/GraniteFungiForager#36: Already tracked
[05:31:53]   Skipping ibelanger/GraniteFungiForager#35: Already tracked
[05:31:53]   Skipping ibelanger/GraniteFungiForager#28: Already tracked
[05:31:53]   Skipping ibelanger/GraniteFungiForager#27: Already tracked
[05:31:53]   Skipping ibelanger/GraniteFungiForager#24: Already tracked
[05:31:53]   Skipping ibelanger/GraniteFungiForager#22: Already tracked
[05:31:53]   Skipping windoze95/nullfeed-flutter#15: Already tracked
[05:31:54]   Skipping windoze95/nullfeed-flutter#14: Already tracked
[05:31:54]   Skipping windoze95/nullfeed-backend#27: Already tracked
[05:31:54]   Skipping finnoybu/aegis-governance#14: Already tracked
[05:31:54]   Skipping finnoybu/aegis-governance#13: Already tracked
[05:31:54]   Skipping adenueltech/jobhunter#27: Already tracked
[05:31:54] Checked 20 issues, discovered 4 high-priority ones
[05:31:54] STEP 3: Checking follow-ups
[05:31:56] STEP 4: Building action items list
[05:31:56] STEP 5: Updating metrics
[05:31:56] === SUMMARY ===
[05:31:56] Notifications: 70
[05:31:56] Posted: 0
[05:31:56] Consent opportunities: 4
[05:31:56] Stale issues: 0
[05:31:56] Need follow-up: 0
[05:31:56] Merge conflicts: 0
[05:31:56] Total tracked: 58
[05:31:56] Check complete
