=== GitHub Commit Check: Sun Mar  8 09:40:31 PM CST 2026 ===
On branch master
Your branch is up to date with 'origin/master'.

Changes not staged for commit:
  (use "git add <file>..." to update what will be committed)
  (use "git restore <file>..." to discard changes in working directory)
	modified:   agent-stamina (new commits)
	modified:   cron-logs/already-posted.json
	modified:   cron-logs/consent-opportunities-20260308.json
	modified:   cron-logs/github-commit-20260308-094017.log
	modified:   cron-logs/github-metrics.json
	modified:   cron-logs/moltbook-metrics.json
	modified:   memory-logs/browser-restarts.log
	modified:   memory-logs/memory-2026-03-08.jsonl

Untracked files:
  (use "git add <file>..." to include in what will be committed)
	cron-logs/agent-stamina-20260308-105453.log
	cron-logs/github-commit-20260308-214031.log
	cron-logs/github-sla-20260308-100001.log
	cron-logs/github-sla-20260308-103001.log
	cron-logs/github-sla-20260308-110001.log
	cron-logs/github-sla-20260308-113001.log
	cron-logs/github-sla-20260308-120001.log
	cron-logs/github-sla-20260308-123001.log
	cron-logs/github-sla-20260308-130001.log
	cron-logs/github-sla-20260308-133001.log
	cron-logs/github-sla-20260308-140001.log
	cron-logs/github-sla-20260308-143001.log
	cron-logs/github-sla-20260308-150001.log
	cron-logs/github-sla-20260308-153001.log
	cron-logs/github-sla-20260308-160001.log
	cron-logs/github-sla-20260308-163001.log
	cron-logs/github-sla-20260308-170001.log
	cron-logs/github-sla-20260308-173001.log
	cron-logs/github-sla-20260308-180001.log
	cron-logs/github-sla-20260308-183001.log
	cron-logs/github-sla-20260308-190001.log
	cron-logs/github-sla-20260308-193001.log
	cron-logs/github-sla-20260308-200001.log
	cron-logs/github-sla-20260308-203001.log
	cron-logs/github-sla-20260308-210001.log
	cron-logs/github-sla-20260308-213001.log
	cron-logs/memory-20260308-095001.log
	cron-logs/memory-20260308-100001.log
	cron-logs/memory-20260308-101001.log
	cron-logs/memory-20260308-102001.log
	cron-logs/memory-20260308-103001.log
	cron-logs/memory-20260308-104001.log
	cron-logs/memory-20260308-105001.log
	cron-logs/memory-20260308-110001.log
	cron-logs/memory-20260308-111001.log
	cron-logs/memory-20260308-112001.log
	cron-logs/memory-20260308-113001.log
	cron-logs/memory-20260308-114001.log
	cron-logs/memory-20260308-115002.log
	cron-logs/memory-20260308-120001.log
	cron-logs/memory-20260308-121001.log
	cron-logs/memory-20260308-122001.log
	cron-logs/memory-20260308-123001.log
	cron-logs/memory-20260308-124001.log
	cron-logs/memory-20260308-125001.log
	cron-logs/memory-20260308-130001.log
	cron-logs/memory-20260308-131001.log
	cron-logs/memory-20260308-132001.log
	cron-logs/memory-20260308-133001.log
	cron-logs/memory-20260308-134001.log
	cron-logs/memory-20260308-135001.log
	cron-logs/memory-20260308-140001.log
	cron-logs/memory-20260308-141001.log
	cron-logs/memory-20260308-142001.log
	cron-logs/memory-20260308-143001.log
	cron-logs/memory-20260308-144001.log
	cron-logs/memory-20260308-145001.log
	cron-logs/memory-20260308-150001.log
	cron-logs/memory-20260308-151001.log
	cron-logs/memory-20260308-152001.log
	cron-logs/memory-20260308-153001.log
	cron-logs/memory-20260308-154001.log
	cron-logs/memory-20260308-155001.log
	cron-logs/memory-20260308-160001.log
	cron-logs/memory-20260308-161001.log
	cron-logs/memory-20260308-162001.log
	cron-logs/memory-20260308-163001.log
	cron-logs/memory-20260308-164001.log
	cron-logs/memory-20260308-165001.log
	cron-logs/memory-20260308-170001.log
	cron-logs/memory-20260308-171001.log
	cron-logs/memory-20260308-172001.log
	cron-logs/memory-20260308-173001.log
	cron-logs/memory-20260308-174001.log
	cron-logs/memory-20260308-175001.log
	cron-logs/memory-20260308-180001.log
	cron-logs/memory-20260308-181001.log
	cron-logs/memory-20260308-182001.log
	cron-logs/memory-20260308-183001.log
	cron-logs/memory-20260308-184001.log
	cron-logs/memory-20260308-185001.log
	cron-logs/memory-20260308-190001.log
	cron-logs/memory-20260308-191001.log
	cron-logs/memory-20260308-192001.log
	cron-logs/memory-20260308-193001.log
	cron-logs/memory-20260308-194001.log
	cron-logs/memory-20260308-195001.log
	cron-logs/memory-20260308-200001.log
	cron-logs/memory-20260308-201001.log
	cron-logs/memory-20260308-202001.log
	cron-logs/memory-20260308-203001.log
	cron-logs/memory-20260308-204001.log
	cron-logs/memory-20260308-205001.log
	cron-logs/memory-20260308-210001.log
	cron-logs/memory-20260308-211001.log
	cron-logs/memory-20260308-212001.log
	cron-logs/memory-20260308-213001.log
	cron-logs/memory-20260308-214001.log
	cron-logs/moltbook-20260308-100001.log
	cron-logs/moltbook-20260308-103001.log
	cron-logs/moltbook-20260308-110001.log
	cron-logs/moltbook-20260308-113001.log
	cron-logs/moltbook-20260308-120001.log
	cron-logs/moltbook-20260308-123001.log
	cron-logs/moltbook-20260308-130001.log
	cron-logs/moltbook-20260308-133001.log
	cron-logs/moltbook-20260308-140001.log
	cron-logs/moltbook-20260308-143001.log
	cron-logs/moltbook-20260308-150001.log
	cron-logs/moltbook-20260308-153001.log
	cron-logs/moltbook-20260308-160001.log
	cron-logs/moltbook-20260308-163001.log
	cron-logs/moltbook-20260308-170001.log
	cron-logs/moltbook-20260308-173001.log
	cron-logs/moltbook-20260308-180001.log
	cron-logs/moltbook-20260308-183001.log
	cron-logs/moltbook-20260308-190001.log
	cron-logs/moltbook-20260308-193001.log
	cron-logs/moltbook-20260308-200001.log
	cron-logs/moltbook-20260308-203001.log
	cron-logs/moltbook-20260308-210001.log
	cron-logs/moltbook-20260308-213001.log
	cron-logs/research-20260308-094914.log
	diary/2026-03-08-research-deep-dive.md

no changes added to commit (use "git add" and/or "git commit -a")
