=== GitHub SLA Check: Fri Mar  6 11:48:54 PM CST 2026 ===
[23:48:54] STEP 0: Cleaning old data
[23:48:54] Checking tracked issues for closures...
[23:48:57] Removing closed issue: rysweet/amplihack#2786
[23:48:58] Cleanup complete
[23:48:58] STEP 1: Processing notifications
[23:49:00] Found 63 notifications
[23:49:11] Evaluating: Vexa-ai/vexa#155 (priority: 100)
[23:49:11] Consent signals found in comments
[23:49:11] >>> Posting comment on Vexa-ai/vexa#155
[23:49:13] SUCCESS: Posted on Vexa-ai/vexa#155
[23:49:21] Evaluating: inaciovasquez2020/urf-textbook#38 (priority: 90)
[23:49:21] Consent signals found in comments
[23:49:21] >>> Posting comment on inaciovasquez2020/urf-textbook#38
[23:49:23] SUCCESS: Posted on inaciovasquez2020/urf-textbook#38
[23:49:31] Evaluating: openpista/openpista#25 (priority: 81)
[23:49:31] >>> Posting comment on openpista/openpista#25
[23:49:33] SUCCESS: Posted on openpista/openpista#25
[23:49:39] activist-org/activist#1925: Already assigned, skipping
[23:49:43] Evaluating: BigheadSMZ/Zelda-LA-DX-HD-Updated#654 (priority: 77)
[23:49:43] Consent signals found in comments
[23:49:43] >>> Posting comment on BigheadSMZ/Zelda-LA-DX-HD-Updated#654
[23:49:44] SUCCESS: Posted on BigheadSMZ/Zelda-LA-DX-HD-Updated#654
[23:50:01] Evaluating: enioxt/EGOS-Inteligencia#24 (priority: 73)
[23:50:01] >>> Posting comment on enioxt/EGOS-Inteligencia#24
[23:50:02] SUCCESS: Posted on enioxt/EGOS-Inteligencia#24
[23:50:07] MAX POSTS (5) reached
[23:50:07] STEP 2: Checking my PRs
[23:50:10] STEP 3: Checking follow-ups
[23:50:11] STEP 4: Updating metrics
[23:50:11] === SUMMARY ===
[23:50:11] Notifications: 63
[23:50:11] Posted: 5
[23:50:11] Consent opportunities: 3
[23:50:11] Urgent items: 0
[23:50:11] Questions to answer: 0
[23:50:11] Stale issues: 0
[23:50:11] Need follow-up: 0
[23:50:11] Merge conflicts: 0
[23:50:11] Total tracked: 10
[23:50:11] Check complete
