=== GitHub SLA Check: Mon Mar  9 10:30:01 AM CST 2026 ===
[10:30:01] STEP 0: Cleaning old data
[10:30:01] Checking tracked issues for closures...
[10:30:12] Cleanup complete
[10:30:12] STEP 1: Processing notifications
[10:30:14] Found 72 notifications
[10:30:15] Evaluating: rubyforgood/casa#6730 (priority: 84)
[10:30:16] >>> Posting comment on rubyforgood/casa#6730
[10:30:17] SUCCESS: Posted on rubyforgood/casa#6730
[10:30:44] VATSIM-UK/UK-Sector-File#6064: Already assigned, skipping
[10:30:47] pytorch-tabular/pytorch_tabular#605: Too old (42 days), skipping
[10:31:04] activist-org/activist#1925: Already assigned, skipping
[10:31:20] microsoft/vscode#288770: Already assigned, skipping
[10:31:24] lucasjinreal/Kokoros#61: Too old (381 days), skipping
[10:31:54] STEP 2: Checking my PRs
[10:31:55] STEP 2.5: Proactive discovery - finding new issues
[10:31:55] Searching for good-first-issues...
[10:31:56] Found 20 good-first-issues from search
[10:31:57]   Skipping VATSIM-UK/UK-Sector-File#6069: Already tracked
[10:31:57]   Checking lingdojo/kana-dojo#7665: priority=100, comments=1
[10:31:57] *** DISCOVERED: lingdojo/kana-dojo#7665 (priority: 100, 1 comments) ***
[10:31:57] >>> Posting on discovered issue lingdojo/kana-dojo#7665
[10:31:58] FAILED to post on lingdojo/kana-dojo#7665: GraphQL: User is blocked (addComment)
[10:31:58]   Checking lingdojo/kana-dojo#7664: priority=100, comments=1
[10:31:58] *** DISCOVERED: lingdojo/kana-dojo#7664 (priority: 100, 1 comments) ***
[10:31:58] >>> Posting on discovered issue lingdojo/kana-dojo#7664
[10:31:59] FAILED to post on lingdojo/kana-dojo#7664: GraphQL: User is blocked (addComment)
[10:32:00]   Checking lingdojo/kana-dojo#7663: priority=100, comments=2
[10:32:00] *** DISCOVERED: lingdojo/kana-dojo#7663 (priority: 100, 2 comments) ***
[10:32:00] >>> Posting on discovered issue lingdojo/kana-dojo#7663
[10:32:01] FAILED to post on lingdojo/kana-dojo#7663: GraphQL: User is blocked (addComment)
[10:32:01]   Checking lingdojo/kana-dojo#7662: priority=100, comments=1
[10:32:01] *** DISCOVERED: lingdojo/kana-dojo#7662 (priority: 100, 1 comments) ***
[10:32:01] >>> Posting on discovered issue lingdojo/kana-dojo#7662
[10:32:02] FAILED to post on lingdojo/kana-dojo#7662: GraphQL: User is blocked (addComment)
[10:32:02]   Checking lingdojo/kana-dojo#7661: priority=100, comments=1
[10:32:02] *** DISCOVERED: lingdojo/kana-dojo#7661 (priority: 100, 1 comments) ***
[10:32:02] >>> Posting on discovered issue lingdojo/kana-dojo#7661
[10:32:03] FAILED to post on lingdojo/kana-dojo#7661: GraphQL: User is blocked (addComment)
[10:32:03]   Checking lingdojo/kana-dojo#7660: priority=100, comments=1
[10:32:03] *** DISCOVERED: lingdojo/kana-dojo#7660 (priority: 100, 1 comments) ***
[10:32:03] >>> Posting on discovered issue lingdojo/kana-dojo#7660
[10:32:04] FAILED to post on lingdojo/kana-dojo#7660: GraphQL: User is blocked (addComment)
[10:32:05]   Checking lingdojo/kana-dojo#7659: priority=100, comments=1
[10:32:05] *** DISCOVERED: lingdojo/kana-dojo#7659 (priority: 100, 1 comments) ***
[10:32:05] >>> Posting on discovered issue lingdojo/kana-dojo#7659
[10:32:06] FAILED to post on lingdojo/kana-dojo#7659: GraphQL: User is blocked (addComment)
[10:32:06]   Checking lingdojo/kana-dojo#7658: priority=100, comments=1
[10:32:06] *** DISCOVERED: lingdojo/kana-dojo#7658 (priority: 100, 1 comments) ***
[10:32:06] >>> Posting on discovered issue lingdojo/kana-dojo#7658
[10:32:07] FAILED to post on lingdojo/kana-dojo#7658: GraphQL: User is blocked (addComment)
[10:32:08]   Checking lingdojo/kana-dojo#7657: priority=100, comments=1
[10:32:08] *** DISCOVERED: lingdojo/kana-dojo#7657 (priority: 100, 1 comments) ***
[10:32:08] >>> Posting on discovered issue lingdojo/kana-dojo#7657
[10:32:09] FAILED to post on lingdojo/kana-dojo#7657: GraphQL: User is blocked (addComment)
[10:32:09]   Checking lingdojo/kana-dojo#7656: priority=100, comments=1
[10:32:09] *** DISCOVERED: lingdojo/kana-dojo#7656 (priority: 100, 1 comments) ***
[10:32:09] >>> Posting on discovered issue lingdojo/kana-dojo#7656
[10:32:10] FAILED to post on lingdojo/kana-dojo#7656: GraphQL: User is blocked (addComment)
[10:32:10]   Checking lingdojo/kana-dojo#7654: priority=100, comments=1
[10:32:10] *** DISCOVERED: lingdojo/kana-dojo#7654 (priority: 100, 1 comments) ***
[10:32:10] >>> Posting on discovered issue lingdojo/kana-dojo#7654
[10:32:11] FAILED to post on lingdojo/kana-dojo#7654: GraphQL: User is blocked (addComment)
[10:32:11]   Skipping windoze95/nullfeed-flutter#17: Already tracked
[10:32:11]   Skipping windoze95/nullfeed-backend#29: Already tracked
[10:32:11]   Skipping windoze95/nullfeed-backend#28: Already tracked
[10:32:12]   Checking lingdojo/kana-dojo#7653: priority=100, comments=1
[10:32:12] *** DISCOVERED: lingdojo/kana-dojo#7653 (priority: 100, 1 comments) ***
[10:32:12] >>> Posting on discovered issue lingdojo/kana-dojo#7653
[10:32:13] FAILED to post on lingdojo/kana-dojo#7653: GraphQL: User is blocked (addComment)
[10:32:13]   Checking lingdojo/kana-dojo#7652: priority=100, comments=1
[10:32:13] *** DISCOVERED: lingdojo/kana-dojo#7652 (priority: 100, 1 comments) ***
[10:32:13] >>> Posting on discovered issue lingdojo/kana-dojo#7652
[10:32:14] FAILED to post on lingdojo/kana-dojo#7652: GraphQL: User is blocked (addComment)
[10:32:14]   Checking lingdojo/kana-dojo#7651: priority=100, comments=2
[10:32:14] *** DISCOVERED: lingdojo/kana-dojo#7651 (priority: 100, 2 comments) ***
[10:32:14] >>> Posting on discovered issue lingdojo/kana-dojo#7651
[10:32:15] FAILED to post on lingdojo/kana-dojo#7651: GraphQL: User is blocked (addComment)
[10:32:16]   Checking lingdojo/kana-dojo#7649: priority=100, comments=1
[10:32:16] *** DISCOVERED: lingdojo/kana-dojo#7649 (priority: 100, 1 comments) ***
[10:32:16] >>> Posting on discovered issue lingdojo/kana-dojo#7649
[10:32:16] FAILED to post on lingdojo/kana-dojo#7649: GraphQL: User is blocked (addComment)
[10:32:17]   Checking lingdojo/kana-dojo#7648: priority=100, comments=1
[10:32:17] *** DISCOVERED: lingdojo/kana-dojo#7648 (priority: 100, 1 comments) ***
[10:32:17] >>> Posting on discovered issue lingdojo/kana-dojo#7648
[10:32:18] FAILED to post on lingdojo/kana-dojo#7648: GraphQL: User is blocked (addComment)
[10:32:18] Checked 20 issues, discovered 16 high-priority ones
[10:32:18] STEP 3: Checking follow-ups
[10:32:20] STEP 4: Building action items list
[10:32:20] STEP 5: Updating metrics
[10:32:20] === SUMMARY ===
[10:32:20] Notifications: 72
[10:32:20] Posted: 1
[10:32:20] Consent opportunities: 16
[10:32:20] Stale issues: 0
[10:32:20] Need follow-up: 0
[10:32:20] Merge conflicts: 0
[10:32:20] Total tracked: 63
[10:32:20] Check complete
