=== GitHub SLA Check: Sun Mar  8 05:30:01 PM CST 2026 ===
[17:30:01] STEP 0: Cleaning old data
[17:30:01] Checking tracked issues for closures...
[17:30:14] Cleanup complete
[17:30:14] STEP 1: Processing notifications
[17:30:15] Found 70 notifications
[17:30:33] VATSIM-UK/UK-Sector-File#6064: Already assigned, skipping
[17:30:36] pytorch-tabular/pytorch_tabular#605: Too old (42 days), skipping
[17:30:53] activist-org/activist#1925: Already assigned, skipping
[17:31:09] microsoft/vscode#288770: Already assigned, skipping
[17:31:14] lucasjinreal/Kokoros#61: Too old (380 days), skipping
[17:31:41] STEP 2: Checking my PRs
[17:31:42] STEP 2.5: Proactive discovery - finding new issues
[17:31:42] Searching for good-first-issues...
[17:31:43] Found 20 good-first-issues from search
[17:31:44]   Checking lingdojo/kana-dojo#7660: priority=100, comments=1
[17:31:44] *** DISCOVERED: lingdojo/kana-dojo#7660 (priority: 100, 1 comments) ***
[17:31:44] >>> Posting on discovered issue lingdojo/kana-dojo#7660
[17:31:45] FAILED to post on lingdojo/kana-dojo#7660: GraphQL: User is blocked (addComment)
[17:31:45]   Checking lingdojo/kana-dojo#7659: priority=100, comments=1
[17:31:45] *** DISCOVERED: lingdojo/kana-dojo#7659 (priority: 100, 1 comments) ***
[17:31:45] >>> Posting on discovered issue lingdojo/kana-dojo#7659
[17:31:47] FAILED to post on lingdojo/kana-dojo#7659: GraphQL: User is blocked (addComment)
[17:31:47]   Checking lingdojo/kana-dojo#7658: priority=100, comments=1
[17:31:47] *** DISCOVERED: lingdojo/kana-dojo#7658 (priority: 100, 1 comments) ***
[17:31:47] >>> Posting on discovered issue lingdojo/kana-dojo#7658
[17:31:48] FAILED to post on lingdojo/kana-dojo#7658: GraphQL: User is blocked (addComment)
[17:31:48]   Checking lingdojo/kana-dojo#7657: priority=100, comments=1
[17:31:48] *** DISCOVERED: lingdojo/kana-dojo#7657 (priority: 100, 1 comments) ***
[17:31:48] >>> Posting on discovered issue lingdojo/kana-dojo#7657
[17:31:49] FAILED to post on lingdojo/kana-dojo#7657: GraphQL: User is blocked (addComment)
[17:31:50]   Checking lingdojo/kana-dojo#7656: priority=100, comments=1
[17:31:50] *** DISCOVERED: lingdojo/kana-dojo#7656 (priority: 100, 1 comments) ***
[17:31:50] >>> Posting on discovered issue lingdojo/kana-dojo#7656
[17:31:51] FAILED to post on lingdojo/kana-dojo#7656: GraphQL: User is blocked (addComment)
[17:31:51]   Checking lingdojo/kana-dojo#7654: priority=100, comments=1
[17:31:51] *** DISCOVERED: lingdojo/kana-dojo#7654 (priority: 100, 1 comments) ***
[17:31:51] >>> Posting on discovered issue lingdojo/kana-dojo#7654
[17:31:52] FAILED to post on lingdojo/kana-dojo#7654: GraphQL: User is blocked (addComment)
[17:31:52]   Skipping windoze95/nullfeed-flutter#17: Already tracked
[17:31:52]   Skipping windoze95/nullfeed-backend#29: Already tracked
[17:31:52]   Skipping windoze95/nullfeed-backend#28: Already tracked
[17:31:52]   Checking lingdojo/kana-dojo#7653: priority=100, comments=1
[17:31:52] *** DISCOVERED: lingdojo/kana-dojo#7653 (priority: 100, 1 comments) ***
[17:31:52] >>> Posting on discovered issue lingdojo/kana-dojo#7653
[17:31:53] FAILED to post on lingdojo/kana-dojo#7653: GraphQL: User is blocked (addComment)
[17:31:54]   Checking lingdojo/kana-dojo#7652: priority=100, comments=1
[17:31:54] *** DISCOVERED: lingdojo/kana-dojo#7652 (priority: 100, 1 comments) ***
[17:31:54] >>> Posting on discovered issue lingdojo/kana-dojo#7652
[17:31:55] FAILED to post on lingdojo/kana-dojo#7652: GraphQL: User is blocked (addComment)
[17:31:55]   Checking lingdojo/kana-dojo#7651: priority=100, comments=2
[17:31:55] *** DISCOVERED: lingdojo/kana-dojo#7651 (priority: 100, 2 comments) ***
[17:31:55] >>> Posting on discovered issue lingdojo/kana-dojo#7651
[17:31:56] FAILED to post on lingdojo/kana-dojo#7651: GraphQL: User is blocked (addComment)
[17:31:56]   Checking lingdojo/kana-dojo#7649: priority=100, comments=1
[17:31:56] *** DISCOVERED: lingdojo/kana-dojo#7649 (priority: 100, 1 comments) ***
[17:31:56] >>> Posting on discovered issue lingdojo/kana-dojo#7649
[17:31:58] FAILED to post on lingdojo/kana-dojo#7649: GraphQL: User is blocked (addComment)
[17:31:58]   Checking lingdojo/kana-dojo#7648: priority=100, comments=1
[17:31:58] *** DISCOVERED: lingdojo/kana-dojo#7648 (priority: 100, 1 comments) ***
[17:31:58] >>> Posting on discovered issue lingdojo/kana-dojo#7648
[17:31:59] FAILED to post on lingdojo/kana-dojo#7648: GraphQL: User is blocked (addComment)
[17:31:59]   Checking lingdojo/kana-dojo#7646: priority=100, comments=1
[17:31:59] *** DISCOVERED: lingdojo/kana-dojo#7646 (priority: 100, 1 comments) ***
[17:31:59] >>> Posting on discovered issue lingdojo/kana-dojo#7646
[17:32:00] FAILED to post on lingdojo/kana-dojo#7646: GraphQL: User is blocked (addComment)
[17:32:00]   Skipping rajmahadev422/Learn-To-PR#12: Already tracked
[17:32:01]   Checking lingdojo/kana-dojo#7640: priority=100, comments=2
[17:32:01] *** DISCOVERED: lingdojo/kana-dojo#7640 (priority: 100, 2 comments) ***
[17:32:01] >>> Posting on discovered issue lingdojo/kana-dojo#7640
[17:32:02] FAILED to post on lingdojo/kana-dojo#7640: GraphQL: User is blocked (addComment)
[17:32:02]   Checking lingdojo/kana-dojo#7638: priority=100, comments=4
[17:32:02] *** DISCOVERED: lingdojo/kana-dojo#7638 (priority: 100, 4 comments) ***
[17:32:02] >>> Posting on discovered issue lingdojo/kana-dojo#7638
[17:32:04] FAILED to post on lingdojo/kana-dojo#7638: GraphQL: User is blocked (addComment)
[17:32:04]   Checking lingdojo/kana-dojo#7637: priority=100, comments=2
[17:32:04] *** DISCOVERED: lingdojo/kana-dojo#7637 (priority: 100, 2 comments) ***
[17:32:04] >>> Posting on discovered issue lingdojo/kana-dojo#7637
[17:32:05] FAILED to post on lingdojo/kana-dojo#7637: GraphQL: User is blocked (addComment)
[17:32:05]   Checking lingdojo/kana-dojo#7636: priority=100, comments=1
[17:32:05] *** DISCOVERED: lingdojo/kana-dojo#7636 (priority: 100, 1 comments) ***
[17:32:05] >>> Posting on discovered issue lingdojo/kana-dojo#7636
[17:32:06] FAILED to post on lingdojo/kana-dojo#7636: GraphQL: User is blocked (addComment)
[17:32:06] Checked 20 issues, discovered 16 high-priority ones
[17:32:06] STEP 3: Checking follow-ups
[17:32:08] STEP 4: Building action items list
[17:32:08] STEP 5: Updating metrics
[17:32:08] === SUMMARY ===
[17:32:08] Notifications: 70
[17:32:08] Posted: 0
[17:32:08] Consent opportunities: 16
[17:32:08] Stale issues: 0
[17:32:08] Need follow-up: 0
[17:32:08] Merge conflicts: 0
[17:32:08] Total tracked: 61
[17:32:08] Check complete
