=== GitHub SLA Check: Mon Mar  9 04:00:01 PM CST 2026 ===
[16:00:01] STEP 0: Cleaning old data
[16:00:01] Checking tracked issues for closures...
[16:00:11] Cleanup complete
[16:00:11] STEP 1: Processing notifications
[16:00:12] Found 72 notifications
[16:00:34] VATSIM-UK/UK-Sector-File#6064: Already assigned, skipping
[16:00:38] pytorch-tabular/pytorch_tabular#605: Too old (42 days), skipping
[16:00:55] activist-org/activist#1925: Already assigned, skipping
[16:01:13] microsoft/vscode#288770: Already assigned, skipping
[16:01:17] lucasjinreal/Kokoros#61: Too old (381 days), skipping
[16:01:47] STEP 2: Checking my PRs
[16:01:48] STEP 2.5: Proactive discovery - finding new issues
[16:01:48] Searching for good-first-issues...
[16:01:49] Found 20 good-first-issues from search
[16:01:49]   Skipping avni-j/synthetic-demo-app#12: Already tracked
[16:01:49]   Skipping T-SIG/tsig-prints#252: Already tracked
[16:01:49]   Skipping T-SIG/tsig-prints#249: Already tracked
[16:01:49]   Skipping T-SIG/tsig-prints#248: Already tracked
[16:01:50]   Skipping T-SIG/tsig-prints#247: Already tracked
[16:01:50]   Skipping T-SIG/tsig-prints#245: Already tracked
[16:01:50]   Skipping T-SIG/tsig-prints#244: Already tracked
[16:01:50]   Skipping T-SIG/tsig-prints#243: Already tracked
[16:01:50]   Skipping T-SIG/tsig-prints#242: Already tracked
[16:01:50]   Skipping T-SIG/tsig-prints#241: Already tracked
[16:01:50]   Skipping T-SIG/tsig-prints#240: Already tracked
[16:01:50]   Skipping T-SIG/tsig-prints#239: Already tracked
[16:01:50]   Skipping T-SIG/tsig-prints#238: Already tracked
[16:01:50]   Skipping T-SIG/tsig-prints#237: Already tracked
[16:01:50]   Skipping T-SIG/tsig-prints#236: Already tracked
[16:01:50]   Skipping T-SIG/tsig-prints#234: Already tracked
[16:01:50]   Skipping T-SIG/tsig-prints#231: Already tracked
[16:01:50]   Skipping T-SIG/tsig-prints#230: Already tracked
[16:01:50]   Skipping T-SIG/tsig-prints#229: Already tracked
[16:01:50]   Skipping T-SIG/tsig-prints#227: Already tracked
[16:01:50] Checked 20 issues, discovered 0 high-priority ones
[16:01:50] STEP 3: Checking follow-ups
[16:01:53] STEP 4: Building action items list
[16:01:53] STEP 5: Updating metrics
[16:01:53] === SUMMARY ===
[16:01:53] Notifications: 72
[16:01:53] Posted: 0
[16:01:53] Consent opportunities: 0
[16:01:53] Stale issues: 0
[16:01:53] Need follow-up: 0
[16:01:53] Merge conflicts: 0
[16:01:53] Total tracked: 84
[16:01:53] Check complete
