=== GitHub SLA Check: Sun Mar  8 04:30:01 PM CST 2026 ===
[16:30:01] STEP 0: Cleaning old data
[16:30:01] Checking tracked issues for closures...
[16:30:13] Cleanup complete
[16:30:13] STEP 1: Processing notifications
[16:30:14] Found 70 notifications
[16:30:34] VATSIM-UK/UK-Sector-File#6064: Already assigned, skipping
[16:30:38] pytorch-tabular/pytorch_tabular#605: Too old (42 days), skipping
[16:30:55] activist-org/activist#1925: Already assigned, skipping
[16:31:12] microsoft/vscode#288770: Already assigned, skipping
[16:31:16] lucasjinreal/Kokoros#61: Too old (380 days), skipping
[16:31:44] STEP 2: Checking my PRs
[16:31:45] STEP 2.5: Proactive discovery - finding new issues
[16:31:45] Searching for good-first-issues...
[16:31:47] Found 20 good-first-issues from search
[16:31:47]   Checking lingdojo/kana-dojo#7656: priority=100, comments=1
[16:31:47] *** DISCOVERED: lingdojo/kana-dojo#7656 (priority: 100, 1 comments) ***
[16:31:47] >>> Posting on discovered issue lingdojo/kana-dojo#7656
[16:31:48] FAILED to post on lingdojo/kana-dojo#7656: GraphQL: User is blocked (addComment)
[16:31:48]   Checking lingdojo/kana-dojo#7654: priority=100, comments=1
[16:31:48] *** DISCOVERED: lingdojo/kana-dojo#7654 (priority: 100, 1 comments) ***
[16:31:48] >>> Posting on discovered issue lingdojo/kana-dojo#7654
[16:31:49] FAILED to post on lingdojo/kana-dojo#7654: GraphQL: User is blocked (addComment)
[16:31:49]   Checking windoze95/nullfeed-flutter#17: priority=100, comments=0
[16:31:49] *** DISCOVERED: windoze95/nullfeed-flutter#17 (priority: 100, 0 comments) ***
[16:31:49] >>> Posting on discovered issue windoze95/nullfeed-flutter#17
[16:31:51] SUCCESS: Posted on windoze95/nullfeed-flutter#17
[16:31:56]   Checking windoze95/nullfeed-backend#29: priority=100, comments=0
[16:31:56] *** DISCOVERED: windoze95/nullfeed-backend#29 (priority: 100, 0 comments) ***
[16:31:56] >>> Posting on discovered issue windoze95/nullfeed-backend#29
[16:31:57] SUCCESS: Posted on windoze95/nullfeed-backend#29
[16:32:03]   Checking windoze95/nullfeed-backend#28: priority=100, comments=0
[16:32:03] *** DISCOVERED: windoze95/nullfeed-backend#28 (priority: 100, 0 comments) ***
[16:32:03] >>> Posting on discovered issue windoze95/nullfeed-backend#28
[16:32:04] SUCCESS: Posted on windoze95/nullfeed-backend#28
[16:32:09]   Checking lingdojo/kana-dojo#7653: priority=100, comments=1
[16:32:09] *** DISCOVERED: lingdojo/kana-dojo#7653 (priority: 100, 1 comments) ***
[16:32:09] >>> Posting on discovered issue lingdojo/kana-dojo#7653
[16:32:10] FAILED to post on lingdojo/kana-dojo#7653: GraphQL: User is blocked (addComment)
[16:32:10]   Checking lingdojo/kana-dojo#7652: priority=100, comments=1
[16:32:10] *** DISCOVERED: lingdojo/kana-dojo#7652 (priority: 100, 1 comments) ***
[16:32:10] >>> Posting on discovered issue lingdojo/kana-dojo#7652
[16:32:11] FAILED to post on lingdojo/kana-dojo#7652: GraphQL: User is blocked (addComment)
[16:32:11]   Checking lingdojo/kana-dojo#7651: priority=100, comments=2
[16:32:11] *** DISCOVERED: lingdojo/kana-dojo#7651 (priority: 100, 2 comments) ***
[16:32:11] >>> Posting on discovered issue lingdojo/kana-dojo#7651
[16:32:12] FAILED to post on lingdojo/kana-dojo#7651: GraphQL: User is blocked (addComment)
[16:32:12]   Checking lingdojo/kana-dojo#7649: priority=100, comments=1
[16:32:12] *** DISCOVERED: lingdojo/kana-dojo#7649 (priority: 100, 1 comments) ***
[16:32:12] >>> Posting on discovered issue lingdojo/kana-dojo#7649
[16:32:14] FAILED to post on lingdojo/kana-dojo#7649: GraphQL: User is blocked (addComment)
[16:32:14]   Checking lingdojo/kana-dojo#7648: priority=100, comments=1
[16:32:14] *** DISCOVERED: lingdojo/kana-dojo#7648 (priority: 100, 1 comments) ***
[16:32:14] >>> Posting on discovered issue lingdojo/kana-dojo#7648
[16:32:15] FAILED to post on lingdojo/kana-dojo#7648: GraphQL: User is blocked (addComment)
[16:32:15]   Checking lingdojo/kana-dojo#7646: priority=100, comments=1
[16:32:15] *** DISCOVERED: lingdojo/kana-dojo#7646 (priority: 100, 1 comments) ***
[16:32:15] >>> Posting on discovered issue lingdojo/kana-dojo#7646
[16:32:16] FAILED to post on lingdojo/kana-dojo#7646: GraphQL: User is blocked (addComment)
[16:32:16]   Skipping rajmahadev422/Learn-To-PR#12: Already tracked
[16:32:17]   Checking lingdojo/kana-dojo#7640: priority=100, comments=2
[16:32:17] *** DISCOVERED: lingdojo/kana-dojo#7640 (priority: 100, 2 comments) ***
[16:32:17] >>> Posting on discovered issue lingdojo/kana-dojo#7640
[16:32:17] FAILED to post on lingdojo/kana-dojo#7640: GraphQL: User is blocked (addComment)
[16:32:18]   Checking lingdojo/kana-dojo#7638: priority=100, comments=4
[16:32:18] *** DISCOVERED: lingdojo/kana-dojo#7638 (priority: 100, 4 comments) ***
[16:32:18] >>> Posting on discovered issue lingdojo/kana-dojo#7638
[16:32:19] FAILED to post on lingdojo/kana-dojo#7638: GraphQL: User is blocked (addComment)
[16:32:19]   Checking lingdojo/kana-dojo#7637: priority=100, comments=2
[16:32:19] *** DISCOVERED: lingdojo/kana-dojo#7637 (priority: 100, 2 comments) ***
[16:32:19] >>> Posting on discovered issue lingdojo/kana-dojo#7637
[16:32:20] FAILED to post on lingdojo/kana-dojo#7637: GraphQL: User is blocked (addComment)
[16:32:20]   Checking lingdojo/kana-dojo#7636: priority=100, comments=1
[16:32:20] *** DISCOVERED: lingdojo/kana-dojo#7636 (priority: 100, 1 comments) ***
[16:32:20] >>> Posting on discovered issue lingdojo/kana-dojo#7636
[16:32:21] FAILED to post on lingdojo/kana-dojo#7636: GraphQL: User is blocked (addComment)
[16:32:21]   Checking lingdojo/kana-dojo#7635: priority=100, comments=1
[16:32:21] *** DISCOVERED: lingdojo/kana-dojo#7635 (priority: 100, 1 comments) ***
[16:32:21] >>> Posting on discovered issue lingdojo/kana-dojo#7635
[16:32:23] FAILED to post on lingdojo/kana-dojo#7635: GraphQL: User is blocked (addComment)
[16:32:23]   Checking lingdojo/kana-dojo#7632: priority=100, comments=4
[16:32:23] *** DISCOVERED: lingdojo/kana-dojo#7632 (priority: 100, 4 comments) ***
[16:32:23] >>> Posting on discovered issue lingdojo/kana-dojo#7632
[16:32:24] FAILED to post on lingdojo/kana-dojo#7632: GraphQL: User is blocked (addComment)
[16:32:24]   Checking lingdojo/kana-dojo#7630: priority=100, comments=1
[16:32:24] *** DISCOVERED: lingdojo/kana-dojo#7630 (priority: 100, 1 comments) ***
[16:32:24] >>> Posting on discovered issue lingdojo/kana-dojo#7630
[16:32:26] FAILED to post on lingdojo/kana-dojo#7630: GraphQL: User is blocked (addComment)
[16:32:26]   Checking lingdojo/kana-dojo#7628: priority=100, comments=1
[16:32:26] *** DISCOVERED: lingdojo/kana-dojo#7628 (priority: 100, 1 comments) ***
[16:32:26] >>> Posting on discovered issue lingdojo/kana-dojo#7628
[16:32:27] FAILED to post on lingdojo/kana-dojo#7628: GraphQL: User is blocked (addComment)
[16:32:27] Checked 20 issues, discovered 19 high-priority ones
[16:32:27] STEP 3: Checking follow-ups
[16:32:29] STEP 4: Building action items list
[16:32:29] STEP 5: Updating metrics
[16:32:29] === SUMMARY ===
[16:32:29] Notifications: 70
[16:32:29] Posted: 3
[16:32:29] Consent opportunities: 19
[16:32:29] Stale issues: 0
[16:32:29] Need follow-up: 0
[16:32:29] Merge conflicts: 0
[16:32:29] Total tracked: 61
[16:32:29] Check complete
