=== GitHub Commit Check: Mon Mar  9 09:40:19 AM CST 2026 ===
On branch master
Your branch is up to date with 'origin/master'.

Changes not staged for commit:
  (use "git add <file>..." to update what will be committed)
  (use "git restore <file>..." to discard changes in working directory)
	modified:   cron-logs/already-posted.json
	modified:   cron-logs/backup-20260308-214938.log
	modified:   cron-logs/consent-opportunities-20260308.json
	modified:   cron-logs/github-metrics.json
	modified:   cron-logs/moltbook-metrics.json
	modified:   memory-logs/memory-2026-03-08.jsonl

Untracked files:
  (use "git add <file>..." to include in what will be committed)
	cron-logs/action-required-20260309.json
	cron-logs/agent-stamina-20260308-225506.log
	cron-logs/browser-restart-20260309-030026.log
	cron-logs/consent-opportunities-20260309.json
	cron-logs/github-commit-20260309-094018.log
	cron-logs/github-sla-20260308-220001.log
	cron-logs/github-sla-20260308-223001.log
	cron-logs/github-sla-20260308-230001.log
	cron-logs/github-sla-20260308-233001.log
	cron-logs/github-sla-20260309-000001.log
	cron-logs/github-sla-20260309-003001.log
	cron-logs/github-sla-20260309-010001.log
	cron-logs/github-sla-20260309-013001.log
	cron-logs/github-sla-20260309-020002.log
	cron-logs/github-sla-20260309-023001.log
	cron-logs/github-sla-20260309-030001.log
	cron-logs/github-sla-20260309-033001.log
	cron-logs/github-sla-20260309-040001.log
	cron-logs/github-sla-20260309-043001.log
	cron-logs/github-sla-20260309-050001.log
	cron-logs/github-sla-20260309-053001.log
	cron-logs/github-sla-20260309-060001.log
	cron-logs/github-sla-20260309-063001.log
	cron-logs/github-sla-20260309-070001.log
	cron-logs/github-sla-20260309-073001.log
	cron-logs/github-sla-20260309-080001.log
	cron-logs/github-sla-20260309-083001.log
	cron-logs/github-sla-20260309-090002.log
	cron-logs/github-sla-20260309-093001.log
	cron-logs/memory-20260308-215001.log
	cron-logs/memory-20260308-220001.log
	cron-logs/memory-20260308-221001.log
	cron-logs/memory-20260308-222001.log
	cron-logs/memory-20260308-223001.log
	cron-logs/memory-20260308-224001.log
	cron-logs/memory-20260308-225001.log
	cron-logs/memory-20260308-230001.log
	cron-logs/memory-20260308-231001.log
	cron-logs/memory-20260308-232001.log
	cron-logs/memory-20260308-233001.log
	cron-logs/memory-20260308-234001.log
	cron-logs/memory-20260308-235001.log
	cron-logs/memory-20260309-000001.log
	cron-logs/memory-20260309-001001.log
	cron-logs/memory-20260309-002001.log
	cron-logs/memory-20260309-003001.log
	cron-logs/memory-20260309-004001.log
	cron-logs/memory-20260309-005001.log
	cron-logs/memory-20260309-010001.log
	cron-logs/memory-20260309-011001.log
	cron-logs/memory-20260309-012001.log
	cron-logs/memory-20260309-013001.log
	cron-logs/memory-20260309-014001.log
	cron-logs/memory-20260309-015001.log
	cron-logs/memory-20260309-020002.log
	cron-logs/memory-20260309-021001.log
	cron-logs/memory-20260309-022001.log
	cron-logs/memory-20260309-023001.log
	cron-logs/memory-20260309-024001.log
	cron-logs/memory-20260309-025001.log
	cron-logs/memory-20260309-030001.log
	cron-logs/memory-20260309-031001.log
	cron-logs/memory-20260309-032001.log
	cron-logs/memory-20260309-033001.log
	cron-logs/memory-20260309-034001.log
	cron-logs/memory-20260309-035001.log
	cron-logs/memory-20260309-040001.log
	cron-logs/memory-20260309-041002.log
	cron-logs/memory-20260309-042001.log
	cron-logs/memory-20260309-043001.log
	cron-logs/memory-20260309-044001.log
	cron-logs/memory-20260309-045001.log
	cron-logs/memory-20260309-050001.log
	cron-logs/memory-20260309-051001.log
	cron-logs/memory-20260309-052001.log
	cron-logs/memory-20260309-053001.log
	cron-logs/memory-20260309-054001.log
	cron-logs/memory-20260309-055001.log
	cron-logs/memory-20260309-060001.log
	cron-logs/memory-20260309-061001.log
	cron-logs/memory-20260309-062001.log
	cron-logs/memory-20260309-063001.log
	cron-logs/memory-20260309-064001.log
	cron-logs/memory-20260309-065002.log
	cron-logs/memory-20260309-070001.log
	cron-logs/memory-20260309-071001.log
	cron-logs/memory-20260309-072001.log
	cron-logs/memory-20260309-073001.log
	cron-logs/memory-20260309-074002.log
	cron-logs/memory-20260309-075001.log
	cron-logs/memory-20260309-080001.log
	cron-logs/memory-20260309-081001.log
	cron-logs/memory-20260309-082001.log
	cron-logs/memory-20260309-083001.log
	cron-logs/memory-20260309-084001.log
	cron-logs/memory-20260309-085001.log
	cron-logs/memory-20260309-090002.log
	cron-logs/memory-20260309-091001.log
	cron-logs/memory-20260309-092001.log
	cron-logs/memory-20260309-093001.log
	cron-logs/memory-20260309-094001.log
	cron-logs/moltbook-20260308-220001.log
	cron-logs/moltbook-20260308-223001.log
	cron-logs/moltbook-20260308-230001.log
	cron-logs/moltbook-20260308-233001.log
	cron-logs/moltbook-20260309-000001.log
	cron-logs/moltbook-20260309-003001.log
	cron-logs/moltbook-20260309-010001.log
	cron-logs/moltbook-20260309-013001.log
	cron-logs/moltbook-20260309-020002.log
	cron-logs/moltbook-20260309-023001.log
	cron-logs/moltbook-20260309-030001.log
	cron-logs/moltbook-20260309-033001.log
	cron-logs/moltbook-20260309-040001.log
	cron-logs/moltbook-20260309-043001.log
	cron-logs/moltbook-20260309-050001.log
	cron-logs/moltbook-20260309-053001.log
	cron-logs/moltbook-20260309-060001.log
	cron-logs/moltbook-20260309-063001.log
	cron-logs/moltbook-20260309-070001.log
	cron-logs/moltbook-20260309-073001.log
	cron-logs/moltbook-20260309-080001.log
	cron-logs/moltbook-20260309-083001.log
	cron-logs/moltbook-20260309-090002.log
	cron-logs/moltbook-20260309-093001.log
	cron-logs/research-20260309-090002.log
	diary/2026-03-09-research-live.md
	memory-logs/memory-2026-03-09.jsonl

no changes added to commit (use "git add" and/or "git commit -a")
