=== GitHub SLA Check: Tue Mar 10 01:00:01 AM CST 2026 ===
[01:00:01] STEP 0: Cleaning old data
[01:00:01] Checking tracked issues for closures...
[01:00:14] Cleanup complete
[01:00:14] STEP 1: Processing notifications
[01:00:15] Found 78 notifications
[01:00:17] EndlessPixel/EndlessPixel-Modpack#35: Already assigned, skipping
[01:00:18] VATSIM-UK/UK-Sector-File#6064: Already assigned, skipping
[01:00:54] pytorch-tabular/pytorch_tabular#605: Too old (43 days), skipping
[01:01:14] activist-org/activist#1925: Already assigned, skipping
[01:01:34] microsoft/vscode#288770: Already assigned, skipping
[01:01:38] lucasjinreal/Kokoros#61: Too old (381 days), skipping
[01:02:11] STEP 2: Checking my PRs
[01:02:12] STEP 2.5: Proactive discovery - finding new issues
[01:02:12] Searching for good-first-issues...
[01:02:15] Found 20 good-first-issues from search
[01:02:15]   Skipping rajmahadev422/Learn-To-PR#16: Already tracked
[01:02:15]   Skipping EndlessPixel/EndlessPixel-Modpack#35: Too many comments (6)
[01:02:15]   Skipping rysweet/azlin#793: Already tracked
[01:02:15]   Skipping rysweet/amplihack#2981: Already tracked
[01:02:15]   Skipping rysweet/amplihack#2980: Already tracked
[01:02:15]   Skipping rysweet/amplihack#2979: Already tracked
[01:02:15]   Skipping rysweet/amplihack#2977: Already tracked
[01:02:15]   Skipping rysweet/amplihack#2976: Already tracked
[01:02:15]   Skipping brendankowitz/FHIR-Tools-for-Anonymization#80: Already tracked
[01:02:15]   Skipping windoze95/nullfeed-flutter#19: Already tracked
[01:02:15]   Skipping windoze95/nullfeed-backend#33: Already tracked
[01:02:15]   Skipping windoze95/nullfeed-backend#32: Already tracked
[01:02:15]   Skipping avni-j/synthetic-demo-app#12: Already tracked
[01:02:16]   Skipping T-SIG/tsig-prints#252: Already tracked
[01:02:16]   Skipping T-SIG/tsig-prints#249: Already tracked
[01:02:16]   Skipping T-SIG/tsig-prints#248: Already tracked
[01:02:16]   Skipping T-SIG/tsig-prints#247: Already tracked
[01:02:16]   Skipping T-SIG/tsig-prints#245: Already tracked
[01:02:16]   Skipping T-SIG/tsig-prints#244: Already tracked
[01:02:16]   Skipping T-SIG/tsig-prints#243: Already tracked
[01:02:16] Checked 20 issues, discovered 0 high-priority ones
[01:02:16] STEP 3: Checking follow-ups
[01:02:40] STEP 4: Building action items list
[01:02:40] STEP 5: Updating metrics
[01:02:40] === SUMMARY ===
[01:02:40] Notifications: 78
[01:02:40] Posted: 0
[01:02:40] Consent opportunities: 0
[01:02:40] Stale issues: 0
[01:02:40] Need follow-up: 0
[01:02:40] Merge conflicts: 0
[01:02:40] Total tracked: 96
[01:02:40] Check complete
