=== GitHub SLA Check: Mon Mar  9 04:30:01 AM CST 2026 ===
[04:30:01] STEP 0: Cleaning old data
[04:30:01] Checking tracked issues for closures...
[04:30:12] Cleanup complete
[04:30:12] STEP 1: Processing notifications
[04:30:14] Found 71 notifications
[04:30:32] VATSIM-UK/UK-Sector-File#6064: Already assigned, skipping
[04:30:36] pytorch-tabular/pytorch_tabular#605: Too old (42 days), skipping
[04:30:55] activist-org/activist#1925: Already assigned, skipping
[04:31:13] microsoft/vscode#288770: Already assigned, skipping
[04:31:17] lucasjinreal/Kokoros#61: Too old (380 days), skipping
[04:31:46] STEP 2: Checking my PRs
[04:31:47] STEP 2.5: Proactive discovery - finding new issues
[04:31:47] Searching for good-first-issues...
[04:31:48] Found 20 good-first-issues from search
[04:31:48]   Skipping VATSIM-UK/UK-Sector-File#6069: Already tracked
[04:31:48]   Checking lingdojo/kana-dojo#7665: priority=100, comments=1
[04:31:48] *** DISCOVERED: lingdojo/kana-dojo#7665 (priority: 100, 1 comments) ***
[04:31:48] >>> Posting on discovered issue lingdojo/kana-dojo#7665
[04:31:49] FAILED to post on lingdojo/kana-dojo#7665: GraphQL: User is blocked (addComment)
[04:31:50]   Checking lingdojo/kana-dojo#7664: priority=100, comments=1
[04:31:50] *** DISCOVERED: lingdojo/kana-dojo#7664 (priority: 100, 1 comments) ***
[04:31:50] >>> Posting on discovered issue lingdojo/kana-dojo#7664
[04:31:51] FAILED to post on lingdojo/kana-dojo#7664: GraphQL: User is blocked (addComment)
[04:31:51]   Checking lingdojo/kana-dojo#7663: priority=100, comments=2
[04:31:51] *** DISCOVERED: lingdojo/kana-dojo#7663 (priority: 100, 2 comments) ***
[04:31:51] >>> Posting on discovered issue lingdojo/kana-dojo#7663
[04:31:53] FAILED to post on lingdojo/kana-dojo#7663: GraphQL: User is blocked (addComment)
[04:31:53]   Checking lingdojo/kana-dojo#7662: priority=100, comments=1
[04:31:53] *** DISCOVERED: lingdojo/kana-dojo#7662 (priority: 100, 1 comments) ***
[04:31:53] >>> Posting on discovered issue lingdojo/kana-dojo#7662
[04:31:55] FAILED to post on lingdojo/kana-dojo#7662: GraphQL: User is blocked (addComment)
[04:31:55]   Checking lingdojo/kana-dojo#7661: priority=100, comments=1
[04:31:55] *** DISCOVERED: lingdojo/kana-dojo#7661 (priority: 100, 1 comments) ***
[04:31:55] >>> Posting on discovered issue lingdojo/kana-dojo#7661
[04:31:57] FAILED to post on lingdojo/kana-dojo#7661: GraphQL: User is blocked (addComment)
[04:31:57]   Checking lingdojo/kana-dojo#7660: priority=100, comments=1
[04:31:57] *** DISCOVERED: lingdojo/kana-dojo#7660 (priority: 100, 1 comments) ***
[04:31:57] >>> Posting on discovered issue lingdojo/kana-dojo#7660
[04:31:58] FAILED to post on lingdojo/kana-dojo#7660: GraphQL: User is blocked (addComment)
[04:31:58]   Checking lingdojo/kana-dojo#7659: priority=100, comments=1
[04:31:58] *** DISCOVERED: lingdojo/kana-dojo#7659 (priority: 100, 1 comments) ***
[04:31:58] >>> Posting on discovered issue lingdojo/kana-dojo#7659
[04:31:59] FAILED to post on lingdojo/kana-dojo#7659: GraphQL: User is blocked (addComment)
[04:31:59]   Checking lingdojo/kana-dojo#7658: priority=100, comments=1
[04:31:59] *** DISCOVERED: lingdojo/kana-dojo#7658 (priority: 100, 1 comments) ***
[04:31:59] >>> Posting on discovered issue lingdojo/kana-dojo#7658
[04:32:00] FAILED to post on lingdojo/kana-dojo#7658: GraphQL: User is blocked (addComment)
[04:32:00]   Checking lingdojo/kana-dojo#7657: priority=100, comments=1
[04:32:00] *** DISCOVERED: lingdojo/kana-dojo#7657 (priority: 100, 1 comments) ***
[04:32:00] >>> Posting on discovered issue lingdojo/kana-dojo#7657
[04:32:01] FAILED to post on lingdojo/kana-dojo#7657: GraphQL: User is blocked (addComment)
[04:32:02]   Checking lingdojo/kana-dojo#7656: priority=100, comments=1
[04:32:02] *** DISCOVERED: lingdojo/kana-dojo#7656 (priority: 100, 1 comments) ***
[04:32:02] >>> Posting on discovered issue lingdojo/kana-dojo#7656
[04:32:03] FAILED to post on lingdojo/kana-dojo#7656: GraphQL: User is blocked (addComment)
[04:32:03]   Checking lingdojo/kana-dojo#7654: priority=100, comments=1
[04:32:03] *** DISCOVERED: lingdojo/kana-dojo#7654 (priority: 100, 1 comments) ***
[04:32:03] >>> Posting on discovered issue lingdojo/kana-dojo#7654
[04:32:05] FAILED to post on lingdojo/kana-dojo#7654: GraphQL: User is blocked (addComment)
[04:32:05]   Skipping windoze95/nullfeed-flutter#17: Already tracked
[04:32:05]   Skipping windoze95/nullfeed-backend#29: Already tracked
[04:32:05]   Skipping windoze95/nullfeed-backend#28: Already tracked
[04:32:05]   Checking lingdojo/kana-dojo#7653: priority=100, comments=1
[04:32:05] *** DISCOVERED: lingdojo/kana-dojo#7653 (priority: 100, 1 comments) ***
[04:32:05] >>> Posting on discovered issue lingdojo/kana-dojo#7653
[04:32:06] FAILED to post on lingdojo/kana-dojo#7653: GraphQL: User is blocked (addComment)
[04:32:06]   Checking lingdojo/kana-dojo#7652: priority=100, comments=1
[04:32:06] *** DISCOVERED: lingdojo/kana-dojo#7652 (priority: 100, 1 comments) ***
[04:32:06] >>> Posting on discovered issue lingdojo/kana-dojo#7652
[04:32:07] FAILED to post on lingdojo/kana-dojo#7652: GraphQL: User is blocked (addComment)
[04:32:07]   Checking lingdojo/kana-dojo#7651: priority=100, comments=2
[04:32:07] *** DISCOVERED: lingdojo/kana-dojo#7651 (priority: 100, 2 comments) ***
[04:32:07] >>> Posting on discovered issue lingdojo/kana-dojo#7651
[04:32:09] FAILED to post on lingdojo/kana-dojo#7651: GraphQL: User is blocked (addComment)
[04:32:09]   Checking lingdojo/kana-dojo#7649: priority=100, comments=1
[04:32:09] *** DISCOVERED: lingdojo/kana-dojo#7649 (priority: 100, 1 comments) ***
[04:32:09] >>> Posting on discovered issue lingdojo/kana-dojo#7649
[04:32:11] FAILED to post on lingdojo/kana-dojo#7649: GraphQL: User is blocked (addComment)
[04:32:11]   Checking lingdojo/kana-dojo#7648: priority=100, comments=1
[04:32:11] *** DISCOVERED: lingdojo/kana-dojo#7648 (priority: 100, 1 comments) ***
[04:32:11] >>> Posting on discovered issue lingdojo/kana-dojo#7648
[04:32:12] FAILED to post on lingdojo/kana-dojo#7648: GraphQL: User is blocked (addComment)
[04:32:12] Checked 20 issues, discovered 16 high-priority ones
[04:32:12] STEP 3: Checking follow-ups
[04:32:14] STEP 4: Building action items list
[04:32:14] STEP 5: Updating metrics
[04:32:14] === SUMMARY ===
[04:32:14] Notifications: 71
[04:32:14] Posted: 0
[04:32:14] Consent opportunities: 16
[04:32:14] Stale issues: 0
[04:32:14] Need follow-up: 0
[04:32:14] Merge conflicts: 0
[04:32:14] Total tracked: 62
[04:32:14] Check complete
