=== GitHub SLA Check: Sun Mar  8 02:30:01 PM CST 2026 ===
[14:30:01] STEP 0: Cleaning old data
[14:30:02] Checking tracked issues for closures...
[14:30:13] Cleanup complete
[14:30:13] STEP 1: Processing notifications
[14:30:14] Found 70 notifications
[14:30:30] VATSIM-UK/UK-Sector-File#6064: Already assigned, skipping
[14:30:34] pytorch-tabular/pytorch_tabular#605: Too old (41 days), skipping
[14:30:53] activist-org/activist#1925: Already assigned, skipping
[14:31:09] microsoft/vscode#288770: Already assigned, skipping
[14:31:16] lucasjinreal/Kokoros#61: Too old (380 days), skipping
[14:31:45] STEP 2: Checking my PRs
[14:31:48] STEP 2.5: Proactive discovery - finding new issues
[14:31:48] Searching for good-first-issues...
[14:31:49] Found 20 good-first-issues from search
[14:31:49]   Checking lingdojo/kana-dojo#7640: priority=100, comments=1
[14:31:49] *** DISCOVERED: lingdojo/kana-dojo#7640 (priority: 100, 1 comments) ***
[14:31:49] >>> Posting on discovered issue lingdojo/kana-dojo#7640
[14:31:50] FAILED to post on lingdojo/kana-dojo#7640: GraphQL: User is blocked (addComment)
[14:31:50]   Checking lingdojo/kana-dojo#7638: priority=100, comments=1
[14:31:50] *** DISCOVERED: lingdojo/kana-dojo#7638 (priority: 100, 1 comments) ***
[14:31:50] >>> Posting on discovered issue lingdojo/kana-dojo#7638
[14:31:52] FAILED to post on lingdojo/kana-dojo#7638: GraphQL: User is blocked (addComment)
[14:31:53]   Checking lingdojo/kana-dojo#7637: priority=100, comments=1
[14:31:53] *** DISCOVERED: lingdojo/kana-dojo#7637 (priority: 100, 1 comments) ***
[14:31:53] >>> Posting on discovered issue lingdojo/kana-dojo#7637
[14:31:53] FAILED to post on lingdojo/kana-dojo#7637: GraphQL: User is blocked (addComment)
[14:31:54]   Checking lingdojo/kana-dojo#7636: priority=100, comments=1
[14:31:54] *** DISCOVERED: lingdojo/kana-dojo#7636 (priority: 100, 1 comments) ***
[14:31:54] >>> Posting on discovered issue lingdojo/kana-dojo#7636
[14:31:55] FAILED to post on lingdojo/kana-dojo#7636: GraphQL: User is blocked (addComment)
[14:31:55]   Checking lingdojo/kana-dojo#7635: priority=100, comments=1
[14:31:55] *** DISCOVERED: lingdojo/kana-dojo#7635 (priority: 100, 1 comments) ***
[14:31:55] >>> Posting on discovered issue lingdojo/kana-dojo#7635
[14:31:56] FAILED to post on lingdojo/kana-dojo#7635: GraphQL: User is blocked (addComment)
[14:31:56]   Checking lingdojo/kana-dojo#7632: priority=100, comments=4
[14:31:56] *** DISCOVERED: lingdojo/kana-dojo#7632 (priority: 100, 4 comments) ***
[14:31:56] >>> Posting on discovered issue lingdojo/kana-dojo#7632
[14:31:57] FAILED to post on lingdojo/kana-dojo#7632: GraphQL: User is blocked (addComment)
[14:31:58]   Checking lingdojo/kana-dojo#7630: priority=100, comments=1
[14:31:58] *** DISCOVERED: lingdojo/kana-dojo#7630 (priority: 100, 1 comments) ***
[14:31:58] >>> Posting on discovered issue lingdojo/kana-dojo#7630
[14:31:59] FAILED to post on lingdojo/kana-dojo#7630: GraphQL: User is blocked (addComment)
[14:31:59]   Checking lingdojo/kana-dojo#7628: priority=100, comments=1
[14:31:59] *** DISCOVERED: lingdojo/kana-dojo#7628 (priority: 100, 1 comments) ***
[14:31:59] >>> Posting on discovered issue lingdojo/kana-dojo#7628
[14:32:00] FAILED to post on lingdojo/kana-dojo#7628: GraphQL: User is blocked (addComment)
[14:32:01]   Checking lingdojo/kana-dojo#7627: priority=100, comments=4
[14:32:01] *** DISCOVERED: lingdojo/kana-dojo#7627 (priority: 100, 4 comments) ***
[14:32:01] >>> Posting on discovered issue lingdojo/kana-dojo#7627
[14:32:02] FAILED to post on lingdojo/kana-dojo#7627: GraphQL: User is blocked (addComment)
[14:32:02]   Checking lingdojo/kana-dojo#7626: priority=100, comments=1
[14:32:02] *** DISCOVERED: lingdojo/kana-dojo#7626 (priority: 100, 1 comments) ***
[14:32:02] >>> Posting on discovered issue lingdojo/kana-dojo#7626
[14:32:03] FAILED to post on lingdojo/kana-dojo#7626: GraphQL: User is blocked (addComment)
[14:32:03]   Checking lingdojo/kana-dojo#7625: priority=100, comments=1
[14:32:03] *** DISCOVERED: lingdojo/kana-dojo#7625 (priority: 100, 1 comments) ***
[14:32:03] >>> Posting on discovered issue lingdojo/kana-dojo#7625
[14:32:04] FAILED to post on lingdojo/kana-dojo#7625: GraphQL: User is blocked (addComment)
[14:32:04]   Checking lingdojo/kana-dojo#7624: priority=100, comments=1
[14:32:04] *** DISCOVERED: lingdojo/kana-dojo#7624 (priority: 100, 1 comments) ***
[14:32:04] >>> Posting on discovered issue lingdojo/kana-dojo#7624
[14:32:05] FAILED to post on lingdojo/kana-dojo#7624: GraphQL: User is blocked (addComment)
[14:32:06]   Checking lingdojo/kana-dojo#7623: priority=100, comments=1
[14:32:06] *** DISCOVERED: lingdojo/kana-dojo#7623 (priority: 100, 1 comments) ***
[14:32:06] >>> Posting on discovered issue lingdojo/kana-dojo#7623
[14:32:07] FAILED to post on lingdojo/kana-dojo#7623: GraphQL: User is blocked (addComment)
[14:32:07]   Checking lingdojo/kana-dojo#7622: priority=100, comments=1
[14:32:07] *** DISCOVERED: lingdojo/kana-dojo#7622 (priority: 100, 1 comments) ***
[14:32:07] >>> Posting on discovered issue lingdojo/kana-dojo#7622
[14:32:08] FAILED to post on lingdojo/kana-dojo#7622: GraphQL: User is blocked (addComment)
[14:32:08]   Checking lingdojo/kana-dojo#7620: priority=100, comments=1
[14:32:08] *** DISCOVERED: lingdojo/kana-dojo#7620 (priority: 100, 1 comments) ***
[14:32:08] >>> Posting on discovered issue lingdojo/kana-dojo#7620
[14:32:09] FAILED to post on lingdojo/kana-dojo#7620: GraphQL: User is blocked (addComment)
[14:32:09]   Checking lingdojo/kana-dojo#7619: priority=100, comments=3
[14:32:09] *** DISCOVERED: lingdojo/kana-dojo#7619 (priority: 100, 3 comments) ***
[14:32:09] >>> Posting on discovered issue lingdojo/kana-dojo#7619
[14:32:11] FAILED to post on lingdojo/kana-dojo#7619: GraphQL: User is blocked (addComment)
[14:32:11]   Checking lingdojo/kana-dojo#7618: priority=100, comments=3
[14:32:11] *** DISCOVERED: lingdojo/kana-dojo#7618 (priority: 100, 3 comments) ***
[14:32:11] >>> Posting on discovered issue lingdojo/kana-dojo#7618
[14:32:12] FAILED to post on lingdojo/kana-dojo#7618: GraphQL: User is blocked (addComment)
[14:32:12]   Checking lingdojo/kana-dojo#7616: priority=100, comments=2
[14:32:12] *** DISCOVERED: lingdojo/kana-dojo#7616 (priority: 100, 2 comments) ***
[14:32:12] >>> Posting on discovered issue lingdojo/kana-dojo#7616
[14:32:13] FAILED to post on lingdojo/kana-dojo#7616: GraphQL: User is blocked (addComment)
[14:32:13]   Checking lingdojo/kana-dojo#7615: priority=100, comments=1
[14:32:13] *** DISCOVERED: lingdojo/kana-dojo#7615 (priority: 100, 1 comments) ***
[14:32:14] >>> Posting on discovered issue lingdojo/kana-dojo#7615
[14:32:14] FAILED to post on lingdojo/kana-dojo#7615: GraphQL: User is blocked (addComment)
[14:32:15]   Checking lingdojo/kana-dojo#7613: priority=100, comments=1
[14:32:15] *** DISCOVERED: lingdojo/kana-dojo#7613 (priority: 100, 1 comments) ***
[14:32:15] >>> Posting on discovered issue lingdojo/kana-dojo#7613
[14:32:16] FAILED to post on lingdojo/kana-dojo#7613: GraphQL: User is blocked (addComment)
[14:32:16] Checked 20 issues, discovered 20 high-priority ones
[14:32:16] STEP 3: Checking follow-ups
[14:32:17] STEP 4: Building action items list
[14:32:17] STEP 5: Updating metrics
[14:32:17] === SUMMARY ===
[14:32:17] Notifications: 70
[14:32:17] Posted: 0
[14:32:17] Consent opportunities: 20
[14:32:17] Stale issues: 0
[14:32:17] Need follow-up: 0
[14:32:18] Merge conflicts: 0
[14:32:18] Total tracked: 58
[14:32:18] Check complete
