=== GitHub SLA Check: Mon Mar  9 07:00:01 AM CST 2026 ===
[07:00:01] STEP 0: Cleaning old data
[07:00:01] Checking tracked issues for closures...
[07:00:11] Cleanup complete
[07:00:11] STEP 1: Processing notifications
[07:00:12] Found 71 notifications
[07:00:32] VATSIM-UK/UK-Sector-File#6064: Already assigned, skipping
[07:00:36] pytorch-tabular/pytorch_tabular#605: Too old (42 days), skipping
[07:00:54] activist-org/activist#1925: Already assigned, skipping
[07:01:11] microsoft/vscode#288770: Already assigned, skipping
[07:01:15] lucasjinreal/Kokoros#61: Too old (380 days), skipping
[07:01:42] STEP 2: Checking my PRs
[07:01:43] STEP 2.5: Proactive discovery - finding new issues
[07:01:43] Searching for good-first-issues...
[07:01:45] Found 20 good-first-issues from search
[07:01:45]   Skipping VATSIM-UK/UK-Sector-File#6069: Already tracked
[07:01:45]   Checking lingdojo/kana-dojo#7665: priority=100, comments=1
[07:01:45] *** DISCOVERED: lingdojo/kana-dojo#7665 (priority: 100, 1 comments) ***
[07:01:45] >>> Posting on discovered issue lingdojo/kana-dojo#7665
[07:01:46] FAILED to post on lingdojo/kana-dojo#7665: GraphQL: User is blocked (addComment)
[07:01:46]   Checking lingdojo/kana-dojo#7664: priority=100, comments=1
[07:01:46] *** DISCOVERED: lingdojo/kana-dojo#7664 (priority: 100, 1 comments) ***
[07:01:46] >>> Posting on discovered issue lingdojo/kana-dojo#7664
[07:01:47] FAILED to post on lingdojo/kana-dojo#7664: GraphQL: User is blocked (addComment)
[07:01:47]   Checking lingdojo/kana-dojo#7663: priority=100, comments=2
[07:01:47] *** DISCOVERED: lingdojo/kana-dojo#7663 (priority: 100, 2 comments) ***
[07:01:47] >>> Posting on discovered issue lingdojo/kana-dojo#7663
[07:01:48] FAILED to post on lingdojo/kana-dojo#7663: GraphQL: User is blocked (addComment)
[07:01:49]   Checking lingdojo/kana-dojo#7662: priority=100, comments=1
[07:01:49] *** DISCOVERED: lingdojo/kana-dojo#7662 (priority: 100, 1 comments) ***
[07:01:49] >>> Posting on discovered issue lingdojo/kana-dojo#7662
[07:01:49] FAILED to post on lingdojo/kana-dojo#7662: GraphQL: User is blocked (addComment)
[07:01:50]   Checking lingdojo/kana-dojo#7661: priority=100, comments=1
[07:01:50] *** DISCOVERED: lingdojo/kana-dojo#7661 (priority: 100, 1 comments) ***
[07:01:50] >>> Posting on discovered issue lingdojo/kana-dojo#7661
[07:01:51] FAILED to post on lingdojo/kana-dojo#7661: GraphQL: User is blocked (addComment)
[07:01:51]   Checking lingdojo/kana-dojo#7660: priority=100, comments=1
[07:01:51] *** DISCOVERED: lingdojo/kana-dojo#7660 (priority: 100, 1 comments) ***
[07:01:51] >>> Posting on discovered issue lingdojo/kana-dojo#7660
[07:01:52] FAILED to post on lingdojo/kana-dojo#7660: GraphQL: User is blocked (addComment)
[07:01:52]   Checking lingdojo/kana-dojo#7659: priority=100, comments=1
[07:01:52] *** DISCOVERED: lingdojo/kana-dojo#7659 (priority: 100, 1 comments) ***
[07:01:52] >>> Posting on discovered issue lingdojo/kana-dojo#7659
[07:01:53] FAILED to post on lingdojo/kana-dojo#7659: GraphQL: User is blocked (addComment)
[07:01:54]   Checking lingdojo/kana-dojo#7658: priority=100, comments=1
[07:01:54] *** DISCOVERED: lingdojo/kana-dojo#7658 (priority: 100, 1 comments) ***
[07:01:54] >>> Posting on discovered issue lingdojo/kana-dojo#7658
[07:01:55] FAILED to post on lingdojo/kana-dojo#7658: GraphQL: User is blocked (addComment)
[07:01:55]   Checking lingdojo/kana-dojo#7657: priority=100, comments=1
[07:01:55] *** DISCOVERED: lingdojo/kana-dojo#7657 (priority: 100, 1 comments) ***
[07:01:55] >>> Posting on discovered issue lingdojo/kana-dojo#7657
[07:01:56] FAILED to post on lingdojo/kana-dojo#7657: GraphQL: User is blocked (addComment)
[07:01:56]   Checking lingdojo/kana-dojo#7656: priority=100, comments=1
[07:01:56] *** DISCOVERED: lingdojo/kana-dojo#7656 (priority: 100, 1 comments) ***
[07:01:56] >>> Posting on discovered issue lingdojo/kana-dojo#7656
[07:01:57] FAILED to post on lingdojo/kana-dojo#7656: GraphQL: User is blocked (addComment)
[07:01:57]   Checking lingdojo/kana-dojo#7654: priority=100, comments=1
[07:01:57] *** DISCOVERED: lingdojo/kana-dojo#7654 (priority: 100, 1 comments) ***
[07:01:57] >>> Posting on discovered issue lingdojo/kana-dojo#7654
[07:01:59] FAILED to post on lingdojo/kana-dojo#7654: GraphQL: User is blocked (addComment)
[07:01:59]   Skipping windoze95/nullfeed-flutter#17: Already tracked
[07:01:59]   Skipping windoze95/nullfeed-backend#29: Already tracked
[07:01:59]   Skipping windoze95/nullfeed-backend#28: Already tracked
[07:01:59]   Checking lingdojo/kana-dojo#7653: priority=100, comments=1
[07:01:59] *** DISCOVERED: lingdojo/kana-dojo#7653 (priority: 100, 1 comments) ***
[07:01:59] >>> Posting on discovered issue lingdojo/kana-dojo#7653
[07:02:00] FAILED to post on lingdojo/kana-dojo#7653: GraphQL: User is blocked (addComment)
[07:02:00]   Checking lingdojo/kana-dojo#7652: priority=100, comments=1
[07:02:00] *** DISCOVERED: lingdojo/kana-dojo#7652 (priority: 100, 1 comments) ***
[07:02:00] >>> Posting on discovered issue lingdojo/kana-dojo#7652
[07:02:01] FAILED to post on lingdojo/kana-dojo#7652: GraphQL: User is blocked (addComment)
[07:02:02]   Checking lingdojo/kana-dojo#7651: priority=100, comments=2
[07:02:02] *** DISCOVERED: lingdojo/kana-dojo#7651 (priority: 100, 2 comments) ***
[07:02:02] >>> Posting on discovered issue lingdojo/kana-dojo#7651
[07:02:02] FAILED to post on lingdojo/kana-dojo#7651: GraphQL: User is blocked (addComment)
[07:02:03]   Checking lingdojo/kana-dojo#7649: priority=100, comments=1
[07:02:03] *** DISCOVERED: lingdojo/kana-dojo#7649 (priority: 100, 1 comments) ***
[07:02:03] >>> Posting on discovered issue lingdojo/kana-dojo#7649
[07:02:04] FAILED to post on lingdojo/kana-dojo#7649: GraphQL: User is blocked (addComment)
[07:02:04]   Checking lingdojo/kana-dojo#7648: priority=100, comments=1
[07:02:04] *** DISCOVERED: lingdojo/kana-dojo#7648 (priority: 100, 1 comments) ***
[07:02:04] >>> Posting on discovered issue lingdojo/kana-dojo#7648
[07:02:05] FAILED to post on lingdojo/kana-dojo#7648: GraphQL: User is blocked (addComment)
[07:02:05] Checked 20 issues, discovered 16 high-priority ones
[07:02:05] STEP 3: Checking follow-ups
[07:02:07] STEP 4: Building action items list
[07:02:07] STEP 5: Updating metrics
[07:02:07] === SUMMARY ===
[07:02:07] Notifications: 71
[07:02:07] Posted: 0
[07:02:07] Consent opportunities: 16
[07:02:07] Stale issues: 0
[07:02:07] Need follow-up: 0
[07:02:07] Merge conflicts: 0
[07:02:07] Total tracked: 62
[07:02:07] Check complete
