=== GitHub SLA Check: Wed Mar 11 03:30:01 AM CST 2026 ===
[03:30:01] STEP 0: Cleaning old data
[03:30:01] Checking tracked issues for closures...
[03:30:13] Cleanup complete
[03:30:13] STEP 1: Processing notifications
[03:30:14] Found 82 notifications
[03:30:19] PretendoNetwork/juxtaposition#411: Already assigned, skipping
[03:30:20] EndlessPixel/EndlessPixel-Modpack#35: Already assigned, skipping
[03:30:24] djangonaut-space/wagtail-indymeet#713: Already assigned, skipping
[03:30:25] VATSIM-UK/UK-Sector-File#6064: Already assigned, skipping
[03:30:58] pytorch-tabular/pytorch_tabular#605: Too old (44 days), skipping
[03:31:17] activist-org/activist#1925: Already assigned, skipping
[03:31:32] microsoft/vscode#288770: Already assigned, skipping
[03:31:36] lucasjinreal/Kokoros#61: Too old (382 days), skipping
[03:32:09] STEP 2: Checking my PRs
[03:32:10] STEP 2.5: Proactive discovery - finding new issues
[03:32:10] Searching for good-first-issues...
[03:32:13] Found 50 good-first-issues from search
[03:32:13]   Skipping 7788ken/linkgate#13: Already tracked
[03:32:13]   Skipping 7788ken/linkgate#7: Already tracked
[03:32:13]   Skipping 7788ken/linkgate#3: Already tracked
[03:32:13]   Skipping djangonaut-space/wagtail-indymeet#713: Already tracked
[03:32:13]   Skipping rajmahadev422/Learn-To-PR#16: Already tracked
[03:32:13]   Skipping EndlessPixel/EndlessPixel-Modpack#35: Too many comments (8)
[03:32:13]   Skipping rysweet/azlin#793: Already tracked
[03:32:13]   Skipping rysweet/amplihack#2981: Already tracked
[03:32:13]   Skipping rysweet/amplihack#2979: Already tracked
[03:32:13]   Skipping rysweet/amplihack#2980: Already tracked
[03:32:13]   Skipping rysweet/amplihack#2977: Already tracked
[03:32:13]   Skipping rysweet/amplihack#2976: Already tracked
[03:32:14]   Skipping brendankowitz/FHIR-Tools-for-Anonymization#80: Already tracked
[03:32:14]   Skipping windoze95/nullfeed-flutter#19: Already tracked
[03:32:14]   Skipping windoze95/nullfeed-backend#33: Already tracked
[03:32:14]   Skipping windoze95/nullfeed-backend#32: Already tracked
[03:32:14]   Skipping avni-j/synthetic-demo-app#12: Already tracked
[03:32:14]   Skipping T-SIG/tsig-prints#252: Already tracked
[03:32:14]   Skipping T-SIG/tsig-prints#249: Already tracked
[03:32:14]   Skipping T-SIG/tsig-prints#248: Already tracked
[03:32:14]   Skipping T-SIG/tsig-prints#247: Already tracked
[03:32:14]   Skipping T-SIG/tsig-prints#245: Already tracked
[03:32:14]   Skipping T-SIG/tsig-prints#244: Already tracked
[03:32:14]   Skipping T-SIG/tsig-prints#243: Already tracked
[03:32:14]   Skipping T-SIG/tsig-prints#242: Already tracked
[03:32:14]   Skipping T-SIG/tsig-prints#241: Already tracked
[03:32:15]   Skipping T-SIG/tsig-prints#240: Already tracked
[03:32:15]   Skipping T-SIG/tsig-prints#239: Already tracked
[03:32:15]   Skipping T-SIG/tsig-prints#238: Already tracked
[03:32:15]   Skipping T-SIG/tsig-prints#237: Already tracked
[03:32:15]   Skipping T-SIG/tsig-prints#236: Already tracked
[03:32:15]   Skipping T-SIG/tsig-prints#234: Already tracked
[03:32:15]   Skipping T-SIG/tsig-prints#231: Already tracked
[03:32:15]   Skipping T-SIG/tsig-prints#230: Already tracked
[03:32:15]   Skipping T-SIG/tsig-prints#229: Already tracked
[03:32:15]   Skipping T-SIG/tsig-prints#227: Already tracked
[03:32:15]   Skipping T-SIG/tsig-prints#226: Already tracked
[03:32:15]   Skipping T-SIG/tsig-prints#225: Already tracked
[03:32:15]   Skipping T-SIG/tsig-prints#224: Already tracked
[03:32:15]   Skipping visouha/openclaw-test-repo#2: Already tracked
[03:32:16]   Skipping VATSIM-UK/UK-Sector-File#6069: Already tracked
[03:32:16]   Checking lingdojo/kana-dojo#7665: priority=100, comments=1
[03:32:16] *** DISCOVERED: lingdojo/kana-dojo#7665 (priority: 100, 1 comments) ***
[03:32:16] >>> Posting on discovered issue lingdojo/kana-dojo#7665
[03:32:17] FAILED to post on lingdojo/kana-dojo#7665: GraphQL: User is blocked (addComment)
[03:32:17]   Checking lingdojo/kana-dojo#7664: priority=100, comments=1
[03:32:17] *** DISCOVERED: lingdojo/kana-dojo#7664 (priority: 100, 1 comments) ***
[03:32:17] >>> Posting on discovered issue lingdojo/kana-dojo#7664
[03:32:19] FAILED to post on lingdojo/kana-dojo#7664: GraphQL: User is blocked (addComment)
[03:32:19]   Checking lingdojo/kana-dojo#7663: priority=100, comments=2
[03:32:19] *** DISCOVERED: lingdojo/kana-dojo#7663 (priority: 100, 2 comments) ***
[03:32:19] >>> Posting on discovered issue lingdojo/kana-dojo#7663
[03:32:20] FAILED to post on lingdojo/kana-dojo#7663: GraphQL: User is blocked (addComment)
[03:32:20]   Checking lingdojo/kana-dojo#7662: priority=100, comments=1
[03:32:20] *** DISCOVERED: lingdojo/kana-dojo#7662 (priority: 100, 1 comments) ***
[03:32:20] >>> Posting on discovered issue lingdojo/kana-dojo#7662
[03:32:21] FAILED to post on lingdojo/kana-dojo#7662: GraphQL: User is blocked (addComment)
[03:32:21]   Checking lingdojo/kana-dojo#7661: priority=100, comments=1
[03:32:21] *** DISCOVERED: lingdojo/kana-dojo#7661 (priority: 100, 1 comments) ***
[03:32:21] >>> Posting on discovered issue lingdojo/kana-dojo#7661
[03:32:22] FAILED to post on lingdojo/kana-dojo#7661: GraphQL: User is blocked (addComment)
[03:32:23]   Checking lingdojo/kana-dojo#7660: priority=100, comments=1
[03:32:23] *** DISCOVERED: lingdojo/kana-dojo#7660 (priority: 100, 1 comments) ***
[03:32:23] >>> Posting on discovered issue lingdojo/kana-dojo#7660
[03:32:24] FAILED to post on lingdojo/kana-dojo#7660: GraphQL: User is blocked (addComment)
[03:32:24]   Checking lingdojo/kana-dojo#7659: priority=100, comments=1
[03:32:24] *** DISCOVERED: lingdojo/kana-dojo#7659 (priority: 100, 1 comments) ***
[03:32:24] >>> Posting on discovered issue lingdojo/kana-dojo#7659
[03:32:25] FAILED to post on lingdojo/kana-dojo#7659: GraphQL: User is blocked (addComment)
[03:32:25]   Checking lingdojo/kana-dojo#7658: priority=100, comments=1
[03:32:25] *** DISCOVERED: lingdojo/kana-dojo#7658 (priority: 100, 1 comments) ***
[03:32:25] >>> Posting on discovered issue lingdojo/kana-dojo#7658
[03:32:27] FAILED to post on lingdojo/kana-dojo#7658: GraphQL: User is blocked (addComment)
[03:32:27]   Checking lingdojo/kana-dojo#7657: priority=100, comments=1
[03:32:27] *** DISCOVERED: lingdojo/kana-dojo#7657 (priority: 100, 1 comments) ***
[03:32:27] >>> Posting on discovered issue lingdojo/kana-dojo#7657
[03:32:29] FAILED to post on lingdojo/kana-dojo#7657: GraphQL: User is blocked (addComment)
[03:32:29] Checked 50 issues, discovered 9 high-priority ones
[03:32:29] STEP 3: Checking follow-ups
[03:32:56] FOLLOW-UP NEEDED: Vexa-ai/vexa#160 (no response in 3 days)
[03:33:04] FOLLOW-UP NEEDED: mynextproject-portfolio/recipe-explorer-lite-yuewang199511#1 (no response in 3 days)
[03:33:06] FOLLOW-UP NEEDED: Marormur/Website#158 (no response in 3 days)
[03:33:08] FOLLOW-UP NEEDED: Marormur/Website#160 (no response in 3 days)
[03:33:09] FOLLOW-UP NEEDED: PatrickB1905/wealthwise#12 (no response in 3 days)
[03:33:10] FOLLOW-UP NEEDED: GreatJobTommy/DIT-Transfer-Tools#73 (no response in 3 days)
[03:33:14] FOLLOW-UP NEEDED: adenueltech/jobhunter#1 (no response in 3 days)
[03:33:15] FOLLOW-UP NEEDED: windoze95/nullfeed-backend#24 (no response in 3 days)
[03:33:16] FOLLOW-UP NEEDED: PatrickB1905/WealthWise#12 (no response in 3 days)
[03:33:18] FOLLOW-UP NEEDED: finnoybu/aegis-governance#14 (no response in 3 days)
[03:33:20] FOLLOW-UP NEEDED: finnoybu/aegis-governance#13 (no response in 3 days)
[03:33:21] FOLLOW-UP NEEDED: windoze95/nullfeed-flutter#15 (no response in 3 days)
[03:33:23] FOLLOW-UP NEEDED: windoze95/nullfeed-flutter#14 (no response in 3 days)
[03:33:24] FOLLOW-UP NEEDED: windoze95/nullfeed-backend#27 (no response in 3 days)
[03:33:28] FOLLOW-UP NEEDED: ibelanger/GraniteFungiForager#35 (no response in 3 days)
[03:33:29] FOLLOW-UP NEEDED: ibelanger/GraniteFungiForager#28 (no response in 3 days)
[03:33:30] FOLLOW-UP NEEDED: ibelanger/GraniteFungiForager#27 (no response in 3 days)
[03:33:31] FOLLOW-UP NEEDED: ibelanger/GraniteFungiForager#24 (no response in 3 days)
[03:33:32] FOLLOW-UP NEEDED: ibelanger/GraniteFungiForager#22 (no response in 3 days)
[03:33:34] STEP 4: Building action items list
[03:33:34] STEP 5: Updating metrics
[03:33:34] === SUMMARY ===
[03:33:34] Notifications: 82
[03:33:34] Posted: 0
[03:33:34] Consent opportunities: 9
[03:33:34] Stale issues: 0
[03:33:34] Need follow-up: 523
[03:33:34] Merge conflicts: 0
[03:33:34] Total tracked: 109
[03:33:34] Check complete
