=== GitHub SLA Check: Sun Mar  8 06:00:01 PM CST 2026 ===
[18:00:01] STEP 0: Cleaning old data
[18:00:01] Checking tracked issues for closures...
[18:00:13] Cleanup complete
[18:00:13] STEP 1: Processing notifications
[18:00:14] Found 70 notifications
[18:00:33] VATSIM-UK/UK-Sector-File#6064: Already assigned, skipping
[18:00:36] pytorch-tabular/pytorch_tabular#605: Too old (42 days), skipping
[18:00:54] activist-org/activist#1925: Already assigned, skipping
[18:01:10] microsoft/vscode#288770: Already assigned, skipping
[18:01:15] lucasjinreal/Kokoros#61: Too old (380 days), skipping
[18:01:45] STEP 2: Checking my PRs
[18:01:47] STEP 2.5: Proactive discovery - finding new issues
[18:01:47] Searching for good-first-issues...
[18:01:48] Found 20 good-first-issues from search
[18:01:48]   Checking lingdojo/kana-dojo#7662: priority=100, comments=1
[18:01:48] *** DISCOVERED: lingdojo/kana-dojo#7662 (priority: 100, 1 comments) ***
[18:01:48] >>> Posting on discovered issue lingdojo/kana-dojo#7662
[18:01:49] FAILED to post on lingdojo/kana-dojo#7662: GraphQL: User is blocked (addComment)
[18:01:50]   Checking lingdojo/kana-dojo#7661: priority=100, comments=1
[18:01:50] *** DISCOVERED: lingdojo/kana-dojo#7661 (priority: 100, 1 comments) ***
[18:01:50] >>> Posting on discovered issue lingdojo/kana-dojo#7661
[18:01:50] FAILED to post on lingdojo/kana-dojo#7661: GraphQL: User is blocked (addComment)
[18:01:51]   Checking lingdojo/kana-dojo#7660: priority=100, comments=1
[18:01:51] *** DISCOVERED: lingdojo/kana-dojo#7660 (priority: 100, 1 comments) ***
[18:01:51] >>> Posting on discovered issue lingdojo/kana-dojo#7660
[18:01:52] FAILED to post on lingdojo/kana-dojo#7660: GraphQL: User is blocked (addComment)
[18:01:52]   Checking lingdojo/kana-dojo#7659: priority=100, comments=1
[18:01:52] *** DISCOVERED: lingdojo/kana-dojo#7659 (priority: 100, 1 comments) ***
[18:01:52] >>> Posting on discovered issue lingdojo/kana-dojo#7659
[18:01:53] FAILED to post on lingdojo/kana-dojo#7659: GraphQL: User is blocked (addComment)
[18:01:53]   Checking lingdojo/kana-dojo#7658: priority=100, comments=1
[18:01:53] *** DISCOVERED: lingdojo/kana-dojo#7658 (priority: 100, 1 comments) ***
[18:01:53] >>> Posting on discovered issue lingdojo/kana-dojo#7658
[18:01:55] FAILED to post on lingdojo/kana-dojo#7658: GraphQL: User is blocked (addComment)
[18:01:55]   Checking lingdojo/kana-dojo#7657: priority=100, comments=1
[18:01:55] *** DISCOVERED: lingdojo/kana-dojo#7657 (priority: 100, 1 comments) ***
[18:01:55] >>> Posting on discovered issue lingdojo/kana-dojo#7657
[18:01:56] FAILED to post on lingdojo/kana-dojo#7657: GraphQL: User is blocked (addComment)
[18:01:56]   Checking lingdojo/kana-dojo#7656: priority=100, comments=1
[18:01:56] *** DISCOVERED: lingdojo/kana-dojo#7656 (priority: 100, 1 comments) ***
[18:01:56] >>> Posting on discovered issue lingdojo/kana-dojo#7656
[18:01:57] FAILED to post on lingdojo/kana-dojo#7656: GraphQL: User is blocked (addComment)
[18:01:58]   Checking lingdojo/kana-dojo#7654: priority=100, comments=1
[18:01:58] *** DISCOVERED: lingdojo/kana-dojo#7654 (priority: 100, 1 comments) ***
[18:01:58] >>> Posting on discovered issue lingdojo/kana-dojo#7654
[18:01:59] FAILED to post on lingdojo/kana-dojo#7654: GraphQL: User is blocked (addComment)
[18:01:59]   Skipping windoze95/nullfeed-flutter#17: Already tracked
[18:01:59]   Skipping windoze95/nullfeed-backend#29: Already tracked
[18:01:59]   Skipping windoze95/nullfeed-backend#28: Already tracked
[18:01:59]   Checking lingdojo/kana-dojo#7653: priority=100, comments=1
[18:01:59] *** DISCOVERED: lingdojo/kana-dojo#7653 (priority: 100, 1 comments) ***
[18:01:59] >>> Posting on discovered issue lingdojo/kana-dojo#7653
[18:02:00] FAILED to post on lingdojo/kana-dojo#7653: GraphQL: User is blocked (addComment)
[18:02:01]   Checking lingdojo/kana-dojo#7652: priority=100, comments=1
[18:02:01] *** DISCOVERED: lingdojo/kana-dojo#7652 (priority: 100, 1 comments) ***
[18:02:01] >>> Posting on discovered issue lingdojo/kana-dojo#7652
[18:02:02] FAILED to post on lingdojo/kana-dojo#7652: GraphQL: User is blocked (addComment)
[18:02:02]   Checking lingdojo/kana-dojo#7651: priority=100, comments=2
[18:02:02] *** DISCOVERED: lingdojo/kana-dojo#7651 (priority: 100, 2 comments) ***
[18:02:02] >>> Posting on discovered issue lingdojo/kana-dojo#7651
[18:02:03] FAILED to post on lingdojo/kana-dojo#7651: GraphQL: User is blocked (addComment)
[18:02:03]   Checking lingdojo/kana-dojo#7649: priority=100, comments=1
[18:02:03] *** DISCOVERED: lingdojo/kana-dojo#7649 (priority: 100, 1 comments) ***
[18:02:03] >>> Posting on discovered issue lingdojo/kana-dojo#7649
[18:02:04] FAILED to post on lingdojo/kana-dojo#7649: GraphQL: User is blocked (addComment)
[18:02:04]   Checking lingdojo/kana-dojo#7648: priority=100, comments=1
[18:02:04] *** DISCOVERED: lingdojo/kana-dojo#7648 (priority: 100, 1 comments) ***
[18:02:04] >>> Posting on discovered issue lingdojo/kana-dojo#7648
[18:02:05] FAILED to post on lingdojo/kana-dojo#7648: GraphQL: User is blocked (addComment)
[18:02:05]   Checking lingdojo/kana-dojo#7646: priority=100, comments=1
[18:02:05] *** DISCOVERED: lingdojo/kana-dojo#7646 (priority: 100, 1 comments) ***
[18:02:05] >>> Posting on discovered issue lingdojo/kana-dojo#7646
[18:02:06] FAILED to post on lingdojo/kana-dojo#7646: GraphQL: User is blocked (addComment)
[18:02:06]   Skipping rajmahadev422/Learn-To-PR#12: Already tracked
[18:02:07]   Checking lingdojo/kana-dojo#7640: priority=100, comments=2
[18:02:07] *** DISCOVERED: lingdojo/kana-dojo#7640 (priority: 100, 2 comments) ***
[18:02:07] >>> Posting on discovered issue lingdojo/kana-dojo#7640
[18:02:07] FAILED to post on lingdojo/kana-dojo#7640: GraphQL: User is blocked (addComment)
[18:02:08]   Checking lingdojo/kana-dojo#7638: priority=100, comments=4
[18:02:08] *** DISCOVERED: lingdojo/kana-dojo#7638 (priority: 100, 4 comments) ***
[18:02:08] >>> Posting on discovered issue lingdojo/kana-dojo#7638
[18:02:09] FAILED to post on lingdojo/kana-dojo#7638: GraphQL: User is blocked (addComment)
[18:02:09] Checked 20 issues, discovered 16 high-priority ones
[18:02:09] STEP 3: Checking follow-ups
[18:02:10] STEP 4: Building action items list
[18:02:10] STEP 5: Updating metrics
[18:02:11] === SUMMARY ===
[18:02:11] Notifications: 70
[18:02:11] Posted: 0
[18:02:11] Consent opportunities: 16
[18:02:11] Stale issues: 0
[18:02:11] Need follow-up: 0
[18:02:11] Merge conflicts: 0
[18:02:11] Total tracked: 61
[18:02:11] Check complete
