=== GitHub SLA Check: Tue Mar 10 03:00:01 AM CST 2026 ===
[03:00:01] STEP 0: Cleaning old data
[03:00:01] Checking tracked issues for closures...
[03:00:13] Cleanup complete
[03:00:13] STEP 1: Processing notifications
[03:00:14] Found 78 notifications
[03:00:16] EndlessPixel/EndlessPixel-Modpack#35: Already assigned, skipping
[03:00:18] VATSIM-UK/UK-Sector-File#6064: Already assigned, skipping
[03:00:51] pytorch-tabular/pytorch_tabular#605: Too old (43 days), skipping
[03:01:11] activist-org/activist#1925: Already assigned, skipping
[03:01:26] microsoft/vscode#288770: Already assigned, skipping
[03:01:30] lucasjinreal/Kokoros#61: Too old (381 days), skipping
[03:02:03] STEP 2: Checking my PRs
[03:02:04] STEP 2.5: Proactive discovery - finding new issues
[03:02:04] Searching for good-first-issues...
[03:02:06] Found 20 good-first-issues from search
[03:02:06]   Skipping rajmahadev422/Learn-To-PR#16: Already tracked
[03:02:06]   Skipping EndlessPixel/EndlessPixel-Modpack#35: Too many comments (6)
[03:02:06]   Skipping rysweet/azlin#793: Already tracked
[03:02:06]   Skipping rysweet/amplihack#2981: Already tracked
[03:02:06]   Skipping rysweet/amplihack#2980: Already tracked
[03:02:06]   Skipping rysweet/amplihack#2979: Already tracked
[03:02:06]   Skipping rysweet/amplihack#2977: Already tracked
[03:02:06]   Skipping rysweet/amplihack#2976: Already tracked
[03:02:06]   Skipping brendankowitz/FHIR-Tools-for-Anonymization#80: Already tracked
[03:02:06]   Skipping windoze95/nullfeed-flutter#19: Already tracked
[03:02:06]   Skipping windoze95/nullfeed-backend#33: Already tracked
[03:02:06]   Skipping windoze95/nullfeed-backend#32: Already tracked
[03:02:06]   Skipping avni-j/synthetic-demo-app#12: Already tracked
[03:02:07]   Skipping T-SIG/tsig-prints#252: Already tracked
[03:02:07]   Skipping T-SIG/tsig-prints#249: Already tracked
[03:02:07]   Skipping T-SIG/tsig-prints#248: Already tracked
[03:02:07]   Skipping T-SIG/tsig-prints#247: Already tracked
[03:02:07]   Skipping T-SIG/tsig-prints#245: Already tracked
[03:02:07]   Skipping T-SIG/tsig-prints#244: Already tracked
[03:02:07]   Skipping T-SIG/tsig-prints#243: Already tracked
[03:02:07] Checked 20 issues, discovered 0 high-priority ones
[03:02:07] STEP 3: Checking follow-ups
[03:02:32] STEP 4: Building action items list
[03:02:32] STEP 5: Updating metrics
[03:02:32] === SUMMARY ===
[03:02:32] Notifications: 78
[03:02:32] Posted: 0
[03:02:32] Consent opportunities: 0
[03:02:32] Stale issues: 0
[03:02:32] Need follow-up: 0
[03:02:32] Merge conflicts: 0
[03:02:32] Total tracked: 96
[03:02:32] Check complete
