=== GitHub SLA Check: Tue Mar 10 01:30:01 AM CST 2026 ===
[01:30:01] STEP 0: Cleaning old data
[01:30:01] Checking tracked issues for closures...
[01:30:14] Cleanup complete
[01:30:14] STEP 1: Processing notifications
[01:30:15] Found 78 notifications
[01:30:17] EndlessPixel/EndlessPixel-Modpack#35: Already assigned, skipping
[01:30:18] VATSIM-UK/UK-Sector-File#6064: Already assigned, skipping
[01:30:54] pytorch-tabular/pytorch_tabular#605: Too old (43 days), skipping
[01:31:15] activist-org/activist#1925: Already assigned, skipping
[01:31:33] microsoft/vscode#288770: Already assigned, skipping
[01:31:38] lucasjinreal/Kokoros#61: Too old (381 days), skipping
[01:32:13] STEP 2: Checking my PRs
[01:32:14] STEP 2.5: Proactive discovery - finding new issues
[01:32:14] Searching for good-first-issues...
[01:32:16] Found 20 good-first-issues from search
[01:32:16]   Skipping rajmahadev422/Learn-To-PR#16: Already tracked
[01:32:16]   Skipping EndlessPixel/EndlessPixel-Modpack#35: Too many comments (6)
[01:32:16]   Skipping rysweet/azlin#793: Already tracked
[01:32:16]   Skipping rysweet/amplihack#2981: Already tracked
[01:32:16]   Skipping rysweet/amplihack#2980: Already tracked
[01:32:17]   Skipping rysweet/amplihack#2979: Already tracked
[01:32:17]   Skipping rysweet/amplihack#2977: Already tracked
[01:32:17]   Skipping rysweet/amplihack#2976: Already tracked
[01:32:17]   Skipping brendankowitz/FHIR-Tools-for-Anonymization#80: Already tracked
[01:32:17]   Skipping windoze95/nullfeed-flutter#19: Already tracked
[01:32:17]   Skipping windoze95/nullfeed-backend#33: Already tracked
[01:32:17]   Skipping windoze95/nullfeed-backend#32: Already tracked
[01:32:17]   Skipping avni-j/synthetic-demo-app#12: Already tracked
[01:32:17]   Skipping T-SIG/tsig-prints#252: Already tracked
[01:32:17]   Skipping T-SIG/tsig-prints#249: Already tracked
[01:32:17]   Skipping T-SIG/tsig-prints#248: Already tracked
[01:32:17]   Skipping T-SIG/tsig-prints#247: Already tracked
[01:32:17]   Skipping T-SIG/tsig-prints#245: Already tracked
[01:32:18]   Skipping T-SIG/tsig-prints#244: Already tracked
[01:32:18]   Skipping T-SIG/tsig-prints#243: Already tracked
[01:32:18] Checked 20 issues, discovered 0 high-priority ones
[01:32:18] STEP 3: Checking follow-ups
[01:32:47] STEP 4: Building action items list
[01:32:47] STEP 5: Updating metrics
[01:32:47] === SUMMARY ===
[01:32:47] Notifications: 78
[01:32:47] Posted: 0
[01:32:47] Consent opportunities: 0
[01:32:47] Stale issues: 0
[01:32:47] Need follow-up: 0
[01:32:47] Merge conflicts: 0
[01:32:47] Total tracked: 96
[01:32:47] Check complete
