=== GitHub SLA Check: Tue Mar 10 06:30:01 AM CST 2026 ===
[06:30:01] STEP 0: Cleaning old data
[06:30:01] Checking tracked issues for closures...
[06:30:13] Cleanup complete
[06:30:13] STEP 1: Processing notifications
[06:30:15] Found 79 notifications
[06:30:16] djangonaut-space/wagtail-indymeet#713: Already assigned, skipping
[06:30:17] EndlessPixel/EndlessPixel-Modpack#35: Already assigned, skipping
[06:30:19] VATSIM-UK/UK-Sector-File#6064: Already assigned, skipping
[06:30:52] pytorch-tabular/pytorch_tabular#605: Too old (43 days), skipping
[06:31:09] activist-org/activist#1925: Already assigned, skipping
[06:31:25] microsoft/vscode#288770: Already assigned, skipping
[06:31:30] lucasjinreal/Kokoros#61: Too old (381 days), skipping
[06:32:03] STEP 2: Checking my PRs
[06:32:04] STEP 2.5: Proactive discovery - finding new issues
[06:32:04] Searching for good-first-issues...
[06:32:06] Found 20 good-first-issues from search
[06:32:06]   Skipping djangonaut-space/wagtail-indymeet#713: Already tracked
[06:32:06]   Skipping rajmahadev422/Learn-To-PR#16: Already tracked
[06:32:06]   Skipping EndlessPixel/EndlessPixel-Modpack#35: Too many comments (6)
[06:32:06]   Skipping rysweet/azlin#793: Already tracked
[06:32:06]   Skipping rysweet/amplihack#2981: Already tracked
[06:32:07]   Skipping rysweet/amplihack#2980: Already tracked
[06:32:07]   Skipping rysweet/amplihack#2979: Already tracked
[06:32:07]   Skipping rysweet/amplihack#2977: Already tracked
[06:32:07]   Skipping rysweet/amplihack#2976: Already tracked
[06:32:07]   Skipping brendankowitz/FHIR-Tools-for-Anonymization#80: Already tracked
[06:32:07]   Skipping windoze95/nullfeed-flutter#19: Already tracked
[06:32:07]   Skipping windoze95/nullfeed-backend#33: Already tracked
[06:32:07]   Skipping windoze95/nullfeed-backend#32: Already tracked
[06:32:07]   Skipping avni-j/synthetic-demo-app#12: Already tracked
[06:32:07]   Skipping T-SIG/tsig-prints#252: Already tracked
[06:32:07]   Skipping T-SIG/tsig-prints#249: Already tracked
[06:32:07]   Skipping T-SIG/tsig-prints#248: Already tracked
[06:32:07]   Skipping T-SIG/tsig-prints#247: Already tracked
[06:32:07]   Skipping T-SIG/tsig-prints#245: Already tracked
[06:32:08]   Skipping T-SIG/tsig-prints#244: Already tracked
[06:32:08] Checked 20 issues, discovered 0 high-priority ones
[06:32:08] STEP 3: Checking follow-ups
[06:32:34] FOLLOW-UP NEEDED: Vexa-ai/vexa#160 (no response in 3 days)
[06:32:43] FOLLOW-UP NEEDED: mynextproject-portfolio/recipe-explorer-lite-yuewang199511#1 (no response in 3 days)
[06:32:45] FOLLOW-UP NEEDED: Marormur/Website#158 (no response in 3 days)
[06:32:47] FOLLOW-UP NEEDED: Marormur/Website#160 (no response in 3 days)
[06:32:49] STEP 4: Building action items list
[06:32:49] STEP 5: Updating metrics
[06:32:49] === SUMMARY ===
[06:32:49] Notifications: 79
[06:32:49] Posted: 0
[06:32:49] Consent opportunities: 0
[06:32:49] Stale issues: 0
[06:32:49] Need follow-up: 6
[06:32:49] Merge conflicts: 0
[06:32:49] Total tracked: 101
[06:32:49] Check complete
