=== GitHub SLA Check: Sat Mar  7 06:00:01 AM CST 2026 ===
[06:00:01] STEP 0: Cleaning old data
[06:00:02] Checking tracked issues for closures...
[06:00:13] Cleanup complete
[06:00:13] STEP 1: Processing notifications
[06:00:15] Found 67 notifications
[06:00:21] pytorch-tabular/pytorch_tabular#605: Too old (40 days), skipping
[06:00:47] activist-org/activist#1925: Already assigned, skipping
[06:01:10] microsoft/vscode#288770: Already assigned, skipping
[06:01:16] lucasjinreal/Kokoros#61: Too old (378 days), skipping
[06:01:50] STEP 2: Checking my PRs
[06:01:54] STEP 2.5: Proactive discovery - finding new issues
[06:01:54] Searching for good-first-issues...
[06:01:56] *** DISCOVERED: brendankowitz/FHIR-Tools-for-Anonymization#62 (priority: 99, 4 comments) ***
[06:01:56] >>> Posting on discovered issue brendankowitz/FHIR-Tools-for-Anonymization#62
[06:01:58] SUCCESS: Posted on brendankowitz/FHIR-Tools-for-Anonymization#62
[06:02:03] *** DISCOVERED: cclib/cclib#1746 (priority: 100, 1 comments) ***
[06:02:03] >>> Posting on discovered issue cclib/cclib#1746
[06:02:05] SUCCESS: Posted on cclib/cclib#1746
[06:02:10] *** DISCOVERED: mynextproject-portfolio/recipe-explorer-lite-yuewang199511#1 (priority: 100, 1 comments) ***
[06:02:10] >>> Posting on discovered issue mynextproject-portfolio/recipe-explorer-lite-yuewang199511#1
[06:02:12] SUCCESS: Posted on mynextproject-portfolio/recipe-explorer-lite-yuewang199511#1
[06:02:17] *** DISCOVERED: Marormur/Website#163 (priority: 98, 2 comments) ***
[06:02:17] >>> Posting on discovered issue Marormur/Website#163
[06:02:19] SUCCESS: Posted on Marormur/Website#163
[06:02:24] *** DISCOVERED: Marormur/Website#158 (priority: 100, 1 comments) ***
[06:02:24] >>> Posting on discovered issue Marormur/Website#158
[06:02:25] SUCCESS: Posted on Marormur/Website#158
[06:02:31] *** DISCOVERED: Marormur/Website#160 (priority: 100, 1 comments) ***
[06:02:31] *** DISCOVERED: Vexa-ai/vexa#151 (priority: 97, 1 comments) ***
[06:02:31] STEP 3: Checking follow-ups
[06:02:32] STEP 4: Building action items list
[06:02:32] STEP 5: Updating metrics
[06:02:32] === SUMMARY ===
[06:02:32] Notifications: 67
[06:02:32] Posted: 0
[06:02:32] Consent opportunities: 7
[06:02:32] Stale issues: 0
[06:02:32] Need follow-up: 0
[06:02:32] Merge conflicts: 0
[06:02:32] Total tracked: 33
[06:02:32] Check complete
