=== GitHub SLA Check: Sun Mar  8 09:30:02 AM CST 2026 ===
[09:30:02] STEP 0: Cleaning old data
[09:30:02] Checking tracked issues for closures...
[09:30:12] Cleanup complete
[09:30:12] STEP 1: Processing notifications
[09:30:13] Found 70 notifications
[09:30:28] VATSIM-UK/UK-Sector-File#6064: Already assigned, skipping
[09:30:31] pytorch-tabular/pytorch_tabular#605: Too old (41 days), skipping
[09:30:50] activist-org/activist#1925: Already assigned, skipping
[09:31:06] microsoft/vscode#288770: Already assigned, skipping
[09:31:12] lucasjinreal/Kokoros#61: Too old (380 days), skipping
[09:31:43] STEP 2: Checking my PRs
[09:31:46] STEP 2.5: Proactive discovery - finding new issues
[09:31:46] Searching for good-first-issues...
[09:31:48] Found 20 good-first-issues from search
[09:31:48]   Checking lingdojo/kana-dojo#7612: priority=100, comments=1
[09:31:48] *** DISCOVERED: lingdojo/kana-dojo#7612 (priority: 100, 1 comments) ***
[09:31:48] >>> Posting on discovered issue lingdojo/kana-dojo#7612
[09:31:49] FAILED to post on lingdojo/kana-dojo#7612: GraphQL: User is blocked (addComment)
[09:31:49]   Checking lingdojo/kana-dojo#7611: priority=100, comments=1
[09:31:49] *** DISCOVERED: lingdojo/kana-dojo#7611 (priority: 100, 1 comments) ***
[09:31:49] >>> Posting on discovered issue lingdojo/kana-dojo#7611
[09:31:50] FAILED to post on lingdojo/kana-dojo#7611: GraphQL: User is blocked (addComment)
[09:31:50]   Checking lingdojo/kana-dojo#7610: priority=100, comments=1
[09:31:50] *** DISCOVERED: lingdojo/kana-dojo#7610 (priority: 100, 1 comments) ***
[09:31:50] >>> Posting on discovered issue lingdojo/kana-dojo#7610
[09:31:51] FAILED to post on lingdojo/kana-dojo#7610: GraphQL: User is blocked (addComment)
[09:31:52]   Checking lingdojo/kana-dojo#7609: priority=100, comments=1
[09:31:52] *** DISCOVERED: lingdojo/kana-dojo#7609 (priority: 100, 1 comments) ***
[09:31:52] >>> Posting on discovered issue lingdojo/kana-dojo#7609
[09:31:53] FAILED to post on lingdojo/kana-dojo#7609: GraphQL: User is blocked (addComment)
[09:31:53]   Checking lingdojo/kana-dojo#7608: priority=100, comments=1
[09:31:53] *** DISCOVERED: lingdojo/kana-dojo#7608 (priority: 100, 1 comments) ***
[09:31:53] >>> Posting on discovered issue lingdojo/kana-dojo#7608
[09:31:54] FAILED to post on lingdojo/kana-dojo#7608: GraphQL: User is blocked (addComment)
[09:31:55]   Checking lingdojo/kana-dojo#7607: priority=100, comments=1
[09:31:55] *** DISCOVERED: lingdojo/kana-dojo#7607 (priority: 100, 1 comments) ***
[09:31:55] >>> Posting on discovered issue lingdojo/kana-dojo#7607
[09:31:55] FAILED to post on lingdojo/kana-dojo#7607: GraphQL: User is blocked (addComment)
[09:31:56]   Checking lingdojo/kana-dojo#7606: priority=100, comments=1
[09:31:56] *** DISCOVERED: lingdojo/kana-dojo#7606 (priority: 100, 1 comments) ***
[09:31:56] >>> Posting on discovered issue lingdojo/kana-dojo#7606
[09:31:57] FAILED to post on lingdojo/kana-dojo#7606: GraphQL: User is blocked (addComment)
[09:31:57]   Checking lingdojo/kana-dojo#7605: priority=100, comments=1
[09:31:57] *** DISCOVERED: lingdojo/kana-dojo#7605 (priority: 100, 1 comments) ***
[09:31:57] >>> Posting on discovered issue lingdojo/kana-dojo#7605
[09:31:58] FAILED to post on lingdojo/kana-dojo#7605: GraphQL: User is blocked (addComment)
[09:31:59]   Checking lingdojo/kana-dojo#7604: priority=100, comments=1
[09:31:59] *** DISCOVERED: lingdojo/kana-dojo#7604 (priority: 100, 1 comments) ***
[09:31:59] >>> Posting on discovered issue lingdojo/kana-dojo#7604
[09:31:59] FAILED to post on lingdojo/kana-dojo#7604: GraphQL: User is blocked (addComment)
[09:32:00]   Checking lingdojo/kana-dojo#7603: priority=100, comments=1
[09:32:00] *** DISCOVERED: lingdojo/kana-dojo#7603 (priority: 100, 1 comments) ***
[09:32:00] >>> Posting on discovered issue lingdojo/kana-dojo#7603
[09:32:01] FAILED to post on lingdojo/kana-dojo#7603: GraphQL: User is blocked (addComment)
[09:32:01]   Checking lingdojo/kana-dojo#7601: priority=100, comments=1
[09:32:01] *** DISCOVERED: lingdojo/kana-dojo#7601 (priority: 100, 1 comments) ***
[09:32:01] >>> Posting on discovered issue lingdojo/kana-dojo#7601
[09:32:02] FAILED to post on lingdojo/kana-dojo#7601: GraphQL: User is blocked (addComment)
[09:32:02]   Checking lingdojo/kana-dojo#7600: priority=100, comments=4
[09:32:02] *** DISCOVERED: lingdojo/kana-dojo#7600 (priority: 100, 4 comments) ***
[09:32:02] >>> Posting on discovered issue lingdojo/kana-dojo#7600
[09:32:03] FAILED to post on lingdojo/kana-dojo#7600: GraphQL: User is blocked (addComment)
[09:32:03]   Checking lingdojo/kana-dojo#7599: priority=100, comments=1
[09:32:03] *** DISCOVERED: lingdojo/kana-dojo#7599 (priority: 100, 1 comments) ***
[09:32:03] >>> Posting on discovered issue lingdojo/kana-dojo#7599
[09:32:04] FAILED to post on lingdojo/kana-dojo#7599: GraphQL: User is blocked (addComment)
[09:32:05]   Checking lingdojo/kana-dojo#7598: priority=100, comments=1
[09:32:05] *** DISCOVERED: lingdojo/kana-dojo#7598 (priority: 100, 1 comments) ***
[09:32:05] >>> Posting on discovered issue lingdojo/kana-dojo#7598
[09:32:06] FAILED to post on lingdojo/kana-dojo#7598: GraphQL: User is blocked (addComment)
[09:32:06]   Checking lingdojo/kana-dojo#7597: priority=100, comments=1
[09:32:06] *** DISCOVERED: lingdojo/kana-dojo#7597 (priority: 100, 1 comments) ***
[09:32:06] >>> Posting on discovered issue lingdojo/kana-dojo#7597
[09:32:07] FAILED to post on lingdojo/kana-dojo#7597: GraphQL: User is blocked (addComment)
[09:32:07]   Checking lingdojo/kana-dojo#7596: priority=100, comments=1
[09:32:07] *** DISCOVERED: lingdojo/kana-dojo#7596 (priority: 100, 1 comments) ***
[09:32:08] >>> Posting on discovered issue lingdojo/kana-dojo#7596
[09:32:09] FAILED to post on lingdojo/kana-dojo#7596: GraphQL: User is blocked (addComment)
[09:32:10]   Checking lingdojo/kana-dojo#7595: priority=100, comments=1
[09:32:10] *** DISCOVERED: lingdojo/kana-dojo#7595 (priority: 100, 1 comments) ***
[09:32:10] >>> Posting on discovered issue lingdojo/kana-dojo#7595
[09:32:11] FAILED to post on lingdojo/kana-dojo#7595: GraphQL: User is blocked (addComment)
[09:32:11]   Checking lingdojo/kana-dojo#7594: priority=100, comments=1
[09:32:11] *** DISCOVERED: lingdojo/kana-dojo#7594 (priority: 100, 1 comments) ***
[09:32:11] >>> Posting on discovered issue lingdojo/kana-dojo#7594
[09:32:12] FAILED to post on lingdojo/kana-dojo#7594: GraphQL: User is blocked (addComment)
[09:32:12]   Checking lingdojo/kana-dojo#7593: priority=100, comments=1
[09:32:12] *** DISCOVERED: lingdojo/kana-dojo#7593 (priority: 100, 1 comments) ***
[09:32:12] >>> Posting on discovered issue lingdojo/kana-dojo#7593
[09:32:13] FAILED to post on lingdojo/kana-dojo#7593: GraphQL: User is blocked (addComment)
[09:32:13]   Checking lingdojo/kana-dojo#7590: priority=100, comments=2
[09:32:13] *** DISCOVERED: lingdojo/kana-dojo#7590 (priority: 100, 2 comments) ***
[09:32:13] >>> Posting on discovered issue lingdojo/kana-dojo#7590
[09:32:15] FAILED to post on lingdojo/kana-dojo#7590: GraphQL: User is blocked (addComment)
[09:32:15] Checked 20 issues, discovered 20 high-priority ones
[09:32:15] STEP 3: Checking follow-ups
[09:32:16] STEP 4: Building action items list
[09:32:16] STEP 5: Updating metrics
[09:32:16] === SUMMARY ===
[09:32:16] Notifications: 70
[09:32:16] Posted: 0
[09:32:16] Consent opportunities: 20
[09:32:16] Stale issues: 0
[09:32:16] Need follow-up: 0
[09:32:16] Merge conflicts: 0
[09:32:16] Total tracked: 58
[09:32:16] Check complete
