=== GitHub SLA Check: Tue Mar 10 11:30:01 AM CST 2026 ===
[11:30:01] STEP 0: Cleaning old data
[11:30:01] Checking tracked issues for closures...
[11:30:12] Cleanup complete
[11:30:12] STEP 1: Processing notifications
[11:30:14] Found 81 notifications
[11:30:17] djangonaut-space/wagtail-indymeet#713: Already assigned, skipping
[11:30:18] EndlessPixel/EndlessPixel-Modpack#35: Already assigned, skipping
[11:30:20] VATSIM-UK/UK-Sector-File#6064: Already assigned, skipping
[11:30:53] pytorch-tabular/pytorch_tabular#605: Too old (43 days), skipping
[11:31:11] activist-org/activist#1925: Already assigned, skipping
[11:31:27] microsoft/vscode#288770: Already assigned, skipping
[11:31:32] lucasjinreal/Kokoros#61: Too old (382 days), skipping
[11:32:02] STEP 2: Checking my PRs
[11:32:03] STEP 2.5: Proactive discovery - finding new issues
[11:32:03] Searching for good-first-issues...
[11:32:04] Found 20 good-first-issues from search
[11:32:04]   Skipping 7788ken/linkgate#13: Already tracked
[11:32:04]   Skipping 7788ken/linkgate#7: Already tracked
[11:32:04]   Skipping 7788ken/linkgate#3: Already tracked
[11:32:04]   Skipping djangonaut-space/wagtail-indymeet#713: Already tracked
[11:32:04]   Skipping rajmahadev422/Learn-To-PR#16: Already tracked
[11:32:04]   Skipping EndlessPixel/EndlessPixel-Modpack#35: Too many comments (6)
[11:32:05]   Skipping rysweet/azlin#793: Already tracked
[11:32:05]   Skipping rysweet/amplihack#2981: Already tracked
[11:32:05]   Skipping rysweet/amplihack#2980: Already tracked
[11:32:05]   Skipping rysweet/amplihack#2979: Already tracked
[11:32:05]   Skipping rysweet/amplihack#2977: Already tracked
[11:32:05]   Skipping rysweet/amplihack#2976: Already tracked
[11:32:05]   Skipping brendankowitz/FHIR-Tools-for-Anonymization#80: Already tracked
[11:32:05]   Skipping windoze95/nullfeed-flutter#19: Already tracked
[11:32:05]   Skipping windoze95/nullfeed-backend#33: Already tracked
[11:32:05]   Skipping windoze95/nullfeed-backend#32: Already tracked
[11:32:05]   Skipping avni-j/synthetic-demo-app#12: Already tracked
[11:32:05]   Skipping T-SIG/tsig-prints#252: Already tracked
[11:32:05]   Skipping T-SIG/tsig-prints#249: Already tracked
[11:32:05]   Skipping T-SIG/tsig-prints#248: Already tracked
[11:32:05] Checked 20 issues, discovered 0 high-priority ones
[11:32:05] STEP 3: Checking follow-ups
[11:32:30] FOLLOW-UP NEEDED: Vexa-ai/vexa#160 (no response in 3 days)
[11:32:38] FOLLOW-UP NEEDED: mynextproject-portfolio/recipe-explorer-lite-yuewang199511#1 (no response in 3 days)
[11:32:40] FOLLOW-UP NEEDED: Marormur/Website#158 (no response in 3 days)
[11:32:42] FOLLOW-UP NEEDED: Marormur/Website#160 (no response in 3 days)
[11:32:43] FOLLOW-UP NEEDED: PatrickB1905/wealthwise#12 (no response in 3 days)
[11:32:44] FOLLOW-UP NEEDED: GreatJobTommy/DIT-Transfer-Tools#73 (no response in 3 days)
[11:32:47] FOLLOW-UP NEEDED: adenueltech/jobhunter#1 (no response in 3 days)
[11:32:48] FOLLOW-UP NEEDED: windoze95/nullfeed-backend#24 (no response in 3 days)
[11:32:49] FOLLOW-UP NEEDED: PatrickB1905/WealthWise#12 (no response in 3 days)
[11:32:53] STEP 4: Building action items list
[11:32:53] STEP 5: Updating metrics
[11:32:53] === SUMMARY ===
[11:32:53] Notifications: 81
[11:32:53] Posted: 0
[11:32:53] Consent opportunities: 0
[11:32:53] Stale issues: 0
[11:32:53] Need follow-up: 67
[11:32:53] Merge conflicts: 0
[11:32:53] Total tracked: 104
[11:32:53] Check complete
