=== GitHub SLA Check: Tue Mar 10 11:00:01 AM CST 2026 ===
[11:00:01] STEP 0: Cleaning old data
[11:00:01] Checking tracked issues for closures...
[11:00:13] Cleanup complete
[11:00:13] STEP 1: Processing notifications
[11:00:14] Found 81 notifications
[11:00:19] djangonaut-space/wagtail-indymeet#713: Already assigned, skipping
[11:00:21] EndlessPixel/EndlessPixel-Modpack#35: Already assigned, skipping
[11:00:22] VATSIM-UK/UK-Sector-File#6064: Already assigned, skipping
[11:00:56] pytorch-tabular/pytorch_tabular#605: Too old (43 days), skipping
[11:01:14] activist-org/activist#1925: Already assigned, skipping
[11:01:28] microsoft/vscode#288770: Already assigned, skipping
[11:01:32] lucasjinreal/Kokoros#61: Too old (382 days), skipping
[11:02:03] STEP 2: Checking my PRs
[11:02:04] STEP 2.5: Proactive discovery - finding new issues
[11:02:04] Searching for good-first-issues...
[11:02:06] Found 20 good-first-issues from search
[11:02:06]   Checking 7788ken/linkgate#13: priority=100, comments=0
[11:02:06] *** DISCOVERED: 7788ken/linkgate#13 (priority: 100, 0 comments) ***
[11:02:06] >>> Posting on discovered issue 7788ken/linkgate#13
[11:02:07] SUCCESS: Posted on 7788ken/linkgate#13
[11:02:12]   Skipping 7788ken/linkgate#7: Already tracked
[11:02:13]   Skipping 7788ken/linkgate#3: Already tracked
[11:02:13]   Skipping djangonaut-space/wagtail-indymeet#713: Already tracked
[11:02:13]   Skipping rajmahadev422/Learn-To-PR#16: Already tracked
[11:02:13]   Skipping EndlessPixel/EndlessPixel-Modpack#35: Too many comments (6)
[11:02:13]   Skipping rysweet/azlin#793: Already tracked
[11:02:13]   Skipping rysweet/amplihack#2981: Already tracked
[11:02:13]   Skipping rysweet/amplihack#2980: Already tracked
[11:02:13]   Skipping rysweet/amplihack#2979: Already tracked
[11:02:13]   Skipping rysweet/amplihack#2977: Already tracked
[11:02:13]   Skipping rysweet/amplihack#2976: Already tracked
[11:02:13]   Skipping brendankowitz/FHIR-Tools-for-Anonymization#80: Already tracked
[11:02:13]   Skipping windoze95/nullfeed-flutter#19: Already tracked
[11:02:13]   Skipping windoze95/nullfeed-backend#33: Already tracked
[11:02:13]   Skipping windoze95/nullfeed-backend#32: Already tracked
[11:02:13]   Skipping avni-j/synthetic-demo-app#12: Already tracked
[11:02:14]   Skipping T-SIG/tsig-prints#252: Already tracked
[11:02:14]   Skipping T-SIG/tsig-prints#249: Already tracked
[11:02:14]   Skipping T-SIG/tsig-prints#248: Already tracked
[11:02:14] Checked 20 issues, discovered 1 high-priority ones
[11:02:14] STEP 3: Checking follow-ups
[11:02:38] FOLLOW-UP NEEDED: Vexa-ai/vexa#160 (no response in 3 days)
[11:02:46] FOLLOW-UP NEEDED: mynextproject-portfolio/recipe-explorer-lite-yuewang199511#1 (no response in 3 days)
[11:02:49] FOLLOW-UP NEEDED: Marormur/Website#158 (no response in 3 days)
[11:02:50] FOLLOW-UP NEEDED: Marormur/Website#160 (no response in 3 days)
[11:02:51] FOLLOW-UP NEEDED: PatrickB1905/wealthwise#12 (no response in 3 days)
[11:02:52] FOLLOW-UP NEEDED: GreatJobTommy/DIT-Transfer-Tools#73 (no response in 3 days)
[11:02:55] FOLLOW-UP NEEDED: adenueltech/jobhunter#1 (no response in 3 days)
[11:02:58] STEP 4: Building action items list
[11:02:58] STEP 5: Updating metrics
[11:02:58] === SUMMARY ===
[11:02:58] Notifications: 81
[11:02:58] Posted: 1
[11:02:58] Consent opportunities: 1
[11:02:58] Stale issues: 0
[11:02:58] Need follow-up: 58
[11:02:58] Merge conflicts: 0
[11:02:58] Total tracked: 104
[11:02:58] Check complete
