=== GitHub SLA Check: Sun Mar  8 12:30:01 PM CST 2026 ===
[12:30:01] STEP 0: Cleaning old data
[12:30:01] Checking tracked issues for closures...
[12:30:12] Cleanup complete
[12:30:12] STEP 1: Processing notifications
[12:30:13] Found 70 notifications
[12:30:28] VATSIM-UK/UK-Sector-File#6064: Already assigned, skipping
[12:30:31] pytorch-tabular/pytorch_tabular#605: Too old (41 days), skipping
[12:30:51] activist-org/activist#1925: Already assigned, skipping
[12:31:08] microsoft/vscode#288770: Already assigned, skipping
[12:31:15] lucasjinreal/Kokoros#61: Too old (380 days), skipping
[12:31:44] STEP 2: Checking my PRs
[12:31:47] STEP 2.5: Proactive discovery - finding new issues
[12:31:47] Searching for good-first-issues...
[12:31:48] Found 20 good-first-issues from search
[12:31:48]   Checking lingdojo/kana-dojo#7627: priority=100, comments=1
[12:31:48] *** DISCOVERED: lingdojo/kana-dojo#7627 (priority: 100, 1 comments) ***
[12:31:48] >>> Posting on discovered issue lingdojo/kana-dojo#7627
[12:31:50] FAILED to post on lingdojo/kana-dojo#7627: GraphQL: User is blocked (addComment)
[12:31:50]   Checking lingdojo/kana-dojo#7626: priority=100, comments=1
[12:31:50] *** DISCOVERED: lingdojo/kana-dojo#7626 (priority: 100, 1 comments) ***
[12:31:50] >>> Posting on discovered issue lingdojo/kana-dojo#7626
[12:31:51] FAILED to post on lingdojo/kana-dojo#7626: GraphQL: User is blocked (addComment)
[12:31:52]   Checking lingdojo/kana-dojo#7625: priority=100, comments=1
[12:31:52] *** DISCOVERED: lingdojo/kana-dojo#7625 (priority: 100, 1 comments) ***
[12:31:52] >>> Posting on discovered issue lingdojo/kana-dojo#7625
[12:31:52] FAILED to post on lingdojo/kana-dojo#7625: GraphQL: User is blocked (addComment)
[12:31:53]   Checking lingdojo/kana-dojo#7624: priority=100, comments=1
[12:31:53] *** DISCOVERED: lingdojo/kana-dojo#7624 (priority: 100, 1 comments) ***
[12:31:53] >>> Posting on discovered issue lingdojo/kana-dojo#7624
[12:31:53] FAILED to post on lingdojo/kana-dojo#7624: GraphQL: User is blocked (addComment)
[12:31:54]   Checking lingdojo/kana-dojo#7623: priority=100, comments=1
[12:31:54] *** DISCOVERED: lingdojo/kana-dojo#7623 (priority: 100, 1 comments) ***
[12:31:54] >>> Posting on discovered issue lingdojo/kana-dojo#7623
[12:31:55] FAILED to post on lingdojo/kana-dojo#7623: GraphQL: User is blocked (addComment)
[12:31:55]   Checking lingdojo/kana-dojo#7622: priority=100, comments=1
[12:31:55] *** DISCOVERED: lingdojo/kana-dojo#7622 (priority: 100, 1 comments) ***
[12:31:55] >>> Posting on discovered issue lingdojo/kana-dojo#7622
[12:31:56] FAILED to post on lingdojo/kana-dojo#7622: GraphQL: User is blocked (addComment)
[12:31:57]   Checking lingdojo/kana-dojo#7620: priority=100, comments=1
[12:31:57] *** DISCOVERED: lingdojo/kana-dojo#7620 (priority: 100, 1 comments) ***
[12:31:57] >>> Posting on discovered issue lingdojo/kana-dojo#7620
[12:31:57] FAILED to post on lingdojo/kana-dojo#7620: GraphQL: User is blocked (addComment)
[12:31:58]   Checking lingdojo/kana-dojo#7619: priority=100, comments=3
[12:31:58] *** DISCOVERED: lingdojo/kana-dojo#7619 (priority: 100, 3 comments) ***
[12:31:58] >>> Posting on discovered issue lingdojo/kana-dojo#7619
[12:31:59] FAILED to post on lingdojo/kana-dojo#7619: GraphQL: User is blocked (addComment)
[12:31:59]   Checking lingdojo/kana-dojo#7618: priority=100, comments=3
[12:31:59] *** DISCOVERED: lingdojo/kana-dojo#7618 (priority: 100, 3 comments) ***
[12:31:59] >>> Posting on discovered issue lingdojo/kana-dojo#7618
[12:32:00] FAILED to post on lingdojo/kana-dojo#7618: GraphQL: User is blocked (addComment)
[12:32:01]   Checking lingdojo/kana-dojo#7616: priority=100, comments=2
[12:32:01] *** DISCOVERED: lingdojo/kana-dojo#7616 (priority: 100, 2 comments) ***
[12:32:01] >>> Posting on discovered issue lingdojo/kana-dojo#7616
[12:32:02] FAILED to post on lingdojo/kana-dojo#7616: GraphQL: User is blocked (addComment)
[12:32:02]   Checking lingdojo/kana-dojo#7615: priority=100, comments=1
[12:32:02] *** DISCOVERED: lingdojo/kana-dojo#7615 (priority: 100, 1 comments) ***
[12:32:02] >>> Posting on discovered issue lingdojo/kana-dojo#7615
[12:32:03] FAILED to post on lingdojo/kana-dojo#7615: GraphQL: User is blocked (addComment)
[12:32:03]   Checking lingdojo/kana-dojo#7613: priority=100, comments=1
[12:32:03] *** DISCOVERED: lingdojo/kana-dojo#7613 (priority: 100, 1 comments) ***
[12:32:03] >>> Posting on discovered issue lingdojo/kana-dojo#7613
[12:32:05] FAILED to post on lingdojo/kana-dojo#7613: GraphQL: User is blocked (addComment)
[12:32:05]   Checking lingdojo/kana-dojo#7612: priority=100, comments=1
[12:32:05] *** DISCOVERED: lingdojo/kana-dojo#7612 (priority: 100, 1 comments) ***
[12:32:05] >>> Posting on discovered issue lingdojo/kana-dojo#7612
[12:32:06] FAILED to post on lingdojo/kana-dojo#7612: GraphQL: User is blocked (addComment)
[12:32:07]   Checking lingdojo/kana-dojo#7611: priority=100, comments=4
[12:32:07] *** DISCOVERED: lingdojo/kana-dojo#7611 (priority: 100, 4 comments) ***
[12:32:07] >>> Posting on discovered issue lingdojo/kana-dojo#7611
[12:32:08] FAILED to post on lingdojo/kana-dojo#7611: GraphQL: User is blocked (addComment)
[12:32:08]   Checking lingdojo/kana-dojo#7610: priority=100, comments=1
[12:32:08] *** DISCOVERED: lingdojo/kana-dojo#7610 (priority: 100, 1 comments) ***
[12:32:08] >>> Posting on discovered issue lingdojo/kana-dojo#7610
[12:32:09] FAILED to post on lingdojo/kana-dojo#7610: GraphQL: User is blocked (addComment)
[12:32:09]   Checking lingdojo/kana-dojo#7609: priority=100, comments=1
[12:32:09] *** DISCOVERED: lingdojo/kana-dojo#7609 (priority: 100, 1 comments) ***
[12:32:09] >>> Posting on discovered issue lingdojo/kana-dojo#7609
[12:32:11] FAILED to post on lingdojo/kana-dojo#7609: GraphQL: User is blocked (addComment)
[12:32:11]   Checking lingdojo/kana-dojo#7608: priority=100, comments=3
[12:32:11] *** DISCOVERED: lingdojo/kana-dojo#7608 (priority: 100, 3 comments) ***
[12:32:11] >>> Posting on discovered issue lingdojo/kana-dojo#7608
[12:32:12] FAILED to post on lingdojo/kana-dojo#7608: GraphQL: User is blocked (addComment)
[12:32:12]   Checking lingdojo/kana-dojo#7607: priority=100, comments=1
[12:32:12] *** DISCOVERED: lingdojo/kana-dojo#7607 (priority: 100, 1 comments) ***
[12:32:12] >>> Posting on discovered issue lingdojo/kana-dojo#7607
[12:32:13] FAILED to post on lingdojo/kana-dojo#7607: GraphQL: User is blocked (addComment)
[12:32:13]   Checking lingdojo/kana-dojo#7606: priority=100, comments=1
[12:32:13] *** DISCOVERED: lingdojo/kana-dojo#7606 (priority: 100, 1 comments) ***
[12:32:13] >>> Posting on discovered issue lingdojo/kana-dojo#7606
[12:32:15] FAILED to post on lingdojo/kana-dojo#7606: GraphQL: User is blocked (addComment)
[12:32:15]   Checking lingdojo/kana-dojo#7605: priority=100, comments=1
[12:32:15] *** DISCOVERED: lingdojo/kana-dojo#7605 (priority: 100, 1 comments) ***
[12:32:15] >>> Posting on discovered issue lingdojo/kana-dojo#7605
[12:32:16] FAILED to post on lingdojo/kana-dojo#7605: GraphQL: User is blocked (addComment)
[12:32:16] Checked 20 issues, discovered 20 high-priority ones
[12:32:16] STEP 3: Checking follow-ups
[12:32:18] STEP 4: Building action items list
[12:32:18] STEP 5: Updating metrics
[12:32:18] === SUMMARY ===
[12:32:18] Notifications: 70
[12:32:18] Posted: 0
[12:32:18] Consent opportunities: 20
[12:32:18] Stale issues: 0
[12:32:18] Need follow-up: 0
[12:32:18] Merge conflicts: 0
[12:32:18] Total tracked: 58
[12:32:18] Check complete
