=== GitHub SLA Check: Mon Mar  9 02:30:01 PM CST 2026 ===
[14:30:02] STEP 0: Cleaning old data
[14:30:02] Checking tracked issues for closures...
[14:30:12] Cleanup complete
[14:30:12] STEP 1: Processing notifications
[14:30:13] Found 72 notifications
[14:30:34] VATSIM-UK/UK-Sector-File#6064: Already assigned, skipping
[14:30:37] pytorch-tabular/pytorch_tabular#605: Too old (42 days), skipping
[14:30:53] activist-org/activist#1925: Already assigned, skipping
[14:31:10] microsoft/vscode#288770: Already assigned, skipping
[14:31:14] lucasjinreal/Kokoros#61: Too old (381 days), skipping
[14:31:44] STEP 2: Checking my PRs
[14:31:45] STEP 2.5: Proactive discovery - finding new issues
[14:31:45] Searching for good-first-issues...
[14:31:46] Found 20 good-first-issues from search
[14:31:46]   Skipping avni-j/synthetic-demo-app#12: Already tracked
[14:31:46]   Skipping T-SIG/tsig-prints#252: Already tracked
[14:31:46]   Skipping T-SIG/tsig-prints#249: Already tracked
[14:31:46]   Skipping T-SIG/tsig-prints#248: Already tracked
[14:31:46]   Skipping T-SIG/tsig-prints#247: Already tracked
[14:31:46]   Skipping T-SIG/tsig-prints#245: Already tracked
[14:31:46]   Skipping T-SIG/tsig-prints#244: Already tracked
[14:31:46]   Skipping T-SIG/tsig-prints#243: Already tracked
[14:31:47]   Skipping T-SIG/tsig-prints#242: Already tracked
[14:31:47]   Skipping T-SIG/tsig-prints#241: Already tracked
[14:31:47]   Skipping T-SIG/tsig-prints#240: Already tracked
[14:31:47]   Skipping T-SIG/tsig-prints#239: Already tracked
[14:31:47]   Skipping T-SIG/tsig-prints#238: Already tracked
[14:31:47]   Skipping T-SIG/tsig-prints#237: Already tracked
[14:31:47]   Skipping T-SIG/tsig-prints#236: Already tracked
[14:31:47]   Skipping T-SIG/tsig-prints#234: Already tracked
[14:31:47]   Skipping T-SIG/tsig-prints#231: Already tracked
[14:31:47]   Skipping T-SIG/tsig-prints#230: Already tracked
[14:31:47]   Skipping T-SIG/tsig-prints#229: Already tracked
[14:31:47]   Skipping T-SIG/tsig-prints#227: Already tracked
[14:31:47] Checked 20 issues, discovered 0 high-priority ones
[14:31:47] STEP 3: Checking follow-ups
[14:31:50] STEP 4: Building action items list
[14:31:50] STEP 5: Updating metrics
[14:31:50] === SUMMARY ===
[14:31:50] Notifications: 72
[14:31:50] Posted: 0
[14:31:50] Consent opportunities: 0
[14:31:50] Stale issues: 0
[14:31:50] Need follow-up: 0
[14:31:50] Merge conflicts: 0
[14:31:50] Total tracked: 84
[14:31:50] Check complete
