=== GitHub SLA Check: Sat Mar  7 09:00:01 AM CST 2026 ===
[09:00:01] STEP 0: Cleaning old data
[09:00:01] Checking tracked issues for closures...
[09:00:12] Cleanup complete
[09:00:12] STEP 1: Processing notifications
[09:00:14] Found 68 notifications
[09:00:21] pytorch-tabular/pytorch_tabular#605: Too old (40 days), skipping
[09:00:45] activist-org/activist#1925: Already assigned, skipping
[09:01:07] microsoft/vscode#288770: Already assigned, skipping
[09:01:13] lucasjinreal/Kokoros#61: Too old (379 days), skipping
[09:01:46] STEP 2: Checking my PRs
[09:01:48] STEP 2.5: Proactive discovery - finding new issues
[09:01:48] Searching for good-first-issues...
[09:01:50] Found 20 good-first-issues from search
[09:01:50]   Skipping GreatJobTommy/DIT-Transfer-Tools#73: Already tracked
[09:01:51]   Skipping GreatJobTommy/DIT-Transfer-Tools#72: Already tracked
[09:01:51]   Skipping PatrickB1905/wealthwise#12: Already tracked
[09:01:51]   Skipping mynextproject-portfolio/recipe-explorer-lite-ildarakhmetov#1: Already tracked
[09:01:51]   Skipping rajmahadev422/Learn-To-PR#7: Already tracked
[09:01:51]   Skipping finnoybu/aegis-governance#12: Already tracked
[09:01:51]   Skipping Vexa-ai/vexa#160: Already tracked
[09:01:51]   Skipping rajmahadev422/Learn-To-PR#3: Already tracked
[09:01:51]   Skipping VATSIM-UK/UK-Sector-File#6064: Already tracked
[09:01:51]   Skipping Vexa-ai/vexa#155: Already tracked
[09:01:51]   Skipping windoze95/nullfeed-flutter#12: Already tracked
[09:01:51]   Skipping windoze95/nullfeed-backend#22: Already tracked
[09:01:51]   Skipping brendankowitz/FHIR-Tools-for-Anonymization#64: Too many comments (6)
[09:01:51]   Skipping brendankowitz/FHIR-Tools-for-Anonymization#63: Too many comments (6)
[09:01:51]   Skipping brendankowitz/FHIR-Tools-for-Anonymization#62: Already tracked
[09:01:51]   Skipping brendankowitz/FHIR-Tools-for-Anonymization#61: Too many comments (7)
[09:01:52]   Skipping cclib/cclib#1746: Already tracked
[09:01:52]   Skipping ray-project/kuberay#4568: Already tracked
[09:01:52]   Skipping mynextproject-portfolio/recipe-explorer-lite-yuewang199511#1: Already tracked
[09:01:52]   Skipping tensorzero/tensorzero#6750: Blocked repo
[09:01:52] Checked 20 issues, discovered 0 high-priority ones
[09:01:52] STEP 3: Checking follow-ups
[09:01:53] STEP 4: Building action items list
[09:01:53] STEP 5: Updating metrics
[09:01:53] === SUMMARY ===
[09:01:53] Notifications: 68
[09:01:53] Posted: 0
[09:01:53] Consent opportunities: 0
[09:01:53] Stale issues: 0
[09:01:53] Need follow-up: 0
[09:01:53] Merge conflicts: 0
[09:01:53] Total tracked: 38
[09:01:53] Check complete
