=== GitHub SLA Check: Tue Mar 10 12:00:01 AM CST 2026 ===
[00:00:01] STEP 0: Cleaning old data
[00:00:01] Checking tracked issues for closures...
[00:00:12] Cleanup complete
[00:00:12] STEP 1: Processing notifications
[00:00:14] Found 78 notifications
[00:00:15] EndlessPixel/EndlessPixel-Modpack#35: Already assigned, skipping
[00:00:17] VATSIM-UK/UK-Sector-File#6064: Already assigned, skipping
[00:00:53] pytorch-tabular/pytorch_tabular#605: Too old (43 days), skipping
[00:01:14] activist-org/activist#1925: Already assigned, skipping
[00:01:31] microsoft/vscode#288770: Already assigned, skipping
[00:01:37] lucasjinreal/Kokoros#61: Too old (381 days), skipping
[00:02:12] STEP 2: Checking my PRs
[00:02:13] STEP 2.5: Proactive discovery - finding new issues
[00:02:13] Searching for good-first-issues...
[00:02:15] Found 20 good-first-issues from search
[00:02:15]   Skipping EndlessPixel/EndlessPixel-Modpack#35: Too many comments (6)
[00:02:15]   Skipping rysweet/azlin#793: Already tracked
[00:02:15]   Skipping rysweet/amplihack#2981: Already tracked
[00:02:15]   Skipping rysweet/amplihack#2980: Already tracked
[00:02:15]   Skipping rysweet/amplihack#2979: Already tracked
[00:02:15]   Skipping rysweet/amplihack#2977: Already tracked
[00:02:16]   Skipping rysweet/amplihack#2976: Already tracked
[00:02:16]   Skipping brendankowitz/FHIR-Tools-for-Anonymization#80: Already tracked
[00:02:16]   Skipping windoze95/nullfeed-flutter#19: Already tracked
[00:02:16]   Skipping windoze95/nullfeed-backend#33: Already tracked
[00:02:16]   Skipping windoze95/nullfeed-backend#32: Already tracked
[00:02:16]   Skipping avni-j/synthetic-demo-app#12: Already tracked
[00:02:16]   Skipping T-SIG/tsig-prints#252: Already tracked
[00:02:16]   Skipping T-SIG/tsig-prints#249: Already tracked
[00:02:16]   Skipping T-SIG/tsig-prints#248: Already tracked
[00:02:16]   Skipping T-SIG/tsig-prints#247: Already tracked
[00:02:16]   Skipping T-SIG/tsig-prints#245: Already tracked
[00:02:16]   Skipping T-SIG/tsig-prints#244: Already tracked
[00:02:16]   Skipping T-SIG/tsig-prints#243: Already tracked
[00:02:16]   Skipping T-SIG/tsig-prints#242: Already tracked
[00:02:16] Checked 20 issues, discovered 0 high-priority ones
[00:02:16] STEP 3: Checking follow-ups
[00:02:34] STEP 4: Building action items list
[00:02:34] STEP 5: Updating metrics
[00:02:34] === SUMMARY ===
[00:02:34] Notifications: 78
[00:02:34] Posted: 0
[00:02:34] Consent opportunities: 0
[00:02:34] Stale issues: 0
[00:02:34] Need follow-up: 0
[00:02:34] Merge conflicts: 0
[00:02:34] Total tracked: 95
[00:02:34] Check complete
