=== GitHub SLA Check: Tue Mar 10 01:30:01 PM CST 2026 ===
[13:30:01] STEP 0: Cleaning old data
[13:30:01] Checking tracked issues for closures...
[13:30:12] Cleanup complete
[13:30:12] STEP 1: Processing notifications
[13:30:13] Found 81 notifications
[13:30:17] djangonaut-space/wagtail-indymeet#713: Already assigned, skipping
[13:30:18] EndlessPixel/EndlessPixel-Modpack#35: Already assigned, skipping
[13:30:19] VATSIM-UK/UK-Sector-File#6064: Already assigned, skipping
[13:30:50] pytorch-tabular/pytorch_tabular#605: Too old (43 days), skipping
[13:31:08] activist-org/activist#1925: Already assigned, skipping
[13:31:24] microsoft/vscode#288770: Already assigned, skipping
[13:31:29] lucasjinreal/Kokoros#61: Too old (382 days), skipping
[13:31:57] STEP 2: Checking my PRs
[13:31:59] STEP 2.5: Proactive discovery - finding new issues
[13:31:59] Searching for good-first-issues...
[13:32:00] Found 20 good-first-issues from search
[13:32:00]   Skipping 7788ken/linkgate#13: Already tracked
[13:32:01]   Skipping 7788ken/linkgate#7: Already tracked
[13:32:01]   Skipping 7788ken/linkgate#3: Already tracked
[13:32:01]   Skipping djangonaut-space/wagtail-indymeet#713: Already tracked
[13:32:01]   Skipping rajmahadev422/Learn-To-PR#16: Already tracked
[13:32:01]   Skipping EndlessPixel/EndlessPixel-Modpack#35: Too many comments (6)
[13:32:01]   Skipping rysweet/azlin#793: Already tracked
[13:32:01]   Skipping rysweet/amplihack#2981: Already tracked
[13:32:01]   Skipping rysweet/amplihack#2979: Already tracked
[13:32:01]   Skipping rysweet/amplihack#2980: Already tracked
[13:32:01]   Skipping rysweet/amplihack#2977: Already tracked
[13:32:01]   Skipping rysweet/amplihack#2976: Already tracked
[13:32:01]   Skipping brendankowitz/FHIR-Tools-for-Anonymization#80: Already tracked
[13:32:01]   Skipping windoze95/nullfeed-flutter#19: Already tracked
[13:32:01]   Skipping windoze95/nullfeed-backend#33: Already tracked
[13:32:02]   Skipping windoze95/nullfeed-backend#32: Already tracked
[13:32:02]   Skipping avni-j/synthetic-demo-app#12: Already tracked
[13:32:02]   Skipping T-SIG/tsig-prints#252: Already tracked
[13:32:02]   Skipping T-SIG/tsig-prints#249: Already tracked
[13:32:02]   Skipping T-SIG/tsig-prints#248: Already tracked
[13:32:02] Checked 20 issues, discovered 0 high-priority ones
[13:32:02] STEP 3: Checking follow-ups
[13:32:26] FOLLOW-UP NEEDED: Vexa-ai/vexa#160 (no response in 3 days)
[13:32:34] FOLLOW-UP NEEDED: mynextproject-portfolio/recipe-explorer-lite-yuewang199511#1 (no response in 3 days)
[13:32:37] FOLLOW-UP NEEDED: Marormur/Website#158 (no response in 3 days)
[13:32:38] FOLLOW-UP NEEDED: Marormur/Website#160 (no response in 3 days)
[13:32:40] FOLLOW-UP NEEDED: PatrickB1905/wealthwise#12 (no response in 3 days)
[13:32:41] FOLLOW-UP NEEDED: GreatJobTommy/DIT-Transfer-Tools#73 (no response in 3 days)
[13:32:44] FOLLOW-UP NEEDED: adenueltech/jobhunter#1 (no response in 3 days)
[13:32:45] FOLLOW-UP NEEDED: windoze95/nullfeed-backend#24 (no response in 3 days)
[13:32:46] FOLLOW-UP NEEDED: PatrickB1905/WealthWise#12 (no response in 3 days)
[13:32:48] FOLLOW-UP NEEDED: finnoybu/aegis-governance#14 (no response in 3 days)
[13:32:49] FOLLOW-UP NEEDED: finnoybu/aegis-governance#13 (no response in 3 days)
[13:32:51] STEP 4: Building action items list
[13:32:51] STEP 5: Updating metrics
[13:32:51] === SUMMARY ===
[13:32:51] Notifications: 81
[13:32:51] Posted: 0
[13:32:51] Consent opportunities: 0
[13:32:51] Stale issues: 0
[13:32:51] Need follow-up: 107
[13:32:51] Merge conflicts: 0
[13:32:51] Total tracked: 104
[13:32:51] Check complete
