=== GitHub SLA Check: Tue Mar 10 07:00:02 PM CST 2026 ===
[19:00:02] STEP 0: Cleaning old data
[19:00:02] Checking tracked issues for closures...
[19:00:13] Cleanup complete
[19:00:13] STEP 1: Processing notifications
[19:00:14] Found 81 notifications
[19:00:20] djangonaut-space/wagtail-indymeet#713: Already assigned, skipping
[19:00:21] EndlessPixel/EndlessPixel-Modpack#35: Already assigned, skipping
[19:00:23] VATSIM-UK/UK-Sector-File#6064: Already assigned, skipping
[19:00:58] pytorch-tabular/pytorch_tabular#605: Too old (44 days), skipping
[19:01:17] activist-org/activist#1925: Already assigned, skipping
[19:01:31] microsoft/vscode#288770: Already assigned, skipping
[19:01:37] lucasjinreal/Kokoros#61: Too old (382 days), skipping
[19:02:08] STEP 2: Checking my PRs
[19:02:09] STEP 2.5: Proactive discovery - finding new issues
[19:02:09] Searching for good-first-issues...
[19:02:11] Found 20 good-first-issues from search
[19:02:12]   Skipping 7788ken/linkgate#13: Already tracked
[19:02:12]   Skipping 7788ken/linkgate#7: Already tracked
[19:02:12]   Skipping 7788ken/linkgate#3: Already tracked
[19:02:12]   Skipping djangonaut-space/wagtail-indymeet#713: Already tracked
[19:02:12]   Skipping rajmahadev422/Learn-To-PR#16: Already tracked
[19:02:12]   Skipping EndlessPixel/EndlessPixel-Modpack#35: Too many comments (6)
[19:02:12]   Skipping rysweet/azlin#793: Already tracked
[19:02:12]   Skipping rysweet/amplihack#2981: Already tracked
[19:02:12]   Skipping rysweet/amplihack#2979: Already tracked
[19:02:12]   Skipping rysweet/amplihack#2980: Already tracked
[19:02:12]   Skipping rysweet/amplihack#2977: Already tracked
[19:02:12]   Skipping rysweet/amplihack#2976: Already tracked
[19:02:12]   Skipping brendankowitz/FHIR-Tools-for-Anonymization#80: Already tracked
[19:02:12]   Skipping windoze95/nullfeed-flutter#19: Already tracked
[19:02:13]   Skipping windoze95/nullfeed-backend#33: Already tracked
[19:02:13]   Skipping windoze95/nullfeed-backend#32: Already tracked
[19:02:13]   Skipping avni-j/synthetic-demo-app#12: Already tracked
[19:02:13]   Skipping T-SIG/tsig-prints#252: Already tracked
[19:02:13]   Skipping T-SIG/tsig-prints#249: Already tracked
[19:02:13]   Skipping T-SIG/tsig-prints#248: Already tracked
[19:02:13] Checked 20 issues, discovered 0 high-priority ones
[19:02:13] STEP 3: Checking follow-ups
[19:02:40] FOLLOW-UP NEEDED: Vexa-ai/vexa#160 (no response in 3 days)
[19:02:48] FOLLOW-UP NEEDED: mynextproject-portfolio/recipe-explorer-lite-yuewang199511#1 (no response in 3 days)
[19:02:51] FOLLOW-UP NEEDED: Marormur/Website#158 (no response in 3 days)
[19:02:54] FOLLOW-UP NEEDED: Marormur/Website#160 (no response in 3 days)
[19:02:54] FOLLOW-UP NEEDED: PatrickB1905/wealthwise#12 (no response in 3 days)
[19:02:55] FOLLOW-UP NEEDED: GreatJobTommy/DIT-Transfer-Tools#73 (no response in 3 days)
[19:02:59] FOLLOW-UP NEEDED: adenueltech/jobhunter#1 (no response in 3 days)
[19:03:00] FOLLOW-UP NEEDED: windoze95/nullfeed-backend#24 (no response in 3 days)
[19:03:01] FOLLOW-UP NEEDED: PatrickB1905/WealthWise#12 (no response in 3 days)
[19:03:03] FOLLOW-UP NEEDED: finnoybu/aegis-governance#14 (no response in 3 days)
[19:03:04] FOLLOW-UP NEEDED: finnoybu/aegis-governance#13 (no response in 3 days)
[19:03:06] FOLLOW-UP NEEDED: windoze95/nullfeed-flutter#15 (no response in 3 days)
[19:03:07] FOLLOW-UP NEEDED: windoze95/nullfeed-flutter#14 (no response in 3 days)
[19:03:08] FOLLOW-UP NEEDED: windoze95/nullfeed-backend#27 (no response in 3 days)
[19:03:11] STEP 4: Building action items list
[19:03:11] STEP 5: Updating metrics
[19:03:11] === SUMMARY ===
[19:03:11] Notifications: 81
[19:03:11] Posted: 0
[19:03:11] Consent opportunities: 0
[19:03:11] Stale issues: 0
[19:03:11] Need follow-up: 240
[19:03:11] Merge conflicts: 0
[19:03:11] Total tracked: 104
[19:03:11] Check complete
