=== GitHub SLA Check: Sun Mar  8 07:30:01 AM CST 2026 ===
[07:30:01] STEP 0: Cleaning old data
[07:30:01] Checking tracked issues for closures...
[07:30:13] Cleanup complete
[07:30:13] STEP 1: Processing notifications
[07:30:15] Found 70 notifications
[07:30:30] VATSIM-UK/UK-Sector-File#6064: Already assigned, skipping
[07:30:35] pytorch-tabular/pytorch_tabular#605: Too old (41 days), skipping
[07:30:54] activist-org/activist#1925: Already assigned, skipping
[07:31:11] microsoft/vscode#288770: Already assigned, skipping
[07:31:17] lucasjinreal/Kokoros#61: Too old (379 days), skipping
[07:31:48] STEP 2: Checking my PRs
[07:31:50] STEP 2.5: Proactive discovery - finding new issues
[07:31:50] Searching for good-first-issues...
[07:31:52] Found 20 good-first-issues from search
[07:31:52]   Checking lingdojo/kana-dojo#7604: priority=100, comments=1
[07:31:52] *** DISCOVERED: lingdojo/kana-dojo#7604 (priority: 100, 1 comments) ***
[07:31:52] >>> Posting on discovered issue lingdojo/kana-dojo#7604
[07:31:53] FAILED to post on lingdojo/kana-dojo#7604: GraphQL: User is blocked (addComment)
[07:31:54]   Checking lingdojo/kana-dojo#7603: priority=100, comments=1
[07:31:54] *** DISCOVERED: lingdojo/kana-dojo#7603 (priority: 100, 1 comments) ***
[07:31:54] >>> Posting on discovered issue lingdojo/kana-dojo#7603
[07:31:55] FAILED to post on lingdojo/kana-dojo#7603: GraphQL: User is blocked (addComment)
[07:31:55]   Checking lingdojo/kana-dojo#7601: priority=100, comments=1
[07:31:55] *** DISCOVERED: lingdojo/kana-dojo#7601 (priority: 100, 1 comments) ***
[07:31:55] >>> Posting on discovered issue lingdojo/kana-dojo#7601
[07:31:56] FAILED to post on lingdojo/kana-dojo#7601: GraphQL: User is blocked (addComment)
[07:31:56]   Checking lingdojo/kana-dojo#7600: priority=100, comments=3
[07:31:56] *** DISCOVERED: lingdojo/kana-dojo#7600 (priority: 100, 3 comments) ***
[07:31:56] >>> Posting on discovered issue lingdojo/kana-dojo#7600
[07:31:57] FAILED to post on lingdojo/kana-dojo#7600: GraphQL: User is blocked (addComment)
[07:31:57]   Checking lingdojo/kana-dojo#7599: priority=100, comments=1
[07:31:57] *** DISCOVERED: lingdojo/kana-dojo#7599 (priority: 100, 1 comments) ***
[07:31:57] >>> Posting on discovered issue lingdojo/kana-dojo#7599
[07:31:58] FAILED to post on lingdojo/kana-dojo#7599: GraphQL: User is blocked (addComment)
[07:31:58]   Checking lingdojo/kana-dojo#7598: priority=100, comments=1
[07:31:58] *** DISCOVERED: lingdojo/kana-dojo#7598 (priority: 100, 1 comments) ***
[07:31:58] >>> Posting on discovered issue lingdojo/kana-dojo#7598
[07:32:00] FAILED to post on lingdojo/kana-dojo#7598: GraphQL: User is blocked (addComment)
[07:32:00]   Checking lingdojo/kana-dojo#7597: priority=100, comments=1
[07:32:00] *** DISCOVERED: lingdojo/kana-dojo#7597 (priority: 100, 1 comments) ***
[07:32:00] >>> Posting on discovered issue lingdojo/kana-dojo#7597
[07:32:01] FAILED to post on lingdojo/kana-dojo#7597: GraphQL: User is blocked (addComment)
[07:32:01]   Checking lingdojo/kana-dojo#7596: priority=100, comments=1
[07:32:01] *** DISCOVERED: lingdojo/kana-dojo#7596 (priority: 100, 1 comments) ***
[07:32:01] >>> Posting on discovered issue lingdojo/kana-dojo#7596
[07:32:02] FAILED to post on lingdojo/kana-dojo#7596: GraphQL: User is blocked (addComment)
[07:32:02]   Checking lingdojo/kana-dojo#7595: priority=100, comments=1
[07:32:02] *** DISCOVERED: lingdojo/kana-dojo#7595 (priority: 100, 1 comments) ***
[07:32:02] >>> Posting on discovered issue lingdojo/kana-dojo#7595
[07:32:03] FAILED to post on lingdojo/kana-dojo#7595: GraphQL: User is blocked (addComment)
[07:32:03]   Checking lingdojo/kana-dojo#7594: priority=100, comments=1
[07:32:03] *** DISCOVERED: lingdojo/kana-dojo#7594 (priority: 100, 1 comments) ***
[07:32:03] >>> Posting on discovered issue lingdojo/kana-dojo#7594
[07:32:04] FAILED to post on lingdojo/kana-dojo#7594: GraphQL: User is blocked (addComment)
[07:32:05]   Checking lingdojo/kana-dojo#7593: priority=100, comments=1
[07:32:05] *** DISCOVERED: lingdojo/kana-dojo#7593 (priority: 100, 1 comments) ***
[07:32:05] >>> Posting on discovered issue lingdojo/kana-dojo#7593
[07:32:06] FAILED to post on lingdojo/kana-dojo#7593: GraphQL: User is blocked (addComment)
[07:32:06]   Checking lingdojo/kana-dojo#7590: priority=100, comments=2
[07:32:06] *** DISCOVERED: lingdojo/kana-dojo#7590 (priority: 100, 2 comments) ***
[07:32:06] >>> Posting on discovered issue lingdojo/kana-dojo#7590
[07:32:07] FAILED to post on lingdojo/kana-dojo#7590: GraphQL: User is blocked (addComment)
[07:32:07]   Skipping lingdojo/kana-dojo#7589: Already tracked
[07:32:07]   Skipping lingdojo/kana-dojo#7588: Already tracked
[07:32:07]   Skipping lingdojo/kana-dojo#7587: Already tracked
[07:32:07]   Skipping lingdojo/kana-dojo#7586: Already tracked
[07:32:07]   Skipping ibelanger/GraniteFungiForager#36: Already tracked
[07:32:07]   Skipping ibelanger/GraniteFungiForager#35: Already tracked
[07:32:07]   Skipping ibelanger/GraniteFungiForager#28: Already tracked
[07:32:07]   Skipping ibelanger/GraniteFungiForager#27: Already tracked
[07:32:07] Checked 20 issues, discovered 12 high-priority ones
[07:32:07] STEP 3: Checking follow-ups
[07:32:09] STEP 4: Building action items list
[07:32:09] STEP 5: Updating metrics
[07:32:09] === SUMMARY ===
[07:32:09] Notifications: 70
[07:32:09] Posted: 0
[07:32:09] Consent opportunities: 12
[07:32:09] Stale issues: 0
[07:32:09] Need follow-up: 0
[07:32:09] Merge conflicts: 0
[07:32:09] Total tracked: 58
[07:32:09] Check complete
