=== GitHub SLA Check: Wed Mar 11 02:00:01 AM CST 2026 ===
[02:00:01] STEP 0: Cleaning old data
[02:00:01] Checking tracked issues for closures...
[02:00:14] Cleanup complete
[02:00:14] STEP 1: Processing notifications
[02:00:16] Found 82 notifications
[02:00:19] PretendoNetwork/juxtaposition#411: Already assigned, skipping
[02:00:20] EndlessPixel/EndlessPixel-Modpack#35: Already assigned, skipping
[02:00:23] djangonaut-space/wagtail-indymeet#713: Already assigned, skipping
[02:00:25] VATSIM-UK/UK-Sector-File#6064: Already assigned, skipping
[02:01:02] pytorch-tabular/pytorch_tabular#605: Too old (44 days), skipping
[02:01:22] activist-org/activist#1925: Already assigned, skipping
[02:01:38] microsoft/vscode#288770: Already assigned, skipping
[02:01:42] lucasjinreal/Kokoros#61: Too old (382 days), skipping
[02:02:16] STEP 2: Checking my PRs
[02:02:17] STEP 2.5: Proactive discovery - finding new issues
[02:02:17] Searching for good-first-issues...
[02:02:19] Found 50 good-first-issues from search
[02:02:19]   Skipping 7788ken/linkgate#13: Already tracked
[02:02:20]   Skipping 7788ken/linkgate#7: Already tracked
[02:02:20]   Skipping 7788ken/linkgate#3: Already tracked
[02:02:20]   Skipping djangonaut-space/wagtail-indymeet#713: Already tracked
[02:02:20]   Skipping rajmahadev422/Learn-To-PR#16: Already tracked
[02:02:20]   Skipping EndlessPixel/EndlessPixel-Modpack#35: Too many comments (8)
[02:02:20]   Skipping rysweet/azlin#793: Already tracked
[02:02:20]   Skipping rysweet/amplihack#2981: Already tracked
[02:02:20]   Skipping rysweet/amplihack#2979: Already tracked
[02:02:20]   Skipping rysweet/amplihack#2980: Already tracked
[02:02:20]   Skipping rysweet/amplihack#2977: Already tracked
[02:02:20]   Skipping rysweet/amplihack#2976: Already tracked
[02:02:20]   Skipping brendankowitz/FHIR-Tools-for-Anonymization#80: Already tracked
[02:02:20]   Skipping windoze95/nullfeed-flutter#19: Already tracked
[02:02:20]   Skipping windoze95/nullfeed-backend#33: Already tracked
[02:02:20]   Skipping windoze95/nullfeed-backend#32: Already tracked
[02:02:21]   Skipping avni-j/synthetic-demo-app#12: Already tracked
[02:02:21]   Skipping T-SIG/tsig-prints#252: Already tracked
[02:02:21]   Skipping T-SIG/tsig-prints#249: Already tracked
[02:02:21]   Skipping T-SIG/tsig-prints#248: Already tracked
[02:02:21]   Skipping T-SIG/tsig-prints#247: Already tracked
[02:02:21]   Skipping T-SIG/tsig-prints#245: Already tracked
[02:02:21]   Skipping T-SIG/tsig-prints#244: Already tracked
[02:02:21]   Skipping T-SIG/tsig-prints#243: Already tracked
[02:02:21]   Skipping T-SIG/tsig-prints#242: Already tracked
[02:02:21]   Skipping T-SIG/tsig-prints#241: Already tracked
[02:02:21]   Skipping T-SIG/tsig-prints#240: Already tracked
[02:02:21]   Skipping T-SIG/tsig-prints#239: Already tracked
[02:02:21]   Skipping T-SIG/tsig-prints#238: Already tracked
[02:02:21]   Skipping T-SIG/tsig-prints#237: Already tracked
[02:02:22]   Skipping T-SIG/tsig-prints#236: Already tracked
[02:02:22]   Skipping T-SIG/tsig-prints#234: Already tracked
[02:02:22]   Skipping T-SIG/tsig-prints#231: Already tracked
[02:02:22]   Skipping T-SIG/tsig-prints#230: Already tracked
[02:02:22]   Skipping T-SIG/tsig-prints#229: Already tracked
[02:02:22]   Skipping T-SIG/tsig-prints#227: Already tracked
[02:02:22]   Skipping T-SIG/tsig-prints#226: Already tracked
[02:02:22]   Skipping T-SIG/tsig-prints#225: Already tracked
[02:02:22]   Skipping T-SIG/tsig-prints#224: Already tracked
[02:02:22]   Skipping visouha/openclaw-test-repo#2: Already tracked
[02:02:22]   Skipping VATSIM-UK/UK-Sector-File#6069: Already tracked
[02:02:23]   Checking lingdojo/kana-dojo#7665: priority=100, comments=1
[02:02:23] *** DISCOVERED: lingdojo/kana-dojo#7665 (priority: 100, 1 comments) ***
[02:02:23] >>> Posting on discovered issue lingdojo/kana-dojo#7665
[02:02:24] FAILED to post on lingdojo/kana-dojo#7665: GraphQL: User is blocked (addComment)
[02:02:24]   Checking lingdojo/kana-dojo#7664: priority=100, comments=1
[02:02:24] *** DISCOVERED: lingdojo/kana-dojo#7664 (priority: 100, 1 comments) ***
[02:02:24] >>> Posting on discovered issue lingdojo/kana-dojo#7664
[02:02:25] FAILED to post on lingdojo/kana-dojo#7664: GraphQL: User is blocked (addComment)
[02:02:26]   Checking lingdojo/kana-dojo#7663: priority=100, comments=2
[02:02:26] *** DISCOVERED: lingdojo/kana-dojo#7663 (priority: 100, 2 comments) ***
[02:02:26] >>> Posting on discovered issue lingdojo/kana-dojo#7663
[02:02:27] FAILED to post on lingdojo/kana-dojo#7663: GraphQL: User is blocked (addComment)
[02:02:27]   Checking lingdojo/kana-dojo#7662: priority=100, comments=1
[02:02:27] *** DISCOVERED: lingdojo/kana-dojo#7662 (priority: 100, 1 comments) ***
[02:02:28] >>> Posting on discovered issue lingdojo/kana-dojo#7662
[02:02:29] FAILED to post on lingdojo/kana-dojo#7662: GraphQL: User is blocked (addComment)
[02:02:29]   Checking lingdojo/kana-dojo#7661: priority=100, comments=1
[02:02:29] *** DISCOVERED: lingdojo/kana-dojo#7661 (priority: 100, 1 comments) ***
[02:02:29] >>> Posting on discovered issue lingdojo/kana-dojo#7661
[02:02:31] FAILED to post on lingdojo/kana-dojo#7661: GraphQL: User is blocked (addComment)
[02:02:31]   Checking lingdojo/kana-dojo#7660: priority=100, comments=1
[02:02:31] *** DISCOVERED: lingdojo/kana-dojo#7660 (priority: 100, 1 comments) ***
[02:02:31] >>> Posting on discovered issue lingdojo/kana-dojo#7660
[02:02:32] FAILED to post on lingdojo/kana-dojo#7660: GraphQL: User is blocked (addComment)
[02:02:32]   Checking lingdojo/kana-dojo#7659: priority=100, comments=1
[02:02:32] *** DISCOVERED: lingdojo/kana-dojo#7659 (priority: 100, 1 comments) ***
[02:02:32] >>> Posting on discovered issue lingdojo/kana-dojo#7659
[02:02:33] FAILED to post on lingdojo/kana-dojo#7659: GraphQL: User is blocked (addComment)
[02:02:34]   Checking lingdojo/kana-dojo#7658: priority=100, comments=1
[02:02:34] *** DISCOVERED: lingdojo/kana-dojo#7658 (priority: 100, 1 comments) ***
[02:02:34] >>> Posting on discovered issue lingdojo/kana-dojo#7658
[02:02:35] FAILED to post on lingdojo/kana-dojo#7658: GraphQL: User is blocked (addComment)
[02:02:35]   Checking lingdojo/kana-dojo#7657: priority=100, comments=1
[02:02:35] *** DISCOVERED: lingdojo/kana-dojo#7657 (priority: 100, 1 comments) ***
[02:02:35] >>> Posting on discovered issue lingdojo/kana-dojo#7657
[02:02:37] FAILED to post on lingdojo/kana-dojo#7657: GraphQL: User is blocked (addComment)
[02:02:37] Checked 50 issues, discovered 9 high-priority ones
[02:02:37] STEP 3: Checking follow-ups
[02:03:04] FOLLOW-UP NEEDED: Vexa-ai/vexa#160 (no response in 3 days)
[02:03:12] FOLLOW-UP NEEDED: mynextproject-portfolio/recipe-explorer-lite-yuewang199511#1 (no response in 3 days)
[02:03:15] FOLLOW-UP NEEDED: Marormur/Website#158 (no response in 3 days)
[02:03:17] FOLLOW-UP NEEDED: Marormur/Website#160 (no response in 3 days)
[02:03:19] FOLLOW-UP NEEDED: PatrickB1905/wealthwise#12 (no response in 3 days)
[02:03:20] FOLLOW-UP NEEDED: GreatJobTommy/DIT-Transfer-Tools#73 (no response in 3 days)
[02:03:23] FOLLOW-UP NEEDED: adenueltech/jobhunter#1 (no response in 3 days)
[02:03:25] FOLLOW-UP NEEDED: windoze95/nullfeed-backend#24 (no response in 3 days)
[02:03:26] FOLLOW-UP NEEDED: PatrickB1905/WealthWise#12 (no response in 3 days)
[02:03:28] FOLLOW-UP NEEDED: finnoybu/aegis-governance#14 (no response in 3 days)
[02:03:29] FOLLOW-UP NEEDED: finnoybu/aegis-governance#13 (no response in 3 days)
[02:03:31] FOLLOW-UP NEEDED: windoze95/nullfeed-flutter#15 (no response in 3 days)
[02:03:32] FOLLOW-UP NEEDED: windoze95/nullfeed-flutter#14 (no response in 3 days)
[02:03:33] FOLLOW-UP NEEDED: windoze95/nullfeed-backend#27 (no response in 3 days)
[02:03:37] FOLLOW-UP NEEDED: ibelanger/GraniteFungiForager#35 (no response in 3 days)
[02:03:38] FOLLOW-UP NEEDED: ibelanger/GraniteFungiForager#28 (no response in 3 days)
[02:03:40] FOLLOW-UP NEEDED: ibelanger/GraniteFungiForager#27 (no response in 3 days)
[02:03:41] FOLLOW-UP NEEDED: ibelanger/GraniteFungiForager#24 (no response in 3 days)
[02:03:42] FOLLOW-UP NEEDED: ibelanger/GraniteFungiForager#22 (no response in 3 days)
[02:03:44] STEP 4: Building action items list
[02:03:44] STEP 5: Updating metrics
[02:03:44] === SUMMARY ===
[02:03:44] Notifications: 82
[02:03:44] Posted: 0
[02:03:44] Consent opportunities: 9
[02:03:44] Stale issues: 0
[02:03:44] Need follow-up: 466
[02:03:44] Merge conflicts: 0
[02:03:44] Total tracked: 109
[02:03:44] Check complete
