=== GitHub SLA Check: Fri Mar  6 11:30:56 PM CST 2026 ===
[23:30:56] STEP 0: Cleaning old data
[23:30:56] Cleanup complete
[23:30:56] STEP 1: Processing notifications
[23:30:58] Found 63 notifications
[23:30:59] Evaluating: ray-project/kuberay#4568 (priority: 97)
[23:30:59] Consent signals found in comments
[23:30:59] >>> Posting comment on ray-project/kuberay#4568
[23:31:01] SUCCESS: Posted on ray-project/kuberay#4568
[23:31:07] Evaluating: brendankowitz/FHIR-Tools-for-Anonymization#61 (priority: 74)
[23:31:07] Consent signals found in comments
[23:31:07] >>> Posting comment on brendankowitz/FHIR-Tools-for-Anonymization#61
[23:31:08] SUCCESS: Posted on brendankowitz/FHIR-Tools-for-Anonymization#61
[23:31:15] Evaluating: rajmahadev422/Learn-To-PR#3 (priority: 100)
[23:31:15] Consent signals found in comments
[23:31:15] >>> Posting comment on rajmahadev422/Learn-To-PR#3
[23:31:16] SUCCESS: Posted on rajmahadev422/Learn-To-PR#3
[23:31:24] Evaluating: windoze95/nullfeed-backend#22 (priority: 100)
[23:31:24] Consent signals found in comments
[23:31:24] >>> Posting comment on windoze95/nullfeed-backend#22
[23:31:26] SUCCESS: Posted on windoze95/nullfeed-backend#22
[23:31:32] Evaluating: windoze95/nullfeed-flutter#12 (priority: 100)
[23:31:32] Consent signals found in comments
[23:31:32] >>> Posting comment on windoze95/nullfeed-flutter#12
[23:31:33] SUCCESS: Posted on windoze95/nullfeed-flutter#12
[23:31:38] MAX POSTS (5) reached
[23:31:38] STEP 2: Checking my PRs
[23:31:42] STEP 3: Checking follow-ups
[23:31:42] STEP 4: Updating metrics
[23:31:42] === SUMMARY ===
[23:31:42] Notifications: 63
[23:31:42] Posted: 5
[23:31:42] Consent opportunities: 11
[23:31:42] Urgent items: 0
[23:31:42] Questions to answer: 0
[23:31:42] Stale issues: 0
[23:31:42] Need follow-up: 1
[23:31:42] Merge conflicts: 0
[23:31:42] Total tracked: 5
[23:31:42] Check complete
