=== GitHub SLA Check: Sun Mar  8 08:00:01 AM CST 2026 ===
[08:00:01] STEP 0: Cleaning old data
[08:00:02] Checking tracked issues for closures...
[08:00:12] Cleanup complete
[08:00:12] STEP 1: Processing notifications
[08:00:14] Found 70 notifications
[08:00:29] VATSIM-UK/UK-Sector-File#6064: Already assigned, skipping
[08:00:33] pytorch-tabular/pytorch_tabular#605: Too old (41 days), skipping
[08:00:51] activist-org/activist#1925: Already assigned, skipping
[08:01:08] microsoft/vscode#288770: Already assigned, skipping
[08:01:13] lucasjinreal/Kokoros#61: Too old (379 days), skipping
[08:01:44] STEP 2: Checking my PRs
[08:01:46] STEP 2.5: Proactive discovery - finding new issues
[08:01:46] Searching for good-first-issues...
[08:01:48] Found 20 good-first-issues from search
[08:01:48]   Checking lingdojo/kana-dojo#7606: priority=100, comments=1
[08:01:48] *** DISCOVERED: lingdojo/kana-dojo#7606 (priority: 100, 1 comments) ***
[08:01:48] >>> Posting on discovered issue lingdojo/kana-dojo#7606
[08:01:50] FAILED to post on lingdojo/kana-dojo#7606: GraphQL: User is blocked (addComment)
[08:01:50]   Checking lingdojo/kana-dojo#7605: priority=100, comments=1
[08:01:50] *** DISCOVERED: lingdojo/kana-dojo#7605 (priority: 100, 1 comments) ***
[08:01:50] >>> Posting on discovered issue lingdojo/kana-dojo#7605
[08:01:51] FAILED to post on lingdojo/kana-dojo#7605: GraphQL: User is blocked (addComment)
[08:01:51]   Checking lingdojo/kana-dojo#7604: priority=100, comments=1
[08:01:51] *** DISCOVERED: lingdojo/kana-dojo#7604 (priority: 100, 1 comments) ***
[08:01:51] >>> Posting on discovered issue lingdojo/kana-dojo#7604
[08:01:52] FAILED to post on lingdojo/kana-dojo#7604: GraphQL: User is blocked (addComment)
[08:01:52]   Checking lingdojo/kana-dojo#7603: priority=100, comments=1
[08:01:52] *** DISCOVERED: lingdojo/kana-dojo#7603 (priority: 100, 1 comments) ***
[08:01:52] >>> Posting on discovered issue lingdojo/kana-dojo#7603
[08:01:54] FAILED to post on lingdojo/kana-dojo#7603: GraphQL: User is blocked (addComment)
[08:01:54]   Checking lingdojo/kana-dojo#7601: priority=100, comments=1
[08:01:54] *** DISCOVERED: lingdojo/kana-dojo#7601 (priority: 100, 1 comments) ***
[08:01:54] >>> Posting on discovered issue lingdojo/kana-dojo#7601
[08:01:55] FAILED to post on lingdojo/kana-dojo#7601: GraphQL: User is blocked (addComment)
[08:01:55]   Checking lingdojo/kana-dojo#7600: priority=100, comments=3
[08:01:55] *** DISCOVERED: lingdojo/kana-dojo#7600 (priority: 100, 3 comments) ***
[08:01:55] >>> Posting on discovered issue lingdojo/kana-dojo#7600
[08:01:56] FAILED to post on lingdojo/kana-dojo#7600: GraphQL: User is blocked (addComment)
[08:01:56]   Checking lingdojo/kana-dojo#7599: priority=100, comments=1
[08:01:56] *** DISCOVERED: lingdojo/kana-dojo#7599 (priority: 100, 1 comments) ***
[08:01:56] >>> Posting on discovered issue lingdojo/kana-dojo#7599
[08:01:57] FAILED to post on lingdojo/kana-dojo#7599: GraphQL: User is blocked (addComment)
[08:01:57]   Checking lingdojo/kana-dojo#7598: priority=100, comments=1
[08:01:57] *** DISCOVERED: lingdojo/kana-dojo#7598 (priority: 100, 1 comments) ***
[08:01:57] >>> Posting on discovered issue lingdojo/kana-dojo#7598
[08:01:58] FAILED to post on lingdojo/kana-dojo#7598: GraphQL: User is blocked (addComment)
[08:01:59]   Checking lingdojo/kana-dojo#7597: priority=100, comments=1
[08:01:59] *** DISCOVERED: lingdojo/kana-dojo#7597 (priority: 100, 1 comments) ***
[08:01:59] >>> Posting on discovered issue lingdojo/kana-dojo#7597
[08:02:00] FAILED to post on lingdojo/kana-dojo#7597: GraphQL: User is blocked (addComment)
[08:02:00]   Checking lingdojo/kana-dojo#7596: priority=100, comments=1
[08:02:00] *** DISCOVERED: lingdojo/kana-dojo#7596 (priority: 100, 1 comments) ***
[08:02:00] >>> Posting on discovered issue lingdojo/kana-dojo#7596
[08:02:01] FAILED to post on lingdojo/kana-dojo#7596: GraphQL: User is blocked (addComment)
[08:02:01]   Checking lingdojo/kana-dojo#7595: priority=100, comments=1
[08:02:01] *** DISCOVERED: lingdojo/kana-dojo#7595 (priority: 100, 1 comments) ***
[08:02:01] >>> Posting on discovered issue lingdojo/kana-dojo#7595
[08:02:02] FAILED to post on lingdojo/kana-dojo#7595: GraphQL: User is blocked (addComment)
[08:02:02]   Checking lingdojo/kana-dojo#7594: priority=100, comments=1
[08:02:02] *** DISCOVERED: lingdojo/kana-dojo#7594 (priority: 100, 1 comments) ***
[08:02:02] >>> Posting on discovered issue lingdojo/kana-dojo#7594
[08:02:03] FAILED to post on lingdojo/kana-dojo#7594: GraphQL: User is blocked (addComment)
[08:02:03]   Checking lingdojo/kana-dojo#7593: priority=100, comments=1
[08:02:03] *** DISCOVERED: lingdojo/kana-dojo#7593 (priority: 100, 1 comments) ***
[08:02:03] >>> Posting on discovered issue lingdojo/kana-dojo#7593
[08:02:04] FAILED to post on lingdojo/kana-dojo#7593: GraphQL: User is blocked (addComment)
[08:02:05]   Checking lingdojo/kana-dojo#7590: priority=100, comments=2
[08:02:05] *** DISCOVERED: lingdojo/kana-dojo#7590 (priority: 100, 2 comments) ***
[08:02:05] >>> Posting on discovered issue lingdojo/kana-dojo#7590
[08:02:06] FAILED to post on lingdojo/kana-dojo#7590: GraphQL: User is blocked (addComment)
[08:02:06]   Skipping lingdojo/kana-dojo#7589: Already tracked
[08:02:06]   Skipping lingdojo/kana-dojo#7588: Already tracked
[08:02:06]   Skipping lingdojo/kana-dojo#7587: Already tracked
[08:02:06]   Skipping lingdojo/kana-dojo#7586: Already tracked
[08:02:06]   Skipping ibelanger/GraniteFungiForager#36: Already tracked
[08:02:06]   Skipping ibelanger/GraniteFungiForager#35: Already tracked
[08:02:06] Checked 20 issues, discovered 14 high-priority ones
[08:02:06] STEP 3: Checking follow-ups
[08:02:08] STEP 4: Building action items list
[08:02:08] STEP 5: Updating metrics
[08:02:08] === SUMMARY ===
[08:02:08] Notifications: 70
[08:02:08] Posted: 0
[08:02:08] Consent opportunities: 14
[08:02:08] Stale issues: 0
[08:02:08] Need follow-up: 0
[08:02:08] Merge conflicts: 0
[08:02:08] Total tracked: 58
[08:02:08] Check complete
