=== GitHub SLA Check: Sat Mar  7 11:00:02 PM CST 2026 ===
[23:00:02] STEP 0: Cleaning old data
[23:00:02] Checking tracked issues for closures...
[23:00:14] Cleanup complete
[23:00:14] STEP 1: Processing notifications
[23:00:15] Found 72 notifications
[23:00:23] VATSIM-UK/UK-Sector-File#6064: Already assigned, skipping
[23:00:26] pytorch-tabular/pytorch_tabular#605: Too old (41 days), skipping
[23:00:47] activist-org/activist#1925: Already assigned, skipping
[23:01:08] microsoft/vscode#288770: Already assigned, skipping
[23:01:14] lucasjinreal/Kokoros#61: Too old (379 days), skipping
[23:01:46] STEP 2: Checking my PRs
[23:01:48] STEP 2.5: Proactive discovery - finding new issues
[23:01:48] Searching for good-first-issues...
[23:01:50] Found 20 good-first-issues from search
[23:01:50]   Checking ibelanger/GraniteFungiForager#36: priority=100, comments=0
[23:01:50] *** DISCOVERED: ibelanger/GraniteFungiForager#36 (priority: 100, 0 comments) ***
[23:01:50] >>> Posting on discovered issue ibelanger/GraniteFungiForager#36
[23:01:52] SUCCESS: Posted on ibelanger/GraniteFungiForager#36
[23:01:57]   Checking ibelanger/GraniteFungiForager#35: priority=100, comments=0
[23:01:57] *** DISCOVERED: ibelanger/GraniteFungiForager#35 (priority: 100, 0 comments) ***
[23:01:57] >>> Posting on discovered issue ibelanger/GraniteFungiForager#35
[23:01:58] SUCCESS: Posted on ibelanger/GraniteFungiForager#35
[23:02:04]   Checking ibelanger/GraniteFungiForager#28: priority=100, comments=0
[23:02:04] *** DISCOVERED: ibelanger/GraniteFungiForager#28 (priority: 100, 0 comments) ***
[23:02:04] >>> Posting on discovered issue ibelanger/GraniteFungiForager#28
[23:02:05] SUCCESS: Posted on ibelanger/GraniteFungiForager#28
[23:02:10]   Checking ibelanger/GraniteFungiForager#27: priority=100, comments=0
[23:02:10] *** DISCOVERED: ibelanger/GraniteFungiForager#27 (priority: 100, 0 comments) ***
[23:02:10] >>> Posting on discovered issue ibelanger/GraniteFungiForager#27
[23:02:11] SUCCESS: Posted on ibelanger/GraniteFungiForager#27
[23:02:17]   Checking ibelanger/GraniteFungiForager#24: priority=100, comments=0
[23:02:17] *** DISCOVERED: ibelanger/GraniteFungiForager#24 (priority: 100, 0 comments) ***
[23:02:17] >>> Posting on discovered issue ibelanger/GraniteFungiForager#24
[23:02:18] SUCCESS: Posted on ibelanger/GraniteFungiForager#24
[23:02:23]   Checking ibelanger/GraniteFungiForager#22: priority=100, comments=0
[23:02:23] *** DISCOVERED: ibelanger/GraniteFungiForager#22 (priority: 100, 0 comments) ***
[23:02:23]   Skipping windoze95/nullfeed-flutter#15: Already tracked
[23:02:23]   Skipping windoze95/nullfeed-flutter#14: Already tracked
[23:02:23]   Skipping windoze95/nullfeed-backend#27: Already tracked
[23:02:23]   Skipping finnoybu/aegis-governance#14: Already tracked
[23:02:23]   Skipping finnoybu/aegis-governance#13: Already tracked
[23:02:24]   Skipping adenueltech/jobhunter#27: Already tracked
[23:02:24]   Skipping adenueltech/jobhunter#1: Already tracked
[23:02:24]   Skipping GreatJobTommy/DIT-Transfer-Tools#72: Already tracked
[23:02:24]   Skipping GreatJobTommy/DIT-Transfer-Tools#73: Already tracked
[23:02:24]   Skipping PatrickB1905/WealthWise#12: Already tracked
[23:02:24]   Skipping mynextproject-portfolio/recipe-explorer-lite-ildarakhmetov#1: Already tracked
[23:02:24]   Skipping rajmahadev422/Learn-To-PR#7: Already tracked
[23:02:24]   Skipping finnoybu/aegis-governance#12: Already tracked
[23:02:24]   Skipping Vexa-ai/vexa#160: Already tracked
[23:02:24] Checked 20 issues, discovered 6 high-priority ones
[23:02:24] STEP 3: Checking follow-ups
[23:02:26] STEP 4: Building action items list
[23:02:26] STEP 5: Updating metrics
[23:02:26] === SUMMARY ===
[23:02:26] Notifications: 72
[23:02:26] Posted: 5
[23:02:26] Consent opportunities: 6
[23:02:26] Stale issues: 0
[23:02:26] Need follow-up: 0
[23:02:26] Merge conflicts: 0
[23:02:26] Total tracked: 53
[23:02:26] Check complete
