=== GitHub SLA Check: Sat Mar  7 10:30:01 PM CST 2026 ===
[22:30:01] STEP 0: Cleaning old data
[22:30:01] Checking tracked issues for closures...
[22:30:12] Cleanup complete
[22:30:12] STEP 1: Processing notifications
[22:30:14] Found 72 notifications
[22:30:22] VATSIM-UK/UK-Sector-File#6064: Already assigned, skipping
[22:30:26] pytorch-tabular/pytorch_tabular#605: Too old (41 days), skipping
[22:30:48] activist-org/activist#1925: Already assigned, skipping
[22:31:09] microsoft/vscode#288770: Already assigned, skipping
[22:31:15] lucasjinreal/Kokoros#61: Too old (379 days), skipping
[22:31:47] STEP 2: Checking my PRs
[22:31:50] STEP 2.5: Proactive discovery - finding new issues
[22:31:50] Searching for good-first-issues...
[22:31:52] Found 20 good-first-issues from search
[22:31:52]   Skipping windoze95/nullfeed-flutter#15: Already tracked
[22:31:52]   Skipping windoze95/nullfeed-flutter#14: Already tracked
[22:31:52]   Skipping windoze95/nullfeed-backend#27: Already tracked
[22:31:52]   Skipping finnoybu/aegis-governance#14: Already tracked
[22:31:53]   Skipping finnoybu/aegis-governance#13: Already tracked
[22:31:53]   Skipping adenueltech/jobhunter#27: Already tracked
[22:31:53]   Skipping adenueltech/jobhunter#1: Already tracked
[22:31:53]   Skipping GreatJobTommy/DIT-Transfer-Tools#72: Already tracked
[22:31:53]   Skipping GreatJobTommy/DIT-Transfer-Tools#73: Already tracked
[22:31:53]   Skipping PatrickB1905/WealthWise#12: Already tracked
[22:31:53]   Skipping mynextproject-portfolio/recipe-explorer-lite-ildarakhmetov#1: Already tracked
[22:31:53]   Skipping rajmahadev422/Learn-To-PR#7: Already tracked
[22:31:53]   Skipping finnoybu/aegis-governance#12: Already tracked
[22:31:53]   Skipping Vexa-ai/vexa#160: Already tracked
[22:31:53]   Skipping rajmahadev422/Learn-To-PR#3: Already tracked
[22:31:53]   Skipping VATSIM-UK/UK-Sector-File#6064: Already tracked
[22:31:53]   Skipping Vexa-ai/vexa#155: Already tracked
[22:31:53]   Skipping windoze95/nullfeed-flutter#12: Already tracked
[22:31:53]   Skipping windoze95/nullfeed-backend#22: Already tracked
[22:31:54]   Skipping brendankowitz/FHIR-Tools-for-Anonymization#64: Too many comments (6)
[22:31:54] Checked 20 issues, discovered 0 high-priority ones
[22:31:54] STEP 3: Checking follow-ups
[22:31:55] STEP 4: Building action items list
[22:31:55] STEP 5: Updating metrics
[22:31:55] === SUMMARY ===
[22:31:55] Notifications: 72
[22:31:55] Posted: 0
[22:31:55] Consent opportunities: 0
[22:31:55] Stale issues: 0
[22:31:55] Need follow-up: 0
[22:31:55] Merge conflicts: 0
[22:31:55] Total tracked: 48
[22:31:55] Check complete
