=== GitHub SLA Check: Sun Mar  8 06:30:01 PM CST 2026 ===
[18:30:01] STEP 0: Cleaning old data
[18:30:01] Checking tracked issues for closures...
[18:30:12] Cleanup complete
[18:30:12] STEP 1: Processing notifications
[18:30:13] Found 70 notifications
[18:30:31] VATSIM-UK/UK-Sector-File#6064: Already assigned, skipping
[18:30:34] pytorch-tabular/pytorch_tabular#605: Too old (42 days), skipping
[18:30:52] activist-org/activist#1925: Already assigned, skipping
[18:31:08] microsoft/vscode#288770: Already assigned, skipping
[18:31:12] lucasjinreal/Kokoros#61: Too old (380 days), skipping
[18:31:42] STEP 2: Checking my PRs
[18:31:43] STEP 2.5: Proactive discovery - finding new issues
[18:31:43] Searching for good-first-issues...
[18:31:44] Found 20 good-first-issues from search
[18:31:44]   Checking lingdojo/kana-dojo#7664: priority=100, comments=1
[18:31:44] *** DISCOVERED: lingdojo/kana-dojo#7664 (priority: 100, 1 comments) ***
[18:31:44] >>> Posting on discovered issue lingdojo/kana-dojo#7664
[18:31:45] FAILED to post on lingdojo/kana-dojo#7664: GraphQL: User is blocked (addComment)
[18:31:45]   Checking lingdojo/kana-dojo#7663: priority=100, comments=1
[18:31:45] *** DISCOVERED: lingdojo/kana-dojo#7663 (priority: 100, 1 comments) ***
[18:31:45] >>> Posting on discovered issue lingdojo/kana-dojo#7663
[18:31:46] FAILED to post on lingdojo/kana-dojo#7663: GraphQL: User is blocked (addComment)
[18:31:46]   Checking lingdojo/kana-dojo#7662: priority=100, comments=1
[18:31:46] *** DISCOVERED: lingdojo/kana-dojo#7662 (priority: 100, 1 comments) ***
[18:31:46] >>> Posting on discovered issue lingdojo/kana-dojo#7662
[18:31:47] FAILED to post on lingdojo/kana-dojo#7662: GraphQL: User is blocked (addComment)
[18:31:48]   Checking lingdojo/kana-dojo#7661: priority=100, comments=1
[18:31:48] *** DISCOVERED: lingdojo/kana-dojo#7661 (priority: 100, 1 comments) ***
[18:31:48] >>> Posting on discovered issue lingdojo/kana-dojo#7661
[18:31:49] FAILED to post on lingdojo/kana-dojo#7661: GraphQL: User is blocked (addComment)
[18:31:49]   Checking lingdojo/kana-dojo#7660: priority=100, comments=1
[18:31:49] *** DISCOVERED: lingdojo/kana-dojo#7660 (priority: 100, 1 comments) ***
[18:31:49] >>> Posting on discovered issue lingdojo/kana-dojo#7660
[18:31:50] FAILED to post on lingdojo/kana-dojo#7660: GraphQL: User is blocked (addComment)
[18:31:50]   Checking lingdojo/kana-dojo#7659: priority=100, comments=1
[18:31:50] *** DISCOVERED: lingdojo/kana-dojo#7659 (priority: 100, 1 comments) ***
[18:31:50] >>> Posting on discovered issue lingdojo/kana-dojo#7659
[18:31:51] FAILED to post on lingdojo/kana-dojo#7659: GraphQL: User is blocked (addComment)
[18:31:51]   Checking lingdojo/kana-dojo#7658: priority=100, comments=1
[18:31:51] *** DISCOVERED: lingdojo/kana-dojo#7658 (priority: 100, 1 comments) ***
[18:31:51] >>> Posting on discovered issue lingdojo/kana-dojo#7658
[18:31:52] FAILED to post on lingdojo/kana-dojo#7658: GraphQL: User is blocked (addComment)
[18:31:53]   Checking lingdojo/kana-dojo#7657: priority=100, comments=1
[18:31:53] *** DISCOVERED: lingdojo/kana-dojo#7657 (priority: 100, 1 comments) ***
[18:31:53] >>> Posting on discovered issue lingdojo/kana-dojo#7657
[18:31:54] FAILED to post on lingdojo/kana-dojo#7657: GraphQL: User is blocked (addComment)
[18:31:55]   Checking lingdojo/kana-dojo#7656: priority=100, comments=1
[18:31:55] *** DISCOVERED: lingdojo/kana-dojo#7656 (priority: 100, 1 comments) ***
[18:31:55] >>> Posting on discovered issue lingdojo/kana-dojo#7656
[18:31:55] FAILED to post on lingdojo/kana-dojo#7656: GraphQL: User is blocked (addComment)
[18:31:56]   Checking lingdojo/kana-dojo#7654: priority=100, comments=1
[18:31:56] *** DISCOVERED: lingdojo/kana-dojo#7654 (priority: 100, 1 comments) ***
[18:31:56] >>> Posting on discovered issue lingdojo/kana-dojo#7654
[18:31:58] FAILED to post on lingdojo/kana-dojo#7654: GraphQL: User is blocked (addComment)
[18:31:58]   Skipping windoze95/nullfeed-flutter#17: Already tracked
[18:31:58]   Skipping windoze95/nullfeed-backend#29: Already tracked
[18:31:58]   Skipping windoze95/nullfeed-backend#28: Already tracked
[18:31:58]   Checking lingdojo/kana-dojo#7653: priority=100, comments=1
[18:31:58] *** DISCOVERED: lingdojo/kana-dojo#7653 (priority: 100, 1 comments) ***
[18:31:58] >>> Posting on discovered issue lingdojo/kana-dojo#7653
[18:31:59] FAILED to post on lingdojo/kana-dojo#7653: GraphQL: User is blocked (addComment)
[18:31:59]   Checking lingdojo/kana-dojo#7652: priority=100, comments=1
[18:31:59] *** DISCOVERED: lingdojo/kana-dojo#7652 (priority: 100, 1 comments) ***
[18:31:59] >>> Posting on discovered issue lingdojo/kana-dojo#7652
[18:32:01] FAILED to post on lingdojo/kana-dojo#7652: GraphQL: User is blocked (addComment)
[18:32:01]   Checking lingdojo/kana-dojo#7651: priority=100, comments=2
[18:32:01] *** DISCOVERED: lingdojo/kana-dojo#7651 (priority: 100, 2 comments) ***
[18:32:01] >>> Posting on discovered issue lingdojo/kana-dojo#7651
[18:32:02] FAILED to post on lingdojo/kana-dojo#7651: GraphQL: User is blocked (addComment)
[18:32:03]   Checking lingdojo/kana-dojo#7649: priority=100, comments=1
[18:32:03] *** DISCOVERED: lingdojo/kana-dojo#7649 (priority: 100, 1 comments) ***
[18:32:03] >>> Posting on discovered issue lingdojo/kana-dojo#7649
[18:32:04] FAILED to post on lingdojo/kana-dojo#7649: GraphQL: User is blocked (addComment)
[18:32:04]   Checking lingdojo/kana-dojo#7648: priority=100, comments=1
[18:32:04] *** DISCOVERED: lingdojo/kana-dojo#7648 (priority: 100, 1 comments) ***
[18:32:04] >>> Posting on discovered issue lingdojo/kana-dojo#7648
[18:32:05] FAILED to post on lingdojo/kana-dojo#7648: GraphQL: User is blocked (addComment)
[18:32:06]   Checking lingdojo/kana-dojo#7646: priority=100, comments=1
[18:32:06] *** DISCOVERED: lingdojo/kana-dojo#7646 (priority: 100, 1 comments) ***
[18:32:06] >>> Posting on discovered issue lingdojo/kana-dojo#7646
[18:32:07] FAILED to post on lingdojo/kana-dojo#7646: GraphQL: User is blocked (addComment)
[18:32:07]   Skipping rajmahadev422/Learn-To-PR#12: Already tracked
[18:32:07] Checked 20 issues, discovered 16 high-priority ones
[18:32:07] STEP 3: Checking follow-ups
[18:32:09] STEP 4: Building action items list
[18:32:09] STEP 5: Updating metrics
[18:32:09] === SUMMARY ===
[18:32:09] Notifications: 70
[18:32:09] Posted: 0
[18:32:09] Consent opportunities: 16
[18:32:09] Stale issues: 0
[18:32:09] Need follow-up: 0
[18:32:09] Merge conflicts: 0
[18:32:09] Total tracked: 61
[18:32:09] Check complete
