=== GitHub SLA Check: Sat Mar  7 05:00:01 PM CST 2026 ===
[17:00:01] STEP 0: Cleaning old data
[17:00:01] Checking tracked issues for closures...
[17:00:10] Cleanup complete
[17:00:10] STEP 1: Processing notifications
[17:00:11] Found 71 notifications
[17:00:22] pytorch-tabular/pytorch_tabular#605: Too old (41 days), skipping
[17:00:43] activist-org/activist#1925: Already assigned, skipping
[17:01:03] microsoft/vscode#288770: Already assigned, skipping
[17:01:09] lucasjinreal/Kokoros#61: Too old (379 days), skipping
[17:01:40] STEP 2: Checking my PRs
[17:01:42] STEP 2.5: Proactive discovery - finding new issues
[17:01:42] Searching for good-first-issues...
[17:01:44] Found 20 good-first-issues from search
[17:01:44]   Skipping finnoybu/aegis-governance#14: Already tracked
[17:01:44]   Skipping finnoybu/aegis-governance#13: Already tracked
[17:01:44]   Skipping adenueltech/jobhunter#27: Already tracked
[17:01:44]   Skipping adenueltech/jobhunter#1: Already tracked
[17:01:44]   Skipping GreatJobTommy/DIT-Transfer-Tools#73: Already tracked
[17:01:44]   Skipping GreatJobTommy/DIT-Transfer-Tools#72: Already tracked
[17:01:44]   Skipping PatrickB1905/WealthWise#12: Already tracked
[17:01:44]   Skipping mynextproject-portfolio/recipe-explorer-lite-ildarakhmetov#1: Already tracked
[17:01:44]   Skipping rajmahadev422/Learn-To-PR#7: Already tracked
[17:01:44]   Skipping finnoybu/aegis-governance#12: Already tracked
[17:01:44]   Skipping Vexa-ai/vexa#160: Already tracked
[17:01:44]   Skipping rajmahadev422/Learn-To-PR#3: Already tracked
[17:01:44]   Skipping VATSIM-UK/UK-Sector-File#6064: Already tracked
[17:01:44]   Skipping Vexa-ai/vexa#155: Already tracked
[17:01:45]   Skipping windoze95/nullfeed-flutter#12: Already tracked
[17:01:45]   Skipping windoze95/nullfeed-backend#22: Already tracked
[17:01:45]   Skipping brendankowitz/FHIR-Tools-for-Anonymization#64: Too many comments (6)
[17:01:45]   Skipping brendankowitz/FHIR-Tools-for-Anonymization#63: Too many comments (6)
[17:01:45]   Skipping brendankowitz/FHIR-Tools-for-Anonymization#62: Already tracked
[17:01:45]   Skipping brendankowitz/FHIR-Tools-for-Anonymization#61: Too many comments (7)
[17:01:45] Checked 20 issues, discovered 0 high-priority ones
[17:01:45] STEP 3: Checking follow-ups
[17:01:46] STEP 4: Building action items list
[17:01:46] STEP 5: Updating metrics
[17:01:46] === SUMMARY ===
[17:01:46] Notifications: 71
[17:01:46] Posted: 0
[17:01:46] Consent opportunities: 0
[17:01:46] Stale issues: 0
[17:01:46] Need follow-up: 0
[17:01:46] Merge conflicts: 0
[17:01:46] Total tracked: 44
[17:01:46] Check complete
