=== GitHub SLA Check: Sat Mar  7 11:30:01 PM CST 2026 ===
[23:30:01] STEP 0: Cleaning old data
[23:30:02] Checking tracked issues for closures...
[23:30:13] Cleanup complete
[23:30:13] STEP 1: Processing notifications
[23:30:14] Found 72 notifications
[23:30:22] VATSIM-UK/UK-Sector-File#6064: Already assigned, skipping
[23:30:26] pytorch-tabular/pytorch_tabular#605: Too old (41 days), skipping
[23:30:48] activist-org/activist#1925: Already assigned, skipping
[23:31:07] microsoft/vscode#288770: Already assigned, skipping
[23:31:12] lucasjinreal/Kokoros#61: Too old (379 days), skipping
[23:31:47] STEP 2: Checking my PRs
[23:31:49] STEP 2.5: Proactive discovery - finding new issues
[23:31:49] Searching for good-first-issues...
[23:31:51] Found 20 good-first-issues from search
[23:31:51]   Skipping ibelanger/GraniteFungiForager#36: Already tracked
[23:31:51]   Skipping ibelanger/GraniteFungiForager#35: Already tracked
[23:31:51]   Skipping ibelanger/GraniteFungiForager#28: Already tracked
[23:31:51]   Skipping ibelanger/GraniteFungiForager#27: Already tracked
[23:31:51]   Skipping ibelanger/GraniteFungiForager#24: Already tracked
[23:31:51]   Checking ibelanger/GraniteFungiForager#22: priority=100, comments=0
[23:31:51] *** DISCOVERED: ibelanger/GraniteFungiForager#22 (priority: 100, 0 comments) ***
[23:31:51] >>> Posting on discovered issue ibelanger/GraniteFungiForager#22
[23:31:52] SUCCESS: Posted on ibelanger/GraniteFungiForager#22
[23:31:57]   Skipping windoze95/nullfeed-flutter#15: Already tracked
[23:31:57]   Skipping windoze95/nullfeed-flutter#14: Already tracked
[23:31:58]   Skipping windoze95/nullfeed-backend#27: Already tracked
[23:31:58]   Skipping finnoybu/aegis-governance#14: Already tracked
[23:31:58]   Skipping finnoybu/aegis-governance#13: Already tracked
[23:31:58]   Skipping adenueltech/jobhunter#27: Already tracked
[23:31:58]   Skipping adenueltech/jobhunter#1: Already tracked
[23:31:58]   Skipping GreatJobTommy/DIT-Transfer-Tools#72: Already tracked
[23:31:58]   Skipping GreatJobTommy/DIT-Transfer-Tools#73: Already tracked
[23:31:58]   Skipping PatrickB1905/WealthWise#12: Already tracked
[23:31:58]   Skipping mynextproject-portfolio/recipe-explorer-lite-ildarakhmetov#1: Already tracked
[23:31:58]   Skipping rajmahadev422/Learn-To-PR#7: Already tracked
[23:31:58]   Skipping finnoybu/aegis-governance#12: Already tracked
[23:31:58]   Skipping Vexa-ai/vexa#160: Already tracked
[23:31:58] Checked 20 issues, discovered 1 high-priority ones
[23:31:58] STEP 3: Checking follow-ups
[23:32:00] STEP 4: Building action items list
[23:32:00] STEP 5: Updating metrics
[23:32:00] === SUMMARY ===
[23:32:00] Notifications: 72
[23:32:00] Posted: 1
[23:32:00] Consent opportunities: 1
[23:32:00] Stale issues: 0
[23:32:00] Need follow-up: 0
[23:32:00] Merge conflicts: 0
[23:32:00] Total tracked: 54
[23:32:00] Check complete
