=== GitHub SLA Check: Sat Mar  7 06:30:01 PM CST 2026 ===
[18:30:01] STEP 0: Cleaning old data
[18:30:02] Checking tracked issues for closures...
[18:30:13] Cleanup complete
[18:30:13] STEP 1: Processing notifications
[18:30:14] Found 72 notifications
[18:30:15] Evaluating: chaotic-society/theoretica#101 (priority: 100)
[18:30:16] Consent signals found in comments
[18:30:16] >>> Posting comment on chaotic-society/theoretica#101
[18:30:17] SUCCESS: Posted on chaotic-society/theoretica#101
[18:30:34] pytorch-tabular/pytorch_tabular#605: Too old (41 days), skipping
[18:30:55] activist-org/activist#1925: Already assigned, skipping
[18:31:15] microsoft/vscode#288770: Already assigned, skipping
[18:31:20] lucasjinreal/Kokoros#61: Too old (379 days), skipping
[18:31:53] STEP 2: Checking my PRs
[18:31:55] STEP 2.5: Proactive discovery - finding new issues
[18:31:55] Searching for good-first-issues...
[18:31:56] Found 20 good-first-issues from search
[18:31:56]   Skipping windoze95/nullfeed-flutter#15: Already tracked
[18:31:56]   Skipping windoze95/nullfeed-flutter#14: Already tracked
[18:31:56]   Skipping windoze95/nullfeed-backend#27: Already tracked
[18:31:56]   Skipping finnoybu/aegis-governance#14: Already tracked
[18:31:57]   Skipping finnoybu/aegis-governance#13: Already tracked
[18:31:57]   Skipping adenueltech/jobhunter#27: Already tracked
[18:31:57]   Skipping adenueltech/jobhunter#1: Already tracked
[18:31:57]   Skipping GreatJobTommy/DIT-Transfer-Tools#73: Already tracked
[18:31:57]   Skipping GreatJobTommy/DIT-Transfer-Tools#72: Already tracked
[18:31:57]   Skipping PatrickB1905/WealthWise#12: Already tracked
[18:31:57]   Skipping mynextproject-portfolio/recipe-explorer-lite-ildarakhmetov#1: Already tracked
[18:31:57]   Skipping rajmahadev422/Learn-To-PR#7: Already tracked
[18:31:57]   Skipping finnoybu/aegis-governance#12: Already tracked
[18:31:57]   Skipping Vexa-ai/vexa#160: Already tracked
[18:31:57]   Skipping rajmahadev422/Learn-To-PR#3: Already tracked
[18:31:57]   Skipping VATSIM-UK/UK-Sector-File#6064: Already tracked
[18:31:57]   Skipping Vexa-ai/vexa#155: Already tracked
[18:31:57]   Skipping windoze95/nullfeed-flutter#12: Already tracked
[18:31:57]   Skipping windoze95/nullfeed-backend#22: Already tracked
[18:31:58]   Skipping brendankowitz/FHIR-Tools-for-Anonymization#64: Too many comments (6)
[18:31:58] Checked 20 issues, discovered 0 high-priority ones
[18:31:58] STEP 3: Checking follow-ups
[18:31:59] STEP 4: Building action items list
[18:31:59] STEP 5: Updating metrics
[18:31:59] === SUMMARY ===
[18:31:59] Notifications: 72
[18:31:59] Posted: 1
[18:31:59] Consent opportunities: 1
[18:31:59] Stale issues: 0
[18:31:59] Need follow-up: 0
[18:31:59] Merge conflicts: 0
[18:31:59] Total tracked: 48
[18:31:59] Check complete
