=== GitHub SLA Check: Mon Mar  9 01:30:01 PM CST 2026 ===
[13:30:01] STEP 0: Cleaning old data
[13:30:01] Checking tracked issues for closures...
[13:30:11] Cleanup complete
[13:30:11] STEP 1: Processing notifications
[13:30:12] Found 72 notifications
[13:30:32] VATSIM-UK/UK-Sector-File#6064: Already assigned, skipping
[13:30:36] pytorch-tabular/pytorch_tabular#605: Too old (42 days), skipping
[13:30:55] activist-org/activist#1925: Already assigned, skipping
[13:31:12] microsoft/vscode#288770: Already assigned, skipping
[13:31:16] lucasjinreal/Kokoros#61: Too old (381 days), skipping
[13:31:44] STEP 2: Checking my PRs
[13:31:45] STEP 2.5: Proactive discovery - finding new issues
[13:31:45] Searching for good-first-issues...
[13:31:47] Found 20 good-first-issues from search
[13:31:48]   Checking avni-j/synthetic-demo-app#12: priority=100, comments=0
[13:31:48] *** DISCOVERED: avni-j/synthetic-demo-app#12 (priority: 100, 0 comments) ***
[13:31:48] >>> Posting on discovered issue avni-j/synthetic-demo-app#12
[13:31:49] SUCCESS: Posted on avni-j/synthetic-demo-app#12
[13:31:55]   Skipping T-SIG/tsig-prints#252: Already tracked
[13:31:55]   Skipping T-SIG/tsig-prints#249: Already tracked
[13:31:55]   Skipping T-SIG/tsig-prints#248: Already tracked
[13:31:55]   Skipping T-SIG/tsig-prints#247: Already tracked
[13:31:55]   Skipping T-SIG/tsig-prints#245: Already tracked
[13:31:55]   Skipping T-SIG/tsig-prints#244: Already tracked
[13:31:55]   Skipping T-SIG/tsig-prints#243: Already tracked
[13:31:55]   Skipping T-SIG/tsig-prints#242: Already tracked
[13:31:55]   Skipping T-SIG/tsig-prints#241: Already tracked
[13:31:55]   Skipping T-SIG/tsig-prints#240: Already tracked
[13:31:55]   Checking T-SIG/tsig-prints#239: priority=100, comments=0
[13:31:55] *** DISCOVERED: T-SIG/tsig-prints#239 (priority: 100, 0 comments) ***
[13:31:55] >>> Posting on discovered issue T-SIG/tsig-prints#239
[13:31:56] SUCCESS: Posted on T-SIG/tsig-prints#239
[13:32:02]   Checking T-SIG/tsig-prints#238: priority=100, comments=0
[13:32:02] *** DISCOVERED: T-SIG/tsig-prints#238 (priority: 100, 0 comments) ***
[13:32:02] >>> Posting on discovered issue T-SIG/tsig-prints#238
[13:32:03] SUCCESS: Posted on T-SIG/tsig-prints#238
[13:32:08]   Checking T-SIG/tsig-prints#237: priority=100, comments=0
[13:32:08] *** DISCOVERED: T-SIG/tsig-prints#237 (priority: 100, 0 comments) ***
[13:32:08] >>> Posting on discovered issue T-SIG/tsig-prints#237
[13:32:09] SUCCESS: Posted on T-SIG/tsig-prints#237
[13:32:14]   Checking T-SIG/tsig-prints#236: priority=100, comments=0
[13:32:14] *** DISCOVERED: T-SIG/tsig-prints#236 (priority: 100, 0 comments) ***
[13:32:14] >>> Posting on discovered issue T-SIG/tsig-prints#236
[13:32:15] SUCCESS: Posted on T-SIG/tsig-prints#236
[13:32:21]   Checking T-SIG/tsig-prints#234: priority=100, comments=0
[13:32:21] *** DISCOVERED: T-SIG/tsig-prints#234 (priority: 100, 0 comments) ***
[13:32:21]   Checking T-SIG/tsig-prints#231: priority=100, comments=0
[13:32:21] *** DISCOVERED: T-SIG/tsig-prints#231 (priority: 100, 0 comments) ***
[13:32:21]   Checking T-SIG/tsig-prints#230: priority=100, comments=0
[13:32:21] *** DISCOVERED: T-SIG/tsig-prints#230 (priority: 100, 0 comments) ***
[13:32:21]   Checking T-SIG/tsig-prints#229: priority=100, comments=0
[13:32:21] *** DISCOVERED: T-SIG/tsig-prints#229 (priority: 100, 0 comments) ***
[13:32:22]   Checking T-SIG/tsig-prints#227: priority=100, comments=0
[13:32:22] *** DISCOVERED: T-SIG/tsig-prints#227 (priority: 100, 0 comments) ***
[13:32:22] Checked 20 issues, discovered 10 high-priority ones
[13:32:22] STEP 3: Checking follow-ups
[13:32:24] STEP 4: Building action items list
[13:32:24] STEP 5: Updating metrics
[13:32:24] === SUMMARY ===
[13:32:24] Notifications: 72
[13:32:24] Posted: 5
[13:32:24] Consent opportunities: 10
[13:32:24] Stale issues: 0
[13:32:24] Need follow-up: 0
[13:32:24] Merge conflicts: 0
[13:32:24] Total tracked: 79
[13:32:24] Check complete
