=== GitHub SLA Check: Tue Mar 10 03:00:02 PM CST 2026 ===
[15:00:02] STEP 0: Cleaning old data
[15:00:02] Checking tracked issues for closures...
[15:00:12] Cleanup complete
[15:00:12] STEP 1: Processing notifications
[15:00:14] Found 81 notifications
[15:00:20] djangonaut-space/wagtail-indymeet#713: Already assigned, skipping
[15:00:21] EndlessPixel/EndlessPixel-Modpack#35: Already assigned, skipping
[15:00:22] VATSIM-UK/UK-Sector-File#6064: Already assigned, skipping
[15:00:55] pytorch-tabular/pytorch_tabular#605: Too old (43 days), skipping
[15:01:13] activist-org/activist#1925: Already assigned, skipping
[15:01:27] microsoft/vscode#288770: Already assigned, skipping
[15:01:31] lucasjinreal/Kokoros#61: Too old (382 days), skipping
[15:02:00] STEP 2: Checking my PRs
[15:02:01] STEP 2.5: Proactive discovery - finding new issues
[15:02:01] Searching for good-first-issues...
[15:02:03] Found 20 good-first-issues from search
[15:02:03]   Skipping 7788ken/linkgate#13: Already tracked
[15:02:03]   Skipping 7788ken/linkgate#7: Already tracked
[15:02:03]   Skipping 7788ken/linkgate#3: Already tracked
[15:02:03]   Skipping djangonaut-space/wagtail-indymeet#713: Already tracked
[15:02:03]   Skipping rajmahadev422/Learn-To-PR#16: Already tracked
[15:02:03]   Skipping EndlessPixel/EndlessPixel-Modpack#35: Too many comments (6)
[15:02:03]   Skipping rysweet/azlin#793: Already tracked
[15:02:03]   Skipping rysweet/amplihack#2981: Already tracked
[15:02:03]   Skipping rysweet/amplihack#2979: Already tracked
[15:02:03]   Skipping rysweet/amplihack#2980: Already tracked
[15:02:03]   Skipping rysweet/amplihack#2977: Already tracked
[15:02:04]   Skipping rysweet/amplihack#2976: Already tracked
[15:02:04]   Skipping brendankowitz/FHIR-Tools-for-Anonymization#80: Already tracked
[15:02:04]   Skipping windoze95/nullfeed-flutter#19: Already tracked
[15:02:04]   Skipping windoze95/nullfeed-backend#33: Already tracked
[15:02:04]   Skipping windoze95/nullfeed-backend#32: Already tracked
[15:02:04]   Skipping avni-j/synthetic-demo-app#12: Already tracked
[15:02:04]   Skipping T-SIG/tsig-prints#252: Already tracked
[15:02:04]   Skipping T-SIG/tsig-prints#249: Already tracked
[15:02:04]   Skipping T-SIG/tsig-prints#248: Already tracked
[15:02:04] Checked 20 issues, discovered 0 high-priority ones
[15:02:04] STEP 3: Checking follow-ups
[15:02:30] FOLLOW-UP NEEDED: Vexa-ai/vexa#160 (no response in 3 days)
[15:02:37] FOLLOW-UP NEEDED: mynextproject-portfolio/recipe-explorer-lite-yuewang199511#1 (no response in 3 days)
[15:02:40] FOLLOW-UP NEEDED: Marormur/Website#158 (no response in 3 days)
[15:02:42] FOLLOW-UP NEEDED: Marormur/Website#160 (no response in 3 days)
[15:02:43] FOLLOW-UP NEEDED: PatrickB1905/wealthwise#12 (no response in 3 days)
[15:02:44] FOLLOW-UP NEEDED: GreatJobTommy/DIT-Transfer-Tools#73 (no response in 3 days)
[15:02:48] FOLLOW-UP NEEDED: adenueltech/jobhunter#1 (no response in 3 days)
[15:02:49] FOLLOW-UP NEEDED: windoze95/nullfeed-backend#24 (no response in 3 days)
[15:02:50] FOLLOW-UP NEEDED: PatrickB1905/WealthWise#12 (no response in 3 days)
[15:02:52] FOLLOW-UP NEEDED: finnoybu/aegis-governance#14 (no response in 3 days)
[15:02:53] FOLLOW-UP NEEDED: finnoybu/aegis-governance#13 (no response in 3 days)
[15:02:55] STEP 4: Building action items list
[15:02:55] STEP 5: Updating metrics
[15:02:55] === SUMMARY ===
[15:02:55] Notifications: 81
[15:02:55] Posted: 0
[15:02:55] Consent opportunities: 0
[15:02:55] Stale issues: 0
[15:02:55] Need follow-up: 140
[15:02:55] Merge conflicts: 0
[15:02:55] Total tracked: 104
[15:02:55] Check complete
