=== GitHub SLA Check: Mon Mar  9 02:00:02 PM CST 2026 ===
[14:00:02] STEP 0: Cleaning old data
[14:00:02] Checking tracked issues for closures...
[14:00:12] Cleanup complete
[14:00:12] STEP 1: Processing notifications
[14:00:13] Found 72 notifications
[14:00:34] VATSIM-UK/UK-Sector-File#6064: Already assigned, skipping
[14:00:38] pytorch-tabular/pytorch_tabular#605: Too old (42 days), skipping
[14:00:56] activist-org/activist#1925: Already assigned, skipping
[14:01:14] microsoft/vscode#288770: Already assigned, skipping
[14:01:19] lucasjinreal/Kokoros#61: Too old (381 days), skipping
[14:01:47] STEP 2: Checking my PRs
[14:01:48] STEP 2.5: Proactive discovery - finding new issues
[14:01:48] Searching for good-first-issues...
[14:01:49] Found 20 good-first-issues from search
[14:01:50]   Skipping avni-j/synthetic-demo-app#12: Already tracked
[14:01:50]   Skipping T-SIG/tsig-prints#252: Already tracked
[14:01:50]   Skipping T-SIG/tsig-prints#249: Already tracked
[14:01:50]   Skipping T-SIG/tsig-prints#248: Already tracked
[14:01:50]   Skipping T-SIG/tsig-prints#247: Already tracked
[14:01:50]   Skipping T-SIG/tsig-prints#245: Already tracked
[14:01:50]   Skipping T-SIG/tsig-prints#244: Already tracked
[14:01:50]   Skipping T-SIG/tsig-prints#243: Already tracked
[14:01:50]   Skipping T-SIG/tsig-prints#242: Already tracked
[14:01:50]   Skipping T-SIG/tsig-prints#241: Already tracked
[14:01:50]   Skipping T-SIG/tsig-prints#240: Already tracked
[14:01:50]   Skipping T-SIG/tsig-prints#239: Already tracked
[14:01:50]   Skipping T-SIG/tsig-prints#238: Already tracked
[14:01:50]   Skipping T-SIG/tsig-prints#237: Already tracked
[14:01:50]   Skipping T-SIG/tsig-prints#236: Already tracked
[14:01:51]   Checking T-SIG/tsig-prints#234: priority=100, comments=0
[14:01:51] *** DISCOVERED: T-SIG/tsig-prints#234 (priority: 100, 0 comments) ***
[14:01:51] >>> Posting on discovered issue T-SIG/tsig-prints#234
[14:01:52] SUCCESS: Posted on T-SIG/tsig-prints#234
[14:01:57]   Checking T-SIG/tsig-prints#231: priority=100, comments=0
[14:01:57] *** DISCOVERED: T-SIG/tsig-prints#231 (priority: 100, 0 comments) ***
[14:01:57] >>> Posting on discovered issue T-SIG/tsig-prints#231
[14:01:58] SUCCESS: Posted on T-SIG/tsig-prints#231
[14:02:03]   Checking T-SIG/tsig-prints#230: priority=100, comments=0
[14:02:03] *** DISCOVERED: T-SIG/tsig-prints#230 (priority: 100, 0 comments) ***
[14:02:03] >>> Posting on discovered issue T-SIG/tsig-prints#230
[14:02:04] SUCCESS: Posted on T-SIG/tsig-prints#230
[14:02:10]   Checking T-SIG/tsig-prints#229: priority=100, comments=0
[14:02:10] *** DISCOVERED: T-SIG/tsig-prints#229 (priority: 100, 0 comments) ***
[14:02:10] >>> Posting on discovered issue T-SIG/tsig-prints#229
[14:02:11] SUCCESS: Posted on T-SIG/tsig-prints#229
[14:02:16]   Checking T-SIG/tsig-prints#227: priority=100, comments=0
[14:02:16] *** DISCOVERED: T-SIG/tsig-prints#227 (priority: 100, 0 comments) ***
[14:02:16] >>> Posting on discovered issue T-SIG/tsig-prints#227
[14:02:17] SUCCESS: Posted on T-SIG/tsig-prints#227
[14:02:22] Checked 20 issues, discovered 5 high-priority ones
[14:02:22] STEP 3: Checking follow-ups
[14:02:25] STEP 4: Building action items list
[14:02:25] STEP 5: Updating metrics
[14:02:25] === SUMMARY ===
[14:02:25] Notifications: 72
[14:02:25] Posted: 5
[14:02:25] Consent opportunities: 5
[14:02:25] Stale issues: 0
[14:02:25] Need follow-up: 0
[14:02:25] Merge conflicts: 0
[14:02:25] Total tracked: 84
[14:02:25] Check complete
