=== GitHub SLA Check: Tue Mar 10 08:00:01 AM CST 2026 ===
[08:00:01] STEP 0: Cleaning old data
[08:00:01] Checking tracked issues for closures...
[08:00:13] Cleanup complete
[08:00:13] STEP 1: Processing notifications
[08:00:15] Found 79 notifications
[08:00:16] djangonaut-space/wagtail-indymeet#713: Already assigned, skipping
[08:00:17] EndlessPixel/EndlessPixel-Modpack#35: Already assigned, skipping
[08:00:19] VATSIM-UK/UK-Sector-File#6064: Already assigned, skipping
[08:00:56] pytorch-tabular/pytorch_tabular#605: Too old (43 days), skipping
[08:01:13] activist-org/activist#1925: Already assigned, skipping
[08:01:31] microsoft/vscode#288770: Already assigned, skipping
[08:01:36] lucasjinreal/Kokoros#61: Too old (381 days), skipping
[08:02:07] STEP 2: Checking my PRs
[08:02:08] STEP 2.5: Proactive discovery - finding new issues
[08:02:08] Searching for good-first-issues...
[08:02:10] Found 20 good-first-issues from search
[08:02:10]   Skipping djangonaut-space/wagtail-indymeet#713: Already tracked
[08:02:10]   Skipping rajmahadev422/Learn-To-PR#16: Already tracked
[08:02:10]   Skipping EndlessPixel/EndlessPixel-Modpack#35: Too many comments (6)
[08:02:10]   Skipping rysweet/azlin#793: Already tracked
[08:02:10]   Skipping rysweet/amplihack#2981: Already tracked
[08:02:10]   Skipping rysweet/amplihack#2980: Already tracked
[08:02:10]   Skipping rysweet/amplihack#2979: Already tracked
[08:02:10]   Skipping rysweet/amplihack#2977: Already tracked
[08:02:10]   Skipping rysweet/amplihack#2976: Already tracked
[08:02:11]   Skipping brendankowitz/FHIR-Tools-for-Anonymization#80: Already tracked
[08:02:11]   Skipping windoze95/nullfeed-flutter#19: Already tracked
[08:02:11]   Skipping windoze95/nullfeed-backend#33: Already tracked
[08:02:11]   Skipping windoze95/nullfeed-backend#32: Already tracked
[08:02:11]   Skipping avni-j/synthetic-demo-app#12: Already tracked
[08:02:11]   Skipping T-SIG/tsig-prints#252: Already tracked
[08:02:11]   Skipping T-SIG/tsig-prints#249: Already tracked
[08:02:11]   Skipping T-SIG/tsig-prints#248: Already tracked
[08:02:11]   Skipping T-SIG/tsig-prints#247: Already tracked
[08:02:11]   Skipping T-SIG/tsig-prints#245: Already tracked
[08:02:11]   Skipping T-SIG/tsig-prints#244: Already tracked
[08:02:11] Checked 20 issues, discovered 0 high-priority ones
[08:02:11] STEP 3: Checking follow-ups
[08:02:37] FOLLOW-UP NEEDED: Vexa-ai/vexa#160 (no response in 3 days)
[08:02:45] FOLLOW-UP NEEDED: mynextproject-portfolio/recipe-explorer-lite-yuewang199511#1 (no response in 3 days)
[08:02:47] FOLLOW-UP NEEDED: Marormur/Website#158 (no response in 3 days)
[08:02:49] FOLLOW-UP NEEDED: Marormur/Website#160 (no response in 3 days)
[08:02:50] FOLLOW-UP NEEDED: PatrickB1905/wealthwise#12 (no response in 3 days)
[08:02:52] FOLLOW-UP NEEDED: GreatJobTommy/DIT-Transfer-Tools#73 (no response in 3 days)
[08:02:55] STEP 4: Building action items list
[08:02:55] STEP 5: Updating metrics
[08:02:55] === SUMMARY ===
[08:02:55] Notifications: 79
[08:02:55] Posted: 0
[08:02:55] Consent opportunities: 0
[08:02:55] Stale issues: 0
[08:02:55] Need follow-up: 21
[08:02:55] Merge conflicts: 0
[08:02:55] Total tracked: 101
[08:02:55] Check complete
