=== GitHub SLA Check: Tue Mar 10 08:00:01 PM CST 2026 ===
[20:00:01] STEP 0: Cleaning old data
[20:00:01] Checking tracked issues for closures...
[20:00:12] Cleanup complete
[20:00:12] STEP 1: Processing notifications
[20:00:14] Found 81 notifications
[20:00:15] EndlessPixel/EndlessPixel-Modpack#35: Already assigned, skipping
[20:00:20] djangonaut-space/wagtail-indymeet#713: Already assigned, skipping
[20:00:22] VATSIM-UK/UK-Sector-File#6064: Already assigned, skipping
[20:00:57] pytorch-tabular/pytorch_tabular#605: Too old (44 days), skipping
[20:01:16] activist-org/activist#1925: Already assigned, skipping
[20:01:29] microsoft/vscode#288770: Already assigned, skipping
[20:01:34] lucasjinreal/Kokoros#61: Too old (382 days), skipping
[20:02:05] STEP 2: Checking my PRs
[20:02:06] STEP 2.5: Proactive discovery - finding new issues
[20:02:06] Searching for good-first-issues...
[20:02:08] Found 20 good-first-issues from search
[20:02:08]   Checking aonyx-ai/doco#229: priority=100, comments=0
[20:02:08] *** DISCOVERED: aonyx-ai/doco#229 (priority: 100, 0 comments) ***
[20:02:08] >>> Posting on discovered issue aonyx-ai/doco#229
[20:02:10] SUCCESS: Posted on aonyx-ai/doco#229
[20:02:15]   Skipping 7788ken/linkgate#13: Already tracked
[20:02:15]   Skipping 7788ken/linkgate#7: Already tracked
[20:02:15]   Skipping 7788ken/linkgate#3: Already tracked
[20:02:15]   Skipping djangonaut-space/wagtail-indymeet#713: Already tracked
[20:02:15]   Skipping rajmahadev422/Learn-To-PR#16: Already tracked
[20:02:15]   Skipping EndlessPixel/EndlessPixel-Modpack#35: Too many comments (7)
[20:02:15]   Skipping rysweet/azlin#793: Already tracked
[20:02:15]   Skipping rysweet/amplihack#2981: Already tracked
[20:02:15]   Skipping rysweet/amplihack#2979: Already tracked
[20:02:15]   Skipping rysweet/amplihack#2980: Already tracked
[20:02:15]   Skipping rysweet/amplihack#2977: Already tracked
[20:02:16]   Skipping rysweet/amplihack#2976: Already tracked
[20:02:16]   Skipping brendankowitz/FHIR-Tools-for-Anonymization#80: Already tracked
[20:02:16]   Skipping windoze95/nullfeed-flutter#19: Already tracked
[20:02:16]   Skipping windoze95/nullfeed-backend#33: Already tracked
[20:02:16]   Skipping windoze95/nullfeed-backend#32: Already tracked
[20:02:16]   Skipping avni-j/synthetic-demo-app#12: Already tracked
[20:02:16]   Skipping T-SIG/tsig-prints#252: Already tracked
[20:02:16]   Skipping T-SIG/tsig-prints#249: Already tracked
[20:02:16] Checked 20 issues, discovered 1 high-priority ones
[20:02:16] STEP 3: Checking follow-ups
[20:02:43] FOLLOW-UP NEEDED: Vexa-ai/vexa#160 (no response in 3 days)
[20:02:53] FOLLOW-UP NEEDED: mynextproject-portfolio/recipe-explorer-lite-yuewang199511#1 (no response in 3 days)
[20:02:55] FOLLOW-UP NEEDED: Marormur/Website#158 (no response in 3 days)
[20:02:57] FOLLOW-UP NEEDED: Marormur/Website#160 (no response in 3 days)
[20:02:58] FOLLOW-UP NEEDED: PatrickB1905/wealthwise#12 (no response in 3 days)
[20:02:59] FOLLOW-UP NEEDED: GreatJobTommy/DIT-Transfer-Tools#73 (no response in 3 days)
[20:03:02] FOLLOW-UP NEEDED: adenueltech/jobhunter#1 (no response in 3 days)
[20:03:03] FOLLOW-UP NEEDED: windoze95/nullfeed-backend#24 (no response in 3 days)
[20:03:04] FOLLOW-UP NEEDED: PatrickB1905/WealthWise#12 (no response in 3 days)
[20:03:06] FOLLOW-UP NEEDED: finnoybu/aegis-governance#14 (no response in 3 days)
[20:03:07] FOLLOW-UP NEEDED: finnoybu/aegis-governance#13 (no response in 3 days)
[20:03:08] FOLLOW-UP NEEDED: windoze95/nullfeed-flutter#15 (no response in 3 days)
[20:03:09] FOLLOW-UP NEEDED: windoze95/nullfeed-flutter#14 (no response in 3 days)
[20:03:10] FOLLOW-UP NEEDED: windoze95/nullfeed-backend#27 (no response in 3 days)
[20:03:13] STEP 4: Building action items list
[20:03:13] STEP 5: Updating metrics
[20:03:13] === SUMMARY ===
[20:03:13] Notifications: 81
[20:03:13] Posted: 1
[20:03:13] Consent opportunities: 1
[20:03:13] Stale issues: 0
[20:03:13] Need follow-up: 268
[20:03:13] Merge conflicts: 0
[20:03:13] Total tracked: 105
[20:03:13] Check complete
