=== GitHub SLA Check: Sun Mar  8 10:00:01 PM CST 2026 ===
[22:00:01] STEP 0: Cleaning old data
[22:00:01] Checking tracked issues for closures...
[22:00:12] Cleanup complete
[22:00:12] STEP 1: Processing notifications
[22:00:13] Found 70 notifications
[22:00:32] VATSIM-UK/UK-Sector-File#6064: Already assigned, skipping
[22:00:35] pytorch-tabular/pytorch_tabular#605: Too old (42 days), skipping
[22:00:52] activist-org/activist#1925: Already assigned, skipping
[22:01:08] microsoft/vscode#288770: Already assigned, skipping
[22:01:12] lucasjinreal/Kokoros#61: Too old (380 days), skipping
[22:01:41] STEP 2: Checking my PRs
[22:01:42] STEP 2.5: Proactive discovery - finding new issues
[22:01:42] Searching for good-first-issues...
[22:01:44] Found 20 good-first-issues from search
[22:01:44]   Checking lingdojo/kana-dojo#7665: priority=100, comments=1
[22:01:44] *** DISCOVERED: lingdojo/kana-dojo#7665 (priority: 100, 1 comments) ***
[22:01:44] >>> Posting on discovered issue lingdojo/kana-dojo#7665
[22:01:45] FAILED to post on lingdojo/kana-dojo#7665: GraphQL: User is blocked (addComment)
[22:01:45]   Checking lingdojo/kana-dojo#7664: priority=100, comments=1
[22:01:45] *** DISCOVERED: lingdojo/kana-dojo#7664 (priority: 100, 1 comments) ***
[22:01:45] >>> Posting on discovered issue lingdojo/kana-dojo#7664
[22:01:46] FAILED to post on lingdojo/kana-dojo#7664: GraphQL: User is blocked (addComment)
[22:01:46]   Checking lingdojo/kana-dojo#7663: priority=100, comments=1
[22:01:46] *** DISCOVERED: lingdojo/kana-dojo#7663 (priority: 100, 1 comments) ***
[22:01:46] >>> Posting on discovered issue lingdojo/kana-dojo#7663
[22:01:48] FAILED to post on lingdojo/kana-dojo#7663: GraphQL: User is blocked (addComment)
[22:01:48]   Checking lingdojo/kana-dojo#7662: priority=100, comments=1
[22:01:48] *** DISCOVERED: lingdojo/kana-dojo#7662 (priority: 100, 1 comments) ***
[22:01:48] >>> Posting on discovered issue lingdojo/kana-dojo#7662
[22:01:49] FAILED to post on lingdojo/kana-dojo#7662: GraphQL: User is blocked (addComment)
[22:01:50]   Checking lingdojo/kana-dojo#7661: priority=100, comments=1
[22:01:50] *** DISCOVERED: lingdojo/kana-dojo#7661 (priority: 100, 1 comments) ***
[22:01:50] >>> Posting on discovered issue lingdojo/kana-dojo#7661
[22:01:51] FAILED to post on lingdojo/kana-dojo#7661: GraphQL: User is blocked (addComment)
[22:01:51]   Checking lingdojo/kana-dojo#7660: priority=100, comments=1
[22:01:51] *** DISCOVERED: lingdojo/kana-dojo#7660 (priority: 100, 1 comments) ***
[22:01:51] >>> Posting on discovered issue lingdojo/kana-dojo#7660
[22:01:53] FAILED to post on lingdojo/kana-dojo#7660: GraphQL: User is blocked (addComment)
[22:01:53]   Checking lingdojo/kana-dojo#7659: priority=100, comments=1
[22:01:53] *** DISCOVERED: lingdojo/kana-dojo#7659 (priority: 100, 1 comments) ***
[22:01:53] >>> Posting on discovered issue lingdojo/kana-dojo#7659
[22:01:55] FAILED to post on lingdojo/kana-dojo#7659: GraphQL: User is blocked (addComment)
[22:01:55]   Checking lingdojo/kana-dojo#7658: priority=100, comments=1
[22:01:55] *** DISCOVERED: lingdojo/kana-dojo#7658 (priority: 100, 1 comments) ***
[22:01:55] >>> Posting on discovered issue lingdojo/kana-dojo#7658
[22:01:56] FAILED to post on lingdojo/kana-dojo#7658: GraphQL: User is blocked (addComment)
[22:01:56]   Checking lingdojo/kana-dojo#7657: priority=100, comments=1
[22:01:56] *** DISCOVERED: lingdojo/kana-dojo#7657 (priority: 100, 1 comments) ***
[22:01:56] >>> Posting on discovered issue lingdojo/kana-dojo#7657
[22:01:57] FAILED to post on lingdojo/kana-dojo#7657: GraphQL: User is blocked (addComment)
[22:01:57]   Checking lingdojo/kana-dojo#7656: priority=100, comments=1
[22:01:57] *** DISCOVERED: lingdojo/kana-dojo#7656 (priority: 100, 1 comments) ***
[22:01:57] >>> Posting on discovered issue lingdojo/kana-dojo#7656
[22:01:59] FAILED to post on lingdojo/kana-dojo#7656: GraphQL: User is blocked (addComment)
[22:01:59]   Checking lingdojo/kana-dojo#7654: priority=100, comments=1
[22:01:59] *** DISCOVERED: lingdojo/kana-dojo#7654 (priority: 100, 1 comments) ***
[22:01:59] >>> Posting on discovered issue lingdojo/kana-dojo#7654
[22:02:00] FAILED to post on lingdojo/kana-dojo#7654: GraphQL: User is blocked (addComment)
[22:02:00]   Skipping windoze95/nullfeed-flutter#17: Already tracked
[22:02:00]   Skipping windoze95/nullfeed-backend#29: Already tracked
[22:02:00]   Skipping windoze95/nullfeed-backend#28: Already tracked
[22:02:01]   Checking lingdojo/kana-dojo#7653: priority=100, comments=1
[22:02:01] *** DISCOVERED: lingdojo/kana-dojo#7653 (priority: 100, 1 comments) ***
[22:02:01] >>> Posting on discovered issue lingdojo/kana-dojo#7653
[22:02:02] FAILED to post on lingdojo/kana-dojo#7653: GraphQL: User is blocked (addComment)
[22:02:02]   Checking lingdojo/kana-dojo#7652: priority=100, comments=1
[22:02:02] *** DISCOVERED: lingdojo/kana-dojo#7652 (priority: 100, 1 comments) ***
[22:02:02] >>> Posting on discovered issue lingdojo/kana-dojo#7652
[22:02:04] FAILED to post on lingdojo/kana-dojo#7652: GraphQL: User is blocked (addComment)
[22:02:04]   Checking lingdojo/kana-dojo#7651: priority=100, comments=2
[22:02:04] *** DISCOVERED: lingdojo/kana-dojo#7651 (priority: 100, 2 comments) ***
[22:02:04] >>> Posting on discovered issue lingdojo/kana-dojo#7651
[22:02:05] FAILED to post on lingdojo/kana-dojo#7651: GraphQL: User is blocked (addComment)
[22:02:05]   Checking lingdojo/kana-dojo#7649: priority=100, comments=1
[22:02:05] *** DISCOVERED: lingdojo/kana-dojo#7649 (priority: 100, 1 comments) ***
[22:02:05] >>> Posting on discovered issue lingdojo/kana-dojo#7649
[22:02:06] FAILED to post on lingdojo/kana-dojo#7649: GraphQL: User is blocked (addComment)
[22:02:06]   Checking lingdojo/kana-dojo#7648: priority=100, comments=1
[22:02:06] *** DISCOVERED: lingdojo/kana-dojo#7648 (priority: 100, 1 comments) ***
[22:02:06] >>> Posting on discovered issue lingdojo/kana-dojo#7648
[22:02:07] FAILED to post on lingdojo/kana-dojo#7648: GraphQL: User is blocked (addComment)
[22:02:08]   Checking lingdojo/kana-dojo#7646: priority=100, comments=1
[22:02:08] *** DISCOVERED: lingdojo/kana-dojo#7646 (priority: 100, 1 comments) ***
[22:02:08] >>> Posting on discovered issue lingdojo/kana-dojo#7646
[22:02:09] FAILED to post on lingdojo/kana-dojo#7646: GraphQL: User is blocked (addComment)
[22:02:09] Checked 20 issues, discovered 17 high-priority ones
[22:02:09] STEP 3: Checking follow-ups
[22:02:11] STEP 4: Building action items list
[22:02:11] STEP 5: Updating metrics
[22:02:11] === SUMMARY ===
[22:02:11] Notifications: 70
[22:02:11] Posted: 0
[22:02:11] Consent opportunities: 17
[22:02:11] Stale issues: 0
[22:02:11] Need follow-up: 0
[22:02:11] Merge conflicts: 0
[22:02:11] Total tracked: 61
[22:02:11] Check complete
