=== GitHub Commit Check: Sat Mar  7 09:41:54 PM CST 2026 ===
On branch master
Your branch is up to date with 'origin/master'.

Changes not staged for commit:
  (use "git add <file>..." to update what will be committed)
  (use "git restore <file>..." to discard changes in working directory)
  (commit or discard the untracked or modified content in submodules)
	modified:   agent-stamina (untracked content)
	modified:   cron-logs/already-posted.json
	modified:   cron-logs/github-commit-20260307-094137.log
	modified:   cron-logs/github-metrics.json
	modified:   cron-logs/moltbook-metrics.json
	modified:   cron-scripts/research-deep-dive.sh
	modified:   memory-logs/memory-2026-03-07.jsonl

Untracked files:
  (use "git add <file>..." to include in what will be committed)
	cron-logs/agent-stamina-20260307-105617.log
	cron-logs/github-commit-20260307-214154.log
	cron-logs/github-sla-20260307-100001.log
	cron-logs/github-sla-20260307-103001.log
	cron-logs/github-sla-20260307-110001.log
	cron-logs/github-sla-20260307-113001.log
	cron-logs/github-sla-20260307-120001.log
	cron-logs/github-sla-20260307-123001.log
	cron-logs/github-sla-20260307-130001.log
	cron-logs/github-sla-20260307-133001.log
	cron-logs/github-sla-20260307-140001.log
	cron-logs/github-sla-20260307-143001.log
	cron-logs/github-sla-20260307-150001.log
	cron-logs/github-sla-20260307-153001.log
	cron-logs/github-sla-20260307-160001.log
	cron-logs/github-sla-20260307-163001.log
	cron-logs/github-sla-20260307-170001.log
	cron-logs/github-sla-20260307-173002.log
	cron-logs/github-sla-20260307-180001.log
	cron-logs/github-sla-20260307-183001.log
	cron-logs/github-sla-20260307-190001.log
	cron-logs/github-sla-20260307-193001.log
	cron-logs/github-sla-20260307-200002.log
	cron-logs/github-sla-20260307-203001.log
	cron-logs/github-sla-20260307-210001.log
	cron-logs/github-sla-20260307-213001.log
	cron-logs/memory-20260307-095001.log
	cron-logs/memory-20260307-100001.log
	cron-logs/memory-20260307-101001.log
	cron-logs/memory-20260307-102001.log
	cron-logs/memory-20260307-103001.log
	cron-logs/memory-20260307-104001.log
	cron-logs/memory-20260307-105001.log
	cron-logs/memory-20260307-110001.log
	cron-logs/memory-20260307-111001.log
	cron-logs/memory-20260307-112001.log
	cron-logs/memory-20260307-113001.log
	cron-logs/memory-20260307-114001.log
	cron-logs/memory-20260307-115001.log
	cron-logs/memory-20260307-120001.log
	cron-logs/memory-20260307-121001.log
	cron-logs/memory-20260307-122001.log
	cron-logs/memory-20260307-123001.log
	cron-logs/memory-20260307-124001.log
	cron-logs/memory-20260307-125001.log
	cron-logs/memory-20260307-130001.log
	cron-logs/memory-20260307-131001.log
	cron-logs/memory-20260307-132001.log
	cron-logs/memory-20260307-133001.log
	cron-logs/memory-20260307-134001.log
	cron-logs/memory-20260307-135001.log
	cron-logs/memory-20260307-140001.log
	cron-logs/memory-20260307-141001.log
	cron-logs/memory-20260307-142001.log
	cron-logs/memory-20260307-143001.log
	cron-logs/memory-20260307-144001.log
	cron-logs/memory-20260307-145001.log
	cron-logs/memory-20260307-150001.log
	cron-logs/memory-20260307-151001.log
	cron-logs/memory-20260307-152001.log
	cron-logs/memory-20260307-153001.log
	cron-logs/memory-20260307-154001.log
	cron-logs/memory-20260307-155001.log
	cron-logs/memory-20260307-160001.log
	cron-logs/memory-20260307-161001.log
	cron-logs/memory-20260307-162001.log
	cron-logs/memory-20260307-163001.log
	cron-logs/memory-20260307-164001.log
	cron-logs/memory-20260307-165001.log
	cron-logs/memory-20260307-170001.log
	cron-logs/memory-20260307-171001.log
	cron-logs/memory-20260307-172001.log
	cron-logs/memory-20260307-173002.log
	cron-logs/memory-20260307-174001.log
	cron-logs/memory-20260307-175001.log
	cron-logs/memory-20260307-180001.log
	cron-logs/memory-20260307-181001.log
	cron-logs/memory-20260307-182001.log
	cron-logs/memory-20260307-183001.log
	cron-logs/memory-20260307-184001.log
	cron-logs/memory-20260307-185001.log
	cron-logs/memory-20260307-190001.log
	cron-logs/memory-20260307-191001.log
	cron-logs/memory-20260307-192001.log
	cron-logs/memory-20260307-193001.log
	cron-logs/memory-20260307-194001.log
	cron-logs/memory-20260307-195001.log
	cron-logs/memory-20260307-200002.log
	cron-logs/memory-20260307-201001.log
	cron-logs/memory-20260307-202001.log
	cron-logs/memory-20260307-203001.log
	cron-logs/memory-20260307-204001.log
	cron-logs/memory-20260307-205001.log
	cron-logs/memory-20260307-210001.log
	cron-logs/memory-20260307-211001.log
	cron-logs/memory-20260307-212001.log
	cron-logs/memory-20260307-213001.log
	cron-logs/memory-20260307-214001.log
	cron-logs/moltbook-20260307-100001.log
	cron-logs/moltbook-20260307-103001.log
	cron-logs/moltbook-20260307-110001.log
	cron-logs/moltbook-20260307-113001.log
	cron-logs/moltbook-20260307-120001.log
	cron-logs/moltbook-20260307-123001.log
	cron-logs/moltbook-20260307-130001.log
	cron-logs/moltbook-20260307-133001.log
	cron-logs/moltbook-20260307-140001.log
	cron-logs/moltbook-20260307-143001.log
	cron-logs/moltbook-20260307-150001.log
	cron-logs/moltbook-20260307-153001.log
	cron-logs/moltbook-20260307-160001.log
	cron-logs/moltbook-20260307-163001.log
	cron-logs/moltbook-20260307-170001.log
	cron-logs/moltbook-20260307-173002.log
	cron-logs/moltbook-20260307-180001.log
	cron-logs/moltbook-20260307-183001.log
	cron-logs/moltbook-20260307-190001.log
	cron-logs/moltbook-20260307-193001.log
	cron-logs/moltbook-20260307-200002.log
	cron-logs/moltbook-20260307-203001.log
	cron-logs/moltbook-20260307-210001.log
	cron-logs/moltbook-20260307-213001.log
	cron-logs/research-20260307-100154.log
	cron-logs/research-20260307-100505.log
	diary/2026-03-07-research-live.md
	diary/2026-03-07-research-v2.md

no changes added to commit (use "git add" and/or "git commit -a")
