=== GitHub SLA Check: Wed Mar 11 12:00:01 AM CST 2026 ===
[00:00:01] STEP 0: Cleaning old data
[00:00:01] Checking tracked issues for closures...
[00:00:13] Cleanup complete
[00:00:13] STEP 1: Processing notifications
[00:00:15] Found 82 notifications
[00:00:16] PretendoNetwork/juxtaposition#411: Already assigned, skipping
[00:00:18] EndlessPixel/EndlessPixel-Modpack#35: Already assigned, skipping
[00:00:23] djangonaut-space/wagtail-indymeet#713: Already assigned, skipping
[00:00:24] VATSIM-UK/UK-Sector-File#6064: Already assigned, skipping
[00:01:00] pytorch-tabular/pytorch_tabular#605: Too old (44 days), skipping
[00:01:19] activist-org/activist#1925: Already assigned, skipping
[00:01:33] microsoft/vscode#288770: Already assigned, skipping
[00:01:37] lucasjinreal/Kokoros#61: Too old (382 days), skipping
[00:02:09] STEP 2: Checking my PRs
[00:02:10] STEP 2.5: Proactive discovery - finding new issues
[00:02:10] Searching for good-first-issues...
[00:02:12] Found 50 good-first-issues from search
[00:02:13]   Skipping 7788ken/linkgate#13: Already tracked
[00:02:13]   Skipping 7788ken/linkgate#7: Already tracked
[00:02:13]   Skipping 7788ken/linkgate#3: Already tracked
[00:02:13]   Skipping djangonaut-space/wagtail-indymeet#713: Already tracked
[00:02:13]   Skipping rajmahadev422/Learn-To-PR#16: Already tracked
[00:02:13]   Skipping EndlessPixel/EndlessPixel-Modpack#35: Too many comments (8)
[00:02:13]   Skipping rysweet/azlin#793: Already tracked
[00:02:13]   Skipping rysweet/amplihack#2981: Already tracked
[00:02:13]   Skipping rysweet/amplihack#2979: Already tracked
[00:02:13]   Skipping rysweet/amplihack#2980: Already tracked
[00:02:13]   Skipping rysweet/amplihack#2977: Already tracked
[00:02:13]   Skipping rysweet/amplihack#2976: Already tracked
[00:02:13]   Skipping brendankowitz/FHIR-Tools-for-Anonymization#80: Already tracked
[00:02:13]   Skipping windoze95/nullfeed-flutter#19: Already tracked
[00:02:14]   Skipping windoze95/nullfeed-backend#33: Already tracked
[00:02:14]   Skipping windoze95/nullfeed-backend#32: Already tracked
[00:02:14]   Skipping avni-j/synthetic-demo-app#12: Already tracked
[00:02:14]   Skipping T-SIG/tsig-prints#252: Already tracked
[00:02:14]   Skipping T-SIG/tsig-prints#249: Already tracked
[00:02:14]   Skipping T-SIG/tsig-prints#248: Already tracked
[00:02:14]   Skipping T-SIG/tsig-prints#247: Already tracked
[00:02:14]   Skipping T-SIG/tsig-prints#245: Already tracked
[00:02:14]   Skipping T-SIG/tsig-prints#244: Already tracked
[00:02:14]   Skipping T-SIG/tsig-prints#243: Already tracked
[00:02:14]   Skipping T-SIG/tsig-prints#242: Already tracked
[00:02:14]   Skipping T-SIG/tsig-prints#241: Already tracked
[00:02:14]   Skipping T-SIG/tsig-prints#240: Already tracked
[00:02:14]   Skipping T-SIG/tsig-prints#239: Already tracked
[00:02:15]   Skipping T-SIG/tsig-prints#238: Already tracked
[00:02:15]   Skipping T-SIG/tsig-prints#237: Already tracked
[00:02:15]   Skipping T-SIG/tsig-prints#236: Already tracked
[00:02:15]   Skipping T-SIG/tsig-prints#234: Already tracked
[00:02:15]   Skipping T-SIG/tsig-prints#231: Already tracked
[00:02:15]   Skipping T-SIG/tsig-prints#230: Already tracked
[00:02:15]   Skipping T-SIG/tsig-prints#229: Already tracked
[00:02:15]   Skipping T-SIG/tsig-prints#227: Already tracked
[00:02:15]   Skipping T-SIG/tsig-prints#226: Already tracked
[00:02:15]   Skipping T-SIG/tsig-prints#225: Already tracked
[00:02:15]   Skipping T-SIG/tsig-prints#224: Already tracked
[00:02:15]   Skipping visouha/openclaw-test-repo#2: Already tracked
[00:02:15]   Skipping VATSIM-UK/UK-Sector-File#6069: Already tracked
[00:02:16]   Checking lingdojo/kana-dojo#7665: priority=100, comments=1
[00:02:16] *** DISCOVERED: lingdojo/kana-dojo#7665 (priority: 100, 1 comments) ***
[00:02:16] >>> Posting on discovered issue lingdojo/kana-dojo#7665
[00:02:17] FAILED to post on lingdojo/kana-dojo#7665: GraphQL: User is blocked (addComment)
[00:02:17]   Checking lingdojo/kana-dojo#7664: priority=100, comments=1
[00:02:17] *** DISCOVERED: lingdojo/kana-dojo#7664 (priority: 100, 1 comments) ***
[00:02:17] >>> Posting on discovered issue lingdojo/kana-dojo#7664
[00:02:18] FAILED to post on lingdojo/kana-dojo#7664: GraphQL: User is blocked (addComment)
[00:02:18]   Checking lingdojo/kana-dojo#7663: priority=100, comments=2
[00:02:18] *** DISCOVERED: lingdojo/kana-dojo#7663 (priority: 100, 2 comments) ***
[00:02:19] >>> Posting on discovered issue lingdojo/kana-dojo#7663
[00:02:20] FAILED to post on lingdojo/kana-dojo#7663: GraphQL: User is blocked (addComment)
[00:02:20]   Checking lingdojo/kana-dojo#7662: priority=100, comments=1
[00:02:20] *** DISCOVERED: lingdojo/kana-dojo#7662 (priority: 100, 1 comments) ***
[00:02:20] >>> Posting on discovered issue lingdojo/kana-dojo#7662
[00:02:21] FAILED to post on lingdojo/kana-dojo#7662: GraphQL: User is blocked (addComment)
[00:02:21]   Checking lingdojo/kana-dojo#7661: priority=100, comments=1
[00:02:21] *** DISCOVERED: lingdojo/kana-dojo#7661 (priority: 100, 1 comments) ***
[00:02:21] >>> Posting on discovered issue lingdojo/kana-dojo#7661
[00:02:23] FAILED to post on lingdojo/kana-dojo#7661: GraphQL: User is blocked (addComment)
[00:02:23]   Checking lingdojo/kana-dojo#7660: priority=100, comments=1
[00:02:23] *** DISCOVERED: lingdojo/kana-dojo#7660 (priority: 100, 1 comments) ***
[00:02:23] >>> Posting on discovered issue lingdojo/kana-dojo#7660
[00:02:24] FAILED to post on lingdojo/kana-dojo#7660: GraphQL: User is blocked (addComment)
[00:02:25]   Checking lingdojo/kana-dojo#7659: priority=100, comments=1
[00:02:25] *** DISCOVERED: lingdojo/kana-dojo#7659 (priority: 100, 1 comments) ***
[00:02:25] >>> Posting on discovered issue lingdojo/kana-dojo#7659
[00:02:26] FAILED to post on lingdojo/kana-dojo#7659: GraphQL: User is blocked (addComment)
[00:02:26]   Checking lingdojo/kana-dojo#7658: priority=100, comments=1
[00:02:26] *** DISCOVERED: lingdojo/kana-dojo#7658 (priority: 100, 1 comments) ***
[00:02:26] >>> Posting on discovered issue lingdojo/kana-dojo#7658
[00:02:27] FAILED to post on lingdojo/kana-dojo#7658: GraphQL: User is blocked (addComment)
[00:02:27]   Checking lingdojo/kana-dojo#7657: priority=100, comments=1
[00:02:27] *** DISCOVERED: lingdojo/kana-dojo#7657 (priority: 100, 1 comments) ***
[00:02:27] >>> Posting on discovered issue lingdojo/kana-dojo#7657
[00:02:29] FAILED to post on lingdojo/kana-dojo#7657: GraphQL: User is blocked (addComment)
[00:02:29] Checked 50 issues, discovered 9 high-priority ones
[00:02:29] STEP 3: Checking follow-ups
[00:02:55] FOLLOW-UP NEEDED: Vexa-ai/vexa#160 (no response in 3 days)
[00:03:04] FOLLOW-UP NEEDED: mynextproject-portfolio/recipe-explorer-lite-yuewang199511#1 (no response in 3 days)
[00:03:05] FOLLOW-UP NEEDED: Marormur/Website#158 (no response in 3 days)
[00:03:07] FOLLOW-UP NEEDED: Marormur/Website#160 (no response in 3 days)
[00:03:09] FOLLOW-UP NEEDED: PatrickB1905/wealthwise#12 (no response in 3 days)
[00:03:10] FOLLOW-UP NEEDED: GreatJobTommy/DIT-Transfer-Tools#73 (no response in 3 days)
[00:03:14] FOLLOW-UP NEEDED: adenueltech/jobhunter#1 (no response in 3 days)
[00:03:15] FOLLOW-UP NEEDED: windoze95/nullfeed-backend#24 (no response in 3 days)
[00:03:16] FOLLOW-UP NEEDED: PatrickB1905/WealthWise#12 (no response in 3 days)
[00:03:18] FOLLOW-UP NEEDED: finnoybu/aegis-governance#14 (no response in 3 days)
[00:03:19] FOLLOW-UP NEEDED: finnoybu/aegis-governance#13 (no response in 3 days)
[00:03:20] FOLLOW-UP NEEDED: windoze95/nullfeed-flutter#15 (no response in 3 days)
[00:03:21] FOLLOW-UP NEEDED: windoze95/nullfeed-flutter#14 (no response in 3 days)
[00:03:22] FOLLOW-UP NEEDED: windoze95/nullfeed-backend#27 (no response in 3 days)
[00:03:25] FOLLOW-UP NEEDED: ibelanger/GraniteFungiForager#35 (no response in 3 days)
[00:03:26] FOLLOW-UP NEEDED: ibelanger/GraniteFungiForager#28 (no response in 3 days)
[00:03:27] FOLLOW-UP NEEDED: ibelanger/GraniteFungiForager#27 (no response in 3 days)
[00:03:29] FOLLOW-UP NEEDED: ibelanger/GraniteFungiForager#24 (no response in 3 days)
[00:03:30] FOLLOW-UP NEEDED: ibelanger/GraniteFungiForager#22 (no response in 3 days)
[00:03:32] STEP 4: Building action items list
[00:03:32] STEP 5: Updating metrics
[00:03:32] === SUMMARY ===
[00:03:32] Notifications: 82
[00:03:32] Posted: 0
[00:03:32] Consent opportunities: 9
[00:03:32] Stale issues: 0
[00:03:32] Need follow-up: 390
[00:03:32] Merge conflicts: 0
[00:03:32] Total tracked: 109
[00:03:32] Check complete
