=== GitHub SLA Check: Sun Mar  8 08:30:02 AM CST 2026 ===
[08:30:02] STEP 0: Cleaning old data
[08:30:02] Checking tracked issues for closures...
[08:30:14] Cleanup complete
[08:30:14] STEP 1: Processing notifications
[08:30:15] Found 70 notifications
[08:30:32] VATSIM-UK/UK-Sector-File#6064: Already assigned, skipping
[08:30:36] pytorch-tabular/pytorch_tabular#605: Too old (41 days), skipping
[08:30:56] activist-org/activist#1925: Already assigned, skipping
[08:31:12] microsoft/vscode#288770: Already assigned, skipping
[08:31:18] lucasjinreal/Kokoros#61: Too old (380 days), skipping
[08:31:48] STEP 2: Checking my PRs
[08:31:52] STEP 2.5: Proactive discovery - finding new issues
[08:31:52] Searching for good-first-issues...
[08:31:53] Found 20 good-first-issues from search
[08:31:53]   Checking lingdojo/kana-dojo#7608: priority=100, comments=1
[08:31:53] *** DISCOVERED: lingdojo/kana-dojo#7608 (priority: 100, 1 comments) ***
[08:31:53] >>> Posting on discovered issue lingdojo/kana-dojo#7608
[08:31:54] FAILED to post on lingdojo/kana-dojo#7608: GraphQL: User is blocked (addComment)
[08:31:54]   Checking lingdojo/kana-dojo#7607: priority=100, comments=1
[08:31:54] *** DISCOVERED: lingdojo/kana-dojo#7607 (priority: 100, 1 comments) ***
[08:31:54] >>> Posting on discovered issue lingdojo/kana-dojo#7607
[08:31:55] FAILED to post on lingdojo/kana-dojo#7607: GraphQL: User is blocked (addComment)
[08:31:56]   Checking lingdojo/kana-dojo#7606: priority=100, comments=1
[08:31:56] *** DISCOVERED: lingdojo/kana-dojo#7606 (priority: 100, 1 comments) ***
[08:31:56] >>> Posting on discovered issue lingdojo/kana-dojo#7606
[08:31:56] FAILED to post on lingdojo/kana-dojo#7606: GraphQL: User is blocked (addComment)
[08:31:57]   Checking lingdojo/kana-dojo#7605: priority=100, comments=1
[08:31:57] *** DISCOVERED: lingdojo/kana-dojo#7605 (priority: 100, 1 comments) ***
[08:31:57] >>> Posting on discovered issue lingdojo/kana-dojo#7605
[08:31:58] FAILED to post on lingdojo/kana-dojo#7605: GraphQL: User is blocked (addComment)
[08:31:58]   Checking lingdojo/kana-dojo#7604: priority=100, comments=1
[08:31:58] *** DISCOVERED: lingdojo/kana-dojo#7604 (priority: 100, 1 comments) ***
[08:31:58] >>> Posting on discovered issue lingdojo/kana-dojo#7604
[08:31:59] FAILED to post on lingdojo/kana-dojo#7604: GraphQL: User is blocked (addComment)
[08:32:00]   Checking lingdojo/kana-dojo#7603: priority=100, comments=1
[08:32:00] *** DISCOVERED: lingdojo/kana-dojo#7603 (priority: 100, 1 comments) ***
[08:32:00] >>> Posting on discovered issue lingdojo/kana-dojo#7603
[08:32:01] FAILED to post on lingdojo/kana-dojo#7603: GraphQL: User is blocked (addComment)
[08:32:01]   Checking lingdojo/kana-dojo#7601: priority=100, comments=1
[08:32:01] *** DISCOVERED: lingdojo/kana-dojo#7601 (priority: 100, 1 comments) ***
[08:32:01] >>> Posting on discovered issue lingdojo/kana-dojo#7601
[08:32:02] FAILED to post on lingdojo/kana-dojo#7601: GraphQL: User is blocked (addComment)
[08:32:02]   Checking lingdojo/kana-dojo#7600: priority=100, comments=3
[08:32:02] *** DISCOVERED: lingdojo/kana-dojo#7600 (priority: 100, 3 comments) ***
[08:32:02] >>> Posting on discovered issue lingdojo/kana-dojo#7600
[08:32:03] FAILED to post on lingdojo/kana-dojo#7600: GraphQL: User is blocked (addComment)
[08:32:03]   Checking lingdojo/kana-dojo#7599: priority=100, comments=1
[08:32:03] *** DISCOVERED: lingdojo/kana-dojo#7599 (priority: 100, 1 comments) ***
[08:32:03] >>> Posting on discovered issue lingdojo/kana-dojo#7599
[08:32:05] FAILED to post on lingdojo/kana-dojo#7599: GraphQL: User is blocked (addComment)
[08:32:05]   Checking lingdojo/kana-dojo#7598: priority=100, comments=1
[08:32:05] *** DISCOVERED: lingdojo/kana-dojo#7598 (priority: 100, 1 comments) ***
[08:32:05] >>> Posting on discovered issue lingdojo/kana-dojo#7598
[08:32:06] FAILED to post on lingdojo/kana-dojo#7598: GraphQL: User is blocked (addComment)
[08:32:07]   Checking lingdojo/kana-dojo#7597: priority=100, comments=1
[08:32:07] *** DISCOVERED: lingdojo/kana-dojo#7597 (priority: 100, 1 comments) ***
[08:32:07] >>> Posting on discovered issue lingdojo/kana-dojo#7597
[08:32:08] FAILED to post on lingdojo/kana-dojo#7597: GraphQL: User is blocked (addComment)
[08:32:08]   Checking lingdojo/kana-dojo#7596: priority=100, comments=1
[08:32:08] *** DISCOVERED: lingdojo/kana-dojo#7596 (priority: 100, 1 comments) ***
[08:32:08] >>> Posting on discovered issue lingdojo/kana-dojo#7596
[08:32:09] FAILED to post on lingdojo/kana-dojo#7596: GraphQL: User is blocked (addComment)
[08:32:09]   Checking lingdojo/kana-dojo#7595: priority=100, comments=1
[08:32:09] *** DISCOVERED: lingdojo/kana-dojo#7595 (priority: 100, 1 comments) ***
[08:32:09] >>> Posting on discovered issue lingdojo/kana-dojo#7595
[08:32:10] FAILED to post on lingdojo/kana-dojo#7595: GraphQL: User is blocked (addComment)
[08:32:10]   Checking lingdojo/kana-dojo#7594: priority=100, comments=1
[08:32:10] *** DISCOVERED: lingdojo/kana-dojo#7594 (priority: 100, 1 comments) ***
[08:32:10] >>> Posting on discovered issue lingdojo/kana-dojo#7594
[08:32:11] FAILED to post on lingdojo/kana-dojo#7594: GraphQL: User is blocked (addComment)
[08:32:11]   Checking lingdojo/kana-dojo#7593: priority=100, comments=1
[08:32:11] *** DISCOVERED: lingdojo/kana-dojo#7593 (priority: 100, 1 comments) ***
[08:32:11] >>> Posting on discovered issue lingdojo/kana-dojo#7593
[08:32:12] FAILED to post on lingdojo/kana-dojo#7593: GraphQL: User is blocked (addComment)
[08:32:13]   Checking lingdojo/kana-dojo#7590: priority=100, comments=2
[08:32:13] *** DISCOVERED: lingdojo/kana-dojo#7590 (priority: 100, 2 comments) ***
[08:32:13] >>> Posting on discovered issue lingdojo/kana-dojo#7590
[08:32:14] FAILED to post on lingdojo/kana-dojo#7590: GraphQL: User is blocked (addComment)
[08:32:14]   Skipping lingdojo/kana-dojo#7589: Already tracked
[08:32:14]   Skipping lingdojo/kana-dojo#7588: Already tracked
[08:32:14]   Skipping lingdojo/kana-dojo#7587: Already tracked
[08:32:14]   Skipping lingdojo/kana-dojo#7586: Already tracked
[08:32:14] Checked 20 issues, discovered 16 high-priority ones
[08:32:14] STEP 3: Checking follow-ups
[08:32:16] STEP 4: Building action items list
[08:32:16] STEP 5: Updating metrics
[08:32:16] === SUMMARY ===
[08:32:16] Notifications: 70
[08:32:16] Posted: 0
[08:32:16] Consent opportunities: 16
[08:32:16] Stale issues: 0
[08:32:16] Need follow-up: 0
[08:32:16] Merge conflicts: 0
[08:32:16] Total tracked: 58
[08:32:16] Check complete
