=== GitHub SLA Check: Sat Mar  7 11:00:01 AM CST 2026 ===
[11:00:01] STEP 0: Cleaning old data
[11:00:01] Checking tracked issues for closures...
[11:00:12] Cleanup complete
[11:00:12] STEP 1: Processing notifications
[11:00:13] Found 68 notifications
[11:00:19] pytorch-tabular/pytorch_tabular#605: Too old (40 days), skipping
[11:00:41] activist-org/activist#1925: Already assigned, skipping
[11:01:03] microsoft/vscode#288770: Already assigned, skipping
[11:01:08] lucasjinreal/Kokoros#61: Too old (379 days), skipping
[11:01:40] STEP 2: Checking my PRs
[11:01:43] STEP 2.5: Proactive discovery - finding new issues
[11:01:43] Searching for good-first-issues...
[11:01:45] Found 20 good-first-issues from search
[11:01:46]   Checking adenueltech/jobhunter#27: priority=100, comments=0
[11:01:46] *** DISCOVERED: adenueltech/jobhunter#27 (priority: 100, 0 comments) ***
[11:01:46] >>> Posting on discovered issue adenueltech/jobhunter#27
[11:01:47] SUCCESS: Posted on adenueltech/jobhunter#27
[11:01:52]   Checking adenueltech/jobhunter#1: priority=100, comments=0
[11:01:52] *** DISCOVERED: adenueltech/jobhunter#1 (priority: 100, 0 comments) ***
[11:01:52] >>> Posting on discovered issue adenueltech/jobhunter#1
[11:01:54] SUCCESS: Posted on adenueltech/jobhunter#1
[11:01:59]   Skipping GreatJobTommy/DIT-Transfer-Tools#72: Already tracked
[11:01:59]   Skipping GreatJobTommy/DIT-Transfer-Tools#73: Already tracked
[11:01:59]   Skipping PatrickB1905/wealthwise#12: Already tracked
[11:01:59]   Skipping mynextproject-portfolio/recipe-explorer-lite-ildarakhmetov#1: Already tracked
[11:01:59]   Skipping rajmahadev422/Learn-To-PR#7: Already tracked
[11:01:59]   Skipping finnoybu/aegis-governance#12: Already tracked
[11:01:59]   Skipping Vexa-ai/vexa#160: Already tracked
[11:01:59]   Skipping rajmahadev422/Learn-To-PR#3: Already tracked
[11:01:59]   Skipping VATSIM-UK/UK-Sector-File#6064: Already tracked
[11:02:00]   Skipping Vexa-ai/vexa#155: Already tracked
[11:02:00]   Skipping windoze95/nullfeed-flutter#12: Already tracked
[11:02:00]   Skipping windoze95/nullfeed-backend#22: Already tracked
[11:02:00]   Skipping brendankowitz/FHIR-Tools-for-Anonymization#64: Too many comments (6)
[11:02:00]   Skipping brendankowitz/FHIR-Tools-for-Anonymization#63: Too many comments (6)
[11:02:00]   Skipping brendankowitz/FHIR-Tools-for-Anonymization#62: Already tracked
[11:02:00]   Skipping brendankowitz/FHIR-Tools-for-Anonymization#61: Too many comments (7)
[11:02:00]   Skipping cclib/cclib#1746: Already tracked
[11:02:00]   Skipping ray-project/kuberay#4568: Already tracked
[11:02:00] Checked 20 issues, discovered 2 high-priority ones
[11:02:00] STEP 3: Checking follow-ups
[11:02:01] STEP 4: Building action items list
[11:02:01] STEP 5: Updating metrics
[11:02:01] === SUMMARY ===
[11:02:01] Notifications: 68
[11:02:01] Posted: 2
[11:02:01] Consent opportunities: 2
[11:02:01] Stale issues: 0
[11:02:01] Need follow-up: 0
[11:02:01] Merge conflicts: 0
[11:02:01] Total tracked: 40
[11:02:01] Check complete
