=== GitHub SLA Check: Sun Mar  8 04:00:01 AM CST 2026 ===
[04:00:01] STEP 0: Cleaning old data
[04:00:01] Checking tracked issues for closures...
[04:00:13] Cleanup complete
[04:00:13] STEP 1: Processing notifications
[04:00:14] Found 75 notifications
[04:00:31] VATSIM-UK/UK-Sector-File#6064: Already assigned, skipping
[04:00:34] pytorch-tabular/pytorch_tabular#605: Too old (41 days), skipping
[04:00:54] activist-org/activist#1925: Already assigned, skipping
[04:01:13] microsoft/vscode#288770: Already assigned, skipping
[04:01:20] lucasjinreal/Kokoros#61: Too old (379 days), skipping
[04:01:52] STEP 2: Checking my PRs
[04:01:55] STEP 2.5: Proactive discovery - finding new issues
[04:01:55] Searching for good-first-issues...
[04:01:56] Found 20 good-first-issues from search
[04:01:56]   Checking lingdojo/kana-dojo#7587: priority=100, comments=1
[04:01:56] *** DISCOVERED: lingdojo/kana-dojo#7587 (priority: 100, 1 comments) ***
[04:01:56] >>> Posting on discovered issue lingdojo/kana-dojo#7587
[04:01:57] SUCCESS: Posted on lingdojo/kana-dojo#7587
[04:02:03]   Checking lingdojo/kana-dojo#7586: priority=100, comments=1
[04:02:03] *** DISCOVERED: lingdojo/kana-dojo#7586 (priority: 100, 1 comments) ***
[04:02:03] >>> Posting on discovered issue lingdojo/kana-dojo#7586
[04:02:04] SUCCESS: Posted on lingdojo/kana-dojo#7586
[04:02:09]   Skipping ibelanger/GraniteFungiForager#36: Already tracked
[04:02:09]   Skipping ibelanger/GraniteFungiForager#35: Already tracked
[04:02:09]   Skipping ibelanger/GraniteFungiForager#28: Already tracked
[04:02:09]   Skipping ibelanger/GraniteFungiForager#27: Already tracked
[04:02:09]   Skipping ibelanger/GraniteFungiForager#24: Already tracked
[04:02:09]   Skipping ibelanger/GraniteFungiForager#22: Already tracked
[04:02:09]   Skipping windoze95/nullfeed-flutter#15: Already tracked
[04:02:09]   Skipping windoze95/nullfeed-flutter#14: Already tracked
[04:02:09]   Skipping windoze95/nullfeed-backend#27: Already tracked
[04:02:10]   Skipping finnoybu/aegis-governance#14: Already tracked
[04:02:10]   Skipping finnoybu/aegis-governance#13: Already tracked
[04:02:10]   Skipping adenueltech/jobhunter#27: Already tracked
[04:02:10]   Skipping adenueltech/jobhunter#1: Already tracked
[04:02:10]   Skipping GreatJobTommy/DIT-Transfer-Tools#72: Already tracked
[04:02:10]   Skipping GreatJobTommy/DIT-Transfer-Tools#73: Already tracked
[04:02:10]   Skipping PatrickB1905/WealthWise#12: Already tracked
[04:02:10]   Skipping mynextproject-portfolio/recipe-explorer-lite-ildarakhmetov#1: Already tracked
[04:02:10]   Skipping rajmahadev422/Learn-To-PR#7: Already tracked
[04:02:10] Checked 20 issues, discovered 2 high-priority ones
[04:02:10] STEP 3: Checking follow-ups
[04:02:12] STEP 4: Building action items list
[04:02:12] STEP 5: Updating metrics
[04:02:12] === SUMMARY ===
[04:02:12] Notifications: 75
[04:02:12] Posted: 2
[04:02:12] Consent opportunities: 2
[04:02:12] Stale issues: 0
[04:02:12] Need follow-up: 0
[04:02:12] Merge conflicts: 0
[04:02:12] Total tracked: 56
[04:02:12] Check complete
