=== GitHub SLA Check: Mon Mar  9 04:30:01 PM CST 2026 ===
[16:30:02] STEP 0: Cleaning old data
[16:30:02] Checking tracked issues for closures...
[16:30:12] Cleanup complete
[16:30:12] STEP 1: Processing notifications
[16:30:13] Found 73 notifications
[16:30:36] VATSIM-UK/UK-Sector-File#6064: Already assigned, skipping
[16:30:40] pytorch-tabular/pytorch_tabular#605: Too old (43 days), skipping
[16:30:57] activist-org/activist#1925: Already assigned, skipping
[16:31:15] microsoft/vscode#288770: Already assigned, skipping
[16:31:19] lucasjinreal/Kokoros#61: Too old (381 days), skipping
[16:31:46] STEP 2: Checking my PRs
[16:31:47] STEP 2.5: Proactive discovery - finding new issues
[16:31:47] Searching for good-first-issues...
[16:31:49] Found 20 good-first-issues from search
[16:31:49]   Checking windoze95/nullfeed-flutter#19: priority=100, comments=0
[16:31:49] *** DISCOVERED: windoze95/nullfeed-flutter#19 (priority: 100, 0 comments) ***
[16:31:49] >>> Posting on discovered issue windoze95/nullfeed-flutter#19
[16:31:51] SUCCESS: Posted on windoze95/nullfeed-flutter#19
[16:31:56]   Checking windoze95/nullfeed-backend#33: priority=100, comments=0
[16:31:56] *** DISCOVERED: windoze95/nullfeed-backend#33 (priority: 100, 0 comments) ***
[16:31:56] >>> Posting on discovered issue windoze95/nullfeed-backend#33
[16:31:58] SUCCESS: Posted on windoze95/nullfeed-backend#33
[16:32:03]   Checking windoze95/nullfeed-backend#32: priority=100, comments=0
[16:32:03] *** DISCOVERED: windoze95/nullfeed-backend#32 (priority: 100, 0 comments) ***
[16:32:03] >>> Posting on discovered issue windoze95/nullfeed-backend#32
[16:32:04] SUCCESS: Posted on windoze95/nullfeed-backend#32
[16:32:09]   Skipping avni-j/synthetic-demo-app#12: Already tracked
[16:32:09]   Skipping T-SIG/tsig-prints#252: Already tracked
[16:32:09]   Skipping T-SIG/tsig-prints#249: Already tracked
[16:32:09]   Skipping T-SIG/tsig-prints#248: Already tracked
[16:32:09]   Skipping T-SIG/tsig-prints#247: Already tracked
[16:32:09]   Skipping T-SIG/tsig-prints#245: Already tracked
[16:32:09]   Skipping T-SIG/tsig-prints#244: Already tracked
[16:32:09]   Skipping T-SIG/tsig-prints#243: Already tracked
[16:32:10]   Skipping T-SIG/tsig-prints#242: Already tracked
[16:32:10]   Skipping T-SIG/tsig-prints#241: Already tracked
[16:32:10]   Skipping T-SIG/tsig-prints#240: Already tracked
[16:32:10]   Skipping T-SIG/tsig-prints#239: Already tracked
[16:32:10]   Skipping T-SIG/tsig-prints#238: Already tracked
[16:32:10]   Skipping T-SIG/tsig-prints#237: Already tracked
[16:32:10]   Skipping T-SIG/tsig-prints#236: Already tracked
[16:32:10]   Skipping T-SIG/tsig-prints#234: Already tracked
[16:32:10]   Skipping T-SIG/tsig-prints#231: Already tracked
[16:32:10] Checked 20 issues, discovered 3 high-priority ones
[16:32:10] STEP 3: Checking follow-ups
[16:32:13] STEP 4: Building action items list
[16:32:13] STEP 5: Updating metrics
[16:32:13] === SUMMARY ===
[16:32:13] Notifications: 73
[16:32:13] Posted: 3
[16:32:13] Consent opportunities: 3
[16:32:13] Stale issues: 0
[16:32:13] Need follow-up: 0
[16:32:13] Merge conflicts: 0
[16:32:13] Total tracked: 87
[16:32:13] Check complete
