=== GitHub SLA Check: Sat Mar  7 10:00:01 PM CST 2026 ===
[22:00:01] STEP 0: Cleaning old data
[22:00:01] Checking tracked issues for closures...
[22:00:13] Cleanup complete
[22:00:13] STEP 1: Processing notifications
[22:00:14] Found 72 notifications
[22:00:27] pytorch-tabular/pytorch_tabular#605: Too old (41 days), skipping
[22:00:51] activist-org/activist#1925: Already assigned, skipping
[22:01:13] microsoft/vscode#288770: Already assigned, skipping
[22:01:19] lucasjinreal/Kokoros#61: Too old (379 days), skipping
[22:01:51] STEP 2: Checking my PRs
[22:01:54] STEP 2.5: Proactive discovery - finding new issues
[22:01:54] Searching for good-first-issues...
[22:01:55] Found 20 good-first-issues from search
[22:01:55]   Skipping windoze95/nullfeed-flutter#15: Already tracked
[22:01:55]   Skipping windoze95/nullfeed-flutter#14: Already tracked
[22:01:55]   Skipping windoze95/nullfeed-backend#27: Already tracked
[22:01:55]   Skipping finnoybu/aegis-governance#14: Already tracked
[22:01:55]   Skipping finnoybu/aegis-governance#13: Already tracked
[22:01:56]   Skipping adenueltech/jobhunter#27: Already tracked
[22:01:56]   Skipping adenueltech/jobhunter#1: Already tracked
[22:01:56]   Skipping GreatJobTommy/DIT-Transfer-Tools#72: Already tracked
[22:01:56]   Skipping GreatJobTommy/DIT-Transfer-Tools#73: Already tracked
[22:01:56]   Skipping PatrickB1905/WealthWise#12: Already tracked
[22:01:56]   Skipping mynextproject-portfolio/recipe-explorer-lite-ildarakhmetov#1: Already tracked
[22:01:56]   Skipping rajmahadev422/Learn-To-PR#7: Already tracked
[22:01:56]   Skipping finnoybu/aegis-governance#12: Already tracked
[22:01:56]   Skipping Vexa-ai/vexa#160: Already tracked
[22:01:56]   Skipping rajmahadev422/Learn-To-PR#3: Already tracked
[22:01:56]   Skipping VATSIM-UK/UK-Sector-File#6064: Already tracked
[22:01:56]   Skipping Vexa-ai/vexa#155: Already tracked
[22:01:56]   Skipping windoze95/nullfeed-flutter#12: Already tracked
[22:01:56]   Skipping windoze95/nullfeed-backend#22: Already tracked
[22:01:57]   Skipping brendankowitz/FHIR-Tools-for-Anonymization#64: Too many comments (6)
[22:01:57] Checked 20 issues, discovered 0 high-priority ones
[22:01:57] STEP 3: Checking follow-ups
[22:01:58] STEP 4: Building action items list
[22:01:58] STEP 5: Updating metrics
[22:01:58] === SUMMARY ===
[22:01:58] Notifications: 72
[22:01:58] Posted: 0
[22:01:58] Consent opportunities: 0
[22:01:58] Stale issues: 0
[22:01:58] Need follow-up: 0
[22:01:58] Merge conflicts: 0
[22:01:58] Total tracked: 48
[22:01:58] Check complete
