=== GitHub SLA Check: Mon Mar  9 01:00:01 PM CST 2026 ===
[13:00:01] STEP 0: Cleaning old data
[13:00:01] Checking tracked issues for closures...
[13:00:11] Cleanup complete
[13:00:11] STEP 1: Processing notifications
[13:00:12] Found 72 notifications
[13:00:33] VATSIM-UK/UK-Sector-File#6064: Already assigned, skipping
[13:00:36] pytorch-tabular/pytorch_tabular#605: Too old (42 days), skipping
[13:00:54] activist-org/activist#1925: Already assigned, skipping
[13:01:12] microsoft/vscode#288770: Already assigned, skipping
[13:01:16] lucasjinreal/Kokoros#61: Too old (381 days), skipping
[13:01:45] STEP 2: Checking my PRs
[13:01:46] STEP 2.5: Proactive discovery - finding new issues
[13:01:46] Searching for good-first-issues...
[13:01:48] Found 20 good-first-issues from search
[13:01:48]   Skipping T-SIG/tsig-prints#252: Already tracked
[13:01:48]   Skipping T-SIG/tsig-prints#249: Already tracked
[13:01:48]   Skipping T-SIG/tsig-prints#248: Already tracked
[13:01:48]   Skipping T-SIG/tsig-prints#247: Already tracked
[13:01:48]   Skipping T-SIG/tsig-prints#245: Already tracked
[13:01:48]   Checking T-SIG/tsig-prints#244: priority=100, comments=0
[13:01:48] *** DISCOVERED: T-SIG/tsig-prints#244 (priority: 100, 0 comments) ***
[13:01:48] >>> Posting on discovered issue T-SIG/tsig-prints#244
[13:01:49] SUCCESS: Posted on T-SIG/tsig-prints#244
[13:01:55]   Checking T-SIG/tsig-prints#243: priority=100, comments=0
[13:01:55] *** DISCOVERED: T-SIG/tsig-prints#243 (priority: 100, 0 comments) ***
[13:01:55] >>> Posting on discovered issue T-SIG/tsig-prints#243
[13:01:56] SUCCESS: Posted on T-SIG/tsig-prints#243
[13:02:01]   Checking T-SIG/tsig-prints#242: priority=100, comments=0
[13:02:01] *** DISCOVERED: T-SIG/tsig-prints#242 (priority: 100, 0 comments) ***
[13:02:01] >>> Posting on discovered issue T-SIG/tsig-prints#242
[13:02:02] SUCCESS: Posted on T-SIG/tsig-prints#242
[13:02:07]   Checking T-SIG/tsig-prints#241: priority=100, comments=0
[13:02:07] *** DISCOVERED: T-SIG/tsig-prints#241 (priority: 100, 0 comments) ***
[13:02:07] >>> Posting on discovered issue T-SIG/tsig-prints#241
[13:02:09] SUCCESS: Posted on T-SIG/tsig-prints#241
[13:02:14]   Checking T-SIG/tsig-prints#240: priority=100, comments=0
[13:02:14] *** DISCOVERED: T-SIG/tsig-prints#240 (priority: 100, 0 comments) ***
[13:02:14] >>> Posting on discovered issue T-SIG/tsig-prints#240
[13:02:15] SUCCESS: Posted on T-SIG/tsig-prints#240
[13:02:20]   Checking T-SIG/tsig-prints#239: priority=100, comments=0
[13:02:20] *** DISCOVERED: T-SIG/tsig-prints#239 (priority: 100, 0 comments) ***
[13:02:21]   Checking T-SIG/tsig-prints#238: priority=100, comments=0
[13:02:21] *** DISCOVERED: T-SIG/tsig-prints#238 (priority: 100, 0 comments) ***
[13:02:21]   Checking T-SIG/tsig-prints#237: priority=100, comments=0
[13:02:21] *** DISCOVERED: T-SIG/tsig-prints#237 (priority: 100, 0 comments) ***
[13:02:21]   Checking T-SIG/tsig-prints#236: priority=100, comments=0
[13:02:21] *** DISCOVERED: T-SIG/tsig-prints#236 (priority: 100, 0 comments) ***
[13:02:22]   Checking T-SIG/tsig-prints#234: priority=100, comments=0
[13:02:22] *** DISCOVERED: T-SIG/tsig-prints#234 (priority: 100, 0 comments) ***
[13:02:22]   Checking T-SIG/tsig-prints#231: priority=100, comments=0
[13:02:22] *** DISCOVERED: T-SIG/tsig-prints#231 (priority: 100, 0 comments) ***
[13:02:22]   Checking T-SIG/tsig-prints#230: priority=100, comments=0
[13:02:22] *** DISCOVERED: T-SIG/tsig-prints#230 (priority: 100, 0 comments) ***
[13:02:22]   Checking T-SIG/tsig-prints#229: priority=100, comments=0
[13:02:22] *** DISCOVERED: T-SIG/tsig-prints#229 (priority: 100, 0 comments) ***
[13:02:23]   Checking T-SIG/tsig-prints#227: priority=100, comments=0
[13:02:23] *** DISCOVERED: T-SIG/tsig-prints#227 (priority: 100, 0 comments) ***
[13:02:23]   Checking T-SIG/tsig-prints#226: priority=100, comments=0
[13:02:23] *** DISCOVERED: T-SIG/tsig-prints#226 (priority: 100, 0 comments) ***
[13:02:23] Checked 20 issues, discovered 15 high-priority ones
[13:02:23] STEP 3: Checking follow-ups
[13:02:25] STEP 4: Building action items list
[13:02:25] STEP 5: Updating metrics
[13:02:25] === SUMMARY ===
[13:02:25] Notifications: 72
[13:02:25] Posted: 5
[13:02:25] Consent opportunities: 15
[13:02:25] Stale issues: 0
[13:02:25] Need follow-up: 0
[13:02:25] Merge conflicts: 0
[13:02:25] Total tracked: 74
[13:02:25] Check complete
