=== GitHub SLA Check: Sun Mar  8 05:00:01 AM CST 2026 ===
[05:00:01] STEP 0: Cleaning old data
[05:00:01] Checking tracked issues for closures...
[05:00:13] Cleanup complete
[05:00:13] STEP 1: Processing notifications
[05:00:14] Found 70 notifications
[05:00:29] VATSIM-UK/UK-Sector-File#6064: Already assigned, skipping
[05:00:33] pytorch-tabular/pytorch_tabular#605: Too old (41 days), skipping
[05:00:53] activist-org/activist#1925: Already assigned, skipping
[05:01:09] microsoft/vscode#288770: Already assigned, skipping
[05:01:15] lucasjinreal/Kokoros#61: Too old (379 days), skipping
[05:01:44] STEP 2: Checking my PRs
[05:01:46] STEP 2.5: Proactive discovery - finding new issues
[05:01:46] Searching for good-first-issues...
[05:01:48] Found 20 good-first-issues from search
[05:01:48]   Checking lingdojo/kana-dojo#7593: priority=100, comments=1
[05:01:48] *** DISCOVERED: lingdojo/kana-dojo#7593 (priority: 100, 1 comments) ***
[05:01:48] >>> Posting on discovered issue lingdojo/kana-dojo#7593
[05:01:49] FAILED to post on lingdojo/kana-dojo#7593: GraphQL: User is blocked (addComment)
[05:01:50]   Checking lingdojo/kana-dojo#7590: priority=100, comments=2
[05:01:50] *** DISCOVERED: lingdojo/kana-dojo#7590 (priority: 100, 2 comments) ***
[05:01:50] >>> Posting on discovered issue lingdojo/kana-dojo#7590
[05:01:50] FAILED to post on lingdojo/kana-dojo#7590: GraphQL: User is blocked (addComment)
[05:01:51]   Skipping lingdojo/kana-dojo#7589: Already tracked
[05:01:51]   Skipping lingdojo/kana-dojo#7588: Already tracked
[05:01:51]   Skipping lingdojo/kana-dojo#7587: Already tracked
[05:01:51]   Skipping lingdojo/kana-dojo#7586: Already tracked
[05:01:51]   Skipping ibelanger/GraniteFungiForager#36: Already tracked
[05:01:51]   Skipping ibelanger/GraniteFungiForager#35: Already tracked
[05:01:51]   Skipping ibelanger/GraniteFungiForager#28: Already tracked
[05:01:51]   Skipping ibelanger/GraniteFungiForager#27: Already tracked
[05:01:51]   Skipping ibelanger/GraniteFungiForager#24: Already tracked
[05:01:51]   Skipping ibelanger/GraniteFungiForager#22: Already tracked
[05:01:51]   Skipping windoze95/nullfeed-flutter#15: Already tracked
[05:01:51]   Skipping windoze95/nullfeed-flutter#14: Already tracked
[05:01:51]   Skipping windoze95/nullfeed-backend#27: Already tracked
[05:01:52]   Skipping finnoybu/aegis-governance#14: Already tracked
[05:01:52]   Skipping finnoybu/aegis-governance#13: Already tracked
[05:01:52]   Skipping adenueltech/jobhunter#27: Already tracked
[05:01:52]   Skipping adenueltech/jobhunter#1: Already tracked
[05:01:52]   Skipping GreatJobTommy/DIT-Transfer-Tools#72: Already tracked
[05:01:52] Checked 20 issues, discovered 2 high-priority ones
[05:01:52] STEP 3: Checking follow-ups
[05:01:54] STEP 4: Building action items list
[05:01:54] STEP 5: Updating metrics
[05:01:54] === SUMMARY ===
[05:01:54] Notifications: 70
[05:01:54] Posted: 0
[05:01:54] Consent opportunities: 2
[05:01:54] Stale issues: 0
[05:01:54] Need follow-up: 0
[05:01:54] Merge conflicts: 0
[05:01:54] Total tracked: 58
[05:01:54] Check complete
