=== GitHub SLA Check: Sun Mar  8 10:00:01 AM CST 2026 ===
[10:00:01] STEP 0: Cleaning old data
[10:00:02] Checking tracked issues for closures...
[10:00:12] Cleanup complete
[10:00:12] STEP 1: Processing notifications
[10:00:14] Found 70 notifications
[10:00:29] VATSIM-UK/UK-Sector-File#6064: Already assigned, skipping
[10:00:32] pytorch-tabular/pytorch_tabular#605: Too old (41 days), skipping
[10:00:50] activist-org/activist#1925: Already assigned, skipping
[10:01:07] microsoft/vscode#288770: Already assigned, skipping
[10:01:13] lucasjinreal/Kokoros#61: Too old (380 days), skipping
[10:01:44] STEP 2: Checking my PRs
[10:01:46] STEP 2.5: Proactive discovery - finding new issues
[10:01:46] Searching for good-first-issues...
[10:01:47] Found 20 good-first-issues from search
[10:01:47]   Checking lingdojo/kana-dojo#7615: priority=100, comments=1
[10:01:47] *** DISCOVERED: lingdojo/kana-dojo#7615 (priority: 100, 1 comments) ***
[10:01:47] >>> Posting on discovered issue lingdojo/kana-dojo#7615
[10:01:48] FAILED to post on lingdojo/kana-dojo#7615: GraphQL: User is blocked (addComment)
[10:01:48]   Checking lingdojo/kana-dojo#7613: priority=100, comments=1
[10:01:48] *** DISCOVERED: lingdojo/kana-dojo#7613 (priority: 100, 1 comments) ***
[10:01:48] >>> Posting on discovered issue lingdojo/kana-dojo#7613
[10:01:50] FAILED to post on lingdojo/kana-dojo#7613: GraphQL: User is blocked (addComment)
[10:01:50]   Checking lingdojo/kana-dojo#7612: priority=100, comments=1
[10:01:50] *** DISCOVERED: lingdojo/kana-dojo#7612 (priority: 100, 1 comments) ***
[10:01:50] >>> Posting on discovered issue lingdojo/kana-dojo#7612
[10:01:51] FAILED to post on lingdojo/kana-dojo#7612: GraphQL: User is blocked (addComment)
[10:01:51]   Checking lingdojo/kana-dojo#7611: priority=100, comments=3
[10:01:51] *** DISCOVERED: lingdojo/kana-dojo#7611 (priority: 100, 3 comments) ***
[10:01:51] >>> Posting on discovered issue lingdojo/kana-dojo#7611
[10:01:52] FAILED to post on lingdojo/kana-dojo#7611: GraphQL: User is blocked (addComment)
[10:01:52]   Checking lingdojo/kana-dojo#7610: priority=100, comments=1
[10:01:52] *** DISCOVERED: lingdojo/kana-dojo#7610 (priority: 100, 1 comments) ***
[10:01:52] >>> Posting on discovered issue lingdojo/kana-dojo#7610
[10:01:53] FAILED to post on lingdojo/kana-dojo#7610: GraphQL: User is blocked (addComment)
[10:01:54]   Checking lingdojo/kana-dojo#7609: priority=100, comments=1
[10:01:54] *** DISCOVERED: lingdojo/kana-dojo#7609 (priority: 100, 1 comments) ***
[10:01:54] >>> Posting on discovered issue lingdojo/kana-dojo#7609
[10:01:55] FAILED to post on lingdojo/kana-dojo#7609: GraphQL: User is blocked (addComment)
[10:01:55]   Checking lingdojo/kana-dojo#7608: priority=100, comments=3
[10:01:55] *** DISCOVERED: lingdojo/kana-dojo#7608 (priority: 100, 3 comments) ***
[10:01:55] >>> Posting on discovered issue lingdojo/kana-dojo#7608
[10:01:56] FAILED to post on lingdojo/kana-dojo#7608: GraphQL: User is blocked (addComment)
[10:01:56]   Checking lingdojo/kana-dojo#7607: priority=100, comments=1
[10:01:56] *** DISCOVERED: lingdojo/kana-dojo#7607 (priority: 100, 1 comments) ***
[10:01:56] >>> Posting on discovered issue lingdojo/kana-dojo#7607
[10:01:57] FAILED to post on lingdojo/kana-dojo#7607: GraphQL: User is blocked (addComment)
[10:01:58]   Checking lingdojo/kana-dojo#7606: priority=100, comments=1
[10:01:58] *** DISCOVERED: lingdojo/kana-dojo#7606 (priority: 100, 1 comments) ***
[10:01:58] >>> Posting on discovered issue lingdojo/kana-dojo#7606
[10:01:58] FAILED to post on lingdojo/kana-dojo#7606: GraphQL: User is blocked (addComment)
[10:01:59]   Checking lingdojo/kana-dojo#7605: priority=100, comments=1
[10:01:59] *** DISCOVERED: lingdojo/kana-dojo#7605 (priority: 100, 1 comments) ***
[10:01:59] >>> Posting on discovered issue lingdojo/kana-dojo#7605
[10:02:00] FAILED to post on lingdojo/kana-dojo#7605: GraphQL: User is blocked (addComment)
[10:02:00]   Checking lingdojo/kana-dojo#7604: priority=100, comments=1
[10:02:00] *** DISCOVERED: lingdojo/kana-dojo#7604 (priority: 100, 1 comments) ***
[10:02:00] >>> Posting on discovered issue lingdojo/kana-dojo#7604
[10:02:02] FAILED to post on lingdojo/kana-dojo#7604: GraphQL: User is blocked (addComment)
[10:02:02]   Checking lingdojo/kana-dojo#7603: priority=100, comments=1
[10:02:02] *** DISCOVERED: lingdojo/kana-dojo#7603 (priority: 100, 1 comments) ***
[10:02:02] >>> Posting on discovered issue lingdojo/kana-dojo#7603
[10:02:03] FAILED to post on lingdojo/kana-dojo#7603: GraphQL: User is blocked (addComment)
[10:02:03]   Checking lingdojo/kana-dojo#7601: priority=100, comments=1
[10:02:03] *** DISCOVERED: lingdojo/kana-dojo#7601 (priority: 100, 1 comments) ***
[10:02:03] >>> Posting on discovered issue lingdojo/kana-dojo#7601
[10:02:04] FAILED to post on lingdojo/kana-dojo#7601: GraphQL: User is blocked (addComment)
[10:02:04]   Checking lingdojo/kana-dojo#7600: priority=100, comments=4
[10:02:04] *** DISCOVERED: lingdojo/kana-dojo#7600 (priority: 100, 4 comments) ***
[10:02:04] >>> Posting on discovered issue lingdojo/kana-dojo#7600
[10:02:05] FAILED to post on lingdojo/kana-dojo#7600: GraphQL: User is blocked (addComment)
[10:02:06]   Checking lingdojo/kana-dojo#7599: priority=100, comments=1
[10:02:06] *** DISCOVERED: lingdojo/kana-dojo#7599 (priority: 100, 1 comments) ***
[10:02:06] >>> Posting on discovered issue lingdojo/kana-dojo#7599
[10:02:07] FAILED to post on lingdojo/kana-dojo#7599: GraphQL: User is blocked (addComment)
[10:02:07]   Checking lingdojo/kana-dojo#7598: priority=100, comments=1
[10:02:07] *** DISCOVERED: lingdojo/kana-dojo#7598 (priority: 100, 1 comments) ***
[10:02:07] >>> Posting on discovered issue lingdojo/kana-dojo#7598
[10:02:08] FAILED to post on lingdojo/kana-dojo#7598: GraphQL: User is blocked (addComment)
[10:02:08]   Checking lingdojo/kana-dojo#7597: priority=100, comments=1
[10:02:08] *** DISCOVERED: lingdojo/kana-dojo#7597 (priority: 100, 1 comments) ***
[10:02:08] >>> Posting on discovered issue lingdojo/kana-dojo#7597
[10:02:09] FAILED to post on lingdojo/kana-dojo#7597: GraphQL: User is blocked (addComment)
[10:02:09]   Checking lingdojo/kana-dojo#7596: priority=100, comments=1
[10:02:09] *** DISCOVERED: lingdojo/kana-dojo#7596 (priority: 100, 1 comments) ***
[10:02:09] >>> Posting on discovered issue lingdojo/kana-dojo#7596
[10:02:11] FAILED to post on lingdojo/kana-dojo#7596: GraphQL: User is blocked (addComment)
[10:02:11]   Checking lingdojo/kana-dojo#7595: priority=100, comments=1
[10:02:11] *** DISCOVERED: lingdojo/kana-dojo#7595 (priority: 100, 1 comments) ***
[10:02:11] >>> Posting on discovered issue lingdojo/kana-dojo#7595
[10:02:12] FAILED to post on lingdojo/kana-dojo#7595: GraphQL: User is blocked (addComment)
[10:02:12]   Checking lingdojo/kana-dojo#7594: priority=100, comments=1
[10:02:12] *** DISCOVERED: lingdojo/kana-dojo#7594 (priority: 100, 1 comments) ***
[10:02:12] >>> Posting on discovered issue lingdojo/kana-dojo#7594
[10:02:13] FAILED to post on lingdojo/kana-dojo#7594: GraphQL: User is blocked (addComment)
[10:02:13] Checked 20 issues, discovered 20 high-priority ones
[10:02:13] STEP 3: Checking follow-ups
[10:02:15] STEP 4: Building action items list
[10:02:15] STEP 5: Updating metrics
[10:02:15] === SUMMARY ===
[10:02:15] Notifications: 70
[10:02:15] Posted: 0
[10:02:15] Consent opportunities: 20
[10:02:15] Stale issues: 0
[10:02:15] Need follow-up: 0
[10:02:15] Merge conflicts: 0
[10:02:15] Total tracked: 58
[10:02:15] Check complete
