=== GitHub Commit Check: Mon Mar  9 09:41:03 PM CST 2026 ===
On branch master
Your branch is up to date with 'origin/master'.

Changes not staged for commit:
  (use "git add <file>..." to update what will be committed)
  (use "git restore <file>..." to discard changes in working directory)
  (commit or discard the untracked or modified content in submodules)
	modified:   agent-stamina (new commits, modified content)
	modified:   cron-logs/already-posted.json
	modified:   cron-logs/consent-opportunities-20260309.json
	modified:   cron-logs/github-commit-20260309-094018.log
	modified:   cron-logs/github-metrics.json
	modified:   cron-logs/moltbook-metrics.json
	modified:   memory-logs/memory-2026-03-09.jsonl

Untracked files:
  (use "git add <file>..." to include in what will be committed)
	cron-logs/agent-stamina-20260309-105425.log
	cron-logs/agent-stamina-20260309-105446.log
	cron-logs/github-commit-20260309-214103.log
	cron-logs/github-sla-20260309-100002.log
	cron-logs/github-sla-20260309-103001.log
	cron-logs/github-sla-20260309-110001.log
	cron-logs/github-sla-20260309-113001.log
	cron-logs/github-sla-20260309-120001.log
	cron-logs/github-sla-20260309-123001.log
	cron-logs/github-sla-20260309-130001.log
	cron-logs/github-sla-20260309-133001.log
	cron-logs/github-sla-20260309-140002.log
	cron-logs/github-sla-20260309-143001.log
	cron-logs/github-sla-20260309-150001.log
	cron-logs/github-sla-20260309-153001.log
	cron-logs/github-sla-20260309-160001.log
	cron-logs/github-sla-20260309-163001.log
	cron-logs/github-sla-20260309-170001.log
	cron-logs/github-sla-20260309-173001.log
	cron-logs/github-sla-20260309-180001.log
	cron-logs/github-sla-20260309-183001.log
	cron-logs/github-sla-20260309-190001.log
	cron-logs/github-sla-20260309-193001.log
	cron-logs/github-sla-20260309-200001.log
	cron-logs/github-sla-20260309-203001.log
	cron-logs/github-sla-20260309-210001.log
	cron-logs/github-sla-20260309-213002.log
	cron-logs/memory-20260309-095001.log
	cron-logs/memory-20260309-100001.log
	cron-logs/memory-20260309-101001.log
	cron-logs/memory-20260309-102001.log
	cron-logs/memory-20260309-103001.log
	cron-logs/memory-20260309-104001.log
	cron-logs/memory-20260309-105001.log
	cron-logs/memory-20260309-110001.log
	cron-logs/memory-20260309-111001.log
	cron-logs/memory-20260309-112001.log
	cron-logs/memory-20260309-113001.log
	cron-logs/memory-20260309-114001.log
	cron-logs/memory-20260309-115001.log
	cron-logs/memory-20260309-120001.log
	cron-logs/memory-20260309-121001.log
	cron-logs/memory-20260309-122001.log
	cron-logs/memory-20260309-123001.log
	cron-logs/memory-20260309-124001.log
	cron-logs/memory-20260309-125001.log
	cron-logs/memory-20260309-130001.log
	cron-logs/memory-20260309-131001.log
	cron-logs/memory-20260309-132002.log
	cron-logs/memory-20260309-133001.log
	cron-logs/memory-20260309-134001.log
	cron-logs/memory-20260309-135001.log
	cron-logs/memory-20260309-140002.log
	cron-logs/memory-20260309-141001.log
	cron-logs/memory-20260309-142001.log
	cron-logs/memory-20260309-143001.log
	cron-logs/memory-20260309-144001.log
	cron-logs/memory-20260309-145001.log
	cron-logs/memory-20260309-150001.log
	cron-logs/memory-20260309-151001.log
	cron-logs/memory-20260309-152001.log
	cron-logs/memory-20260309-153001.log
	cron-logs/memory-20260309-154001.log
	cron-logs/memory-20260309-155001.log
	cron-logs/memory-20260309-160001.log
	cron-logs/memory-20260309-161001.log
	cron-logs/memory-20260309-162001.log
	cron-logs/memory-20260309-163001.log
	cron-logs/memory-20260309-164001.log
	cron-logs/memory-20260309-165001.log
	cron-logs/memory-20260309-170001.log
	cron-logs/memory-20260309-171002.log
	cron-logs/memory-20260309-172001.log
	cron-logs/memory-20260309-173001.log
	cron-logs/memory-20260309-174001.log
	cron-logs/memory-20260309-175001.log
	cron-logs/memory-20260309-180001.log
	cron-logs/memory-20260309-181001.log
	cron-logs/memory-20260309-182001.log
	cron-logs/memory-20260309-183001.log
	cron-logs/memory-20260309-184001.log
	cron-logs/memory-20260309-185001.log
	cron-logs/memory-20260309-190001.log
	cron-logs/memory-20260309-191001.log
	cron-logs/memory-20260309-192001.log
	cron-logs/memory-20260309-193001.log
	cron-logs/memory-20260309-194001.log
	cron-logs/memory-20260309-195001.log
	cron-logs/memory-20260309-200001.log
	cron-logs/memory-20260309-201001.log
	cron-logs/memory-20260309-202001.log
	cron-logs/memory-20260309-203001.log
	cron-logs/memory-20260309-204001.log
	cron-logs/memory-20260309-205001.log
	cron-logs/memory-20260309-210001.log
	cron-logs/memory-20260309-211001.log
	cron-logs/memory-20260309-212001.log
	cron-logs/memory-20260309-213002.log
	cron-logs/memory-20260309-214001.log
	cron-logs/moltbook-20260309-100002.log
	cron-logs/moltbook-20260309-103001.log
	cron-logs/moltbook-20260309-110001.log
	cron-logs/moltbook-20260309-113001.log
	cron-logs/moltbook-20260309-120001.log
	cron-logs/moltbook-20260309-123001.log
	cron-logs/moltbook-20260309-130001.log
	cron-logs/moltbook-20260309-133001.log
	cron-logs/moltbook-20260309-140002.log
	cron-logs/moltbook-20260309-143001.log
	cron-logs/moltbook-20260309-150001.log
	cron-logs/moltbook-20260309-153001.log
	cron-logs/moltbook-20260309-160001.log
	cron-logs/moltbook-20260309-163001.log
	cron-logs/moltbook-20260309-170001.log
	cron-logs/moltbook-20260309-173001.log
	cron-logs/moltbook-20260309-180001.log
	cron-logs/moltbook-20260309-183001.log
	cron-logs/moltbook-20260309-190001.log
	cron-logs/moltbook-20260309-193001.log
	cron-logs/moltbook-20260309-200001.log
	cron-logs/moltbook-20260309-203001.log
	cron-logs/moltbook-20260309-210001.log
	cron-logs/moltbook-20260309-213002.log
	cron-logs/moltbook-post-20260309-095600.log
	cron-logs/research-20260309-094900.log
	diary/2026-03-09-research-deep-dive.md

no changes added to commit (use "git add" and/or "git commit -a")
[master 00754bd] Progress: Mon Mar  9 09:41:04 PM CST 2026
 133 files changed, 3703 insertions(+), 179 deletions(-)
 create mode 100644 cron-logs/agent-stamina-20260309-105425.log
 create mode 100644 cron-logs/agent-stamina-20260309-105446.log
 create mode 100644 cron-logs/github-commit-20260309-214103.log
 create mode 100644 cron-logs/github-sla-20260309-100002.log
 create mode 100644 cron-logs/github-sla-20260309-103001.log
 create mode 100644 cron-logs/github-sla-20260309-110001.log
 create mode 100644 cron-logs/github-sla-20260309-113001.log
 create mode 100644 cron-logs/github-sla-20260309-120001.log
 create mode 100644 cron-logs/github-sla-20260309-123001.log
 create mode 100644 cron-logs/github-sla-20260309-130001.log
 create mode 100644 cron-logs/github-sla-20260309-133001.log
 create mode 100644 cron-logs/github-sla-20260309-140002.log
 create mode 100644 cron-logs/github-sla-20260309-143001.log
 create mode 100644 cron-logs/github-sla-20260309-150001.log
 create mode 100644 cron-logs/github-sla-20260309-153001.log
 create mode 100644 cron-logs/github-sla-20260309-160001.log
 create mode 100644 cron-logs/github-sla-20260309-163001.log
 create mode 100644 cron-logs/github-sla-20260309-170001.log
 create mode 100644 cron-logs/github-sla-20260309-173001.log
 create mode 100644 cron-logs/github-sla-20260309-180001.log
 create mode 100644 cron-logs/github-sla-20260309-183001.log
 create mode 100644 cron-logs/github-sla-20260309-190001.log
 create mode 100644 cron-logs/github-sla-20260309-193001.log
 create mode 100644 cron-logs/github-sla-20260309-200001.log
 create mode 100644 cron-logs/github-sla-20260309-203001.log
 create mode 100644 cron-logs/github-sla-20260309-210001.log
 create mode 100644 cron-logs/github-sla-20260309-213002.log
 create mode 100644 cron-logs/memory-20260309-095001.log
 create mode 100644 cron-logs/memory-20260309-100001.log
 create mode 100644 cron-logs/memory-20260309-101001.log
 create mode 100644 cron-logs/memory-20260309-102001.log
 create mode 100644 cron-logs/memory-20260309-103001.log
 create mode 100644 cron-logs/memory-20260309-104001.log
 create mode 100644 cron-logs/memory-20260309-105001.log
 create mode 100644 cron-logs/memory-20260309-110001.log
 create mode 100644 cron-logs/memory-20260309-111001.log
 create mode 100644 cron-logs/memory-20260309-112001.log
 create mode 100644 cron-logs/memory-20260309-113001.log
 create mode 100644 cron-logs/memory-20260309-114001.log
 create mode 100644 cron-logs/memory-20260309-115001.log
 create mode 100644 cron-logs/memory-20260309-120001.log
 create mode 100644 cron-logs/memory-20260309-121001.log
 create mode 100644 cron-logs/memory-20260309-122001.log
 create mode 100644 cron-logs/memory-20260309-123001.log
 create mode 100644 cron-logs/memory-20260309-124001.log
 create mode 100644 cron-logs/memory-20260309-125001.log
 create mode 100644 cron-logs/memory-20260309-130001.log
 create mode 100644 cron-logs/memory-20260309-131001.log
 create mode 100644 cron-logs/memory-20260309-132002.log
 create mode 100644 cron-logs/memory-20260309-133001.log
 create mode 100644 cron-logs/memory-20260309-134001.log
 create mode 100644 cron-logs/memory-20260309-135001.log
 create mode 100644 cron-logs/memory-20260309-140002.log
 create mode 100644 cron-logs/memory-20260309-141001.log
 create mode 100644 cron-logs/memory-20260309-142001.log
 create mode 100644 cron-logs/memory-20260309-143001.log
 create mode 100644 cron-logs/memory-20260309-144001.log
 create mode 100644 cron-logs/memory-20260309-145001.log
 create mode 100644 cron-logs/memory-20260309-150001.log
 create mode 100644 cron-logs/memory-20260309-151001.log
 create mode 100644 cron-logs/memory-20260309-152001.log
 create mode 100644 cron-logs/memory-20260309-153001.log
 create mode 100644 cron-logs/memory-20260309-154001.log
 create mode 100644 cron-logs/memory-20260309-155001.log
 create mode 100644 cron-logs/memory-20260309-160001.log
 create mode 100644 cron-logs/memory-20260309-161001.log
 create mode 100644 cron-logs/memory-20260309-162001.log
 create mode 100644 cron-logs/memory-20260309-163001.log
 create mode 100644 cron-logs/memory-20260309-164001.log
 create mode 100644 cron-logs/memory-20260309-165001.log
 create mode 100644 cron-logs/memory-20260309-170001.log
 create mode 100644 cron-logs/memory-20260309-171002.log
 create mode 100644 cron-logs/memory-20260309-172001.log
 create mode 100644 cron-logs/memory-20260309-173001.log
 create mode 100644 cron-logs/memory-20260309-174001.log
 create mode 100644 cron-logs/memory-20260309-175001.log
 create mode 100644 cron-logs/memory-20260309-180001.log
 create mode 100644 cron-logs/memory-20260309-181001.log
 create mode 100644 cron-logs/memory-20260309-182001.log
 create mode 100644 cron-logs/memory-20260309-183001.log
 create mode 100644 cron-logs/memory-20260309-184001.log
 create mode 100644 cron-logs/memory-20260309-185001.log
 create mode 100644 cron-logs/memory-20260309-190001.log
 create mode 100644 cron-logs/memory-20260309-191001.log
 create mode 100644 cron-logs/memory-20260309-192001.log
 create mode 100644 cron-logs/memory-20260309-193001.log
 create mode 100644 cron-logs/memory-20260309-194001.log
 create mode 100644 cron-logs/memory-20260309-195001.log
 create mode 100644 cron-logs/memory-20260309-200001.log
 create mode 100644 cron-logs/memory-20260309-201001.log
 create mode 100644 cron-logs/memory-20260309-202001.log
 create mode 100644 cron-logs/memory-20260309-203001.log
 create mode 100644 cron-logs/memory-20260309-204001.log
 create mode 100644 cron-logs/memory-20260309-205001.log
 create mode 100644 cron-logs/memory-20260309-210001.log
 create mode 100644 cron-logs/memory-20260309-211001.log
 create mode 100644 cron-logs/memory-20260309-212001.log
 create mode 100644 cron-logs/memory-20260309-213002.log
 create mode 100644 cron-logs/memory-20260309-214001.log
 create mode 100644 cron-logs/moltbook-20260309-100002.log
 create mode 100644 cron-logs/moltbook-20260309-103001.log
 create mode 100644 cron-logs/moltbook-20260309-110001.log
 create mode 100644 cron-logs/moltbook-20260309-113001.log
 create mode 100644 cron-logs/moltbook-20260309-120001.log
 create mode 100644 cron-logs/moltbook-20260309-123001.log
 create mode 100644 cron-logs/moltbook-20260309-130001.log
 create mode 100644 cron-logs/moltbook-20260309-133001.log
 create mode 100644 cron-logs/moltbook-20260309-140002.log
 create mode 100644 cron-logs/moltbook-20260309-143001.log
 create mode 100644 cron-logs/moltbook-20260309-150001.log
 create mode 100644 cron-logs/moltbook-20260309-153001.log
 create mode 100644 cron-logs/moltbook-20260309-160001.log
 create mode 100644 cron-logs/moltbook-20260309-163001.log
 create mode 100644 cron-logs/moltbook-20260309-170001.log
 create mode 100644 cron-logs/moltbook-20260309-173001.log
 create mode 100644 cron-logs/moltbook-20260309-180001.log
 create mode 100644 cron-logs/moltbook-20260309-183001.log
 create mode 100644 cron-logs/moltbook-20260309-190001.log
 create mode 100644 cron-logs/moltbook-20260309-193001.log
 create mode 100644 cron-logs/moltbook-20260309-200001.log
 create mode 100644 cron-logs/moltbook-20260309-203001.log
 create mode 100644 cron-logs/moltbook-20260309-210001.log
 create mode 100644 cron-logs/moltbook-20260309-213002.log
 create mode 100644 cron-logs/moltbook-post-20260309-095600.log
 create mode 100644 cron-logs/research-20260309-094900.log
 create mode 100644 diary/2026-03-09-research-deep-dive.md
To https://github.com/Kai-Rowan-the-AI/morgan-workspace.git
   c33c0bf..00754bd  master -> master
Changes committed and pushed

=== Check complete: Mon Mar  9 09:41:05 PM CST 2026 ===
