=== GitHub SLA Check: Tue Mar 10 12:30:02 AM CST 2026 ===
[00:30:02] STEP 0: Cleaning old data
[00:30:02] Checking tracked issues for closures...
[00:30:14] Cleanup complete
[00:30:14] STEP 1: Processing notifications
[00:30:16] Found 78 notifications
[00:30:17] EndlessPixel/EndlessPixel-Modpack#35: Already assigned, skipping
[00:30:18] VATSIM-UK/UK-Sector-File#6064: Already assigned, skipping
[00:30:55] pytorch-tabular/pytorch_tabular#605: Too old (43 days), skipping
[00:31:14] activist-org/activist#1925: Already assigned, skipping
[00:31:32] microsoft/vscode#288770: Already assigned, skipping
[00:31:37] lucasjinreal/Kokoros#61: Too old (381 days), skipping
[00:32:11] STEP 2: Checking my PRs
[00:32:12] STEP 2.5: Proactive discovery - finding new issues
[00:32:12] Searching for good-first-issues...
[00:32:14] Found 20 good-first-issues from search
[00:32:14]   Checking rajmahadev422/Learn-To-PR#16: priority=100, comments=1
[00:32:14] *** DISCOVERED: rajmahadev422/Learn-To-PR#16 (priority: 100, 1 comments) ***
[00:32:14] >>> Posting on discovered issue rajmahadev422/Learn-To-PR#16
[00:32:15] SUCCESS: Posted on rajmahadev422/Learn-To-PR#16
[00:32:20]   Skipping EndlessPixel/EndlessPixel-Modpack#35: Too many comments (6)
[00:32:21]   Skipping rysweet/azlin#793: Already tracked
[00:32:21]   Skipping rysweet/amplihack#2981: Already tracked
[00:32:21]   Skipping rysweet/amplihack#2980: Already tracked
[00:32:21]   Skipping rysweet/amplihack#2979: Already tracked
[00:32:21]   Skipping rysweet/amplihack#2977: Already tracked
[00:32:21]   Skipping rysweet/amplihack#2976: Already tracked
[00:32:21]   Skipping brendankowitz/FHIR-Tools-for-Anonymization#80: Already tracked
[00:32:21]   Skipping windoze95/nullfeed-flutter#19: Already tracked
[00:32:21]   Skipping windoze95/nullfeed-backend#33: Already tracked
[00:32:21]   Skipping windoze95/nullfeed-backend#32: Already tracked
[00:32:21]   Skipping avni-j/synthetic-demo-app#12: Already tracked
[00:32:21]   Skipping T-SIG/tsig-prints#252: Already tracked
[00:32:21]   Skipping T-SIG/tsig-prints#249: Already tracked
[00:32:21]   Skipping T-SIG/tsig-prints#248: Already tracked
[00:32:22]   Skipping T-SIG/tsig-prints#247: Already tracked
[00:32:22]   Skipping T-SIG/tsig-prints#245: Already tracked
[00:32:22]   Skipping T-SIG/tsig-prints#244: Already tracked
[00:32:22]   Skipping T-SIG/tsig-prints#243: Already tracked
[00:32:22] Checked 20 issues, discovered 1 high-priority ones
[00:32:22] STEP 3: Checking follow-ups
[00:32:46] STEP 4: Building action items list
[00:32:46] STEP 5: Updating metrics
[00:32:46] === SUMMARY ===
[00:32:46] Notifications: 78
[00:32:46] Posted: 1
[00:32:46] Consent opportunities: 1
[00:32:46] Stale issues: 0
[00:32:46] Need follow-up: 0
[00:32:46] Merge conflicts: 0
[00:32:46] Total tracked: 96
[00:32:46] Check complete
