=== GitHub SLA Check: Mon Mar  9 07:30:01 AM CST 2026 ===
[07:30:01] STEP 0: Cleaning old data
[07:30:01] Checking tracked issues for closures...
[07:30:13] Cleanup complete
[07:30:13] STEP 1: Processing notifications
[07:30:14] Found 71 notifications
[07:30:34] VATSIM-UK/UK-Sector-File#6064: Already assigned, skipping
[07:30:38] pytorch-tabular/pytorch_tabular#605: Too old (42 days), skipping
[07:30:56] activist-org/activist#1925: Already assigned, skipping
[07:31:14] microsoft/vscode#288770: Already assigned, skipping
[07:31:18] lucasjinreal/Kokoros#61: Too old (380 days), skipping
[07:31:49] STEP 2: Checking my PRs
[07:31:50] STEP 2.5: Proactive discovery - finding new issues
[07:31:50] Searching for good-first-issues...
[07:31:51] Found 20 good-first-issues from search
[07:31:51]   Skipping VATSIM-UK/UK-Sector-File#6069: Already tracked
[07:31:52]   Checking lingdojo/kana-dojo#7665: priority=100, comments=1
[07:31:52] *** DISCOVERED: lingdojo/kana-dojo#7665 (priority: 100, 1 comments) ***
[07:31:52] >>> Posting on discovered issue lingdojo/kana-dojo#7665
[07:31:53] FAILED to post on lingdojo/kana-dojo#7665: GraphQL: User is blocked (addComment)
[07:31:53]   Checking lingdojo/kana-dojo#7664: priority=100, comments=1
[07:31:53] *** DISCOVERED: lingdojo/kana-dojo#7664 (priority: 100, 1 comments) ***
[07:31:53] >>> Posting on discovered issue lingdojo/kana-dojo#7664
[07:31:54] FAILED to post on lingdojo/kana-dojo#7664: GraphQL: User is blocked (addComment)
[07:31:54]   Checking lingdojo/kana-dojo#7663: priority=100, comments=2
[07:31:54] *** DISCOVERED: lingdojo/kana-dojo#7663 (priority: 100, 2 comments) ***
[07:31:54] >>> Posting on discovered issue lingdojo/kana-dojo#7663
[07:31:55] FAILED to post on lingdojo/kana-dojo#7663: GraphQL: User is blocked (addComment)
[07:31:55]   Checking lingdojo/kana-dojo#7662: priority=100, comments=1
[07:31:55] *** DISCOVERED: lingdojo/kana-dojo#7662 (priority: 100, 1 comments) ***
[07:31:55] >>> Posting on discovered issue lingdojo/kana-dojo#7662
[07:31:56] FAILED to post on lingdojo/kana-dojo#7662: GraphQL: User is blocked (addComment)
[07:31:56]   Checking lingdojo/kana-dojo#7661: priority=100, comments=1
[07:31:56] *** DISCOVERED: lingdojo/kana-dojo#7661 (priority: 100, 1 comments) ***
[07:31:56] >>> Posting on discovered issue lingdojo/kana-dojo#7661
[07:31:57] FAILED to post on lingdojo/kana-dojo#7661: GraphQL: User is blocked (addComment)
[07:31:58]   Checking lingdojo/kana-dojo#7660: priority=100, comments=1
[07:31:58] *** DISCOVERED: lingdojo/kana-dojo#7660 (priority: 100, 1 comments) ***
[07:31:58] >>> Posting on discovered issue lingdojo/kana-dojo#7660
[07:31:59] FAILED to post on lingdojo/kana-dojo#7660: GraphQL: User is blocked (addComment)
[07:31:59]   Checking lingdojo/kana-dojo#7659: priority=100, comments=1
[07:31:59] *** DISCOVERED: lingdojo/kana-dojo#7659 (priority: 100, 1 comments) ***
[07:31:59] >>> Posting on discovered issue lingdojo/kana-dojo#7659
[07:32:01] FAILED to post on lingdojo/kana-dojo#7659: GraphQL: User is blocked (addComment)
[07:32:01]   Checking lingdojo/kana-dojo#7658: priority=100, comments=1
[07:32:01] *** DISCOVERED: lingdojo/kana-dojo#7658 (priority: 100, 1 comments) ***
[07:32:01] >>> Posting on discovered issue lingdojo/kana-dojo#7658
[07:32:02] FAILED to post on lingdojo/kana-dojo#7658: GraphQL: User is blocked (addComment)
[07:32:02]   Checking lingdojo/kana-dojo#7657: priority=100, comments=1
[07:32:02] *** DISCOVERED: lingdojo/kana-dojo#7657 (priority: 100, 1 comments) ***
[07:32:02] >>> Posting on discovered issue lingdojo/kana-dojo#7657
[07:32:03] FAILED to post on lingdojo/kana-dojo#7657: GraphQL: User is blocked (addComment)
[07:32:03]   Checking lingdojo/kana-dojo#7656: priority=100, comments=1
[07:32:03] *** DISCOVERED: lingdojo/kana-dojo#7656 (priority: 100, 1 comments) ***
[07:32:03] >>> Posting on discovered issue lingdojo/kana-dojo#7656
[07:32:04] FAILED to post on lingdojo/kana-dojo#7656: GraphQL: User is blocked (addComment)
[07:32:05]   Checking lingdojo/kana-dojo#7654: priority=100, comments=1
[07:32:05] *** DISCOVERED: lingdojo/kana-dojo#7654 (priority: 100, 1 comments) ***
[07:32:05] >>> Posting on discovered issue lingdojo/kana-dojo#7654
[07:32:06] FAILED to post on lingdojo/kana-dojo#7654: GraphQL: User is blocked (addComment)
[07:32:06]   Skipping windoze95/nullfeed-flutter#17: Already tracked
[07:32:06]   Skipping windoze95/nullfeed-backend#29: Already tracked
[07:32:06]   Skipping windoze95/nullfeed-backend#28: Already tracked
[07:32:06]   Checking lingdojo/kana-dojo#7653: priority=100, comments=1
[07:32:06] *** DISCOVERED: lingdojo/kana-dojo#7653 (priority: 100, 1 comments) ***
[07:32:06] >>> Posting on discovered issue lingdojo/kana-dojo#7653
[07:32:07] FAILED to post on lingdojo/kana-dojo#7653: GraphQL: User is blocked (addComment)
[07:32:08]   Checking lingdojo/kana-dojo#7652: priority=100, comments=1
[07:32:08] *** DISCOVERED: lingdojo/kana-dojo#7652 (priority: 100, 1 comments) ***
[07:32:08] >>> Posting on discovered issue lingdojo/kana-dojo#7652
[07:32:09] FAILED to post on lingdojo/kana-dojo#7652: GraphQL: User is blocked (addComment)
[07:32:10]   Checking lingdojo/kana-dojo#7651: priority=100, comments=2
[07:32:10] *** DISCOVERED: lingdojo/kana-dojo#7651 (priority: 100, 2 comments) ***
[07:32:10] >>> Posting on discovered issue lingdojo/kana-dojo#7651
[07:32:11] FAILED to post on lingdojo/kana-dojo#7651: GraphQL: User is blocked (addComment)
[07:32:11]   Checking lingdojo/kana-dojo#7649: priority=100, comments=1
[07:32:11] *** DISCOVERED: lingdojo/kana-dojo#7649 (priority: 100, 1 comments) ***
[07:32:11] >>> Posting on discovered issue lingdojo/kana-dojo#7649
[07:32:12] FAILED to post on lingdojo/kana-dojo#7649: GraphQL: User is blocked (addComment)
[07:32:13]   Checking lingdojo/kana-dojo#7648: priority=100, comments=1
[07:32:13] *** DISCOVERED: lingdojo/kana-dojo#7648 (priority: 100, 1 comments) ***
[07:32:13] >>> Posting on discovered issue lingdojo/kana-dojo#7648
[07:32:13] FAILED to post on lingdojo/kana-dojo#7648: GraphQL: User is blocked (addComment)
[07:32:13] Checked 20 issues, discovered 16 high-priority ones
[07:32:13] STEP 3: Checking follow-ups
[07:32:15] STEP 4: Building action items list
[07:32:15] STEP 5: Updating metrics
[07:32:15] === SUMMARY ===
[07:32:15] Notifications: 71
[07:32:15] Posted: 0
[07:32:15] Consent opportunities: 16
[07:32:15] Stale issues: 0
[07:32:15] Need follow-up: 0
[07:32:15] Merge conflicts: 0
[07:32:15] Total tracked: 62
[07:32:15] Check complete
