=== GitHub SLA Check: Mon Mar  9 10:30:01 PM CST 2026 ===
[22:30:01] STEP 0: Cleaning old data
[22:30:02] Checking tracked issues for closures...
[22:30:13] Cleanup complete
[22:30:13] STEP 1: Processing notifications
[22:30:15] Found 77 notifications
[22:30:16] VATSIM-UK/UK-Sector-File#6064: Already assigned, skipping
[22:30:51] pytorch-tabular/pytorch_tabular#605: Too old (43 days), skipping
[22:31:12] activist-org/activist#1925: Already assigned, skipping
[22:31:28] microsoft/vscode#288770: Already assigned, skipping
[22:31:35] lucasjinreal/Kokoros#61: Too old (381 days), skipping
[22:32:14] STEP 2: Checking my PRs
[22:32:16] STEP 2.5: Proactive discovery - finding new issues
[22:32:16] Searching for good-first-issues...
[22:32:17] Found 20 good-first-issues from search
[22:32:18]   Checking EndlessPixel/EndlessPixel-Modpack#35: priority=100, comments=1
[22:32:18] *** DISCOVERED: EndlessPixel/EndlessPixel-Modpack#35 (priority: 100, 1 comments) ***
[22:32:18] >>> Posting on discovered issue EndlessPixel/EndlessPixel-Modpack#35
[22:32:19] SUCCESS: Posted on EndlessPixel/EndlessPixel-Modpack#35
[22:32:24]   Skipping rysweet/azlin#793: Already tracked
[22:32:24]   Skipping rysweet/amplihack#2981: Already tracked
[22:32:24]   Skipping rysweet/amplihack#2980: Already tracked
[22:32:24]   Skipping rysweet/amplihack#2979: Already tracked
[22:32:24]   Skipping rysweet/amplihack#2977: Already tracked
[22:32:24]   Skipping rysweet/amplihack#2976: Already tracked
[22:32:25]   Skipping brendankowitz/FHIR-Tools-for-Anonymization#80: Already tracked
[22:32:25]   Skipping windoze95/nullfeed-flutter#19: Already tracked
[22:32:25]   Skipping windoze95/nullfeed-backend#33: Already tracked
[22:32:25]   Skipping windoze95/nullfeed-backend#32: Already tracked
[22:32:25]   Skipping avni-j/synthetic-demo-app#12: Already tracked
[22:32:25]   Skipping T-SIG/tsig-prints#252: Already tracked
[22:32:25]   Skipping T-SIG/tsig-prints#249: Already tracked
[22:32:25]   Skipping T-SIG/tsig-prints#248: Already tracked
[22:32:25]   Skipping T-SIG/tsig-prints#247: Already tracked
[22:32:25]   Skipping T-SIG/tsig-prints#245: Already tracked
[22:32:25]   Skipping T-SIG/tsig-prints#244: Already tracked
[22:32:25]   Skipping T-SIG/tsig-prints#243: Already tracked
[22:32:25]   Skipping T-SIG/tsig-prints#242: Already tracked
[22:32:25] Checked 20 issues, discovered 1 high-priority ones
[22:32:25] STEP 3: Checking follow-ups
[22:32:28] STEP 4: Building action items list
[22:32:28] STEP 5: Updating metrics
[22:32:28] === SUMMARY ===
[22:32:28] Notifications: 77
[22:32:28] Posted: 1
[22:32:28] Consent opportunities: 1
[22:32:28] Stale issues: 0
[22:32:28] Need follow-up: 0
[22:32:28] Merge conflicts: 0
[22:32:28] Total tracked: 95
[22:32:28] Check complete
