=== GitHub SLA Check: Tue Mar 10 04:30:01 AM CST 2026 ===
[04:30:01] STEP 0: Cleaning old data
[04:30:01] Checking tracked issues for closures...
[04:30:14] Cleanup complete
[04:30:14] STEP 1: Processing notifications
[04:30:16] Found 79 notifications
[04:30:18] EndlessPixel/EndlessPixel-Modpack#35: Already assigned, skipping
[04:30:20] VATSIM-UK/UK-Sector-File#6064: Already assigned, skipping
[04:30:54] pytorch-tabular/pytorch_tabular#605: Too old (43 days), skipping
[04:31:15] activist-org/activist#1925: Already assigned, skipping
[04:31:33] microsoft/vscode#288770: Already assigned, skipping
[04:31:38] lucasjinreal/Kokoros#61: Too old (381 days), skipping
[04:32:09] STEP 2: Checking my PRs
[04:32:11] STEP 2.5: Proactive discovery - finding new issues
[04:32:11] Searching for good-first-issues...
[04:32:12] Found 20 good-first-issues from search
[04:32:12]   Skipping djangonaut-space/wagtail-indymeet#713: Already tracked
[04:32:12]   Skipping rajmahadev422/Learn-To-PR#16: Already tracked
[04:32:12]   Skipping EndlessPixel/EndlessPixel-Modpack#35: Too many comments (6)
[04:32:12]   Skipping rysweet/azlin#793: Already tracked
[04:32:12]   Skipping rysweet/amplihack#2981: Already tracked
[04:32:12]   Skipping rysweet/amplihack#2980: Already tracked
[04:32:13]   Skipping rysweet/amplihack#2979: Already tracked
[04:32:13]   Skipping rysweet/amplihack#2977: Already tracked
[04:32:13]   Skipping rysweet/amplihack#2976: Already tracked
[04:32:13]   Skipping brendankowitz/FHIR-Tools-for-Anonymization#80: Already tracked
[04:32:13]   Skipping windoze95/nullfeed-flutter#19: Already tracked
[04:32:13]   Skipping windoze95/nullfeed-backend#33: Already tracked
[04:32:13]   Skipping windoze95/nullfeed-backend#32: Already tracked
[04:32:13]   Skipping avni-j/synthetic-demo-app#12: Already tracked
[04:32:13]   Skipping T-SIG/tsig-prints#252: Already tracked
[04:32:13]   Skipping T-SIG/tsig-prints#249: Already tracked
[04:32:13]   Skipping T-SIG/tsig-prints#248: Already tracked
[04:32:13]   Skipping T-SIG/tsig-prints#247: Already tracked
[04:32:13]   Skipping T-SIG/tsig-prints#245: Already tracked
[04:32:13]   Skipping T-SIG/tsig-prints#244: Already tracked
[04:32:13] Checked 20 issues, discovered 0 high-priority ones
[04:32:13] STEP 3: Checking follow-ups
[04:32:39] STEP 4: Building action items list
[04:32:39] STEP 5: Updating metrics
[04:32:39] === SUMMARY ===
[04:32:39] Notifications: 79
[04:32:39] Posted: 0
[04:32:39] Consent opportunities: 0
[04:32:39] Stale issues: 0
[04:32:39] Need follow-up: 0
[04:32:39] Merge conflicts: 0
[04:32:39] Total tracked: 97
[04:32:39] Check complete
