=== GitHub SLA Check: Tue Mar 10 05:00:01 AM CST 2026 ===
[05:00:01] STEP 0: Cleaning old data
[05:00:01] Checking tracked issues for closures...
[05:00:12] Cleanup complete
[05:00:12] STEP 1: Processing notifications
[05:00:14] Found 79 notifications
[05:00:16] EndlessPixel/EndlessPixel-Modpack#35: Already assigned, skipping
[05:00:17] VATSIM-UK/UK-Sector-File#6064: Already assigned, skipping
[05:00:53] pytorch-tabular/pytorch_tabular#605: Too old (43 days), skipping
[05:01:11] activist-org/activist#1925: Already assigned, skipping
[05:01:27] microsoft/vscode#288770: Already assigned, skipping
[05:01:32] lucasjinreal/Kokoros#61: Too old (381 days), skipping
[05:02:04] STEP 2: Checking my PRs
[05:02:05] STEP 2.5: Proactive discovery - finding new issues
[05:02:05] Searching for good-first-issues...
[05:02:07] Found 20 good-first-issues from search
[05:02:07]   Skipping djangonaut-space/wagtail-indymeet#713: Already tracked
[05:02:07]   Skipping rajmahadev422/Learn-To-PR#16: Already tracked
[05:02:07]   Skipping EndlessPixel/EndlessPixel-Modpack#35: Too many comments (6)
[05:02:07]   Skipping rysweet/azlin#793: Already tracked
[05:02:07]   Skipping rysweet/amplihack#2981: Already tracked
[05:02:07]   Skipping rysweet/amplihack#2980: Already tracked
[05:02:07]   Skipping rysweet/amplihack#2979: Already tracked
[05:02:07]   Skipping rysweet/amplihack#2977: Already tracked
[05:02:07]   Skipping rysweet/amplihack#2976: Already tracked
[05:02:07]   Skipping brendankowitz/FHIR-Tools-for-Anonymization#80: Already tracked
[05:02:07]   Skipping windoze95/nullfeed-flutter#19: Already tracked
[05:02:07]   Skipping windoze95/nullfeed-backend#33: Already tracked
[05:02:08]   Skipping windoze95/nullfeed-backend#32: Already tracked
[05:02:08]   Skipping avni-j/synthetic-demo-app#12: Already tracked
[05:02:08]   Skipping T-SIG/tsig-prints#252: Already tracked
[05:02:08]   Skipping T-SIG/tsig-prints#249: Already tracked
[05:02:08]   Skipping T-SIG/tsig-prints#248: Already tracked
[05:02:08]   Skipping T-SIG/tsig-prints#247: Already tracked
[05:02:08]   Skipping T-SIG/tsig-prints#245: Already tracked
[05:02:08]   Skipping T-SIG/tsig-prints#244: Already tracked
[05:02:08] Checked 20 issues, discovered 0 high-priority ones
[05:02:08] STEP 3: Checking follow-ups
[05:02:33] STEP 4: Building action items list
[05:02:33] STEP 5: Updating metrics
[05:02:33] === SUMMARY ===
[05:02:33] Notifications: 79
[05:02:33] Posted: 0
[05:02:33] Consent opportunities: 0
[05:02:33] Stale issues: 0
[05:02:33] Need follow-up: 0
[05:02:33] Merge conflicts: 0
[05:02:33] Total tracked: 97
[05:02:33] Check complete
