=== GitHub SLA Check: Sun Mar  8 07:00:01 PM CST 2026 ===
[19:00:01] STEP 0: Cleaning old data
[19:00:01] Checking tracked issues for closures...
[19:00:12] Cleanup complete
[19:00:12] STEP 1: Processing notifications
[19:00:13] Found 70 notifications
[19:00:32] VATSIM-UK/UK-Sector-File#6064: Already assigned, skipping
[19:00:35] pytorch-tabular/pytorch_tabular#605: Too old (42 days), skipping
[19:00:54] activist-org/activist#1925: Already assigned, skipping
[19:01:09] microsoft/vscode#288770: Already assigned, skipping
[19:01:14] lucasjinreal/Kokoros#61: Too old (380 days), skipping
[19:01:44] STEP 2: Checking my PRs
[19:01:45] STEP 2.5: Proactive discovery - finding new issues
[19:01:45] Searching for good-first-issues...
[19:01:47] Found 20 good-first-issues from search
[19:01:47]   Checking lingdojo/kana-dojo#7665: priority=100, comments=1
[19:01:47] *** DISCOVERED: lingdojo/kana-dojo#7665 (priority: 100, 1 comments) ***
[19:01:47] >>> Posting on discovered issue lingdojo/kana-dojo#7665
[19:01:48] FAILED to post on lingdojo/kana-dojo#7665: GraphQL: User is blocked (addComment)
[19:01:48]   Checking lingdojo/kana-dojo#7664: priority=100, comments=1
[19:01:48] *** DISCOVERED: lingdojo/kana-dojo#7664 (priority: 100, 1 comments) ***
[19:01:48] >>> Posting on discovered issue lingdojo/kana-dojo#7664
[19:01:49] FAILED to post on lingdojo/kana-dojo#7664: GraphQL: User is blocked (addComment)
[19:01:49]   Checking lingdojo/kana-dojo#7663: priority=100, comments=1
[19:01:49] *** DISCOVERED: lingdojo/kana-dojo#7663 (priority: 100, 1 comments) ***
[19:01:49] >>> Posting on discovered issue lingdojo/kana-dojo#7663
[19:01:50] FAILED to post on lingdojo/kana-dojo#7663: GraphQL: User is blocked (addComment)
[19:01:50]   Checking lingdojo/kana-dojo#7662: priority=100, comments=1
[19:01:50] *** DISCOVERED: lingdojo/kana-dojo#7662 (priority: 100, 1 comments) ***
[19:01:51] >>> Posting on discovered issue lingdojo/kana-dojo#7662
[19:01:51] FAILED to post on lingdojo/kana-dojo#7662: GraphQL: User is blocked (addComment)
[19:01:52]   Checking lingdojo/kana-dojo#7661: priority=100, comments=1
[19:01:52] *** DISCOVERED: lingdojo/kana-dojo#7661 (priority: 100, 1 comments) ***
[19:01:52] >>> Posting on discovered issue lingdojo/kana-dojo#7661
[19:01:52] FAILED to post on lingdojo/kana-dojo#7661: GraphQL: User is blocked (addComment)
[19:01:53]   Checking lingdojo/kana-dojo#7660: priority=100, comments=1
[19:01:53] *** DISCOVERED: lingdojo/kana-dojo#7660 (priority: 100, 1 comments) ***
[19:01:53] >>> Posting on discovered issue lingdojo/kana-dojo#7660
[19:01:54] FAILED to post on lingdojo/kana-dojo#7660: GraphQL: User is blocked (addComment)
[19:01:54]   Checking lingdojo/kana-dojo#7659: priority=100, comments=1
[19:01:54] *** DISCOVERED: lingdojo/kana-dojo#7659 (priority: 100, 1 comments) ***
[19:01:54] >>> Posting on discovered issue lingdojo/kana-dojo#7659
[19:01:55] FAILED to post on lingdojo/kana-dojo#7659: GraphQL: User is blocked (addComment)
[19:01:55]   Checking lingdojo/kana-dojo#7658: priority=100, comments=1
[19:01:55] *** DISCOVERED: lingdojo/kana-dojo#7658 (priority: 100, 1 comments) ***
[19:01:55] >>> Posting on discovered issue lingdojo/kana-dojo#7658
[19:01:56] FAILED to post on lingdojo/kana-dojo#7658: GraphQL: User is blocked (addComment)
[19:01:56]   Checking lingdojo/kana-dojo#7657: priority=100, comments=1
[19:01:56] *** DISCOVERED: lingdojo/kana-dojo#7657 (priority: 100, 1 comments) ***
[19:01:56] >>> Posting on discovered issue lingdojo/kana-dojo#7657
[19:01:57] FAILED to post on lingdojo/kana-dojo#7657: GraphQL: User is blocked (addComment)
[19:01:58]   Checking lingdojo/kana-dojo#7656: priority=100, comments=1
[19:01:58] *** DISCOVERED: lingdojo/kana-dojo#7656 (priority: 100, 1 comments) ***
[19:01:58] >>> Posting on discovered issue lingdojo/kana-dojo#7656
[19:01:59] FAILED to post on lingdojo/kana-dojo#7656: GraphQL: User is blocked (addComment)
[19:01:59]   Checking lingdojo/kana-dojo#7654: priority=100, comments=1
[19:01:59] *** DISCOVERED: lingdojo/kana-dojo#7654 (priority: 100, 1 comments) ***
[19:01:59] >>> Posting on discovered issue lingdojo/kana-dojo#7654
[19:02:00] FAILED to post on lingdojo/kana-dojo#7654: GraphQL: User is blocked (addComment)
[19:02:01]   Skipping windoze95/nullfeed-flutter#17: Already tracked
[19:02:01]   Skipping windoze95/nullfeed-backend#29: Already tracked
[19:02:01]   Skipping windoze95/nullfeed-backend#28: Already tracked
[19:02:01]   Checking lingdojo/kana-dojo#7653: priority=100, comments=1
[19:02:01] *** DISCOVERED: lingdojo/kana-dojo#7653 (priority: 100, 1 comments) ***
[19:02:01] >>> Posting on discovered issue lingdojo/kana-dojo#7653
[19:02:02] FAILED to post on lingdojo/kana-dojo#7653: GraphQL: User is blocked (addComment)
[19:02:03]   Checking lingdojo/kana-dojo#7652: priority=100, comments=1
[19:02:03] *** DISCOVERED: lingdojo/kana-dojo#7652 (priority: 100, 1 comments) ***
[19:02:03] >>> Posting on discovered issue lingdojo/kana-dojo#7652
[19:02:04] FAILED to post on lingdojo/kana-dojo#7652: GraphQL: User is blocked (addComment)
[19:02:04]   Checking lingdojo/kana-dojo#7651: priority=100, comments=2
[19:02:04] *** DISCOVERED: lingdojo/kana-dojo#7651 (priority: 100, 2 comments) ***
[19:02:04] >>> Posting on discovered issue lingdojo/kana-dojo#7651
[19:02:05] FAILED to post on lingdojo/kana-dojo#7651: GraphQL: User is blocked (addComment)
[19:02:05]   Checking lingdojo/kana-dojo#7649: priority=100, comments=1
[19:02:05] *** DISCOVERED: lingdojo/kana-dojo#7649 (priority: 100, 1 comments) ***
[19:02:05] >>> Posting on discovered issue lingdojo/kana-dojo#7649
[19:02:06] FAILED to post on lingdojo/kana-dojo#7649: GraphQL: User is blocked (addComment)
[19:02:07]   Checking lingdojo/kana-dojo#7648: priority=100, comments=1
[19:02:07] *** DISCOVERED: lingdojo/kana-dojo#7648 (priority: 100, 1 comments) ***
[19:02:07] >>> Posting on discovered issue lingdojo/kana-dojo#7648
[19:02:08] FAILED to post on lingdojo/kana-dojo#7648: GraphQL: User is blocked (addComment)
[19:02:08]   Checking lingdojo/kana-dojo#7646: priority=100, comments=1
[19:02:08] *** DISCOVERED: lingdojo/kana-dojo#7646 (priority: 100, 1 comments) ***
[19:02:08] >>> Posting on discovered issue lingdojo/kana-dojo#7646
[19:02:09] FAILED to post on lingdojo/kana-dojo#7646: GraphQL: User is blocked (addComment)
[19:02:09] Checked 20 issues, discovered 17 high-priority ones
[19:02:09] STEP 3: Checking follow-ups
[19:02:11] STEP 4: Building action items list
[19:02:11] STEP 5: Updating metrics
[19:02:11] === SUMMARY ===
[19:02:11] Notifications: 70
[19:02:11] Posted: 0
[19:02:11] Consent opportunities: 17
[19:02:11] Stale issues: 0
[19:02:11] Need follow-up: 0
[19:02:11] Merge conflicts: 0
[19:02:11] Total tracked: 61
[19:02:11] Check complete
