=== GitHub SLA Check: Sat Mar  7 08:00:02 PM CST 2026 ===
[20:00:02] STEP 0: Cleaning old data
[20:00:02] Checking tracked issues for closures...
[20:00:13] Cleanup complete
[20:00:13] STEP 1: Processing notifications
[20:00:14] Found 72 notifications
[20:00:25] pytorch-tabular/pytorch_tabular#605: Too old (41 days), skipping
[20:00:49] activist-org/activist#1925: Already assigned, skipping
[20:01:11] microsoft/vscode#288770: Already assigned, skipping
[20:01:17] lucasjinreal/Kokoros#61: Too old (379 days), skipping
[20:01:46] STEP 2: Checking my PRs
[20:01:48] STEP 2.5: Proactive discovery - finding new issues
[20:01:48] Searching for good-first-issues...
[20:01:49] Found 20 good-first-issues from search
[20:01:50]   Skipping windoze95/nullfeed-flutter#15: Already tracked
[20:01:50]   Skipping windoze95/nullfeed-flutter#14: Already tracked
[20:01:50]   Skipping windoze95/nullfeed-backend#27: Already tracked
[20:01:50]   Skipping finnoybu/aegis-governance#14: Already tracked
[20:01:50]   Skipping finnoybu/aegis-governance#13: Already tracked
[20:01:50]   Skipping adenueltech/jobhunter#27: Already tracked
[20:01:50]   Skipping adenueltech/jobhunter#1: Already tracked
[20:01:50]   Skipping GreatJobTommy/DIT-Transfer-Tools#72: Already tracked
[20:01:50]   Skipping GreatJobTommy/DIT-Transfer-Tools#73: Already tracked
[20:01:50]   Skipping PatrickB1905/WealthWise#12: Already tracked
[20:01:50]   Skipping mynextproject-portfolio/recipe-explorer-lite-ildarakhmetov#1: Already tracked
[20:01:50]   Skipping rajmahadev422/Learn-To-PR#7: Already tracked
[20:01:50]   Skipping finnoybu/aegis-governance#12: Already tracked
[20:01:50]   Skipping Vexa-ai/vexa#160: Already tracked
[20:01:50]   Skipping rajmahadev422/Learn-To-PR#3: Already tracked
[20:01:51]   Skipping VATSIM-UK/UK-Sector-File#6064: Already tracked
[20:01:51]   Skipping Vexa-ai/vexa#155: Already tracked
[20:01:51]   Skipping windoze95/nullfeed-flutter#12: Already tracked
[20:01:51]   Skipping windoze95/nullfeed-backend#22: Already tracked
[20:01:51]   Skipping brendankowitz/FHIR-Tools-for-Anonymization#64: Too many comments (6)
[20:01:51] Checked 20 issues, discovered 0 high-priority ones
[20:01:51] STEP 3: Checking follow-ups
[20:01:52] STEP 4: Building action items list
[20:01:52] STEP 5: Updating metrics
[20:01:52] === SUMMARY ===
[20:01:52] Notifications: 72
[20:01:52] Posted: 0
[20:01:52] Consent opportunities: 0
[20:01:52] Stale issues: 0
[20:01:52] Need follow-up: 0
[20:01:52] Merge conflicts: 0
[20:01:52] Total tracked: 48
[20:01:52] Check complete
