=== GitHub SLA Check: Tue Mar 10 09:00:01 PM CST 2026 ===
[21:00:01] STEP 0: Cleaning old data
[21:00:01] Checking tracked issues for closures...
[21:00:13] Cleanup complete
[21:00:13] STEP 1: Processing notifications
[21:00:14] Found 81 notifications
[21:00:16] EndlessPixel/EndlessPixel-Modpack#35: Already assigned, skipping
[21:00:21] djangonaut-space/wagtail-indymeet#713: Already assigned, skipping
[21:00:23] VATSIM-UK/UK-Sector-File#6064: Already assigned, skipping
[21:00:56] pytorch-tabular/pytorch_tabular#605: Too old (44 days), skipping
[21:01:15] activist-org/activist#1925: Already assigned, skipping
[21:01:30] microsoft/vscode#288770: Already assigned, skipping
[21:01:35] lucasjinreal/Kokoros#61: Too old (382 days), skipping
[21:02:08] STEP 2: Checking my PRs
[21:02:09] STEP 2.5: Proactive discovery - finding new issues
[21:02:09] Searching for good-first-issues...
[21:02:11] Found 20 good-first-issues from search
[21:02:11]   Skipping 7788ken/linkgate#13: Already tracked
[21:02:11]   Skipping 7788ken/linkgate#7: Already tracked
[21:02:11]   Skipping 7788ken/linkgate#3: Already tracked
[21:02:11]   Skipping djangonaut-space/wagtail-indymeet#713: Already tracked
[21:02:11]   Skipping rajmahadev422/Learn-To-PR#16: Already tracked
[21:02:11]   Skipping EndlessPixel/EndlessPixel-Modpack#35: Too many comments (8)
[21:02:11]   Skipping rysweet/azlin#793: Already tracked
[21:02:11]   Skipping rysweet/amplihack#2981: Already tracked
[21:02:11]   Skipping rysweet/amplihack#2979: Already tracked
[21:02:11]   Skipping rysweet/amplihack#2980: Already tracked
[21:02:12]   Skipping rysweet/amplihack#2977: Already tracked
[21:02:12]   Skipping rysweet/amplihack#2976: Already tracked
[21:02:12]   Skipping brendankowitz/FHIR-Tools-for-Anonymization#80: Already tracked
[21:02:12]   Skipping windoze95/nullfeed-flutter#19: Already tracked
[21:02:12]   Skipping windoze95/nullfeed-backend#33: Already tracked
[21:02:12]   Skipping windoze95/nullfeed-backend#32: Already tracked
[21:02:12]   Skipping avni-j/synthetic-demo-app#12: Already tracked
[21:02:12]   Skipping T-SIG/tsig-prints#252: Already tracked
[21:02:12]   Skipping T-SIG/tsig-prints#249: Already tracked
[21:02:12]   Skipping T-SIG/tsig-prints#248: Already tracked
[21:02:12] Checked 20 issues, discovered 0 high-priority ones
[21:02:12] STEP 3: Checking follow-ups
[21:02:37] FOLLOW-UP NEEDED: Vexa-ai/vexa#160 (no response in 3 days)
[21:02:45] FOLLOW-UP NEEDED: mynextproject-portfolio/recipe-explorer-lite-yuewang199511#1 (no response in 3 days)
[21:02:48] FOLLOW-UP NEEDED: Marormur/Website#158 (no response in 3 days)
[21:02:50] FOLLOW-UP NEEDED: Marormur/Website#160 (no response in 3 days)
[21:02:51] FOLLOW-UP NEEDED: PatrickB1905/wealthwise#12 (no response in 3 days)
[21:02:52] FOLLOW-UP NEEDED: GreatJobTommy/DIT-Transfer-Tools#73 (no response in 3 days)
[21:02:55] FOLLOW-UP NEEDED: adenueltech/jobhunter#1 (no response in 3 days)
[21:02:57] FOLLOW-UP NEEDED: windoze95/nullfeed-backend#24 (no response in 3 days)
[21:02:58] FOLLOW-UP NEEDED: PatrickB1905/WealthWise#12 (no response in 3 days)
[21:03:00] FOLLOW-UP NEEDED: finnoybu/aegis-governance#14 (no response in 3 days)
[21:03:02] FOLLOW-UP NEEDED: finnoybu/aegis-governance#13 (no response in 3 days)
[21:03:03] FOLLOW-UP NEEDED: windoze95/nullfeed-flutter#15 (no response in 3 days)
[21:03:04] FOLLOW-UP NEEDED: windoze95/nullfeed-flutter#14 (no response in 3 days)
[21:03:05] FOLLOW-UP NEEDED: windoze95/nullfeed-backend#27 (no response in 3 days)
[21:03:08] STEP 4: Building action items list
[21:03:08] STEP 5: Updating metrics
[21:03:08] === SUMMARY ===
[21:03:08] Notifications: 81
[21:03:08] Posted: 0
[21:03:08] Consent opportunities: 0
[21:03:08] Stale issues: 0
[21:03:08] Need follow-up: 296
[21:03:08] Merge conflicts: 0
[21:03:08] Total tracked: 105
[21:03:08] Check complete
