=== GitHub SLA Check: Mon Mar  9 12:00:01 PM CST 2026 ===
[12:00:01] STEP 0: Cleaning old data
[12:00:01] Checking tracked issues for closures...
[12:00:12] Cleanup complete
[12:00:12] STEP 1: Processing notifications
[12:00:13] Found 72 notifications
[12:00:33] VATSIM-UK/UK-Sector-File#6064: Already assigned, skipping
[12:00:37] pytorch-tabular/pytorch_tabular#605: Too old (42 days), skipping
[12:00:55] activist-org/activist#1925: Already assigned, skipping
[12:01:11] microsoft/vscode#288770: Already assigned, skipping
[12:01:15] lucasjinreal/Kokoros#61: Too old (381 days), skipping
[12:01:44] STEP 2: Checking my PRs
[12:01:45] STEP 2.5: Proactive discovery - finding new issues
[12:01:45] Searching for good-first-issues...
[12:01:47] Found 20 good-first-issues from search
[12:01:47]   Checking visouha/openclaw-test-repo#2: priority=100, comments=1
[12:01:47] *** DISCOVERED: visouha/openclaw-test-repo#2 (priority: 100, 1 comments) ***
[12:01:47] >>> Posting on discovered issue visouha/openclaw-test-repo#2
[12:01:48] SUCCESS: Posted on visouha/openclaw-test-repo#2
[12:01:53]   Skipping VATSIM-UK/UK-Sector-File#6069: Already tracked
[12:01:53]   Checking lingdojo/kana-dojo#7665: priority=100, comments=1
[12:01:53] *** DISCOVERED: lingdojo/kana-dojo#7665 (priority: 100, 1 comments) ***
[12:01:53] >>> Posting on discovered issue lingdojo/kana-dojo#7665
[12:01:54] FAILED to post on lingdojo/kana-dojo#7665: GraphQL: User is blocked (addComment)
[12:01:54]   Checking lingdojo/kana-dojo#7664: priority=100, comments=1
[12:01:54] *** DISCOVERED: lingdojo/kana-dojo#7664 (priority: 100, 1 comments) ***
[12:01:54] >>> Posting on discovered issue lingdojo/kana-dojo#7664
[12:01:55] FAILED to post on lingdojo/kana-dojo#7664: GraphQL: User is blocked (addComment)
[12:01:55]   Checking lingdojo/kana-dojo#7663: priority=100, comments=2
[12:01:55] *** DISCOVERED: lingdojo/kana-dojo#7663 (priority: 100, 2 comments) ***
[12:01:56] >>> Posting on discovered issue lingdojo/kana-dojo#7663
[12:01:57] FAILED to post on lingdojo/kana-dojo#7663: GraphQL: User is blocked (addComment)
[12:01:57]   Checking lingdojo/kana-dojo#7662: priority=100, comments=1
[12:01:57] *** DISCOVERED: lingdojo/kana-dojo#7662 (priority: 100, 1 comments) ***
[12:01:57] >>> Posting on discovered issue lingdojo/kana-dojo#7662
[12:01:58] FAILED to post on lingdojo/kana-dojo#7662: GraphQL: User is blocked (addComment)
[12:01:58]   Checking lingdojo/kana-dojo#7661: priority=100, comments=1
[12:01:58] *** DISCOVERED: lingdojo/kana-dojo#7661 (priority: 100, 1 comments) ***
[12:01:58] >>> Posting on discovered issue lingdojo/kana-dojo#7661
[12:01:59] FAILED to post on lingdojo/kana-dojo#7661: GraphQL: User is blocked (addComment)
[12:01:59]   Checking lingdojo/kana-dojo#7660: priority=100, comments=1
[12:01:59] *** DISCOVERED: lingdojo/kana-dojo#7660 (priority: 100, 1 comments) ***
[12:01:59] >>> Posting on discovered issue lingdojo/kana-dojo#7660
[12:02:00] FAILED to post on lingdojo/kana-dojo#7660: GraphQL: User is blocked (addComment)
[12:02:01]   Checking lingdojo/kana-dojo#7659: priority=100, comments=1
[12:02:01] *** DISCOVERED: lingdojo/kana-dojo#7659 (priority: 100, 1 comments) ***
[12:02:01] >>> Posting on discovered issue lingdojo/kana-dojo#7659
[12:02:02] FAILED to post on lingdojo/kana-dojo#7659: GraphQL: User is blocked (addComment)
[12:02:02]   Checking lingdojo/kana-dojo#7658: priority=100, comments=1
[12:02:02] *** DISCOVERED: lingdojo/kana-dojo#7658 (priority: 100, 1 comments) ***
[12:02:02] >>> Posting on discovered issue lingdojo/kana-dojo#7658
[12:02:03] FAILED to post on lingdojo/kana-dojo#7658: GraphQL: User is blocked (addComment)
[12:02:04]   Checking lingdojo/kana-dojo#7657: priority=100, comments=1
[12:02:04] *** DISCOVERED: lingdojo/kana-dojo#7657 (priority: 100, 1 comments) ***
[12:02:04] >>> Posting on discovered issue lingdojo/kana-dojo#7657
[12:02:04] FAILED to post on lingdojo/kana-dojo#7657: GraphQL: User is blocked (addComment)
[12:02:05]   Checking lingdojo/kana-dojo#7656: priority=100, comments=1
[12:02:05] *** DISCOVERED: lingdojo/kana-dojo#7656 (priority: 100, 1 comments) ***
[12:02:05] >>> Posting on discovered issue lingdojo/kana-dojo#7656
[12:02:06] FAILED to post on lingdojo/kana-dojo#7656: GraphQL: User is blocked (addComment)
[12:02:06]   Checking lingdojo/kana-dojo#7654: priority=100, comments=1
[12:02:06] *** DISCOVERED: lingdojo/kana-dojo#7654 (priority: 100, 1 comments) ***
[12:02:06] >>> Posting on discovered issue lingdojo/kana-dojo#7654
[12:02:07] FAILED to post on lingdojo/kana-dojo#7654: GraphQL: User is blocked (addComment)
[12:02:07]   Skipping windoze95/nullfeed-flutter#17: Already tracked
[12:02:08]   Skipping windoze95/nullfeed-backend#29: Already tracked
[12:02:08]   Skipping windoze95/nullfeed-backend#28: Already tracked
[12:02:08]   Checking lingdojo/kana-dojo#7653: priority=100, comments=1
[12:02:08] *** DISCOVERED: lingdojo/kana-dojo#7653 (priority: 100, 1 comments) ***
[12:02:08] >>> Posting on discovered issue lingdojo/kana-dojo#7653
[12:02:09] FAILED to post on lingdojo/kana-dojo#7653: GraphQL: User is blocked (addComment)
[12:02:09]   Checking lingdojo/kana-dojo#7652: priority=100, comments=1
[12:02:09] *** DISCOVERED: lingdojo/kana-dojo#7652 (priority: 100, 1 comments) ***
[12:02:09] >>> Posting on discovered issue lingdojo/kana-dojo#7652
[12:02:10] FAILED to post on lingdojo/kana-dojo#7652: GraphQL: User is blocked (addComment)
[12:02:10]   Checking lingdojo/kana-dojo#7651: priority=100, comments=2
[12:02:10] *** DISCOVERED: lingdojo/kana-dojo#7651 (priority: 100, 2 comments) ***
[12:02:10] >>> Posting on discovered issue lingdojo/kana-dojo#7651
[12:02:12] FAILED to post on lingdojo/kana-dojo#7651: GraphQL: User is blocked (addComment)
[12:02:12]   Checking lingdojo/kana-dojo#7649: priority=100, comments=1
[12:02:12] *** DISCOVERED: lingdojo/kana-dojo#7649 (priority: 100, 1 comments) ***
[12:02:12] >>> Posting on discovered issue lingdojo/kana-dojo#7649
[12:02:13] FAILED to post on lingdojo/kana-dojo#7649: GraphQL: User is blocked (addComment)
[12:02:13] Checked 20 issues, discovered 16 high-priority ones
[12:02:13] STEP 3: Checking follow-ups
[12:02:15] STEP 4: Building action items list
[12:02:15] STEP 5: Updating metrics
[12:02:15] === SUMMARY ===
[12:02:15] Notifications: 72
[12:02:15] Posted: 1
[12:02:15] Consent opportunities: 16
[12:02:15] Stale issues: 0
[12:02:15] Need follow-up: 0
[12:02:15] Merge conflicts: 0
[12:02:15] Total tracked: 64
[12:02:15] Check complete
