=== GitHub SLA Check: Sun Mar  8 11:30:01 PM CST 2026 ===
[23:30:01] STEP 0: Cleaning old data
[23:30:01] Checking tracked issues for closures...
[23:30:11] Cleanup complete
[23:30:11] STEP 1: Processing notifications
[23:30:13] Found 70 notifications
[23:30:31] VATSIM-UK/UK-Sector-File#6064: Already assigned, skipping
[23:30:34] pytorch-tabular/pytorch_tabular#605: Too old (42 days), skipping
[23:30:51] activist-org/activist#1925: Already assigned, skipping
[23:31:08] microsoft/vscode#288770: Already assigned, skipping
[23:31:12] lucasjinreal/Kokoros#61: Too old (380 days), skipping
[23:31:41] STEP 2: Checking my PRs
[23:31:43] STEP 2.5: Proactive discovery - finding new issues
[23:31:43] Searching for good-first-issues...
[23:31:44] Found 20 good-first-issues from search
[23:31:44]   Checking lingdojo/kana-dojo#7665: priority=100, comments=1
[23:31:44] *** DISCOVERED: lingdojo/kana-dojo#7665 (priority: 100, 1 comments) ***
[23:31:44] >>> Posting on discovered issue lingdojo/kana-dojo#7665
[23:31:46] FAILED to post on lingdojo/kana-dojo#7665: GraphQL: User is blocked (addComment)
[23:31:46]   Checking lingdojo/kana-dojo#7664: priority=100, comments=1
[23:31:46] *** DISCOVERED: lingdojo/kana-dojo#7664 (priority: 100, 1 comments) ***
[23:31:46] >>> Posting on discovered issue lingdojo/kana-dojo#7664
[23:31:47] FAILED to post on lingdojo/kana-dojo#7664: GraphQL: User is blocked (addComment)
[23:31:48]   Checking lingdojo/kana-dojo#7663: priority=100, comments=1
[23:31:48] *** DISCOVERED: lingdojo/kana-dojo#7663 (priority: 100, 1 comments) ***
[23:31:48] >>> Posting on discovered issue lingdojo/kana-dojo#7663
[23:31:49] FAILED to post on lingdojo/kana-dojo#7663: GraphQL: User is blocked (addComment)
[23:31:49]   Checking lingdojo/kana-dojo#7662: priority=100, comments=1
[23:31:49] *** DISCOVERED: lingdojo/kana-dojo#7662 (priority: 100, 1 comments) ***
[23:31:49] >>> Posting on discovered issue lingdojo/kana-dojo#7662
[23:31:50] FAILED to post on lingdojo/kana-dojo#7662: GraphQL: User is blocked (addComment)
[23:31:50]   Checking lingdojo/kana-dojo#7661: priority=100, comments=1
[23:31:50] *** DISCOVERED: lingdojo/kana-dojo#7661 (priority: 100, 1 comments) ***
[23:31:50] >>> Posting on discovered issue lingdojo/kana-dojo#7661
[23:31:51] FAILED to post on lingdojo/kana-dojo#7661: GraphQL: User is blocked (addComment)
[23:31:51]   Checking lingdojo/kana-dojo#7660: priority=100, comments=1
[23:31:51] *** DISCOVERED: lingdojo/kana-dojo#7660 (priority: 100, 1 comments) ***
[23:31:51] >>> Posting on discovered issue lingdojo/kana-dojo#7660
[23:31:52] FAILED to post on lingdojo/kana-dojo#7660: GraphQL: User is blocked (addComment)
[23:31:52]   Checking lingdojo/kana-dojo#7659: priority=100, comments=1
[23:31:52] *** DISCOVERED: lingdojo/kana-dojo#7659 (priority: 100, 1 comments) ***
[23:31:52] >>> Posting on discovered issue lingdojo/kana-dojo#7659
[23:31:54] FAILED to post on lingdojo/kana-dojo#7659: GraphQL: User is blocked (addComment)
[23:31:54]   Checking lingdojo/kana-dojo#7658: priority=100, comments=1
[23:31:54] *** DISCOVERED: lingdojo/kana-dojo#7658 (priority: 100, 1 comments) ***
[23:31:54] >>> Posting on discovered issue lingdojo/kana-dojo#7658
[23:31:56] FAILED to post on lingdojo/kana-dojo#7658: GraphQL: User is blocked (addComment)
[23:31:56]   Checking lingdojo/kana-dojo#7657: priority=100, comments=1
[23:31:56] *** DISCOVERED: lingdojo/kana-dojo#7657 (priority: 100, 1 comments) ***
[23:31:56] >>> Posting on discovered issue lingdojo/kana-dojo#7657
[23:31:57] FAILED to post on lingdojo/kana-dojo#7657: GraphQL: User is blocked (addComment)
[23:31:57]   Checking lingdojo/kana-dojo#7656: priority=100, comments=1
[23:31:57] *** DISCOVERED: lingdojo/kana-dojo#7656 (priority: 100, 1 comments) ***
[23:31:57] >>> Posting on discovered issue lingdojo/kana-dojo#7656
[23:31:58] FAILED to post on lingdojo/kana-dojo#7656: GraphQL: User is blocked (addComment)
[23:31:59]   Checking lingdojo/kana-dojo#7654: priority=100, comments=1
[23:31:59] *** DISCOVERED: lingdojo/kana-dojo#7654 (priority: 100, 1 comments) ***
[23:31:59] >>> Posting on discovered issue lingdojo/kana-dojo#7654
[23:32:00] FAILED to post on lingdojo/kana-dojo#7654: GraphQL: User is blocked (addComment)
[23:32:00]   Skipping windoze95/nullfeed-flutter#17: Already tracked
[23:32:00]   Skipping windoze95/nullfeed-backend#29: Already tracked
[23:32:00]   Skipping windoze95/nullfeed-backend#28: Already tracked
[23:32:00]   Checking lingdojo/kana-dojo#7653: priority=100, comments=1
[23:32:00] *** DISCOVERED: lingdojo/kana-dojo#7653 (priority: 100, 1 comments) ***
[23:32:00] >>> Posting on discovered issue lingdojo/kana-dojo#7653
[23:32:02] FAILED to post on lingdojo/kana-dojo#7653: GraphQL: User is blocked (addComment)
[23:32:02]   Checking lingdojo/kana-dojo#7652: priority=100, comments=1
[23:32:02] *** DISCOVERED: lingdojo/kana-dojo#7652 (priority: 100, 1 comments) ***
[23:32:02] >>> Posting on discovered issue lingdojo/kana-dojo#7652
[23:32:03] FAILED to post on lingdojo/kana-dojo#7652: GraphQL: User is blocked (addComment)
[23:32:03]   Checking lingdojo/kana-dojo#7651: priority=100, comments=2
[23:32:03] *** DISCOVERED: lingdojo/kana-dojo#7651 (priority: 100, 2 comments) ***
[23:32:03] >>> Posting on discovered issue lingdojo/kana-dojo#7651
[23:32:04] FAILED to post on lingdojo/kana-dojo#7651: GraphQL: User is blocked (addComment)
[23:32:04]   Checking lingdojo/kana-dojo#7649: priority=100, comments=1
[23:32:04] *** DISCOVERED: lingdojo/kana-dojo#7649 (priority: 100, 1 comments) ***
[23:32:04] >>> Posting on discovered issue lingdojo/kana-dojo#7649
[23:32:05] FAILED to post on lingdojo/kana-dojo#7649: GraphQL: User is blocked (addComment)
[23:32:06]   Checking lingdojo/kana-dojo#7648: priority=100, comments=1
[23:32:06] *** DISCOVERED: lingdojo/kana-dojo#7648 (priority: 100, 1 comments) ***
[23:32:06] >>> Posting on discovered issue lingdojo/kana-dojo#7648
[23:32:07] FAILED to post on lingdojo/kana-dojo#7648: GraphQL: User is blocked (addComment)
[23:32:07]   Checking lingdojo/kana-dojo#7646: priority=100, comments=1
[23:32:07] *** DISCOVERED: lingdojo/kana-dojo#7646 (priority: 100, 1 comments) ***
[23:32:07] >>> Posting on discovered issue lingdojo/kana-dojo#7646
[23:32:08] FAILED to post on lingdojo/kana-dojo#7646: GraphQL: User is blocked (addComment)
[23:32:08] Checked 20 issues, discovered 17 high-priority ones
[23:32:08] STEP 3: Checking follow-ups
[23:32:10] STEP 4: Building action items list
[23:32:10] STEP 5: Updating metrics
[23:32:10] === SUMMARY ===
[23:32:10] Notifications: 70
[23:32:10] Posted: 0
[23:32:10] Consent opportunities: 17
[23:32:10] Stale issues: 0
[23:32:10] Need follow-up: 0
[23:32:10] Merge conflicts: 0
[23:32:10] Total tracked: 61
[23:32:10] Check complete
