=== GitHub SLA Check: Mon Mar  9 11:30:01 AM CST 2026 ===
[11:30:01] STEP 0: Cleaning old data
[11:30:01] Checking tracked issues for closures...
[11:30:12] Cleanup complete
[11:30:12] STEP 1: Processing notifications
[11:30:14] Found 72 notifications
[11:30:34] VATSIM-UK/UK-Sector-File#6064: Already assigned, skipping
[11:30:38] pytorch-tabular/pytorch_tabular#605: Too old (42 days), skipping
[11:30:55] activist-org/activist#1925: Already assigned, skipping
[11:31:13] microsoft/vscode#288770: Already assigned, skipping
[11:31:18] lucasjinreal/Kokoros#61: Too old (381 days), skipping
[11:31:47] STEP 2: Checking my PRs
[11:31:49] STEP 2.5: Proactive discovery - finding new issues
[11:31:49] Searching for good-first-issues...
[11:31:50] Found 20 good-first-issues from search
[11:31:50]   Skipping VATSIM-UK/UK-Sector-File#6069: Already tracked
[11:31:50]   Checking lingdojo/kana-dojo#7665: priority=100, comments=1
[11:31:50] *** DISCOVERED: lingdojo/kana-dojo#7665 (priority: 100, 1 comments) ***
[11:31:50] >>> Posting on discovered issue lingdojo/kana-dojo#7665
[11:31:51] FAILED to post on lingdojo/kana-dojo#7665: GraphQL: User is blocked (addComment)
[11:31:52]   Checking lingdojo/kana-dojo#7664: priority=100, comments=1
[11:31:52] *** DISCOVERED: lingdojo/kana-dojo#7664 (priority: 100, 1 comments) ***
[11:31:52] >>> Posting on discovered issue lingdojo/kana-dojo#7664
[11:31:53] FAILED to post on lingdojo/kana-dojo#7664: GraphQL: User is blocked (addComment)
[11:31:53]   Checking lingdojo/kana-dojo#7663: priority=100, comments=2
[11:31:53] *** DISCOVERED: lingdojo/kana-dojo#7663 (priority: 100, 2 comments) ***
[11:31:53] >>> Posting on discovered issue lingdojo/kana-dojo#7663
[11:31:54] FAILED to post on lingdojo/kana-dojo#7663: GraphQL: User is blocked (addComment)
[11:31:54]   Checking lingdojo/kana-dojo#7662: priority=100, comments=1
[11:31:54] *** DISCOVERED: lingdojo/kana-dojo#7662 (priority: 100, 1 comments) ***
[11:31:54] >>> Posting on discovered issue lingdojo/kana-dojo#7662
[11:31:55] FAILED to post on lingdojo/kana-dojo#7662: GraphQL: User is blocked (addComment)
[11:31:55]   Checking lingdojo/kana-dojo#7661: priority=100, comments=1
[11:31:55] *** DISCOVERED: lingdojo/kana-dojo#7661 (priority: 100, 1 comments) ***
[11:31:55] >>> Posting on discovered issue lingdojo/kana-dojo#7661
[11:31:57] FAILED to post on lingdojo/kana-dojo#7661: GraphQL: User is blocked (addComment)
[11:31:57]   Checking lingdojo/kana-dojo#7660: priority=100, comments=1
[11:31:57] *** DISCOVERED: lingdojo/kana-dojo#7660 (priority: 100, 1 comments) ***
[11:31:57] >>> Posting on discovered issue lingdojo/kana-dojo#7660
[11:31:58] FAILED to post on lingdojo/kana-dojo#7660: GraphQL: User is blocked (addComment)
[11:31:58]   Checking lingdojo/kana-dojo#7659: priority=100, comments=1
[11:31:58] *** DISCOVERED: lingdojo/kana-dojo#7659 (priority: 100, 1 comments) ***
[11:31:58] >>> Posting on discovered issue lingdojo/kana-dojo#7659
[11:31:59] FAILED to post on lingdojo/kana-dojo#7659: GraphQL: User is blocked (addComment)
[11:31:59]   Checking lingdojo/kana-dojo#7658: priority=100, comments=1
[11:31:59] *** DISCOVERED: lingdojo/kana-dojo#7658 (priority: 100, 1 comments) ***
[11:31:59] >>> Posting on discovered issue lingdojo/kana-dojo#7658
[11:32:00] FAILED to post on lingdojo/kana-dojo#7658: GraphQL: User is blocked (addComment)
[11:32:00]   Checking lingdojo/kana-dojo#7657: priority=100, comments=1
[11:32:00] *** DISCOVERED: lingdojo/kana-dojo#7657 (priority: 100, 1 comments) ***
[11:32:00] >>> Posting on discovered issue lingdojo/kana-dojo#7657
[11:32:02] FAILED to post on lingdojo/kana-dojo#7657: GraphQL: User is blocked (addComment)
[11:32:02]   Checking lingdojo/kana-dojo#7656: priority=100, comments=1
[11:32:02] *** DISCOVERED: lingdojo/kana-dojo#7656 (priority: 100, 1 comments) ***
[11:32:02] >>> Posting on discovered issue lingdojo/kana-dojo#7656
[11:32:03] FAILED to post on lingdojo/kana-dojo#7656: GraphQL: User is blocked (addComment)
[11:32:03]   Checking lingdojo/kana-dojo#7654: priority=100, comments=1
[11:32:03] *** DISCOVERED: lingdojo/kana-dojo#7654 (priority: 100, 1 comments) ***
[11:32:03] >>> Posting on discovered issue lingdojo/kana-dojo#7654
[11:32:04] FAILED to post on lingdojo/kana-dojo#7654: GraphQL: User is blocked (addComment)
[11:32:04]   Skipping windoze95/nullfeed-flutter#17: Already tracked
[11:32:04]   Skipping windoze95/nullfeed-backend#29: Already tracked
[11:32:04]   Skipping windoze95/nullfeed-backend#28: Already tracked
[11:32:05]   Checking lingdojo/kana-dojo#7653: priority=100, comments=1
[11:32:05] *** DISCOVERED: lingdojo/kana-dojo#7653 (priority: 100, 1 comments) ***
[11:32:05] >>> Posting on discovered issue lingdojo/kana-dojo#7653
[11:32:06] FAILED to post on lingdojo/kana-dojo#7653: GraphQL: User is blocked (addComment)
[11:32:06]   Checking lingdojo/kana-dojo#7652: priority=100, comments=1
[11:32:06] *** DISCOVERED: lingdojo/kana-dojo#7652 (priority: 100, 1 comments) ***
[11:32:06] >>> Posting on discovered issue lingdojo/kana-dojo#7652
[11:32:07] FAILED to post on lingdojo/kana-dojo#7652: GraphQL: User is blocked (addComment)
[11:32:07]   Checking lingdojo/kana-dojo#7651: priority=100, comments=2
[11:32:07] *** DISCOVERED: lingdojo/kana-dojo#7651 (priority: 100, 2 comments) ***
[11:32:07] >>> Posting on discovered issue lingdojo/kana-dojo#7651
[11:32:08] FAILED to post on lingdojo/kana-dojo#7651: GraphQL: User is blocked (addComment)
[11:32:09]   Checking lingdojo/kana-dojo#7649: priority=100, comments=1
[11:32:09] *** DISCOVERED: lingdojo/kana-dojo#7649 (priority: 100, 1 comments) ***
[11:32:09] >>> Posting on discovered issue lingdojo/kana-dojo#7649
[11:32:10] FAILED to post on lingdojo/kana-dojo#7649: GraphQL: User is blocked (addComment)
[11:32:10]   Checking lingdojo/kana-dojo#7648: priority=100, comments=1
[11:32:10] *** DISCOVERED: lingdojo/kana-dojo#7648 (priority: 100, 1 comments) ***
[11:32:10] >>> Posting on discovered issue lingdojo/kana-dojo#7648
[11:32:11] FAILED to post on lingdojo/kana-dojo#7648: GraphQL: User is blocked (addComment)
[11:32:11] Checked 20 issues, discovered 16 high-priority ones
[11:32:11] STEP 3: Checking follow-ups
[11:32:13] STEP 4: Building action items list
[11:32:13] STEP 5: Updating metrics
[11:32:13] === SUMMARY ===
[11:32:13] Notifications: 72
[11:32:13] Posted: 0
[11:32:13] Consent opportunities: 16
[11:32:13] Stale issues: 0
[11:32:13] Need follow-up: 0
[11:32:13] Merge conflicts: 0
[11:32:13] Total tracked: 63
[11:32:13] Check complete
