=== GitHub SLA Check: Sun Mar  8 03:00:01 PM CST 2026 ===
[15:00:01] STEP 0: Cleaning old data
[15:00:01] Checking tracked issues for closures...
[15:00:12] Cleanup complete
[15:00:12] STEP 1: Processing notifications
[15:00:14] Found 70 notifications
[15:00:29] VATSIM-UK/UK-Sector-File#6064: Already assigned, skipping
[15:00:33] pytorch-tabular/pytorch_tabular#605: Too old (41 days), skipping
[15:00:52] activist-org/activist#1925: Already assigned, skipping
[15:01:08] microsoft/vscode#288770: Already assigned, skipping
[15:01:14] lucasjinreal/Kokoros#61: Too old (380 days), skipping
[15:01:43] STEP 2: Checking my PRs
[15:01:45] STEP 2.5: Proactive discovery - finding new issues
[15:01:45] Searching for good-first-issues...
[15:01:46] Found 20 good-first-issues from search
[15:01:47]   Checking lingdojo/kana-dojo#7648: priority=100, comments=1
[15:01:47] *** DISCOVERED: lingdojo/kana-dojo#7648 (priority: 100, 1 comments) ***
[15:01:47] >>> Posting on discovered issue lingdojo/kana-dojo#7648
[15:01:48] FAILED to post on lingdojo/kana-dojo#7648: GraphQL: User is blocked (addComment)
[15:01:48]   Checking lingdojo/kana-dojo#7646: priority=100, comments=1
[15:01:48] *** DISCOVERED: lingdojo/kana-dojo#7646 (priority: 100, 1 comments) ***
[15:01:48] >>> Posting on discovered issue lingdojo/kana-dojo#7646
[15:01:49] FAILED to post on lingdojo/kana-dojo#7646: GraphQL: User is blocked (addComment)
[15:01:49]   Checking rajmahadev422/Learn-To-PR#12: priority=100, comments=1
[15:01:49] *** DISCOVERED: rajmahadev422/Learn-To-PR#12 (priority: 100, 1 comments) ***
[15:01:49] >>> Posting on discovered issue rajmahadev422/Learn-To-PR#12
[15:01:50] SUCCESS: Posted on rajmahadev422/Learn-To-PR#12
[15:01:56]   Checking lingdojo/kana-dojo#7640: priority=100, comments=2
[15:01:56] *** DISCOVERED: lingdojo/kana-dojo#7640 (priority: 100, 2 comments) ***
[15:01:56] >>> Posting on discovered issue lingdojo/kana-dojo#7640
[15:01:57] FAILED to post on lingdojo/kana-dojo#7640: GraphQL: User is blocked (addComment)
[15:01:57]   Checking lingdojo/kana-dojo#7638: priority=100, comments=1
[15:01:57] *** DISCOVERED: lingdojo/kana-dojo#7638 (priority: 100, 1 comments) ***
[15:01:57] >>> Posting on discovered issue lingdojo/kana-dojo#7638
[15:01:58] FAILED to post on lingdojo/kana-dojo#7638: GraphQL: User is blocked (addComment)
[15:01:59]   Checking lingdojo/kana-dojo#7637: priority=100, comments=2
[15:01:59] *** DISCOVERED: lingdojo/kana-dojo#7637 (priority: 100, 2 comments) ***
[15:01:59] >>> Posting on discovered issue lingdojo/kana-dojo#7637
[15:02:00] FAILED to post on lingdojo/kana-dojo#7637: GraphQL: User is blocked (addComment)
[15:02:00]   Checking lingdojo/kana-dojo#7636: priority=100, comments=1
[15:02:00] *** DISCOVERED: lingdojo/kana-dojo#7636 (priority: 100, 1 comments) ***
[15:02:00] >>> Posting on discovered issue lingdojo/kana-dojo#7636
[15:02:01] FAILED to post on lingdojo/kana-dojo#7636: GraphQL: User is blocked (addComment)
[15:02:01]   Checking lingdojo/kana-dojo#7635: priority=100, comments=1
[15:02:01] *** DISCOVERED: lingdojo/kana-dojo#7635 (priority: 100, 1 comments) ***
[15:02:01] >>> Posting on discovered issue lingdojo/kana-dojo#7635
[15:02:02] FAILED to post on lingdojo/kana-dojo#7635: GraphQL: User is blocked (addComment)
[15:02:02]   Checking lingdojo/kana-dojo#7632: priority=100, comments=4
[15:02:02] *** DISCOVERED: lingdojo/kana-dojo#7632 (priority: 100, 4 comments) ***
[15:02:02] >>> Posting on discovered issue lingdojo/kana-dojo#7632
[15:02:03] FAILED to post on lingdojo/kana-dojo#7632: GraphQL: User is blocked (addComment)
[15:02:03]   Checking lingdojo/kana-dojo#7630: priority=100, comments=1
[15:02:03] *** DISCOVERED: lingdojo/kana-dojo#7630 (priority: 100, 1 comments) ***
[15:02:03] >>> Posting on discovered issue lingdojo/kana-dojo#7630
[15:02:04] FAILED to post on lingdojo/kana-dojo#7630: GraphQL: User is blocked (addComment)
[15:02:05]   Checking lingdojo/kana-dojo#7628: priority=100, comments=1
[15:02:05] *** DISCOVERED: lingdojo/kana-dojo#7628 (priority: 100, 1 comments) ***
[15:02:05] >>> Posting on discovered issue lingdojo/kana-dojo#7628
[15:02:05] FAILED to post on lingdojo/kana-dojo#7628: GraphQL: User is blocked (addComment)
[15:02:06]   Checking lingdojo/kana-dojo#7627: priority=100, comments=4
[15:02:06] *** DISCOVERED: lingdojo/kana-dojo#7627 (priority: 100, 4 comments) ***
[15:02:06] >>> Posting on discovered issue lingdojo/kana-dojo#7627
[15:02:07] FAILED to post on lingdojo/kana-dojo#7627: GraphQL: User is blocked (addComment)
[15:02:07]   Checking lingdojo/kana-dojo#7626: priority=100, comments=1
[15:02:07] *** DISCOVERED: lingdojo/kana-dojo#7626 (priority: 100, 1 comments) ***
[15:02:07] >>> Posting on discovered issue lingdojo/kana-dojo#7626
[15:02:08] FAILED to post on lingdojo/kana-dojo#7626: GraphQL: User is blocked (addComment)
[15:02:08]   Checking lingdojo/kana-dojo#7625: priority=100, comments=1
[15:02:08] *** DISCOVERED: lingdojo/kana-dojo#7625 (priority: 100, 1 comments) ***
[15:02:08] >>> Posting on discovered issue lingdojo/kana-dojo#7625
[15:02:09] FAILED to post on lingdojo/kana-dojo#7625: GraphQL: User is blocked (addComment)
[15:02:09]   Checking lingdojo/kana-dojo#7624: priority=100, comments=1
[15:02:09] *** DISCOVERED: lingdojo/kana-dojo#7624 (priority: 100, 1 comments) ***
[15:02:09] >>> Posting on discovered issue lingdojo/kana-dojo#7624
[15:02:10] FAILED to post on lingdojo/kana-dojo#7624: GraphQL: User is blocked (addComment)
[15:02:11]   Checking lingdojo/kana-dojo#7623: priority=100, comments=1
[15:02:11] *** DISCOVERED: lingdojo/kana-dojo#7623 (priority: 100, 1 comments) ***
[15:02:11] >>> Posting on discovered issue lingdojo/kana-dojo#7623
[15:02:11] FAILED to post on lingdojo/kana-dojo#7623: GraphQL: User is blocked (addComment)
[15:02:12]   Checking lingdojo/kana-dojo#7622: priority=100, comments=1
[15:02:12] *** DISCOVERED: lingdojo/kana-dojo#7622 (priority: 100, 1 comments) ***
[15:02:12] >>> Posting on discovered issue lingdojo/kana-dojo#7622
[15:02:13] FAILED to post on lingdojo/kana-dojo#7622: GraphQL: User is blocked (addComment)
[15:02:13]   Checking lingdojo/kana-dojo#7620: priority=100, comments=1
[15:02:13] *** DISCOVERED: lingdojo/kana-dojo#7620 (priority: 100, 1 comments) ***
[15:02:13] >>> Posting on discovered issue lingdojo/kana-dojo#7620
[15:02:14] FAILED to post on lingdojo/kana-dojo#7620: GraphQL: User is blocked (addComment)
[15:02:14]   Checking lingdojo/kana-dojo#7619: priority=100, comments=3
[15:02:14] *** DISCOVERED: lingdojo/kana-dojo#7619 (priority: 100, 3 comments) ***
[15:02:14] >>> Posting on discovered issue lingdojo/kana-dojo#7619
[15:02:15] FAILED to post on lingdojo/kana-dojo#7619: GraphQL: User is blocked (addComment)
[15:02:15]   Checking lingdojo/kana-dojo#7618: priority=100, comments=3
[15:02:15] *** DISCOVERED: lingdojo/kana-dojo#7618 (priority: 100, 3 comments) ***
[15:02:15] >>> Posting on discovered issue lingdojo/kana-dojo#7618
[15:02:17] FAILED to post on lingdojo/kana-dojo#7618: GraphQL: User is blocked (addComment)
[15:02:17] Checked 20 issues, discovered 20 high-priority ones
[15:02:17] STEP 3: Checking follow-ups
[15:02:19] STEP 4: Building action items list
[15:02:19] STEP 5: Updating metrics
[15:02:19] === SUMMARY ===
[15:02:19] Notifications: 70
[15:02:19] Posted: 1
[15:02:19] Consent opportunities: 20
[15:02:19] Stale issues: 0
[15:02:19] Need follow-up: 0
[15:02:19] Merge conflicts: 0
[15:02:19] Total tracked: 59
[15:02:19] Check complete
