=== GitHub SLA Check: Sun Mar  8 01:30:01 PM CST 2026 ===
[13:30:01] STEP 0: Cleaning old data
[13:30:01] Checking tracked issues for closures...
[13:30:11] Cleanup complete
[13:30:11] STEP 1: Processing notifications
[13:30:12] Found 70 notifications
[13:30:29] VATSIM-UK/UK-Sector-File#6064: Already assigned, skipping
[13:30:32] pytorch-tabular/pytorch_tabular#605: Too old (41 days), skipping
[13:30:51] activist-org/activist#1925: Already assigned, skipping
[13:31:07] microsoft/vscode#288770: Already assigned, skipping
[13:31:14] lucasjinreal/Kokoros#61: Too old (380 days), skipping
[13:31:40] STEP 2: Checking my PRs
[13:31:43] STEP 2.5: Proactive discovery - finding new issues
[13:31:43] Searching for good-first-issues...
[13:31:44] Found 20 good-first-issues from search
[13:31:45]   Checking lingdojo/kana-dojo#7635: priority=100, comments=1
[13:31:45] *** DISCOVERED: lingdojo/kana-dojo#7635 (priority: 100, 1 comments) ***
[13:31:45] >>> Posting on discovered issue lingdojo/kana-dojo#7635
[13:31:46] FAILED to post on lingdojo/kana-dojo#7635: GraphQL: User is blocked (addComment)
[13:31:46]   Checking lingdojo/kana-dojo#7632: priority=100, comments=3
[13:31:46] *** DISCOVERED: lingdojo/kana-dojo#7632 (priority: 100, 3 comments) ***
[13:31:46] >>> Posting on discovered issue lingdojo/kana-dojo#7632
[13:31:47] FAILED to post on lingdojo/kana-dojo#7632: GraphQL: User is blocked (addComment)
[13:31:47]   Checking lingdojo/kana-dojo#7630: priority=100, comments=1
[13:31:47] *** DISCOVERED: lingdojo/kana-dojo#7630 (priority: 100, 1 comments) ***
[13:31:47] >>> Posting on discovered issue lingdojo/kana-dojo#7630
[13:31:48] FAILED to post on lingdojo/kana-dojo#7630: GraphQL: User is blocked (addComment)
[13:31:48]   Checking lingdojo/kana-dojo#7628: priority=100, comments=1
[13:31:48] *** DISCOVERED: lingdojo/kana-dojo#7628 (priority: 100, 1 comments) ***
[13:31:48] >>> Posting on discovered issue lingdojo/kana-dojo#7628
[13:31:49] FAILED to post on lingdojo/kana-dojo#7628: GraphQL: User is blocked (addComment)
[13:31:50]   Checking lingdojo/kana-dojo#7627: priority=100, comments=3
[13:31:50] *** DISCOVERED: lingdojo/kana-dojo#7627 (priority: 100, 3 comments) ***
[13:31:50] >>> Posting on discovered issue lingdojo/kana-dojo#7627
[13:31:51] FAILED to post on lingdojo/kana-dojo#7627: GraphQL: User is blocked (addComment)
[13:31:51]   Checking lingdojo/kana-dojo#7626: priority=100, comments=1
[13:31:51] *** DISCOVERED: lingdojo/kana-dojo#7626 (priority: 100, 1 comments) ***
[13:31:51] >>> Posting on discovered issue lingdojo/kana-dojo#7626
[13:31:53] FAILED to post on lingdojo/kana-dojo#7626: GraphQL: User is blocked (addComment)
[13:31:53]   Checking lingdojo/kana-dojo#7625: priority=100, comments=1
[13:31:53] *** DISCOVERED: lingdojo/kana-dojo#7625 (priority: 100, 1 comments) ***
[13:31:53] >>> Posting on discovered issue lingdojo/kana-dojo#7625
[13:31:54] FAILED to post on lingdojo/kana-dojo#7625: GraphQL: User is blocked (addComment)
[13:31:54]   Checking lingdojo/kana-dojo#7624: priority=100, comments=1
[13:31:54] *** DISCOVERED: lingdojo/kana-dojo#7624 (priority: 100, 1 comments) ***
[13:31:54] >>> Posting on discovered issue lingdojo/kana-dojo#7624
[13:31:55] FAILED to post on lingdojo/kana-dojo#7624: GraphQL: User is blocked (addComment)
[13:31:55]   Checking lingdojo/kana-dojo#7623: priority=100, comments=1
[13:31:55] *** DISCOVERED: lingdojo/kana-dojo#7623 (priority: 100, 1 comments) ***
[13:31:55] >>> Posting on discovered issue lingdojo/kana-dojo#7623
[13:31:57] FAILED to post on lingdojo/kana-dojo#7623: GraphQL: User is blocked (addComment)
[13:31:57]   Checking lingdojo/kana-dojo#7622: priority=100, comments=1
[13:31:57] *** DISCOVERED: lingdojo/kana-dojo#7622 (priority: 100, 1 comments) ***
[13:31:57] >>> Posting on discovered issue lingdojo/kana-dojo#7622
[13:31:58] FAILED to post on lingdojo/kana-dojo#7622: GraphQL: User is blocked (addComment)
[13:31:58]   Checking lingdojo/kana-dojo#7620: priority=100, comments=1
[13:31:58] *** DISCOVERED: lingdojo/kana-dojo#7620 (priority: 100, 1 comments) ***
[13:31:58] >>> Posting on discovered issue lingdojo/kana-dojo#7620
[13:31:59] FAILED to post on lingdojo/kana-dojo#7620: GraphQL: User is blocked (addComment)
[13:31:59]   Checking lingdojo/kana-dojo#7619: priority=100, comments=3
[13:31:59] *** DISCOVERED: lingdojo/kana-dojo#7619 (priority: 100, 3 comments) ***
[13:31:59] >>> Posting on discovered issue lingdojo/kana-dojo#7619
[13:32:01] FAILED to post on lingdojo/kana-dojo#7619: GraphQL: User is blocked (addComment)
[13:32:01]   Checking lingdojo/kana-dojo#7618: priority=100, comments=3
[13:32:01] *** DISCOVERED: lingdojo/kana-dojo#7618 (priority: 100, 3 comments) ***
[13:32:01] >>> Posting on discovered issue lingdojo/kana-dojo#7618
[13:32:02] FAILED to post on lingdojo/kana-dojo#7618: GraphQL: User is blocked (addComment)
[13:32:03]   Checking lingdojo/kana-dojo#7616: priority=100, comments=2
[13:32:03] *** DISCOVERED: lingdojo/kana-dojo#7616 (priority: 100, 2 comments) ***
[13:32:03] >>> Posting on discovered issue lingdojo/kana-dojo#7616
[13:32:04] FAILED to post on lingdojo/kana-dojo#7616: GraphQL: User is blocked (addComment)
[13:32:04]   Checking lingdojo/kana-dojo#7615: priority=100, comments=1
[13:32:04] *** DISCOVERED: lingdojo/kana-dojo#7615 (priority: 100, 1 comments) ***
[13:32:04] >>> Posting on discovered issue lingdojo/kana-dojo#7615
[13:32:06] FAILED to post on lingdojo/kana-dojo#7615: GraphQL: User is blocked (addComment)
[13:32:06]   Checking lingdojo/kana-dojo#7613: priority=100, comments=1
[13:32:06] *** DISCOVERED: lingdojo/kana-dojo#7613 (priority: 100, 1 comments) ***
[13:32:06] >>> Posting on discovered issue lingdojo/kana-dojo#7613
[13:32:07] FAILED to post on lingdojo/kana-dojo#7613: GraphQL: User is blocked (addComment)
[13:32:07]   Checking lingdojo/kana-dojo#7612: priority=100, comments=1
[13:32:07] *** DISCOVERED: lingdojo/kana-dojo#7612 (priority: 100, 1 comments) ***
[13:32:07] >>> Posting on discovered issue lingdojo/kana-dojo#7612
[13:32:08] FAILED to post on lingdojo/kana-dojo#7612: GraphQL: User is blocked (addComment)
[13:32:08]   Checking lingdojo/kana-dojo#7611: priority=100, comments=4
[13:32:08] *** DISCOVERED: lingdojo/kana-dojo#7611 (priority: 100, 4 comments) ***
[13:32:08] >>> Posting on discovered issue lingdojo/kana-dojo#7611
[13:32:10] FAILED to post on lingdojo/kana-dojo#7611: GraphQL: User is blocked (addComment)
[13:32:10]   Checking lingdojo/kana-dojo#7610: priority=100, comments=1
[13:32:10] *** DISCOVERED: lingdojo/kana-dojo#7610 (priority: 100, 1 comments) ***
[13:32:10] >>> Posting on discovered issue lingdojo/kana-dojo#7610
[13:32:12] FAILED to post on lingdojo/kana-dojo#7610: GraphQL: User is blocked (addComment)
[13:32:12]   Checking lingdojo/kana-dojo#7609: priority=100, comments=1
[13:32:12] *** DISCOVERED: lingdojo/kana-dojo#7609 (priority: 100, 1 comments) ***
[13:32:12] >>> Posting on discovered issue lingdojo/kana-dojo#7609
[13:32:13] FAILED to post on lingdojo/kana-dojo#7609: GraphQL: User is blocked (addComment)
[13:32:13] Checked 20 issues, discovered 20 high-priority ones
[13:32:13] STEP 3: Checking follow-ups
[13:32:15] STEP 4: Building action items list
[13:32:15] STEP 5: Updating metrics
[13:32:15] === SUMMARY ===
[13:32:15] Notifications: 70
[13:32:15] Posted: 0
[13:32:15] Consent opportunities: 20
[13:32:15] Stale issues: 0
[13:32:15] Need follow-up: 0
[13:32:15] Merge conflicts: 0
[13:32:15] Total tracked: 58
[13:32:15] Check complete
