=== GitHub SLA Check: Wed Mar 11 04:24:34 AM CST 2026 ===
[04:24:34] STEP 0: Cleaning old data
[04:24:34] Checking tracked issues for closures...
[04:24:47] Cleanup complete
[04:24:47] STEP 1: Processing notifications
[04:24:48] Found 82 notifications
[04:24:52] PretendoNetwork/juxtaposition#411: Already assigned, skipping
[04:24:53] EndlessPixel/EndlessPixel-Modpack#35: Already assigned, skipping
[04:24:57] djangonaut-space/wagtail-indymeet#713: Already assigned, skipping
[04:24:58] VATSIM-UK/UK-Sector-File#6064: Already assigned, skipping
[04:25:35] pytorch-tabular/pytorch_tabular#605: Too old (44 days), skipping
[04:25:56] activist-org/activist#1925: Already assigned, skipping
[04:26:11] microsoft/vscode#288770: Already assigned, skipping
[04:26:17] lucasjinreal/Kokoros#61: Too old (382 days), skipping
[04:26:48] STEP 2: Checking my PRs
[04:26:49] STEP 2.5: Proactive discovery - finding new issues
[04:26:49] Searching for good-first-issues...
[04:26:51] Found 50 good-first-issues from search
[04:26:51]   Skipping 7788ken/linkgate#13: Already tracked
[04:26:51]   Skipping 7788ken/linkgate#7: Already tracked
[04:26:51]   Skipping 7788ken/linkgate#3: Already tracked
[04:26:51]   Skipping djangonaut-space/wagtail-indymeet#713: Already tracked
[04:26:51]   Skipping rajmahadev422/Learn-To-PR#16: Already tracked
[04:26:51]   Skipping EndlessPixel/EndlessPixel-Modpack#35: Too many comments (8)
[04:26:51]   Skipping rysweet/azlin#793: Already tracked
[04:26:51]   Skipping rysweet/amplihack#2981: Already tracked
[04:26:51]   Skipping rysweet/amplihack#2979: Already tracked
[04:26:51]   Skipping rysweet/amplihack#2980: Already tracked
[04:26:51]   Skipping rysweet/amplihack#2977: Already tracked
[04:26:51]   Skipping rysweet/amplihack#2976: Already tracked
[04:26:52]   Skipping brendankowitz/FHIR-Tools-for-Anonymization#80: Already tracked
[04:26:52]   Skipping windoze95/nullfeed-flutter#19: Already tracked
[04:26:52]   Skipping windoze95/nullfeed-backend#33: Already tracked
[04:26:52]   Skipping windoze95/nullfeed-backend#32: Already tracked
[04:26:52]   Skipping avni-j/synthetic-demo-app#12: Already tracked
[04:26:52]   Skipping T-SIG/tsig-prints#252: Already tracked
[04:26:52]   Skipping T-SIG/tsig-prints#249: Already tracked
[04:26:52]   Skipping T-SIG/tsig-prints#248: Already tracked
[04:26:52]   Skipping T-SIG/tsig-prints#247: Already tracked
[04:26:52]   Skipping T-SIG/tsig-prints#245: Already tracked
[04:26:52]   Skipping T-SIG/tsig-prints#244: Already tracked
[04:26:52]   Skipping T-SIG/tsig-prints#243: Already tracked
[04:26:52]   Skipping T-SIG/tsig-prints#242: Already tracked
[04:26:52]   Skipping T-SIG/tsig-prints#241: Already tracked
[04:26:53]   Skipping T-SIG/tsig-prints#240: Already tracked
[04:26:53]   Skipping T-SIG/tsig-prints#239: Already tracked
[04:26:53]   Skipping T-SIG/tsig-prints#238: Already tracked
[04:26:53]   Skipping T-SIG/tsig-prints#237: Already tracked
[04:26:53]   Skipping T-SIG/tsig-prints#236: Already tracked
[04:26:53]   Skipping T-SIG/tsig-prints#234: Already tracked
[04:26:53]   Skipping T-SIG/tsig-prints#231: Already tracked
[04:26:53]   Skipping T-SIG/tsig-prints#230: Already tracked
[04:26:53]   Skipping T-SIG/tsig-prints#229: Already tracked
[04:26:53]   Skipping T-SIG/tsig-prints#227: Already tracked
[04:26:53]   Skipping T-SIG/tsig-prints#226: Already tracked
[04:26:53]   Skipping T-SIG/tsig-prints#225: Already tracked
[04:26:53]   Skipping T-SIG/tsig-prints#224: Already tracked
[04:26:53]   Skipping visouha/openclaw-test-repo#2: Already tracked
[04:26:54]   Skipping VATSIM-UK/UK-Sector-File#6069: Already tracked
[04:26:54]   Skipping lingdojo/kana-dojo#7665: Blocked repo
[04:26:54]   Skipping lingdojo/kana-dojo#7664: Blocked repo
[04:26:54]   Skipping lingdojo/kana-dojo#7663: Blocked repo
[04:26:54]   Skipping lingdojo/kana-dojo#7662: Blocked repo
[04:26:54]   Skipping lingdojo/kana-dojo#7661: Blocked repo
[04:26:54]   Skipping lingdojo/kana-dojo#7660: Blocked repo
[04:26:54]   Skipping lingdojo/kana-dojo#7659: Blocked repo
[04:26:54]   Skipping lingdojo/kana-dojo#7658: Blocked repo
[04:26:54]   Skipping lingdojo/kana-dojo#7657: Blocked repo
[04:26:54] Checked 50 issues, discovered 0 high-priority ones
[04:26:54] STEP 3: Checking follow-ups
[04:27:20] FOLLOW-UP NEEDED: Vexa-ai/vexa#160 (no response in 3 days)
[04:27:28] FOLLOW-UP NEEDED: mynextproject-portfolio/recipe-explorer-lite-yuewang199511#1 (no response in 3 days)
[04:27:30] FOLLOW-UP NEEDED: Marormur/Website#158 (no response in 3 days)
[04:27:33] FOLLOW-UP NEEDED: Marormur/Website#160 (no response in 3 days)
