=== GitHub SLA Check: Sun Mar  8 12:00:01 PM CST 2026 ===
[12:00:01] STEP 0: Cleaning old data
[12:00:01] Checking tracked issues for closures...
[12:00:13] Cleanup complete
[12:00:13] STEP 1: Processing notifications
[12:00:15] Found 70 notifications
[12:00:31] VATSIM-UK/UK-Sector-File#6064: Already assigned, skipping
[12:00:35] pytorch-tabular/pytorch_tabular#605: Too old (41 days), skipping
[12:00:55] activist-org/activist#1925: Already assigned, skipping
[12:01:12] microsoft/vscode#288770: Already assigned, skipping
[12:01:18] lucasjinreal/Kokoros#61: Too old (380 days), skipping
[12:01:45] STEP 2: Checking my PRs
[12:01:47] STEP 2.5: Proactive discovery - finding new issues
[12:01:47] Searching for good-first-issues...
[12:01:48] Found 20 good-first-issues from search
[12:01:49]   Checking lingdojo/kana-dojo#7625: priority=100, comments=1
[12:01:49] *** DISCOVERED: lingdojo/kana-dojo#7625 (priority: 100, 1 comments) ***
[12:01:49] >>> Posting on discovered issue lingdojo/kana-dojo#7625
[12:01:50] FAILED to post on lingdojo/kana-dojo#7625: GraphQL: User is blocked (addComment)
[12:01:50]   Checking lingdojo/kana-dojo#7624: priority=100, comments=1
[12:01:50] *** DISCOVERED: lingdojo/kana-dojo#7624 (priority: 100, 1 comments) ***
[12:01:50] >>> Posting on discovered issue lingdojo/kana-dojo#7624
[12:01:51] FAILED to post on lingdojo/kana-dojo#7624: GraphQL: User is blocked (addComment)
[12:01:51]   Checking lingdojo/kana-dojo#7623: priority=100, comments=1
[12:01:51] *** DISCOVERED: lingdojo/kana-dojo#7623 (priority: 100, 1 comments) ***
[12:01:51] >>> Posting on discovered issue lingdojo/kana-dojo#7623
[12:01:52] FAILED to post on lingdojo/kana-dojo#7623: GraphQL: User is blocked (addComment)
[12:01:53]   Checking lingdojo/kana-dojo#7622: priority=100, comments=1
[12:01:53] *** DISCOVERED: lingdojo/kana-dojo#7622 (priority: 100, 1 comments) ***
[12:01:53] >>> Posting on discovered issue lingdojo/kana-dojo#7622
[12:01:54] FAILED to post on lingdojo/kana-dojo#7622: GraphQL: User is blocked (addComment)
[12:01:54]   Checking lingdojo/kana-dojo#7620: priority=100, comments=1
[12:01:54] *** DISCOVERED: lingdojo/kana-dojo#7620 (priority: 100, 1 comments) ***
[12:01:55] >>> Posting on discovered issue lingdojo/kana-dojo#7620
[12:01:55] FAILED to post on lingdojo/kana-dojo#7620: GraphQL: User is blocked (addComment)
[12:01:56]   Checking lingdojo/kana-dojo#7619: priority=100, comments=3
[12:01:56] *** DISCOVERED: lingdojo/kana-dojo#7619 (priority: 100, 3 comments) ***
[12:01:56] >>> Posting on discovered issue lingdojo/kana-dojo#7619
[12:01:57] FAILED to post on lingdojo/kana-dojo#7619: GraphQL: User is blocked (addComment)
[12:01:57]   Checking lingdojo/kana-dojo#7618: priority=100, comments=3
[12:01:57] *** DISCOVERED: lingdojo/kana-dojo#7618 (priority: 100, 3 comments) ***
[12:01:57] >>> Posting on discovered issue lingdojo/kana-dojo#7618
[12:01:58] FAILED to post on lingdojo/kana-dojo#7618: GraphQL: User is blocked (addComment)
[12:01:58]   Checking lingdojo/kana-dojo#7616: priority=100, comments=2
[12:01:58] *** DISCOVERED: lingdojo/kana-dojo#7616 (priority: 100, 2 comments) ***
[12:01:58] >>> Posting on discovered issue lingdojo/kana-dojo#7616
[12:01:59] FAILED to post on lingdojo/kana-dojo#7616: GraphQL: User is blocked (addComment)
[12:02:00]   Checking lingdojo/kana-dojo#7615: priority=100, comments=1
[12:02:00] *** DISCOVERED: lingdojo/kana-dojo#7615 (priority: 100, 1 comments) ***
[12:02:00] >>> Posting on discovered issue lingdojo/kana-dojo#7615
[12:02:01] FAILED to post on lingdojo/kana-dojo#7615: GraphQL: User is blocked (addComment)
[12:02:01]   Checking lingdojo/kana-dojo#7613: priority=100, comments=1
[12:02:01] *** DISCOVERED: lingdojo/kana-dojo#7613 (priority: 100, 1 comments) ***
[12:02:01] >>> Posting on discovered issue lingdojo/kana-dojo#7613
[12:02:02] FAILED to post on lingdojo/kana-dojo#7613: GraphQL: User is blocked (addComment)
[12:02:02]   Checking lingdojo/kana-dojo#7612: priority=100, comments=1
[12:02:02] *** DISCOVERED: lingdojo/kana-dojo#7612 (priority: 100, 1 comments) ***
[12:02:02] >>> Posting on discovered issue lingdojo/kana-dojo#7612
[12:02:04] FAILED to post on lingdojo/kana-dojo#7612: GraphQL: User is blocked (addComment)
[12:02:04]   Checking lingdojo/kana-dojo#7611: priority=100, comments=3
[12:02:04] *** DISCOVERED: lingdojo/kana-dojo#7611 (priority: 100, 3 comments) ***
[12:02:04] >>> Posting on discovered issue lingdojo/kana-dojo#7611
[12:02:05] FAILED to post on lingdojo/kana-dojo#7611: GraphQL: User is blocked (addComment)
[12:02:05]   Checking lingdojo/kana-dojo#7610: priority=100, comments=1
[12:02:05] *** DISCOVERED: lingdojo/kana-dojo#7610 (priority: 100, 1 comments) ***
[12:02:05] >>> Posting on discovered issue lingdojo/kana-dojo#7610
[12:02:06] FAILED to post on lingdojo/kana-dojo#7610: GraphQL: User is blocked (addComment)
[12:02:06]   Checking lingdojo/kana-dojo#7609: priority=100, comments=1
[12:02:06] *** DISCOVERED: lingdojo/kana-dojo#7609 (priority: 100, 1 comments) ***
[12:02:06] >>> Posting on discovered issue lingdojo/kana-dojo#7609
[12:02:08] FAILED to post on lingdojo/kana-dojo#7609: GraphQL: User is blocked (addComment)
[12:02:08]   Checking lingdojo/kana-dojo#7608: priority=100, comments=3
[12:02:08] *** DISCOVERED: lingdojo/kana-dojo#7608 (priority: 100, 3 comments) ***
[12:02:08] >>> Posting on discovered issue lingdojo/kana-dojo#7608
[12:02:09] FAILED to post on lingdojo/kana-dojo#7608: GraphQL: User is blocked (addComment)
[12:02:09]   Checking lingdojo/kana-dojo#7607: priority=100, comments=1
[12:02:09] *** DISCOVERED: lingdojo/kana-dojo#7607 (priority: 100, 1 comments) ***
[12:02:09] >>> Posting on discovered issue lingdojo/kana-dojo#7607
[12:02:10] FAILED to post on lingdojo/kana-dojo#7607: GraphQL: User is blocked (addComment)
[12:02:10]   Checking lingdojo/kana-dojo#7606: priority=100, comments=1
[12:02:10] *** DISCOVERED: lingdojo/kana-dojo#7606 (priority: 100, 1 comments) ***
[12:02:10] >>> Posting on discovered issue lingdojo/kana-dojo#7606
[12:02:12] FAILED to post on lingdojo/kana-dojo#7606: GraphQL: User is blocked (addComment)
[12:02:12]   Checking lingdojo/kana-dojo#7605: priority=100, comments=1
[12:02:12] *** DISCOVERED: lingdojo/kana-dojo#7605 (priority: 100, 1 comments) ***
[12:02:12] >>> Posting on discovered issue lingdojo/kana-dojo#7605
[12:02:13] FAILED to post on lingdojo/kana-dojo#7605: GraphQL: User is blocked (addComment)
[12:02:13]   Checking lingdojo/kana-dojo#7604: priority=100, comments=1
[12:02:13] *** DISCOVERED: lingdojo/kana-dojo#7604 (priority: 100, 1 comments) ***
[12:02:13] >>> Posting on discovered issue lingdojo/kana-dojo#7604
[12:02:14] FAILED to post on lingdojo/kana-dojo#7604: GraphQL: User is blocked (addComment)
[12:02:15]   Checking lingdojo/kana-dojo#7603: priority=100, comments=1
[12:02:15] *** DISCOVERED: lingdojo/kana-dojo#7603 (priority: 100, 1 comments) ***
[12:02:15] >>> Posting on discovered issue lingdojo/kana-dojo#7603
[12:02:16] FAILED to post on lingdojo/kana-dojo#7603: GraphQL: User is blocked (addComment)
[12:02:16] Checked 20 issues, discovered 20 high-priority ones
[12:02:16] STEP 3: Checking follow-ups
[12:02:17] STEP 4: Building action items list
[12:02:17] STEP 5: Updating metrics
[12:02:17] === SUMMARY ===
[12:02:17] Notifications: 70
[12:02:17] Posted: 0
[12:02:17] Consent opportunities: 20
[12:02:17] Stale issues: 0
[12:02:17] Need follow-up: 0
[12:02:17] Merge conflicts: 0
[12:02:17] Total tracked: 58
[12:02:17] Check complete
