=== GitHub SLA Check: Sun Mar  8 02:00:01 AM CST 2026 ===
[02:00:01] STEP 0: Cleaning old data
[02:00:01] Checking tracked issues for closures...
[02:00:12] Cleanup complete
[02:00:12] STEP 1: Processing notifications
[02:00:14] Found 75 notifications
[02:00:29] VATSIM-UK/UK-Sector-File#6064: Already assigned, skipping
[02:00:32] pytorch-tabular/pytorch_tabular#605: Too old (41 days), skipping
[02:00:52] activist-org/activist#1925: Already assigned, skipping
[02:01:12] microsoft/vscode#288770: Already assigned, skipping
[02:01:18] lucasjinreal/Kokoros#61: Too old (379 days), skipping
[02:01:50] STEP 2: Checking my PRs
[02:01:53] STEP 2.5: Proactive discovery - finding new issues
[02:01:53] Searching for good-first-issues...
[02:01:54] Found 20 good-first-issues from search
[02:01:54]   Skipping ibelanger/GraniteFungiForager#36: Already tracked
[02:01:54]   Skipping ibelanger/GraniteFungiForager#35: Already tracked
[02:01:54]   Skipping ibelanger/GraniteFungiForager#28: Already tracked
[02:01:55]   Skipping ibelanger/GraniteFungiForager#27: Already tracked
[02:01:55]   Skipping ibelanger/GraniteFungiForager#24: Already tracked
[02:01:55]   Skipping ibelanger/GraniteFungiForager#22: Already tracked
[02:01:55]   Skipping windoze95/nullfeed-flutter#15: Already tracked
[02:01:55]   Skipping windoze95/nullfeed-flutter#14: Already tracked
[02:01:55]   Skipping windoze95/nullfeed-backend#27: Already tracked
[02:01:55]   Skipping finnoybu/aegis-governance#14: Already tracked
[02:01:55]   Skipping finnoybu/aegis-governance#13: Already tracked
[02:01:55]   Skipping adenueltech/jobhunter#27: Already tracked
[02:01:55]   Skipping adenueltech/jobhunter#1: Already tracked
[02:01:55]   Skipping GreatJobTommy/DIT-Transfer-Tools#72: Already tracked
[02:01:55]   Skipping GreatJobTommy/DIT-Transfer-Tools#73: Already tracked
[02:01:55]   Skipping PatrickB1905/WealthWise#12: Already tracked
[02:01:55]   Skipping mynextproject-portfolio/recipe-explorer-lite-ildarakhmetov#1: Already tracked
[02:01:55]   Skipping rajmahadev422/Learn-To-PR#7: Already tracked
[02:01:56]   Skipping finnoybu/aegis-governance#12: Already tracked
[02:01:56]   Skipping Vexa-ai/vexa#160: Already tracked
[02:01:56] Checked 20 issues, discovered 0 high-priority ones
[02:01:56] STEP 3: Checking follow-ups
[02:01:57] STEP 4: Building action items list
[02:01:57] STEP 5: Updating metrics
[02:01:57] === SUMMARY ===
[02:01:57] Notifications: 75
[02:01:57] Posted: 0
[02:01:57] Consent opportunities: 0
[02:01:57] Stale issues: 0
[02:01:57] Need follow-up: 0
[02:01:57] Merge conflicts: 0
[02:01:57] Total tracked: 54
[02:01:57] Check complete
