=== GitHub SLA Check: Sun Mar  8 11:30:01 AM CST 2026 ===
[11:30:01] STEP 0: Cleaning old data
[11:30:01] Checking tracked issues for closures...
[11:30:12] Cleanup complete
[11:30:12] STEP 1: Processing notifications
[11:30:13] Found 70 notifications
[11:30:31] VATSIM-UK/UK-Sector-File#6064: Already assigned, skipping
[11:30:34] pytorch-tabular/pytorch_tabular#605: Too old (41 days), skipping
[11:30:53] activist-org/activist#1925: Already assigned, skipping
[11:31:10] microsoft/vscode#288770: Already assigned, skipping
[11:31:17] lucasjinreal/Kokoros#61: Too old (380 days), skipping
[11:31:47] STEP 2: Checking my PRs
[11:31:49] STEP 2.5: Proactive discovery - finding new issues
[11:31:49] Searching for good-first-issues...
[11:31:51] Found 20 good-first-issues from search
[11:31:51]   Checking lingdojo/kana-dojo#7623: priority=100, comments=1
[11:31:51] *** DISCOVERED: lingdojo/kana-dojo#7623 (priority: 100, 1 comments) ***
[11:31:51] >>> Posting on discovered issue lingdojo/kana-dojo#7623
[11:31:52] FAILED to post on lingdojo/kana-dojo#7623: GraphQL: User is blocked (addComment)
[11:31:52]   Checking lingdojo/kana-dojo#7622: priority=100, comments=1
[11:31:52] *** DISCOVERED: lingdojo/kana-dojo#7622 (priority: 100, 1 comments) ***
[11:31:52] >>> Posting on discovered issue lingdojo/kana-dojo#7622
[11:31:53] FAILED to post on lingdojo/kana-dojo#7622: GraphQL: User is blocked (addComment)
[11:31:54]   Checking lingdojo/kana-dojo#7620: priority=100, comments=1
[11:31:54] *** DISCOVERED: lingdojo/kana-dojo#7620 (priority: 100, 1 comments) ***
[11:31:54] >>> Posting on discovered issue lingdojo/kana-dojo#7620
[11:31:55] FAILED to post on lingdojo/kana-dojo#7620: GraphQL: User is blocked (addComment)
[11:31:55]   Checking lingdojo/kana-dojo#7619: priority=100, comments=3
[11:31:55] *** DISCOVERED: lingdojo/kana-dojo#7619 (priority: 100, 3 comments) ***
[11:31:55] >>> Posting on discovered issue lingdojo/kana-dojo#7619
[11:31:56] FAILED to post on lingdojo/kana-dojo#7619: GraphQL: User is blocked (addComment)
[11:31:57]   Checking lingdojo/kana-dojo#7618: priority=100, comments=3
[11:31:57] *** DISCOVERED: lingdojo/kana-dojo#7618 (priority: 100, 3 comments) ***
[11:31:57] >>> Posting on discovered issue lingdojo/kana-dojo#7618
[11:31:58] FAILED to post on lingdojo/kana-dojo#7618: GraphQL: User is blocked (addComment)
[11:31:58]   Checking lingdojo/kana-dojo#7616: priority=100, comments=2
[11:31:58] *** DISCOVERED: lingdojo/kana-dojo#7616 (priority: 100, 2 comments) ***
[11:31:58] >>> Posting on discovered issue lingdojo/kana-dojo#7616
[11:31:59] FAILED to post on lingdojo/kana-dojo#7616: GraphQL: User is blocked (addComment)
[11:31:59]   Checking lingdojo/kana-dojo#7615: priority=100, comments=1
[11:31:59] *** DISCOVERED: lingdojo/kana-dojo#7615 (priority: 100, 1 comments) ***
[11:31:59] >>> Posting on discovered issue lingdojo/kana-dojo#7615
[11:32:00] FAILED to post on lingdojo/kana-dojo#7615: GraphQL: User is blocked (addComment)
[11:32:00]   Checking lingdojo/kana-dojo#7613: priority=100, comments=1
[11:32:00] *** DISCOVERED: lingdojo/kana-dojo#7613 (priority: 100, 1 comments) ***
[11:32:00] >>> Posting on discovered issue lingdojo/kana-dojo#7613
[11:32:01] FAILED to post on lingdojo/kana-dojo#7613: GraphQL: User is blocked (addComment)
[11:32:02]   Checking lingdojo/kana-dojo#7612: priority=100, comments=1
[11:32:02] *** DISCOVERED: lingdojo/kana-dojo#7612 (priority: 100, 1 comments) ***
[11:32:02] >>> Posting on discovered issue lingdojo/kana-dojo#7612
[11:32:03] FAILED to post on lingdojo/kana-dojo#7612: GraphQL: User is blocked (addComment)
[11:32:03]   Checking lingdojo/kana-dojo#7611: priority=100, comments=3
[11:32:03] *** DISCOVERED: lingdojo/kana-dojo#7611 (priority: 100, 3 comments) ***
[11:32:03] >>> Posting on discovered issue lingdojo/kana-dojo#7611
[11:32:04] FAILED to post on lingdojo/kana-dojo#7611: GraphQL: User is blocked (addComment)
[11:32:04]   Checking lingdojo/kana-dojo#7610: priority=100, comments=1
[11:32:04] *** DISCOVERED: lingdojo/kana-dojo#7610 (priority: 100, 1 comments) ***
[11:32:04] >>> Posting on discovered issue lingdojo/kana-dojo#7610
[11:32:05] FAILED to post on lingdojo/kana-dojo#7610: GraphQL: User is blocked (addComment)
[11:32:05]   Checking lingdojo/kana-dojo#7609: priority=100, comments=1
[11:32:05] *** DISCOVERED: lingdojo/kana-dojo#7609 (priority: 100, 1 comments) ***
[11:32:05] >>> Posting on discovered issue lingdojo/kana-dojo#7609
[11:32:07] FAILED to post on lingdojo/kana-dojo#7609: GraphQL: User is blocked (addComment)
[11:32:07]   Checking lingdojo/kana-dojo#7608: priority=100, comments=3
[11:32:07] *** DISCOVERED: lingdojo/kana-dojo#7608 (priority: 100, 3 comments) ***
[11:32:07] >>> Posting on discovered issue lingdojo/kana-dojo#7608
[11:32:08] FAILED to post on lingdojo/kana-dojo#7608: GraphQL: User is blocked (addComment)
[11:32:09]   Checking lingdojo/kana-dojo#7607: priority=100, comments=1
[11:32:09] *** DISCOVERED: lingdojo/kana-dojo#7607 (priority: 100, 1 comments) ***
[11:32:09] >>> Posting on discovered issue lingdojo/kana-dojo#7607
[11:32:09] FAILED to post on lingdojo/kana-dojo#7607: GraphQL: User is blocked (addComment)
[11:32:10]   Checking lingdojo/kana-dojo#7606: priority=100, comments=1
[11:32:10] *** DISCOVERED: lingdojo/kana-dojo#7606 (priority: 100, 1 comments) ***
[11:32:10] >>> Posting on discovered issue lingdojo/kana-dojo#7606
[11:32:11] FAILED to post on lingdojo/kana-dojo#7606: GraphQL: User is blocked (addComment)
[11:32:11]   Checking lingdojo/kana-dojo#7605: priority=100, comments=1
[11:32:11] *** DISCOVERED: lingdojo/kana-dojo#7605 (priority: 100, 1 comments) ***
[11:32:11] >>> Posting on discovered issue lingdojo/kana-dojo#7605
[11:32:12] FAILED to post on lingdojo/kana-dojo#7605: GraphQL: User is blocked (addComment)
[11:32:12]   Checking lingdojo/kana-dojo#7604: priority=100, comments=1
[11:32:12] *** DISCOVERED: lingdojo/kana-dojo#7604 (priority: 100, 1 comments) ***
[11:32:12] >>> Posting on discovered issue lingdojo/kana-dojo#7604
[11:32:13] FAILED to post on lingdojo/kana-dojo#7604: GraphQL: User is blocked (addComment)
[11:32:13]   Checking lingdojo/kana-dojo#7603: priority=100, comments=1
[11:32:13] *** DISCOVERED: lingdojo/kana-dojo#7603 (priority: 100, 1 comments) ***
[11:32:13] >>> Posting on discovered issue lingdojo/kana-dojo#7603
[11:32:14] FAILED to post on lingdojo/kana-dojo#7603: GraphQL: User is blocked (addComment)
[11:32:14]   Checking lingdojo/kana-dojo#7601: priority=100, comments=1
[11:32:14] *** DISCOVERED: lingdojo/kana-dojo#7601 (priority: 100, 1 comments) ***
[11:32:14] >>> Posting on discovered issue lingdojo/kana-dojo#7601
[11:32:16] FAILED to post on lingdojo/kana-dojo#7601: GraphQL: User is blocked (addComment)
[11:32:16]   Checking lingdojo/kana-dojo#7600: priority=100, comments=4
[11:32:16] *** DISCOVERED: lingdojo/kana-dojo#7600 (priority: 100, 4 comments) ***
[11:32:16] >>> Posting on discovered issue lingdojo/kana-dojo#7600
[11:32:17] FAILED to post on lingdojo/kana-dojo#7600: GraphQL: User is blocked (addComment)
[11:32:17] Checked 20 issues, discovered 20 high-priority ones
[11:32:17] STEP 3: Checking follow-ups
[11:32:19] STEP 4: Building action items list
[11:32:19] STEP 5: Updating metrics
[11:32:19] === SUMMARY ===
[11:32:19] Notifications: 70
[11:32:19] Posted: 0
[11:32:19] Consent opportunities: 20
[11:32:19] Stale issues: 0
[11:32:19] Need follow-up: 0
[11:32:19] Merge conflicts: 0
[11:32:19] Total tracked: 58
[11:32:19] Check complete
