=== GitHub SLA Check: Tue Mar 10 10:00:01 PM CST 2026 ===
[22:00:01] STEP 0: Cleaning old data
[22:00:01] Checking tracked issues for closures...
[22:00:14] Cleanup complete
[22:00:14] STEP 1: Processing notifications
[22:00:15] Found 82 notifications
[22:00:17] PretendoNetwork/juxtaposition#411: Already assigned, skipping
[22:00:18] EndlessPixel/EndlessPixel-Modpack#35: Already assigned, skipping
[22:00:24] djangonaut-space/wagtail-indymeet#713: Already assigned, skipping
[22:00:25] VATSIM-UK/UK-Sector-File#6064: Already assigned, skipping
[22:01:00] pytorch-tabular/pytorch_tabular#605: Too old (44 days), skipping
[22:01:19] activist-org/activist#1925: Already assigned, skipping
[22:01:34] microsoft/vscode#288770: Already assigned, skipping
[22:01:38] lucasjinreal/Kokoros#61: Too old (382 days), skipping
[22:02:10] STEP 2: Checking my PRs
[22:02:11] STEP 2.5: Proactive discovery - finding new issues
[22:02:11] Searching for good-first-issues...
[22:02:13] Found 50 good-first-issues from search
[22:02:14]   Skipping 7788ken/linkgate#13: Already tracked
[22:02:14]   Skipping 7788ken/linkgate#7: Already tracked
[22:02:14]   Skipping 7788ken/linkgate#3: Already tracked
[22:02:14]   Skipping djangonaut-space/wagtail-indymeet#713: Already tracked
[22:02:14]   Skipping rajmahadev422/Learn-To-PR#16: Already tracked
[22:02:14]   Skipping EndlessPixel/EndlessPixel-Modpack#35: Too many comments (8)
[22:02:14]   Skipping rysweet/azlin#793: Already tracked
[22:02:14]   Skipping rysweet/amplihack#2981: Already tracked
[22:02:14]   Skipping rysweet/amplihack#2979: Already tracked
[22:02:14]   Skipping rysweet/amplihack#2980: Already tracked
[22:02:14]   Skipping rysweet/amplihack#2977: Already tracked
[22:02:14]   Skipping rysweet/amplihack#2976: Already tracked
[22:02:14]   Skipping brendankowitz/FHIR-Tools-for-Anonymization#80: Already tracked
[22:02:14]   Skipping windoze95/nullfeed-flutter#19: Already tracked
[22:02:15]   Skipping windoze95/nullfeed-backend#33: Already tracked
[22:02:15]   Skipping windoze95/nullfeed-backend#32: Already tracked
[22:02:15]   Skipping avni-j/synthetic-demo-app#12: Already tracked
[22:02:15]   Skipping T-SIG/tsig-prints#252: Already tracked
[22:02:15]   Skipping T-SIG/tsig-prints#249: Already tracked
[22:02:15]   Skipping T-SIG/tsig-prints#248: Already tracked
[22:02:15]   Skipping T-SIG/tsig-prints#247: Already tracked
[22:02:15]   Skipping T-SIG/tsig-prints#245: Already tracked
[22:02:15]   Skipping T-SIG/tsig-prints#244: Already tracked
[22:02:15]   Skipping T-SIG/tsig-prints#243: Already tracked
[22:02:15]   Skipping T-SIG/tsig-prints#242: Already tracked
[22:02:15]   Skipping T-SIG/tsig-prints#241: Already tracked
[22:02:15]   Skipping T-SIG/tsig-prints#240: Already tracked
[22:02:15]   Skipping T-SIG/tsig-prints#239: Already tracked
[22:02:16]   Skipping T-SIG/tsig-prints#238: Already tracked
[22:02:16]   Skipping T-SIG/tsig-prints#237: Already tracked
[22:02:16]   Skipping T-SIG/tsig-prints#236: Already tracked
[22:02:16]   Skipping T-SIG/tsig-prints#234: Already tracked
[22:02:16]   Skipping T-SIG/tsig-prints#231: Already tracked
[22:02:16]   Skipping T-SIG/tsig-prints#230: Already tracked
[22:02:16]   Skipping T-SIG/tsig-prints#229: Already tracked
[22:02:16]   Skipping T-SIG/tsig-prints#227: Already tracked
[22:02:16]   Skipping T-SIG/tsig-prints#226: Already tracked
[22:02:16]   Skipping T-SIG/tsig-prints#225: Already tracked
[22:02:16]   Checking T-SIG/tsig-prints#224: priority=100, comments=0
[22:02:16] *** DISCOVERED: T-SIG/tsig-prints#224 (priority: 100, 0 comments) ***
[22:02:16] >>> Posting on discovered issue T-SIG/tsig-prints#224
[22:02:18] SUCCESS: Posted on T-SIG/tsig-prints#224
[22:02:24]   Skipping visouha/openclaw-test-repo#2: Already tracked
[22:02:24]   Skipping VATSIM-UK/UK-Sector-File#6069: Already tracked
[22:02:24]   Checking lingdojo/kana-dojo#7665: priority=100, comments=1
[22:02:24] *** DISCOVERED: lingdojo/kana-dojo#7665 (priority: 100, 1 comments) ***
[22:02:24] >>> Posting on discovered issue lingdojo/kana-dojo#7665
[22:02:25] FAILED to post on lingdojo/kana-dojo#7665: GraphQL: User is blocked (addComment)
[22:02:25]   Checking lingdojo/kana-dojo#7664: priority=100, comments=1
[22:02:25] *** DISCOVERED: lingdojo/kana-dojo#7664 (priority: 100, 1 comments) ***
[22:02:25] >>> Posting on discovered issue lingdojo/kana-dojo#7664
[22:02:26] FAILED to post on lingdojo/kana-dojo#7664: GraphQL: User is blocked (addComment)
[22:02:27]   Checking lingdojo/kana-dojo#7663: priority=100, comments=2
[22:02:27] *** DISCOVERED: lingdojo/kana-dojo#7663 (priority: 100, 2 comments) ***
[22:02:27] >>> Posting on discovered issue lingdojo/kana-dojo#7663
[22:02:28] FAILED to post on lingdojo/kana-dojo#7663: GraphQL: User is blocked (addComment)
[22:02:28]   Checking lingdojo/kana-dojo#7662: priority=100, comments=1
[22:02:28] *** DISCOVERED: lingdojo/kana-dojo#7662 (priority: 100, 1 comments) ***
[22:02:28] >>> Posting on discovered issue lingdojo/kana-dojo#7662
[22:02:29] FAILED to post on lingdojo/kana-dojo#7662: GraphQL: User is blocked (addComment)
[22:02:29]   Checking lingdojo/kana-dojo#7661: priority=100, comments=1
[22:02:29] *** DISCOVERED: lingdojo/kana-dojo#7661 (priority: 100, 1 comments) ***
[22:02:29] >>> Posting on discovered issue lingdojo/kana-dojo#7661
[22:02:31] FAILED to post on lingdojo/kana-dojo#7661: GraphQL: User is blocked (addComment)
[22:02:31]   Checking lingdojo/kana-dojo#7660: priority=100, comments=1
[22:02:31] *** DISCOVERED: lingdojo/kana-dojo#7660 (priority: 100, 1 comments) ***
[22:02:31] >>> Posting on discovered issue lingdojo/kana-dojo#7660
[22:02:32] FAILED to post on lingdojo/kana-dojo#7660: GraphQL: User is blocked (addComment)
[22:02:32]   Checking lingdojo/kana-dojo#7659: priority=100, comments=1
[22:02:32] *** DISCOVERED: lingdojo/kana-dojo#7659 (priority: 100, 1 comments) ***
[22:02:32] >>> Posting on discovered issue lingdojo/kana-dojo#7659
[22:02:33] FAILED to post on lingdojo/kana-dojo#7659: GraphQL: User is blocked (addComment)
[22:02:33]   Checking lingdojo/kana-dojo#7658: priority=100, comments=1
[22:02:33] *** DISCOVERED: lingdojo/kana-dojo#7658 (priority: 100, 1 comments) ***
[22:02:33] >>> Posting on discovered issue lingdojo/kana-dojo#7658
[22:02:35] FAILED to post on lingdojo/kana-dojo#7658: GraphQL: User is blocked (addComment)
[22:02:35]   Checking lingdojo/kana-dojo#7657: priority=100, comments=1
[22:02:35] *** DISCOVERED: lingdojo/kana-dojo#7657 (priority: 100, 1 comments) ***
[22:02:35] >>> Posting on discovered issue lingdojo/kana-dojo#7657
[22:02:36] FAILED to post on lingdojo/kana-dojo#7657: GraphQL: User is blocked (addComment)
[22:02:36] Checked 50 issues, discovered 10 high-priority ones
[22:02:36] STEP 3: Checking follow-ups
[22:03:03] FOLLOW-UP NEEDED: Vexa-ai/vexa#160 (no response in 3 days)
[22:03:11] FOLLOW-UP NEEDED: mynextproject-portfolio/recipe-explorer-lite-yuewang199511#1 (no response in 3 days)
[22:03:14] FOLLOW-UP NEEDED: Marormur/Website#158 (no response in 3 days)
[22:03:16] FOLLOW-UP NEEDED: Marormur/Website#160 (no response in 3 days)
[22:03:17] FOLLOW-UP NEEDED: PatrickB1905/wealthwise#12 (no response in 3 days)
[22:03:18] FOLLOW-UP NEEDED: GreatJobTommy/DIT-Transfer-Tools#73 (no response in 3 days)
[22:03:22] FOLLOW-UP NEEDED: adenueltech/jobhunter#1 (no response in 3 days)
[22:03:23] FOLLOW-UP NEEDED: windoze95/nullfeed-backend#24 (no response in 3 days)
[22:03:24] FOLLOW-UP NEEDED: PatrickB1905/WealthWise#12 (no response in 3 days)
[22:03:26] FOLLOW-UP NEEDED: finnoybu/aegis-governance#14 (no response in 3 days)
[22:03:27] FOLLOW-UP NEEDED: finnoybu/aegis-governance#13 (no response in 3 days)
[22:03:28] FOLLOW-UP NEEDED: windoze95/nullfeed-flutter#15 (no response in 3 days)
[22:03:29] FOLLOW-UP NEEDED: windoze95/nullfeed-flutter#14 (no response in 3 days)
[22:03:30] FOLLOW-UP NEEDED: windoze95/nullfeed-backend#27 (no response in 3 days)
[22:03:34] STEP 4: Building action items list
[22:03:34] STEP 5: Updating metrics
[22:03:34] === SUMMARY ===
[22:03:34] Notifications: 82
[22:03:34] Posted: 1
[22:03:34] Consent opportunities: 10
[22:03:34] Stale issues: 0
[22:03:34] Need follow-up: 324
[22:03:34] Merge conflicts: 0
[22:03:34] Total tracked: 109
[22:03:34] Check complete
