=== GitHub SLA Check: Tue Mar 10 02:00:01 PM CST 2026 ===
[14:00:01] STEP 0: Cleaning old data
[14:00:02] Checking tracked issues for closures...
[14:00:13] Cleanup complete
[14:00:13] STEP 1: Processing notifications
[14:00:15] Found 81 notifications
[14:00:18] djangonaut-space/wagtail-indymeet#713: Already assigned, skipping
[14:00:19] EndlessPixel/EndlessPixel-Modpack#35: Already assigned, skipping
[14:00:20] VATSIM-UK/UK-Sector-File#6064: Already assigned, skipping
[14:00:52] pytorch-tabular/pytorch_tabular#605: Too old (43 days), skipping
[14:01:08] activist-org/activist#1925: Already assigned, skipping
[14:01:24] microsoft/vscode#288770: Already assigned, skipping
[14:01:28] lucasjinreal/Kokoros#61: Too old (382 days), skipping
[14:01:58] STEP 2: Checking my PRs
[14:01:59] STEP 2.5: Proactive discovery - finding new issues
[14:01:59] Searching for good-first-issues...
[14:02:01] Found 20 good-first-issues from search
[14:02:01]   Skipping 7788ken/linkgate#13: Already tracked
[14:02:01]   Skipping 7788ken/linkgate#7: Already tracked
[14:02:01]   Skipping 7788ken/linkgate#3: Already tracked
[14:02:01]   Skipping djangonaut-space/wagtail-indymeet#713: Already tracked
[14:02:01]   Skipping rajmahadev422/Learn-To-PR#16: Already tracked
[14:02:01]   Skipping EndlessPixel/EndlessPixel-Modpack#35: Too many comments (6)
[14:02:01]   Skipping rysweet/azlin#793: Already tracked
[14:02:01]   Skipping rysweet/amplihack#2981: Already tracked
[14:02:01]   Skipping rysweet/amplihack#2979: Already tracked
[14:02:01]   Skipping rysweet/amplihack#2980: Already tracked
[14:02:01]   Skipping rysweet/amplihack#2977: Already tracked
[14:02:02]   Skipping rysweet/amplihack#2976: Already tracked
[14:02:02]   Skipping brendankowitz/FHIR-Tools-for-Anonymization#80: Already tracked
[14:02:02]   Skipping windoze95/nullfeed-flutter#19: Already tracked
[14:02:02]   Skipping windoze95/nullfeed-backend#33: Already tracked
[14:02:02]   Skipping windoze95/nullfeed-backend#32: Already tracked
[14:02:02]   Skipping avni-j/synthetic-demo-app#12: Already tracked
[14:02:02]   Skipping T-SIG/tsig-prints#252: Already tracked
[14:02:02]   Skipping T-SIG/tsig-prints#249: Already tracked
[14:02:02]   Skipping T-SIG/tsig-prints#248: Already tracked
[14:02:02] Checked 20 issues, discovered 0 high-priority ones
[14:02:02] STEP 3: Checking follow-ups
[14:02:25] FOLLOW-UP NEEDED: Vexa-ai/vexa#160 (no response in 3 days)
[14:02:32] FOLLOW-UP NEEDED: mynextproject-portfolio/recipe-explorer-lite-yuewang199511#1 (no response in 3 days)
[14:02:34] FOLLOW-UP NEEDED: Marormur/Website#158 (no response in 3 days)
[14:02:37] FOLLOW-UP NEEDED: Marormur/Website#160 (no response in 3 days)
[14:02:38] FOLLOW-UP NEEDED: PatrickB1905/wealthwise#12 (no response in 3 days)
[14:02:39] FOLLOW-UP NEEDED: GreatJobTommy/DIT-Transfer-Tools#73 (no response in 3 days)
[14:02:41] FOLLOW-UP NEEDED: adenueltech/jobhunter#1 (no response in 3 days)
[14:02:43] FOLLOW-UP NEEDED: windoze95/nullfeed-backend#24 (no response in 3 days)
[14:02:44] FOLLOW-UP NEEDED: PatrickB1905/WealthWise#12 (no response in 3 days)
[14:02:46] FOLLOW-UP NEEDED: finnoybu/aegis-governance#14 (no response in 3 days)
[14:02:47] FOLLOW-UP NEEDED: finnoybu/aegis-governance#13 (no response in 3 days)
[14:02:49] STEP 4: Building action items list
[14:02:49] STEP 5: Updating metrics
[14:02:49] === SUMMARY ===
[14:02:49] Notifications: 81
[14:02:49] Posted: 0
[14:02:49] Consent opportunities: 0
[14:02:49] Stale issues: 0
[14:02:49] Need follow-up: 118
[14:02:49] Merge conflicts: 0
[14:02:49] Total tracked: 104
[14:02:49] Check complete
