=== GitHub SLA Check: Mon Mar  9 05:30:01 PM CST 2026 ===
[17:30:01] STEP 0: Cleaning old data
[17:30:01] Checking tracked issues for closures...
[17:30:12] Cleanup complete
[17:30:12] STEP 1: Processing notifications
[17:30:14] Found 73 notifications
[17:30:37] VATSIM-UK/UK-Sector-File#6064: Already assigned, skipping
[17:30:40] pytorch-tabular/pytorch_tabular#605: Too old (43 days), skipping
[17:31:00] activist-org/activist#1925: Already assigned, skipping
[17:31:16] microsoft/vscode#288770: Already assigned, skipping
[17:31:20] lucasjinreal/Kokoros#61: Too old (381 days), skipping
[17:31:51] STEP 2: Checking my PRs
[17:31:51] STEP 2.5: Proactive discovery - finding new issues
[17:31:52] Searching for good-first-issues...
[17:31:53] Found 20 good-first-issues from search
[17:31:53]   Checking brendankowitz/FHIR-Tools-for-Anonymization#80: priority=100, comments=2
[17:31:53] *** DISCOVERED: brendankowitz/FHIR-Tools-for-Anonymization#80 (priority: 100, 2 comments) ***
[17:31:53] >>> Posting on discovered issue brendankowitz/FHIR-Tools-for-Anonymization#80
[17:31:54] SUCCESS: Posted on brendankowitz/FHIR-Tools-for-Anonymization#80
[17:31:59]   Skipping windoze95/nullfeed-flutter#19: Already tracked
[17:31:59]   Skipping windoze95/nullfeed-backend#33: Already tracked
[17:31:59]   Skipping windoze95/nullfeed-backend#32: Already tracked
[17:32:00]   Skipping avni-j/synthetic-demo-app#12: Already tracked
[17:32:00]   Skipping T-SIG/tsig-prints#252: Already tracked
[17:32:00]   Skipping T-SIG/tsig-prints#249: Already tracked
[17:32:00]   Skipping T-SIG/tsig-prints#248: Already tracked
[17:32:00]   Skipping T-SIG/tsig-prints#247: Already tracked
[17:32:00]   Skipping T-SIG/tsig-prints#245: Already tracked
[17:32:00]   Skipping T-SIG/tsig-prints#244: Already tracked
[17:32:00]   Skipping T-SIG/tsig-prints#243: Already tracked
[17:32:00]   Skipping T-SIG/tsig-prints#242: Already tracked
[17:32:00]   Skipping T-SIG/tsig-prints#241: Already tracked
[17:32:00]   Skipping T-SIG/tsig-prints#240: Already tracked
[17:32:00]   Skipping T-SIG/tsig-prints#239: Already tracked
[17:32:00]   Skipping T-SIG/tsig-prints#238: Already tracked
[17:32:00]   Skipping T-SIG/tsig-prints#237: Already tracked
[17:32:00]   Skipping T-SIG/tsig-prints#236: Already tracked
[17:32:00]   Skipping T-SIG/tsig-prints#234: Already tracked
[17:32:01] Checked 20 issues, discovered 1 high-priority ones
[17:32:01] STEP 3: Checking follow-ups
[17:32:03] STEP 4: Building action items list
[17:32:03] STEP 5: Updating metrics
[17:32:03] === SUMMARY ===
[17:32:03] Notifications: 73
[17:32:03] Posted: 1
[17:32:03] Consent opportunities: 1
[17:32:03] Stale issues: 0
[17:32:03] Need follow-up: 0
[17:32:03] Merge conflicts: 0
[17:32:03] Total tracked: 88
[17:32:03] Check complete
