=== GitHub SLA Check: Sat Mar  7 01:30:01 AM CST 2026 ===
[01:30:01] STEP 0: Cleaning old data
[01:30:01] Checking tracked issues for closures...
[01:30:13] Cleanup complete
[01:30:13] STEP 1: Processing notifications
[01:30:14] Found 63 notifications
[01:30:36] activist-org/activist#1925: Already assigned, skipping
[01:30:58] microsoft/vscode#288770: Already assigned, skipping
[01:31:05] lucasjinreal/Kokoros#61: Too old (378 days), skipping
[01:31:43] STEP 2: Checking my PRs
[01:31:46] STEP 3: Checking follow-ups
[01:31:47] STEP 4: Updating metrics
[01:31:47] === SUMMARY ===
[01:31:47] Notifications: 63
[01:31:47] Posted: 0
[01:31:47] Consent opportunities: 0
[01:31:47] Urgent items: 0
[01:31:47] Questions to answer: 0
[01:31:47] Stale issues: 0
[01:31:47] Need follow-up: 0
[01:31:47] Merge conflicts: 0
[01:31:47] Total tracked: 22
[01:31:47] Check complete
