=== GitHub SLA Check: Sat Mar  7 09:30:01 PM CST 2026 ===
[21:30:01] STEP 0: Cleaning old data
[21:30:01] Checking tracked issues for closures...
[21:30:14] Cleanup complete
[21:30:14] STEP 1: Processing notifications
[21:30:16] Found 72 notifications
[21:30:29] pytorch-tabular/pytorch_tabular#605: Too old (41 days), skipping
[21:30:51] activist-org/activist#1925: Already assigned, skipping
[21:31:11] microsoft/vscode#288770: Already assigned, skipping
[21:31:17] lucasjinreal/Kokoros#61: Too old (379 days), skipping
[21:31:49] STEP 2: Checking my PRs
[21:31:51] STEP 2.5: Proactive discovery - finding new issues
[21:31:51] Searching for good-first-issues...
[21:31:52] Found 20 good-first-issues from search
[21:31:53]   Skipping windoze95/nullfeed-flutter#15: Already tracked
[21:31:53]   Skipping windoze95/nullfeed-flutter#14: Already tracked
[21:31:53]   Skipping windoze95/nullfeed-backend#27: Already tracked
[21:31:53]   Skipping finnoybu/aegis-governance#14: Already tracked
[21:31:53]   Skipping finnoybu/aegis-governance#13: Already tracked
[21:31:53]   Skipping adenueltech/jobhunter#27: Already tracked
[21:31:53]   Skipping adenueltech/jobhunter#1: Already tracked
[21:31:53]   Skipping GreatJobTommy/DIT-Transfer-Tools#72: Already tracked
[21:31:53]   Skipping GreatJobTommy/DIT-Transfer-Tools#73: Already tracked
[21:31:53]   Skipping PatrickB1905/WealthWise#12: Already tracked
[21:31:53]   Skipping mynextproject-portfolio/recipe-explorer-lite-ildarakhmetov#1: Already tracked
[21:31:53]   Skipping rajmahadev422/Learn-To-PR#7: Already tracked
[21:31:53]   Skipping finnoybu/aegis-governance#12: Already tracked
[21:31:53]   Skipping Vexa-ai/vexa#160: Already tracked
[21:31:54]   Skipping rajmahadev422/Learn-To-PR#3: Already tracked
[21:31:54]   Skipping VATSIM-UK/UK-Sector-File#6064: Already tracked
[21:31:54]   Skipping Vexa-ai/vexa#155: Already tracked
[21:31:54]   Skipping windoze95/nullfeed-flutter#12: Already tracked
[21:31:54]   Skipping windoze95/nullfeed-backend#22: Already tracked
[21:31:54]   Skipping brendankowitz/FHIR-Tools-for-Anonymization#64: Too many comments (6)
[21:31:54] Checked 20 issues, discovered 0 high-priority ones
[21:31:54] STEP 3: Checking follow-ups
[21:31:55] STEP 4: Building action items list
[21:31:56] STEP 5: Updating metrics
[21:31:56] === SUMMARY ===
[21:31:56] Notifications: 72
[21:31:56] Posted: 0
[21:31:56] Consent opportunities: 0
[21:31:56] Stale issues: 0
[21:31:56] Need follow-up: 0
[21:31:56] Merge conflicts: 0
[21:31:56] Total tracked: 48
[21:31:56] Check complete
