=== GitHub SLA Check: Sun Mar  8 02:00:01 PM CST 2026 ===
[14:00:01] STEP 0: Cleaning old data
[14:00:01] Checking tracked issues for closures...
[14:00:14] Cleanup complete
[14:00:14] STEP 1: Processing notifications
[14:00:15] Found 70 notifications
[14:00:31] VATSIM-UK/UK-Sector-File#6064: Already assigned, skipping
[14:00:35] pytorch-tabular/pytorch_tabular#605: Too old (41 days), skipping
[14:00:54] activist-org/activist#1925: Already assigned, skipping
[14:01:11] microsoft/vscode#288770: Already assigned, skipping
[14:01:17] lucasjinreal/Kokoros#61: Too old (380 days), skipping
[14:01:46] STEP 2: Checking my PRs
[14:01:48] STEP 2.5: Proactive discovery - finding new issues
[14:01:48] Searching for good-first-issues...
[14:01:50] Found 20 good-first-issues from search
[14:01:50]   Checking lingdojo/kana-dojo#7637: priority=100, comments=1
[14:01:50] *** DISCOVERED: lingdojo/kana-dojo#7637 (priority: 100, 1 comments) ***
[14:01:50] >>> Posting on discovered issue lingdojo/kana-dojo#7637
[14:01:51] FAILED to post on lingdojo/kana-dojo#7637: GraphQL: User is blocked (addComment)
[14:01:51]   Checking lingdojo/kana-dojo#7636: priority=100, comments=1
[14:01:52] *** DISCOVERED: lingdojo/kana-dojo#7636 (priority: 100, 1 comments) ***
[14:01:52] >>> Posting on discovered issue lingdojo/kana-dojo#7636
[14:01:53] FAILED to post on lingdojo/kana-dojo#7636: GraphQL: User is blocked (addComment)
[14:01:53]   Checking lingdojo/kana-dojo#7635: priority=100, comments=1
[14:01:53] *** DISCOVERED: lingdojo/kana-dojo#7635 (priority: 100, 1 comments) ***
[14:01:53] >>> Posting on discovered issue lingdojo/kana-dojo#7635
[14:01:54] FAILED to post on lingdojo/kana-dojo#7635: GraphQL: User is blocked (addComment)
[14:01:54]   Checking lingdojo/kana-dojo#7632: priority=100, comments=3
[14:01:54] *** DISCOVERED: lingdojo/kana-dojo#7632 (priority: 100, 3 comments) ***
[14:01:54] >>> Posting on discovered issue lingdojo/kana-dojo#7632
[14:01:56] FAILED to post on lingdojo/kana-dojo#7632: GraphQL: User is blocked (addComment)
[14:01:56]   Checking lingdojo/kana-dojo#7630: priority=100, comments=1
[14:01:56] *** DISCOVERED: lingdojo/kana-dojo#7630 (priority: 100, 1 comments) ***
[14:01:56] >>> Posting on discovered issue lingdojo/kana-dojo#7630
[14:01:57] FAILED to post on lingdojo/kana-dojo#7630: GraphQL: User is blocked (addComment)
[14:01:57]   Checking lingdojo/kana-dojo#7628: priority=100, comments=1
[14:01:57] *** DISCOVERED: lingdojo/kana-dojo#7628 (priority: 100, 1 comments) ***
[14:01:57] >>> Posting on discovered issue lingdojo/kana-dojo#7628
[14:01:58] FAILED to post on lingdojo/kana-dojo#7628: GraphQL: User is blocked (addComment)
[14:01:58]   Checking lingdojo/kana-dojo#7627: priority=100, comments=3
[14:01:58] *** DISCOVERED: lingdojo/kana-dojo#7627 (priority: 100, 3 comments) ***
[14:01:58] >>> Posting on discovered issue lingdojo/kana-dojo#7627
[14:01:59] FAILED to post on lingdojo/kana-dojo#7627: GraphQL: User is blocked (addComment)
[14:02:00]   Checking lingdojo/kana-dojo#7626: priority=100, comments=1
[14:02:00] *** DISCOVERED: lingdojo/kana-dojo#7626 (priority: 100, 1 comments) ***
[14:02:00] >>> Posting on discovered issue lingdojo/kana-dojo#7626
[14:02:01] FAILED to post on lingdojo/kana-dojo#7626: GraphQL: User is blocked (addComment)
[14:02:01]   Checking lingdojo/kana-dojo#7625: priority=100, comments=1
[14:02:01] *** DISCOVERED: lingdojo/kana-dojo#7625 (priority: 100, 1 comments) ***
[14:02:01] >>> Posting on discovered issue lingdojo/kana-dojo#7625
[14:02:02] FAILED to post on lingdojo/kana-dojo#7625: GraphQL: User is blocked (addComment)
[14:02:03]   Checking lingdojo/kana-dojo#7624: priority=100, comments=1
[14:02:03] *** DISCOVERED: lingdojo/kana-dojo#7624 (priority: 100, 1 comments) ***
[14:02:03] >>> Posting on discovered issue lingdojo/kana-dojo#7624
[14:02:04] FAILED to post on lingdojo/kana-dojo#7624: GraphQL: User is blocked (addComment)
[14:02:04]   Checking lingdojo/kana-dojo#7623: priority=100, comments=1
[14:02:04] *** DISCOVERED: lingdojo/kana-dojo#7623 (priority: 100, 1 comments) ***
[14:02:04] >>> Posting on discovered issue lingdojo/kana-dojo#7623
[14:02:05] FAILED to post on lingdojo/kana-dojo#7623: GraphQL: User is blocked (addComment)
[14:02:05]   Checking lingdojo/kana-dojo#7622: priority=100, comments=1
[14:02:05] *** DISCOVERED: lingdojo/kana-dojo#7622 (priority: 100, 1 comments) ***
[14:02:05] >>> Posting on discovered issue lingdojo/kana-dojo#7622
[14:02:06] FAILED to post on lingdojo/kana-dojo#7622: GraphQL: User is blocked (addComment)
[14:02:06]   Checking lingdojo/kana-dojo#7620: priority=100, comments=1
[14:02:06] *** DISCOVERED: lingdojo/kana-dojo#7620 (priority: 100, 1 comments) ***
[14:02:06] >>> Posting on discovered issue lingdojo/kana-dojo#7620
[14:02:07] FAILED to post on lingdojo/kana-dojo#7620: GraphQL: User is blocked (addComment)
[14:02:07]   Checking lingdojo/kana-dojo#7619: priority=100, comments=3
[14:02:07] *** DISCOVERED: lingdojo/kana-dojo#7619 (priority: 100, 3 comments) ***
[14:02:07] >>> Posting on discovered issue lingdojo/kana-dojo#7619
[14:02:08] FAILED to post on lingdojo/kana-dojo#7619: GraphQL: User is blocked (addComment)
[14:02:09]   Checking lingdojo/kana-dojo#7618: priority=100, comments=3
[14:02:09] *** DISCOVERED: lingdojo/kana-dojo#7618 (priority: 100, 3 comments) ***
[14:02:09] >>> Posting on discovered issue lingdojo/kana-dojo#7618
[14:02:10] FAILED to post on lingdojo/kana-dojo#7618: GraphQL: User is blocked (addComment)
[14:02:10]   Checking lingdojo/kana-dojo#7616: priority=100, comments=2
[14:02:10] *** DISCOVERED: lingdojo/kana-dojo#7616 (priority: 100, 2 comments) ***
[14:02:10] >>> Posting on discovered issue lingdojo/kana-dojo#7616
[14:02:11] FAILED to post on lingdojo/kana-dojo#7616: GraphQL: User is blocked (addComment)
[14:02:11]   Checking lingdojo/kana-dojo#7615: priority=100, comments=1
[14:02:11] *** DISCOVERED: lingdojo/kana-dojo#7615 (priority: 100, 1 comments) ***
[14:02:11] >>> Posting on discovered issue lingdojo/kana-dojo#7615
[14:02:12] FAILED to post on lingdojo/kana-dojo#7615: GraphQL: User is blocked (addComment)
[14:02:12]   Checking lingdojo/kana-dojo#7613: priority=100, comments=1
[14:02:12] *** DISCOVERED: lingdojo/kana-dojo#7613 (priority: 100, 1 comments) ***
[14:02:12] >>> Posting on discovered issue lingdojo/kana-dojo#7613
[14:02:13] FAILED to post on lingdojo/kana-dojo#7613: GraphQL: User is blocked (addComment)
[14:02:13]   Checking lingdojo/kana-dojo#7612: priority=100, comments=1
[14:02:13] *** DISCOVERED: lingdojo/kana-dojo#7612 (priority: 100, 1 comments) ***
[14:02:13] >>> Posting on discovered issue lingdojo/kana-dojo#7612
[14:02:14] FAILED to post on lingdojo/kana-dojo#7612: GraphQL: User is blocked (addComment)
[14:02:15]   Checking lingdojo/kana-dojo#7611: priority=100, comments=4
[14:02:15] *** DISCOVERED: lingdojo/kana-dojo#7611 (priority: 100, 4 comments) ***
[14:02:15] >>> Posting on discovered issue lingdojo/kana-dojo#7611
[14:02:16] FAILED to post on lingdojo/kana-dojo#7611: GraphQL: User is blocked (addComment)
[14:02:16] Checked 20 issues, discovered 20 high-priority ones
[14:02:16] STEP 3: Checking follow-ups
[14:02:18] STEP 4: Building action items list
[14:02:18] STEP 5: Updating metrics
[14:02:18] === SUMMARY ===
[14:02:18] Notifications: 70
[14:02:18] Posted: 0
[14:02:18] Consent opportunities: 20
[14:02:18] Stale issues: 0
[14:02:18] Need follow-up: 0
[14:02:18] Merge conflicts: 0
[14:02:18] Total tracked: 58
[14:02:18] Check complete
