=== GitHub SLA Check: Tue Mar 10 04:30:01 PM CST 2026 ===
[16:30:01] STEP 0: Cleaning old data
[16:30:02] Checking tracked issues for closures...
[16:30:13] Cleanup complete
[16:30:13] STEP 1: Processing notifications
[16:30:15] Found 81 notifications
[16:30:20] djangonaut-space/wagtail-indymeet#713: Already assigned, skipping
[16:30:22] EndlessPixel/EndlessPixel-Modpack#35: Already assigned, skipping
[16:30:23] VATSIM-UK/UK-Sector-File#6064: Already assigned, skipping
[16:30:52] Network/server error (attempt 1/3), retrying...
[16:31:00] pytorch-tabular/pytorch_tabular#605: Too old (44 days), skipping
[16:31:19] activist-org/activist#1925: Already assigned, skipping
[16:31:34] microsoft/vscode#288770: Already assigned, skipping
[16:31:38] lucasjinreal/Kokoros#61: Too old (382 days), skipping
[16:32:10] STEP 2: Checking my PRs
[16:32:11] STEP 2.5: Proactive discovery - finding new issues
[16:32:11] Searching for good-first-issues...
[16:32:13] Found 20 good-first-issues from search
[16:32:13]   Skipping 7788ken/linkgate#13: Already tracked
[16:32:13]   Skipping 7788ken/linkgate#7: Already tracked
[16:32:13]   Skipping 7788ken/linkgate#3: Already tracked
[16:32:13]   Skipping djangonaut-space/wagtail-indymeet#713: Already tracked
[16:32:13]   Skipping rajmahadev422/Learn-To-PR#16: Already tracked
[16:32:13]   Skipping EndlessPixel/EndlessPixel-Modpack#35: Too many comments (6)
[16:32:14]   Skipping rysweet/azlin#793: Already tracked
[16:32:14]   Skipping rysweet/amplihack#2981: Already tracked
[16:32:14]   Skipping rysweet/amplihack#2979: Already tracked
[16:32:14]   Skipping rysweet/amplihack#2980: Already tracked
[16:32:14]   Skipping rysweet/amplihack#2977: Already tracked
[16:32:14]   Skipping rysweet/amplihack#2976: Already tracked
[16:32:14]   Skipping brendankowitz/FHIR-Tools-for-Anonymization#80: Already tracked
[16:32:14]   Skipping windoze95/nullfeed-flutter#19: Already tracked
[16:32:14]   Skipping windoze95/nullfeed-backend#33: Already tracked
[16:32:14]   Skipping windoze95/nullfeed-backend#32: Already tracked
[16:32:14]   Skipping avni-j/synthetic-demo-app#12: Already tracked
[16:32:14]   Skipping T-SIG/tsig-prints#252: Already tracked
[16:32:14]   Skipping T-SIG/tsig-prints#249: Already tracked
[16:32:14]   Skipping T-SIG/tsig-prints#248: Already tracked
[16:32:14] Checked 20 issues, discovered 0 high-priority ones
[16:32:14] STEP 3: Checking follow-ups
[16:32:39] FOLLOW-UP NEEDED: Vexa-ai/vexa#160 (no response in 3 days)
[16:32:47] FOLLOW-UP NEEDED: mynextproject-portfolio/recipe-explorer-lite-yuewang199511#1 (no response in 3 days)
[16:32:49] FOLLOW-UP NEEDED: Marormur/Website#158 (no response in 3 days)
[16:32:52] FOLLOW-UP NEEDED: Marormur/Website#160 (no response in 3 days)
[16:32:53] FOLLOW-UP NEEDED: PatrickB1905/wealthwise#12 (no response in 3 days)
[16:32:54] FOLLOW-UP NEEDED: GreatJobTommy/DIT-Transfer-Tools#73 (no response in 3 days)
[16:32:58] FOLLOW-UP NEEDED: adenueltech/jobhunter#1 (no response in 3 days)
[16:32:59] FOLLOW-UP NEEDED: windoze95/nullfeed-backend#24 (no response in 3 days)
[16:33:00] FOLLOW-UP NEEDED: PatrickB1905/WealthWise#12 (no response in 3 days)
[16:33:02] FOLLOW-UP NEEDED: finnoybu/aegis-governance#14 (no response in 3 days)
[16:33:03] FOLLOW-UP NEEDED: finnoybu/aegis-governance#13 (no response in 3 days)
[16:33:05] STEP 4: Building action items list
[16:33:05] STEP 5: Updating metrics
[16:33:05] === SUMMARY ===
[16:33:05] Notifications: 81
[16:33:05] Posted: 0
[16:33:05] Consent opportunities: 0
[16:33:05] Stale issues: 0
[16:33:05] Need follow-up: 173
[16:33:05] Merge conflicts: 0
[16:33:05] Total tracked: 104
[16:33:05] Check complete
