=== GitHub SLA Check: Mon Mar  9 06:00:01 AM CST 2026 ===
[06:00:01] STEP 0: Cleaning old data
[06:00:01] Checking tracked issues for closures...
[06:00:12] Cleanup complete
[06:00:12] STEP 1: Processing notifications
[06:00:13] Found 71 notifications
[06:00:34] VATSIM-UK/UK-Sector-File#6064: Already assigned, skipping
[06:00:38] pytorch-tabular/pytorch_tabular#605: Too old (42 days), skipping
[06:00:56] activist-org/activist#1925: Already assigned, skipping
[06:01:14] microsoft/vscode#288770: Already assigned, skipping
[06:01:19] lucasjinreal/Kokoros#61: Too old (380 days), skipping
[06:01:47] STEP 2: Checking my PRs
[06:01:48] STEP 2.5: Proactive discovery - finding new issues
[06:01:48] Searching for good-first-issues...
[06:01:50] Found 20 good-first-issues from search
[06:01:50]   Skipping VATSIM-UK/UK-Sector-File#6069: Already tracked
[06:01:50]   Checking lingdojo/kana-dojo#7665: priority=100, comments=1
[06:01:50] *** DISCOVERED: lingdojo/kana-dojo#7665 (priority: 100, 1 comments) ***
[06:01:50] >>> Posting on discovered issue lingdojo/kana-dojo#7665
[06:01:52] FAILED to post on lingdojo/kana-dojo#7665: GraphQL: User is blocked (addComment)
[06:01:52]   Checking lingdojo/kana-dojo#7664: priority=100, comments=1
[06:01:52] *** DISCOVERED: lingdojo/kana-dojo#7664 (priority: 100, 1 comments) ***
[06:01:52] >>> Posting on discovered issue lingdojo/kana-dojo#7664
[06:01:53] FAILED to post on lingdojo/kana-dojo#7664: GraphQL: User is blocked (addComment)
[06:01:53]   Checking lingdojo/kana-dojo#7663: priority=100, comments=2
[06:01:53] *** DISCOVERED: lingdojo/kana-dojo#7663 (priority: 100, 2 comments) ***
[06:01:53] >>> Posting on discovered issue lingdojo/kana-dojo#7663
[06:01:55] FAILED to post on lingdojo/kana-dojo#7663: GraphQL: User is blocked (addComment)
[06:01:55]   Checking lingdojo/kana-dojo#7662: priority=100, comments=1
[06:01:55] *** DISCOVERED: lingdojo/kana-dojo#7662 (priority: 100, 1 comments) ***
[06:01:55] >>> Posting on discovered issue lingdojo/kana-dojo#7662
[06:01:56] FAILED to post on lingdojo/kana-dojo#7662: GraphQL: User is blocked (addComment)
[06:01:56]   Checking lingdojo/kana-dojo#7661: priority=100, comments=1
[06:01:56] *** DISCOVERED: lingdojo/kana-dojo#7661 (priority: 100, 1 comments) ***
[06:01:56] >>> Posting on discovered issue lingdojo/kana-dojo#7661
[06:01:57] FAILED to post on lingdojo/kana-dojo#7661: GraphQL: User is blocked (addComment)
[06:01:57]   Checking lingdojo/kana-dojo#7660: priority=100, comments=1
[06:01:57] *** DISCOVERED: lingdojo/kana-dojo#7660 (priority: 100, 1 comments) ***
[06:01:58] >>> Posting on discovered issue lingdojo/kana-dojo#7660
[06:01:58] FAILED to post on lingdojo/kana-dojo#7660: GraphQL: User is blocked (addComment)
[06:01:59]   Checking lingdojo/kana-dojo#7659: priority=100, comments=1
[06:01:59] *** DISCOVERED: lingdojo/kana-dojo#7659 (priority: 100, 1 comments) ***
[06:01:59] >>> Posting on discovered issue lingdojo/kana-dojo#7659
[06:02:00] FAILED to post on lingdojo/kana-dojo#7659: GraphQL: User is blocked (addComment)
[06:02:00]   Checking lingdojo/kana-dojo#7658: priority=100, comments=1
[06:02:00] *** DISCOVERED: lingdojo/kana-dojo#7658 (priority: 100, 1 comments) ***
[06:02:00] >>> Posting on discovered issue lingdojo/kana-dojo#7658
[06:02:01] FAILED to post on lingdojo/kana-dojo#7658: GraphQL: User is blocked (addComment)
[06:02:01]   Checking lingdojo/kana-dojo#7657: priority=100, comments=1
[06:02:01] *** DISCOVERED: lingdojo/kana-dojo#7657 (priority: 100, 1 comments) ***
[06:02:01] >>> Posting on discovered issue lingdojo/kana-dojo#7657
[06:02:02] FAILED to post on lingdojo/kana-dojo#7657: GraphQL: User is blocked (addComment)
[06:02:02]   Checking lingdojo/kana-dojo#7656: priority=100, comments=1
[06:02:02] *** DISCOVERED: lingdojo/kana-dojo#7656 (priority: 100, 1 comments) ***
[06:02:02] >>> Posting on discovered issue lingdojo/kana-dojo#7656
[06:02:03] FAILED to post on lingdojo/kana-dojo#7656: GraphQL: User is blocked (addComment)
[06:02:03]   Checking lingdojo/kana-dojo#7654: priority=100, comments=1
[06:02:03] *** DISCOVERED: lingdojo/kana-dojo#7654 (priority: 100, 1 comments) ***
[06:02:04] >>> Posting on discovered issue lingdojo/kana-dojo#7654
[06:02:05] FAILED to post on lingdojo/kana-dojo#7654: GraphQL: User is blocked (addComment)
[06:02:05]   Skipping windoze95/nullfeed-flutter#17: Already tracked
[06:02:05]   Skipping windoze95/nullfeed-backend#29: Already tracked
[06:02:05]   Skipping windoze95/nullfeed-backend#28: Already tracked
[06:02:05]   Checking lingdojo/kana-dojo#7653: priority=100, comments=1
[06:02:05] *** DISCOVERED: lingdojo/kana-dojo#7653 (priority: 100, 1 comments) ***
[06:02:05] >>> Posting on discovered issue lingdojo/kana-dojo#7653
[06:02:07] FAILED to post on lingdojo/kana-dojo#7653: GraphQL: User is blocked (addComment)
[06:02:07]   Checking lingdojo/kana-dojo#7652: priority=100, comments=1
[06:02:07] *** DISCOVERED: lingdojo/kana-dojo#7652 (priority: 100, 1 comments) ***
[06:02:07] >>> Posting on discovered issue lingdojo/kana-dojo#7652
[06:02:08] FAILED to post on lingdojo/kana-dojo#7652: GraphQL: User is blocked (addComment)
[06:02:08]   Checking lingdojo/kana-dojo#7651: priority=100, comments=2
[06:02:08] *** DISCOVERED: lingdojo/kana-dojo#7651 (priority: 100, 2 comments) ***
[06:02:08] >>> Posting on discovered issue lingdojo/kana-dojo#7651
[06:02:09] FAILED to post on lingdojo/kana-dojo#7651: GraphQL: User is blocked (addComment)
[06:02:10]   Checking lingdojo/kana-dojo#7649: priority=100, comments=1
[06:02:10] *** DISCOVERED: lingdojo/kana-dojo#7649 (priority: 100, 1 comments) ***
[06:02:10] >>> Posting on discovered issue lingdojo/kana-dojo#7649
[06:02:10] FAILED to post on lingdojo/kana-dojo#7649: GraphQL: User is blocked (addComment)
[06:02:11]   Checking lingdojo/kana-dojo#7648: priority=100, comments=1
[06:02:11] *** DISCOVERED: lingdojo/kana-dojo#7648 (priority: 100, 1 comments) ***
[06:02:11] >>> Posting on discovered issue lingdojo/kana-dojo#7648
[06:02:12] FAILED to post on lingdojo/kana-dojo#7648: GraphQL: User is blocked (addComment)
[06:02:12] Checked 20 issues, discovered 16 high-priority ones
[06:02:12] STEP 3: Checking follow-ups
[06:02:14] STEP 4: Building action items list
[06:02:14] STEP 5: Updating metrics
[06:02:14] === SUMMARY ===
[06:02:14] Notifications: 71
[06:02:14] Posted: 0
[06:02:14] Consent opportunities: 16
[06:02:14] Stale issues: 0
[06:02:14] Need follow-up: 0
[06:02:14] Merge conflicts: 0
[06:02:14] Total tracked: 62
[06:02:14] Check complete
