=== GitHub SLA Check: Mon Mar  9 09:30:02 PM CST 2026 ===
[21:30:02] STEP 0: Cleaning old data
[21:30:02] Checking tracked issues for closures...
[21:30:12] Cleanup complete
[21:30:12] STEP 1: Processing notifications
[21:30:14] Found 77 notifications
[21:30:46] VATSIM-UK/UK-Sector-File#6064: Already assigned, skipping
[21:30:50] pytorch-tabular/pytorch_tabular#605: Too old (43 days), skipping
[21:31:08] activist-org/activist#1925: Already assigned, skipping
[21:31:25] microsoft/vscode#288770: Already assigned, skipping
[21:31:29] lucasjinreal/Kokoros#61: Too old (381 days), skipping
[21:32:01] STEP 2: Checking my PRs
[21:32:03] STEP 2.5: Proactive discovery - finding new issues
[21:32:03] Searching for good-first-issues...
[21:32:04] Found 20 good-first-issues from search
[21:32:04]   Skipping rysweet/azlin#793: Already tracked
[21:32:04]   Skipping rysweet/amplihack#2981: Already tracked
[21:32:04]   Skipping rysweet/amplihack#2980: Already tracked
[21:32:04]   Skipping rysweet/amplihack#2979: Already tracked
[21:32:04]   Skipping rysweet/amplihack#2977: Already tracked
[21:32:05]   Skipping rysweet/amplihack#2976: Already tracked
[21:32:05]   Skipping brendankowitz/FHIR-Tools-for-Anonymization#80: Already tracked
[21:32:05]   Skipping windoze95/nullfeed-flutter#19: Already tracked
[21:32:05]   Skipping windoze95/nullfeed-backend#33: Already tracked
[21:32:05]   Skipping windoze95/nullfeed-backend#32: Already tracked
[21:32:05]   Skipping avni-j/synthetic-demo-app#12: Already tracked
[21:32:05]   Skipping T-SIG/tsig-prints#252: Already tracked
[21:32:05]   Skipping T-SIG/tsig-prints#249: Already tracked
[21:32:05]   Skipping T-SIG/tsig-prints#248: Already tracked
[21:32:05]   Skipping T-SIG/tsig-prints#247: Already tracked
[21:32:05]   Skipping T-SIG/tsig-prints#245: Already tracked
[21:32:05]   Skipping T-SIG/tsig-prints#244: Already tracked
[21:32:05]   Skipping T-SIG/tsig-prints#243: Already tracked
[21:32:05]   Skipping T-SIG/tsig-prints#242: Already tracked
[21:32:06]   Skipping T-SIG/tsig-prints#241: Already tracked
[21:32:06] Checked 20 issues, discovered 0 high-priority ones
[21:32:06] STEP 3: Checking follow-ups
[21:32:09] STEP 4: Building action items list
[21:32:09] STEP 5: Updating metrics
[21:32:09] === SUMMARY ===
[21:32:09] Notifications: 77
[21:32:09] Posted: 0
[21:32:09] Consent opportunities: 0
[21:32:09] Stale issues: 0
[21:32:09] Need follow-up: 0
[21:32:09] Merge conflicts: 0
[21:32:09] Total tracked: 94
[21:32:09] Check complete
