=== GitHub SLA Check: Sat Mar  7 04:30:01 PM CST 2026 ===
[16:30:01] STEP 0: Cleaning old data
[16:30:01] Checking tracked issues for closures...
[16:30:12] Cleanup complete
[16:30:12] STEP 1: Processing notifications
[16:30:13] Found 71 notifications
[16:30:23] pytorch-tabular/pytorch_tabular#605: Too old (41 days), skipping
[16:30:44] activist-org/activist#1925: Already assigned, skipping
[16:31:03] microsoft/vscode#288770: Already assigned, skipping
[16:31:09] lucasjinreal/Kokoros#61: Too old (379 days), skipping
[16:31:41] STEP 2: Checking my PRs
[16:31:44] STEP 2.5: Proactive discovery - finding new issues
[16:31:44] Searching for good-first-issues...
[16:31:45] Found 20 good-first-issues from search
[16:31:45]   Skipping finnoybu/aegis-governance#14: Already tracked
[16:31:45]   Skipping finnoybu/aegis-governance#13: Already tracked
[16:31:46]   Skipping adenueltech/jobhunter#27: Already tracked
[16:31:46]   Skipping adenueltech/jobhunter#1: Already tracked
[16:31:46]   Skipping GreatJobTommy/DIT-Transfer-Tools#73: Already tracked
[16:31:46]   Skipping GreatJobTommy/DIT-Transfer-Tools#72: Already tracked
[16:31:46]   Skipping PatrickB1905/WealthWise#12: Already tracked
[16:31:46]   Skipping mynextproject-portfolio/recipe-explorer-lite-ildarakhmetov#1: Already tracked
[16:31:46]   Skipping rajmahadev422/Learn-To-PR#7: Already tracked
[16:31:46]   Skipping finnoybu/aegis-governance#12: Already tracked
[16:31:46]   Skipping Vexa-ai/vexa#160: Already tracked
[16:31:46]   Skipping rajmahadev422/Learn-To-PR#3: Already tracked
[16:31:46]   Skipping VATSIM-UK/UK-Sector-File#6064: Already tracked
[16:31:46]   Skipping Vexa-ai/vexa#155: Already tracked
[16:31:46]   Skipping windoze95/nullfeed-flutter#12: Already tracked
[16:31:46]   Skipping windoze95/nullfeed-backend#22: Already tracked
[16:31:46]   Skipping brendankowitz/FHIR-Tools-for-Anonymization#64: Too many comments (6)
[16:31:47]   Skipping brendankowitz/FHIR-Tools-for-Anonymization#63: Too many comments (6)
[16:31:47]   Skipping brendankowitz/FHIR-Tools-for-Anonymization#62: Already tracked
[16:31:47]   Skipping brendankowitz/FHIR-Tools-for-Anonymization#61: Too many comments (7)
[16:31:47] Checked 20 issues, discovered 0 high-priority ones
[16:31:47] STEP 3: Checking follow-ups
[16:31:48] STEP 4: Building action items list
[16:31:48] STEP 5: Updating metrics
[16:31:48] === SUMMARY ===
[16:31:48] Notifications: 71
[16:31:48] Posted: 0
[16:31:48] Consent opportunities: 0
[16:31:48] Stale issues: 0
[16:31:48] Need follow-up: 0
[16:31:48] Merge conflicts: 0
[16:31:48] Total tracked: 44
[16:31:48] Check complete
