=== GitHub SLA Check: Sat Mar  7 06:30:01 AM CST 2026 ===
[06:30:01] STEP 0: Cleaning old data
[06:30:01] Checking tracked issues for closures...
[06:30:15] Cleanup complete
[06:30:15] STEP 1: Processing notifications
[06:30:16] Found 67 notifications
[06:30:21] pytorch-tabular/pytorch_tabular#605: Too old (40 days), skipping
[06:30:48] activist-org/activist#1925: Already assigned, skipping
[06:31:10] microsoft/vscode#288770: Already assigned, skipping
[06:31:16] lucasjinreal/Kokoros#61: Too old (378 days), skipping
[06:31:50] STEP 2: Checking my PRs
[06:31:53] STEP 2.5: Proactive discovery - finding new issues
[06:31:53] Searching for good-first-issues...
[06:31:55] *** DISCOVERED: mynextproject-portfolio/recipe-explorer-lite-ildarakhmetov#1 (priority: 100, 0 comments) ***
[06:31:55] >>> Posting on discovered issue mynextproject-portfolio/recipe-explorer-lite-ildarakhmetov#1
[06:31:56] SUCCESS: Posted on mynextproject-portfolio/recipe-explorer-lite-ildarakhmetov#1
[06:32:03] *** DISCOVERED: Marormur/Website#160 (priority: 100, 1 comments) ***
[06:32:03] >>> Posting on discovered issue Marormur/Website#160
[06:32:04] SUCCESS: Posted on Marormur/Website#160
[06:32:09] STEP 3: Checking follow-ups
[06:32:10] STEP 4: Building action items list
[06:32:10] STEP 5: Updating metrics
[06:32:10] === SUMMARY ===
[06:32:10] Notifications: 67
[06:32:10] Posted: 0
[06:32:10] Consent opportunities: 2
[06:32:10] Stale issues: 0
[06:32:10] Need follow-up: 0
[06:32:10] Merge conflicts: 0
[06:32:10] Total tracked: 35
[06:32:10] Check complete
