=== GitHub SLA Check: Mon Mar  9 05:00:01 PM CST 2026 ===
[17:00:01] STEP 0: Cleaning old data
[17:00:01] Checking tracked issues for closures...
[17:00:12] Cleanup complete
[17:00:12] STEP 1: Processing notifications
[17:00:14] Found 73 notifications
[17:00:37] VATSIM-UK/UK-Sector-File#6064: Already assigned, skipping
[17:00:40] pytorch-tabular/pytorch_tabular#605: Too old (43 days), skipping
[17:00:58] activist-org/activist#1925: Already assigned, skipping
[17:01:15] microsoft/vscode#288770: Already assigned, skipping
[17:01:20] lucasjinreal/Kokoros#61: Too old (381 days), skipping
[17:01:50] STEP 2: Checking my PRs
[17:01:51] STEP 2.5: Proactive discovery - finding new issues
[17:01:51] Searching for good-first-issues...
[17:01:52] Found 20 good-first-issues from search
[17:01:52]   Skipping windoze95/nullfeed-flutter#19: Already tracked
[17:01:52]   Skipping windoze95/nullfeed-backend#33: Already tracked
[17:01:53]   Skipping windoze95/nullfeed-backend#32: Already tracked
[17:01:53]   Skipping avni-j/synthetic-demo-app#12: Already tracked
[17:01:53]   Skipping T-SIG/tsig-prints#252: Already tracked
[17:01:53]   Skipping T-SIG/tsig-prints#249: Already tracked
[17:01:53]   Skipping T-SIG/tsig-prints#248: Already tracked
[17:01:53]   Skipping T-SIG/tsig-prints#247: Already tracked
[17:01:53]   Skipping T-SIG/tsig-prints#245: Already tracked
[17:01:53]   Skipping T-SIG/tsig-prints#244: Already tracked
[17:01:53]   Skipping T-SIG/tsig-prints#243: Already tracked
[17:01:53]   Skipping T-SIG/tsig-prints#242: Already tracked
[17:01:53]   Skipping T-SIG/tsig-prints#241: Already tracked
[17:01:53]   Skipping T-SIG/tsig-prints#240: Already tracked
[17:01:53]   Skipping T-SIG/tsig-prints#239: Already tracked
[17:01:53]   Skipping T-SIG/tsig-prints#238: Already tracked
[17:01:53]   Skipping T-SIG/tsig-prints#237: Already tracked
[17:01:54]   Skipping T-SIG/tsig-prints#236: Already tracked
[17:01:54]   Skipping T-SIG/tsig-prints#234: Already tracked
[17:01:54]   Skipping T-SIG/tsig-prints#231: Already tracked
[17:01:54] Checked 20 issues, discovered 0 high-priority ones
[17:01:54] STEP 3: Checking follow-ups
[17:01:56] STEP 4: Building action items list
[17:01:56] STEP 5: Updating metrics
[17:01:56] === SUMMARY ===
[17:01:56] Notifications: 73
[17:01:56] Posted: 0
[17:01:56] Consent opportunities: 0
[17:01:56] Stale issues: 0
[17:01:56] Need follow-up: 0
[17:01:56] Merge conflicts: 0
[17:01:56] Total tracked: 87
[17:01:56] Check complete
