=== GitHub SLA Check: Mon Mar  9 08:30:01 AM CST 2026 ===
[08:30:01] STEP 0: Cleaning old data
[08:30:01] Checking tracked issues for closures...
[08:30:12] Cleanup complete
[08:30:12] STEP 1: Processing notifications
[08:30:14] Found 71 notifications
[08:30:34] VATSIM-UK/UK-Sector-File#6064: Already assigned, skipping
[08:30:37] pytorch-tabular/pytorch_tabular#605: Too old (42 days), skipping
[08:30:55] activist-org/activist#1925: Already assigned, skipping
[08:31:13] microsoft/vscode#288770: Already assigned, skipping
[08:31:17] lucasjinreal/Kokoros#61: Too old (381 days), skipping
[08:31:46] STEP 2: Checking my PRs
[08:31:48] STEP 2.5: Proactive discovery - finding new issues
[08:31:48] Searching for good-first-issues...
[08:31:50] Found 20 good-first-issues from search
[08:31:50]   Skipping VATSIM-UK/UK-Sector-File#6069: Already tracked
[08:31:50]   Checking lingdojo/kana-dojo#7665: priority=100, comments=1
[08:31:50] *** DISCOVERED: lingdojo/kana-dojo#7665 (priority: 100, 1 comments) ***
[08:31:50] >>> Posting on discovered issue lingdojo/kana-dojo#7665
[08:31:51] FAILED to post on lingdojo/kana-dojo#7665: GraphQL: User is blocked (addComment)
[08:31:52]   Checking lingdojo/kana-dojo#7664: priority=100, comments=1
[08:31:52] *** DISCOVERED: lingdojo/kana-dojo#7664 (priority: 100, 1 comments) ***
[08:31:52] >>> Posting on discovered issue lingdojo/kana-dojo#7664
[08:31:52] FAILED to post on lingdojo/kana-dojo#7664: GraphQL: User is blocked (addComment)
[08:31:53]   Checking lingdojo/kana-dojo#7663: priority=100, comments=2
[08:31:53] *** DISCOVERED: lingdojo/kana-dojo#7663 (priority: 100, 2 comments) ***
[08:31:53] >>> Posting on discovered issue lingdojo/kana-dojo#7663
[08:31:54] FAILED to post on lingdojo/kana-dojo#7663: GraphQL: User is blocked (addComment)
[08:31:54]   Checking lingdojo/kana-dojo#7662: priority=100, comments=1
[08:31:54] *** DISCOVERED: lingdojo/kana-dojo#7662 (priority: 100, 1 comments) ***
[08:31:54] >>> Posting on discovered issue lingdojo/kana-dojo#7662
[08:31:55] FAILED to post on lingdojo/kana-dojo#7662: GraphQL: User is blocked (addComment)
[08:31:55]   Checking lingdojo/kana-dojo#7661: priority=100, comments=1
[08:31:55] *** DISCOVERED: lingdojo/kana-dojo#7661 (priority: 100, 1 comments) ***
[08:31:55] >>> Posting on discovered issue lingdojo/kana-dojo#7661
[08:31:56] FAILED to post on lingdojo/kana-dojo#7661: GraphQL: User is blocked (addComment)
[08:31:56]   Checking lingdojo/kana-dojo#7660: priority=100, comments=1
[08:31:56] *** DISCOVERED: lingdojo/kana-dojo#7660 (priority: 100, 1 comments) ***
[08:31:56] >>> Posting on discovered issue lingdojo/kana-dojo#7660
[08:31:57] FAILED to post on lingdojo/kana-dojo#7660: GraphQL: User is blocked (addComment)
[08:31:58]   Checking lingdojo/kana-dojo#7659: priority=100, comments=1
[08:31:58] *** DISCOVERED: lingdojo/kana-dojo#7659 (priority: 100, 1 comments) ***
[08:31:58] >>> Posting on discovered issue lingdojo/kana-dojo#7659
[08:31:59] FAILED to post on lingdojo/kana-dojo#7659: GraphQL: User is blocked (addComment)
[08:31:59]   Checking lingdojo/kana-dojo#7658: priority=100, comments=1
[08:31:59] *** DISCOVERED: lingdojo/kana-dojo#7658 (priority: 100, 1 comments) ***
[08:31:59] >>> Posting on discovered issue lingdojo/kana-dojo#7658
[08:32:01] FAILED to post on lingdojo/kana-dojo#7658: GraphQL: User is blocked (addComment)
[08:32:01]   Checking lingdojo/kana-dojo#7657: priority=100, comments=1
[08:32:01] *** DISCOVERED: lingdojo/kana-dojo#7657 (priority: 100, 1 comments) ***
[08:32:01] >>> Posting on discovered issue lingdojo/kana-dojo#7657
[08:32:03] FAILED to post on lingdojo/kana-dojo#7657: GraphQL: User is blocked (addComment)
[08:32:03]   Checking lingdojo/kana-dojo#7656: priority=100, comments=1
[08:32:03] *** DISCOVERED: lingdojo/kana-dojo#7656 (priority: 100, 1 comments) ***
[08:32:03] >>> Posting on discovered issue lingdojo/kana-dojo#7656
[08:32:04] FAILED to post on lingdojo/kana-dojo#7656: GraphQL: User is blocked (addComment)
[08:32:04]   Checking lingdojo/kana-dojo#7654: priority=100, comments=1
[08:32:04] *** DISCOVERED: lingdojo/kana-dojo#7654 (priority: 100, 1 comments) ***
[08:32:04] >>> Posting on discovered issue lingdojo/kana-dojo#7654
[08:32:05] FAILED to post on lingdojo/kana-dojo#7654: GraphQL: User is blocked (addComment)
[08:32:06]   Skipping windoze95/nullfeed-flutter#17: Already tracked
[08:32:06]   Skipping windoze95/nullfeed-backend#29: Already tracked
[08:32:06]   Skipping windoze95/nullfeed-backend#28: Already tracked
[08:32:06]   Checking lingdojo/kana-dojo#7653: priority=100, comments=1
[08:32:06] *** DISCOVERED: lingdojo/kana-dojo#7653 (priority: 100, 1 comments) ***
[08:32:06] >>> Posting on discovered issue lingdojo/kana-dojo#7653
[08:32:07] FAILED to post on lingdojo/kana-dojo#7653: GraphQL: User is blocked (addComment)
[08:32:08]   Checking lingdojo/kana-dojo#7652: priority=100, comments=1
[08:32:08] *** DISCOVERED: lingdojo/kana-dojo#7652 (priority: 100, 1 comments) ***
[08:32:08] >>> Posting on discovered issue lingdojo/kana-dojo#7652
[08:32:09] FAILED to post on lingdojo/kana-dojo#7652: GraphQL: User is blocked (addComment)
[08:32:09]   Checking lingdojo/kana-dojo#7651: priority=100, comments=2
[08:32:09] *** DISCOVERED: lingdojo/kana-dojo#7651 (priority: 100, 2 comments) ***
[08:32:09] >>> Posting on discovered issue lingdojo/kana-dojo#7651
[08:32:10] FAILED to post on lingdojo/kana-dojo#7651: GraphQL: User is blocked (addComment)
[08:32:10]   Checking lingdojo/kana-dojo#7649: priority=100, comments=1
[08:32:10] *** DISCOVERED: lingdojo/kana-dojo#7649 (priority: 100, 1 comments) ***
[08:32:10] >>> Posting on discovered issue lingdojo/kana-dojo#7649
[08:32:11] FAILED to post on lingdojo/kana-dojo#7649: GraphQL: User is blocked (addComment)
[08:32:12]   Checking lingdojo/kana-dojo#7648: priority=100, comments=1
[08:32:12] *** DISCOVERED: lingdojo/kana-dojo#7648 (priority: 100, 1 comments) ***
[08:32:12] >>> Posting on discovered issue lingdojo/kana-dojo#7648
[08:32:13] FAILED to post on lingdojo/kana-dojo#7648: GraphQL: User is blocked (addComment)
[08:32:13] Checked 20 issues, discovered 16 high-priority ones
[08:32:13] STEP 3: Checking follow-ups
[08:32:15] STEP 4: Building action items list
[08:32:15] STEP 5: Updating metrics
[08:32:15] === SUMMARY ===
[08:32:15] Notifications: 71
[08:32:15] Posted: 0
[08:32:15] Consent opportunities: 16
[08:32:15] Stale issues: 0
[08:32:15] Need follow-up: 0
[08:32:15] Merge conflicts: 0
[08:32:15] Total tracked: 62
[08:32:15] Check complete
