=== GitHub SLA Check: Sat Mar  7 06:00:01 PM CST 2026 ===
[18:00:01] STEP 0: Cleaning old data
[18:00:01] Checking tracked issues for closures...
[18:00:12] Cleanup complete
[18:00:12] STEP 1: Processing notifications
[18:00:13] Found 71 notifications
[18:00:24] pytorch-tabular/pytorch_tabular#605: Too old (41 days), skipping
[18:00:46] activist-org/activist#1925: Already assigned, skipping
[18:01:04] microsoft/vscode#288770: Already assigned, skipping
[18:01:10] lucasjinreal/Kokoros#61: Too old (379 days), skipping
[18:01:40] STEP 2: Checking my PRs
[18:01:43] STEP 2.5: Proactive discovery - finding new issues
[18:01:43] Searching for good-first-issues...
[18:01:44] Found 20 good-first-issues from search
[18:01:44]   Skipping windoze95/nullfeed-flutter#15: Already tracked
[18:01:44]   Skipping windoze95/nullfeed-flutter#14: Already tracked
[18:01:45]   Skipping windoze95/nullfeed-backend#27: Already tracked
[18:01:45]   Skipping finnoybu/aegis-governance#14: Already tracked
[18:01:45]   Skipping finnoybu/aegis-governance#13: Already tracked
[18:01:45]   Skipping adenueltech/jobhunter#27: Already tracked
[18:01:45]   Skipping adenueltech/jobhunter#1: Already tracked
[18:01:45]   Skipping GreatJobTommy/DIT-Transfer-Tools#73: Already tracked
[18:01:45]   Skipping GreatJobTommy/DIT-Transfer-Tools#72: Already tracked
[18:01:45]   Skipping PatrickB1905/WealthWise#12: Already tracked
[18:01:45]   Skipping mynextproject-portfolio/recipe-explorer-lite-ildarakhmetov#1: Already tracked
[18:01:45]   Skipping rajmahadev422/Learn-To-PR#7: Already tracked
[18:01:45]   Skipping finnoybu/aegis-governance#12: Already tracked
[18:01:45]   Skipping Vexa-ai/vexa#160: Already tracked
[18:01:45]   Skipping rajmahadev422/Learn-To-PR#3: Already tracked
[18:01:45]   Skipping VATSIM-UK/UK-Sector-File#6064: Already tracked
[18:01:45]   Skipping Vexa-ai/vexa#155: Already tracked
[18:01:46]   Skipping windoze95/nullfeed-flutter#12: Already tracked
[18:01:46]   Skipping windoze95/nullfeed-backend#22: Already tracked
[18:01:46]   Skipping brendankowitz/FHIR-Tools-for-Anonymization#64: Too many comments (6)
[18:01:46] Checked 20 issues, discovered 0 high-priority ones
[18:01:46] STEP 3: Checking follow-ups
[18:01:47] STEP 4: Building action items list
[18:01:47] STEP 5: Updating metrics
[18:01:47] === SUMMARY ===
[18:01:47] Notifications: 71
[18:01:47] Posted: 0
[18:01:47] Consent opportunities: 0
[18:01:47] Stale issues: 0
[18:01:47] Need follow-up: 0
[18:01:47] Merge conflicts: 0
[18:01:47] Total tracked: 47
[18:01:47] Check complete
