=== GitHub SLA Check: Tue Mar 10 04:00:01 PM CST 2026 ===
[16:00:01] STEP 0: Cleaning old data
[16:00:01] Checking tracked issues for closures...
[16:00:12] Cleanup complete
[16:00:12] STEP 1: Processing notifications
[16:00:13] Found 81 notifications
[16:00:18] djangonaut-space/wagtail-indymeet#713: Already assigned, skipping
[16:00:19] EndlessPixel/EndlessPixel-Modpack#35: Already assigned, skipping
[16:00:20] VATSIM-UK/UK-Sector-File#6064: Already assigned, skipping
[16:00:54] pytorch-tabular/pytorch_tabular#605: Too old (43 days), skipping
[16:01:12] activist-org/activist#1925: Already assigned, skipping
[16:01:26] microsoft/vscode#288770: Already assigned, skipping
[16:01:31] lucasjinreal/Kokoros#61: Too old (382 days), skipping
[16:02:00] STEP 2: Checking my PRs
[16:02:01] STEP 2.5: Proactive discovery - finding new issues
[16:02:01] Searching for good-first-issues...
[16:02:03] Found 20 good-first-issues from search
[16:02:03]   Skipping 7788ken/linkgate#13: Already tracked
[16:02:03]   Skipping 7788ken/linkgate#7: Already tracked
[16:02:03]   Skipping 7788ken/linkgate#3: Already tracked
[16:02:03]   Skipping djangonaut-space/wagtail-indymeet#713: Already tracked
[16:02:03]   Skipping rajmahadev422/Learn-To-PR#16: Already tracked
[16:02:03]   Skipping EndlessPixel/EndlessPixel-Modpack#35: Too many comments (6)
[16:02:03]   Skipping rysweet/azlin#793: Already tracked
[16:02:03]   Skipping rysweet/amplihack#2981: Already tracked
[16:02:03]   Skipping rysweet/amplihack#2979: Already tracked
[16:02:03]   Skipping rysweet/amplihack#2980: Already tracked
[16:02:04]   Skipping rysweet/amplihack#2977: Already tracked
[16:02:04]   Skipping rysweet/amplihack#2976: Already tracked
[16:02:04]   Skipping brendankowitz/FHIR-Tools-for-Anonymization#80: Already tracked
[16:02:04]   Skipping windoze95/nullfeed-flutter#19: Already tracked
[16:02:04]   Skipping windoze95/nullfeed-backend#33: Already tracked
[16:02:04]   Skipping windoze95/nullfeed-backend#32: Already tracked
[16:02:04]   Skipping avni-j/synthetic-demo-app#12: Already tracked
[16:02:04]   Skipping T-SIG/tsig-prints#252: Already tracked
[16:02:04]   Skipping T-SIG/tsig-prints#249: Already tracked
[16:02:04]   Skipping T-SIG/tsig-prints#248: Already tracked
[16:02:04] Checked 20 issues, discovered 0 high-priority ones
[16:02:04] STEP 3: Checking follow-ups
[16:02:29] FOLLOW-UP NEEDED: Vexa-ai/vexa#160 (no response in 3 days)
[16:02:37] FOLLOW-UP NEEDED: mynextproject-portfolio/recipe-explorer-lite-yuewang199511#1 (no response in 3 days)
[16:02:39] FOLLOW-UP NEEDED: Marormur/Website#158 (no response in 3 days)
[16:02:41] FOLLOW-UP NEEDED: Marormur/Website#160 (no response in 3 days)
[16:02:42] FOLLOW-UP NEEDED: PatrickB1905/wealthwise#12 (no response in 3 days)
[16:02:43] FOLLOW-UP NEEDED: GreatJobTommy/DIT-Transfer-Tools#73 (no response in 3 days)
[16:02:46] FOLLOW-UP NEEDED: adenueltech/jobhunter#1 (no response in 3 days)
[16:02:47] FOLLOW-UP NEEDED: windoze95/nullfeed-backend#24 (no response in 3 days)
[16:02:48] FOLLOW-UP NEEDED: PatrickB1905/WealthWise#12 (no response in 3 days)
[16:02:50] FOLLOW-UP NEEDED: finnoybu/aegis-governance#14 (no response in 3 days)
[16:02:51] FOLLOW-UP NEEDED: finnoybu/aegis-governance#13 (no response in 3 days)
[16:02:53] STEP 4: Building action items list
[16:02:53] STEP 5: Updating metrics
[16:02:53] === SUMMARY ===
[16:02:53] Notifications: 81
[16:02:53] Posted: 0
[16:02:53] Consent opportunities: 0
[16:02:53] Stale issues: 0
[16:02:53] Need follow-up: 162
[16:02:53] Merge conflicts: 0
[16:02:53] Total tracked: 104
[16:02:53] Check complete
