=== GitHub SLA Check: Sun Mar  8 07:30:01 PM CST 2026 ===
[19:30:01] STEP 0: Cleaning old data
[19:30:01] Checking tracked issues for closures...
[19:30:13] Cleanup complete
[19:30:13] STEP 1: Processing notifications
[19:30:14] Found 70 notifications
[19:30:33] VATSIM-UK/UK-Sector-File#6064: Already assigned, skipping
[19:30:37] pytorch-tabular/pytorch_tabular#605: Too old (42 days), skipping
[19:30:55] activist-org/activist#1925: Already assigned, skipping
[19:31:11] microsoft/vscode#288770: Already assigned, skipping
[19:31:16] lucasjinreal/Kokoros#61: Too old (380 days), skipping
[19:31:44] STEP 2: Checking my PRs
[19:31:45] STEP 2.5: Proactive discovery - finding new issues
[19:31:45] Searching for good-first-issues...
[19:31:47] Found 20 good-first-issues from search
[19:31:47]   Checking lingdojo/kana-dojo#7665: priority=100, comments=1
[19:31:47] *** DISCOVERED: lingdojo/kana-dojo#7665 (priority: 100, 1 comments) ***
[19:31:47] >>> Posting on discovered issue lingdojo/kana-dojo#7665
[19:31:48] FAILED to post on lingdojo/kana-dojo#7665: GraphQL: User is blocked (addComment)
[19:31:48]   Checking lingdojo/kana-dojo#7664: priority=100, comments=1
[19:31:48] *** DISCOVERED: lingdojo/kana-dojo#7664 (priority: 100, 1 comments) ***
[19:31:48] >>> Posting on discovered issue lingdojo/kana-dojo#7664
[19:31:49] FAILED to post on lingdojo/kana-dojo#7664: GraphQL: User is blocked (addComment)
[19:31:49]   Checking lingdojo/kana-dojo#7663: priority=100, comments=1
[19:31:49] *** DISCOVERED: lingdojo/kana-dojo#7663 (priority: 100, 1 comments) ***
[19:31:49] >>> Posting on discovered issue lingdojo/kana-dojo#7663
[19:31:51] FAILED to post on lingdojo/kana-dojo#7663: GraphQL: User is blocked (addComment)
[19:31:51]   Checking lingdojo/kana-dojo#7662: priority=100, comments=1
[19:31:51] *** DISCOVERED: lingdojo/kana-dojo#7662 (priority: 100, 1 comments) ***
[19:31:51] >>> Posting on discovered issue lingdojo/kana-dojo#7662
[19:31:52] FAILED to post on lingdojo/kana-dojo#7662: GraphQL: User is blocked (addComment)
[19:31:52]   Checking lingdojo/kana-dojo#7661: priority=100, comments=1
[19:31:52] *** DISCOVERED: lingdojo/kana-dojo#7661 (priority: 100, 1 comments) ***
[19:31:52] >>> Posting on discovered issue lingdojo/kana-dojo#7661
[19:31:53] FAILED to post on lingdojo/kana-dojo#7661: GraphQL: User is blocked (addComment)
[19:31:53]   Checking lingdojo/kana-dojo#7660: priority=100, comments=1
[19:31:53] *** DISCOVERED: lingdojo/kana-dojo#7660 (priority: 100, 1 comments) ***
[19:31:53] >>> Posting on discovered issue lingdojo/kana-dojo#7660
[19:31:54] FAILED to post on lingdojo/kana-dojo#7660: GraphQL: User is blocked (addComment)
[19:31:55]   Checking lingdojo/kana-dojo#7659: priority=100, comments=1
[19:31:55] *** DISCOVERED: lingdojo/kana-dojo#7659 (priority: 100, 1 comments) ***
[19:31:55] >>> Posting on discovered issue lingdojo/kana-dojo#7659
[19:31:56] FAILED to post on lingdojo/kana-dojo#7659: GraphQL: User is blocked (addComment)
[19:31:56]   Checking lingdojo/kana-dojo#7658: priority=100, comments=1
[19:31:56] *** DISCOVERED: lingdojo/kana-dojo#7658 (priority: 100, 1 comments) ***
[19:31:56] >>> Posting on discovered issue lingdojo/kana-dojo#7658
[19:31:57] FAILED to post on lingdojo/kana-dojo#7658: GraphQL: User is blocked (addComment)
[19:31:57]   Checking lingdojo/kana-dojo#7657: priority=100, comments=1
[19:31:57] *** DISCOVERED: lingdojo/kana-dojo#7657 (priority: 100, 1 comments) ***
[19:31:57] >>> Posting on discovered issue lingdojo/kana-dojo#7657
[19:31:58] FAILED to post on lingdojo/kana-dojo#7657: GraphQL: User is blocked (addComment)
[19:31:58]   Checking lingdojo/kana-dojo#7656: priority=100, comments=1
[19:31:58] *** DISCOVERED: lingdojo/kana-dojo#7656 (priority: 100, 1 comments) ***
[19:31:58] >>> Posting on discovered issue lingdojo/kana-dojo#7656
[19:31:59] FAILED to post on lingdojo/kana-dojo#7656: GraphQL: User is blocked (addComment)
[19:31:59]   Checking lingdojo/kana-dojo#7654: priority=100, comments=1
[19:31:59] *** DISCOVERED: lingdojo/kana-dojo#7654 (priority: 100, 1 comments) ***
[19:31:59] >>> Posting on discovered issue lingdojo/kana-dojo#7654
[19:32:00] FAILED to post on lingdojo/kana-dojo#7654: GraphQL: User is blocked (addComment)
[19:32:00]   Skipping windoze95/nullfeed-flutter#17: Already tracked
[19:32:00]   Skipping windoze95/nullfeed-backend#29: Already tracked
[19:32:01]   Skipping windoze95/nullfeed-backend#28: Already tracked
[19:32:01]   Checking lingdojo/kana-dojo#7653: priority=100, comments=1
[19:32:01] *** DISCOVERED: lingdojo/kana-dojo#7653 (priority: 100, 1 comments) ***
[19:32:01] >>> Posting on discovered issue lingdojo/kana-dojo#7653
[19:32:02] FAILED to post on lingdojo/kana-dojo#7653: GraphQL: User is blocked (addComment)
[19:32:02]   Checking lingdojo/kana-dojo#7652: priority=100, comments=1
[19:32:02] *** DISCOVERED: lingdojo/kana-dojo#7652 (priority: 100, 1 comments) ***
[19:32:02] >>> Posting on discovered issue lingdojo/kana-dojo#7652
[19:32:03] FAILED to post on lingdojo/kana-dojo#7652: GraphQL: User is blocked (addComment)
[19:32:04]   Checking lingdojo/kana-dojo#7651: priority=100, comments=2
[19:32:04] *** DISCOVERED: lingdojo/kana-dojo#7651 (priority: 100, 2 comments) ***
[19:32:04] >>> Posting on discovered issue lingdojo/kana-dojo#7651
[19:32:05] FAILED to post on lingdojo/kana-dojo#7651: GraphQL: User is blocked (addComment)
[19:32:05]   Checking lingdojo/kana-dojo#7649: priority=100, comments=1
[19:32:05] *** DISCOVERED: lingdojo/kana-dojo#7649 (priority: 100, 1 comments) ***
[19:32:05] >>> Posting on discovered issue lingdojo/kana-dojo#7649
[19:32:06] FAILED to post on lingdojo/kana-dojo#7649: GraphQL: User is blocked (addComment)
[19:32:07]   Checking lingdojo/kana-dojo#7648: priority=100, comments=1
[19:32:07] *** DISCOVERED: lingdojo/kana-dojo#7648 (priority: 100, 1 comments) ***
[19:32:07] >>> Posting on discovered issue lingdojo/kana-dojo#7648
[19:32:08] FAILED to post on lingdojo/kana-dojo#7648: GraphQL: User is blocked (addComment)
[19:32:08]   Checking lingdojo/kana-dojo#7646: priority=100, comments=1
[19:32:08] *** DISCOVERED: lingdojo/kana-dojo#7646 (priority: 100, 1 comments) ***
[19:32:08] >>> Posting on discovered issue lingdojo/kana-dojo#7646
[19:32:10] FAILED to post on lingdojo/kana-dojo#7646: GraphQL: User is blocked (addComment)
[19:32:10] Checked 20 issues, discovered 17 high-priority ones
[19:32:10] STEP 3: Checking follow-ups
[19:32:11] STEP 4: Building action items list
[19:32:11] STEP 5: Updating metrics
[19:32:11] === SUMMARY ===
[19:32:11] Notifications: 70
[19:32:11] Posted: 0
[19:32:11] Consent opportunities: 17
[19:32:11] Stale issues: 0
[19:32:11] Need follow-up: 0
[19:32:11] Merge conflicts: 0
[19:32:11] Total tracked: 61
[19:32:11] Check complete
