=== GitHub SLA Check: Mon Mar  9 09:30:01 AM CST 2026 ===
[09:30:01] STEP 0: Cleaning old data
[09:30:01] Checking tracked issues for closures...
[09:30:12] Cleanup complete
[09:30:12] STEP 1: Processing notifications
[09:30:13] Found 71 notifications
[09:30:33] VATSIM-UK/UK-Sector-File#6064: Already assigned, skipping
[09:30:37] pytorch-tabular/pytorch_tabular#605: Too old (42 days), skipping
[09:30:53] activist-org/activist#1925: Already assigned, skipping
[09:31:10] microsoft/vscode#288770: Already assigned, skipping
[09:31:14] lucasjinreal/Kokoros#61: Too old (381 days), skipping
[09:31:43] STEP 2: Checking my PRs
[09:31:44] STEP 2.5: Proactive discovery - finding new issues
[09:31:44] Searching for good-first-issues...
[09:31:46] Found 20 good-first-issues from search
[09:31:46]   Skipping VATSIM-UK/UK-Sector-File#6069: Already tracked
[09:31:46]   Checking lingdojo/kana-dojo#7665: priority=100, comments=1
[09:31:46] *** DISCOVERED: lingdojo/kana-dojo#7665 (priority: 100, 1 comments) ***
[09:31:46] >>> Posting on discovered issue lingdojo/kana-dojo#7665
[09:31:47] FAILED to post on lingdojo/kana-dojo#7665: GraphQL: User is blocked (addComment)
[09:31:47]   Checking lingdojo/kana-dojo#7664: priority=100, comments=1
[09:31:47] *** DISCOVERED: lingdojo/kana-dojo#7664 (priority: 100, 1 comments) ***
[09:31:47] >>> Posting on discovered issue lingdojo/kana-dojo#7664
[09:31:48] FAILED to post on lingdojo/kana-dojo#7664: GraphQL: User is blocked (addComment)
[09:31:48]   Checking lingdojo/kana-dojo#7663: priority=100, comments=2
[09:31:48] *** DISCOVERED: lingdojo/kana-dojo#7663 (priority: 100, 2 comments) ***
[09:31:48] >>> Posting on discovered issue lingdojo/kana-dojo#7663
[09:31:49] FAILED to post on lingdojo/kana-dojo#7663: GraphQL: User is blocked (addComment)
[09:31:49]   Checking lingdojo/kana-dojo#7662: priority=100, comments=1
[09:31:49] *** DISCOVERED: lingdojo/kana-dojo#7662 (priority: 100, 1 comments) ***
[09:31:50] >>> Posting on discovered issue lingdojo/kana-dojo#7662
[09:31:50] FAILED to post on lingdojo/kana-dojo#7662: GraphQL: User is blocked (addComment)
[09:31:51]   Checking lingdojo/kana-dojo#7661: priority=100, comments=1
[09:31:51] *** DISCOVERED: lingdojo/kana-dojo#7661 (priority: 100, 1 comments) ***
[09:31:51] >>> Posting on discovered issue lingdojo/kana-dojo#7661
[09:31:52] FAILED to post on lingdojo/kana-dojo#7661: GraphQL: User is blocked (addComment)
[09:31:52]   Checking lingdojo/kana-dojo#7660: priority=100, comments=1
[09:31:52] *** DISCOVERED: lingdojo/kana-dojo#7660 (priority: 100, 1 comments) ***
[09:31:52] >>> Posting on discovered issue lingdojo/kana-dojo#7660
[09:31:53] FAILED to post on lingdojo/kana-dojo#7660: GraphQL: User is blocked (addComment)
[09:31:53]   Checking lingdojo/kana-dojo#7659: priority=100, comments=1
[09:31:53] *** DISCOVERED: lingdojo/kana-dojo#7659 (priority: 100, 1 comments) ***
[09:31:54] >>> Posting on discovered issue lingdojo/kana-dojo#7659
[09:31:54] FAILED to post on lingdojo/kana-dojo#7659: GraphQL: User is blocked (addComment)
[09:31:55]   Checking lingdojo/kana-dojo#7658: priority=100, comments=1
[09:31:55] *** DISCOVERED: lingdojo/kana-dojo#7658 (priority: 100, 1 comments) ***
[09:31:55] >>> Posting on discovered issue lingdojo/kana-dojo#7658
[09:31:56] FAILED to post on lingdojo/kana-dojo#7658: GraphQL: User is blocked (addComment)
[09:31:56]   Checking lingdojo/kana-dojo#7657: priority=100, comments=1
[09:31:56] *** DISCOVERED: lingdojo/kana-dojo#7657 (priority: 100, 1 comments) ***
[09:31:56] >>> Posting on discovered issue lingdojo/kana-dojo#7657
[09:31:57] FAILED to post on lingdojo/kana-dojo#7657: GraphQL: User is blocked (addComment)
[09:31:57]   Checking lingdojo/kana-dojo#7656: priority=100, comments=1
[09:31:57] *** DISCOVERED: lingdojo/kana-dojo#7656 (priority: 100, 1 comments) ***
[09:31:57] >>> Posting on discovered issue lingdojo/kana-dojo#7656
[09:31:59] FAILED to post on lingdojo/kana-dojo#7656: GraphQL: User is blocked (addComment)
[09:31:59]   Checking lingdojo/kana-dojo#7654: priority=100, comments=1
[09:31:59] *** DISCOVERED: lingdojo/kana-dojo#7654 (priority: 100, 1 comments) ***
[09:31:59] >>> Posting on discovered issue lingdojo/kana-dojo#7654
[09:32:00] FAILED to post on lingdojo/kana-dojo#7654: GraphQL: User is blocked (addComment)
[09:32:00]   Skipping windoze95/nullfeed-flutter#17: Already tracked
[09:32:00]   Skipping windoze95/nullfeed-backend#29: Already tracked
[09:32:00]   Skipping windoze95/nullfeed-backend#28: Already tracked
[09:32:01]   Checking lingdojo/kana-dojo#7653: priority=100, comments=1
[09:32:01] *** DISCOVERED: lingdojo/kana-dojo#7653 (priority: 100, 1 comments) ***
[09:32:01] >>> Posting on discovered issue lingdojo/kana-dojo#7653
[09:32:02] FAILED to post on lingdojo/kana-dojo#7653: GraphQL: User is blocked (addComment)
[09:32:02]   Checking lingdojo/kana-dojo#7652: priority=100, comments=1
[09:32:02] *** DISCOVERED: lingdojo/kana-dojo#7652 (priority: 100, 1 comments) ***
[09:32:02] >>> Posting on discovered issue lingdojo/kana-dojo#7652
[09:32:03] FAILED to post on lingdojo/kana-dojo#7652: GraphQL: User is blocked (addComment)
[09:32:03]   Checking lingdojo/kana-dojo#7651: priority=100, comments=2
[09:32:03] *** DISCOVERED: lingdojo/kana-dojo#7651 (priority: 100, 2 comments) ***
[09:32:03] >>> Posting on discovered issue lingdojo/kana-dojo#7651
[09:32:05] FAILED to post on lingdojo/kana-dojo#7651: GraphQL: User is blocked (addComment)
[09:32:05]   Checking lingdojo/kana-dojo#7649: priority=100, comments=1
[09:32:05] *** DISCOVERED: lingdojo/kana-dojo#7649 (priority: 100, 1 comments) ***
[09:32:05] >>> Posting on discovered issue lingdojo/kana-dojo#7649
[09:32:06] FAILED to post on lingdojo/kana-dojo#7649: GraphQL: User is blocked (addComment)
[09:32:06]   Checking lingdojo/kana-dojo#7648: priority=100, comments=1
[09:32:06] *** DISCOVERED: lingdojo/kana-dojo#7648 (priority: 100, 1 comments) ***
[09:32:06] >>> Posting on discovered issue lingdojo/kana-dojo#7648
[09:32:07] FAILED to post on lingdojo/kana-dojo#7648: GraphQL: User is blocked (addComment)
[09:32:07] Checked 20 issues, discovered 16 high-priority ones
[09:32:07] STEP 3: Checking follow-ups
[09:32:09] STEP 4: Building action items list
[09:32:09] STEP 5: Updating metrics
[09:32:09] === SUMMARY ===
[09:32:09] Notifications: 71
[09:32:09] Posted: 0
[09:32:09] Consent opportunities: 16
[09:32:09] Stale issues: 0
[09:32:09] Need follow-up: 0
[09:32:09] Merge conflicts: 0
[09:32:09] Total tracked: 62
[09:32:09] Check complete
