=== GitHub SLA Check: Mon Mar  9 02:30:01 AM CST 2026 ===
[02:30:01] STEP 0: Cleaning old data
[02:30:01] Checking tracked issues for closures...
[02:30:11] Cleanup complete
[02:30:12] STEP 1: Processing notifications
[02:30:12] Found 70 notifications
[02:30:31] VATSIM-UK/UK-Sector-File#6064: Already assigned, skipping
[02:30:34] pytorch-tabular/pytorch_tabular#605: Too old (42 days), skipping
[02:30:52] activist-org/activist#1925: Already assigned, skipping
[02:31:10] microsoft/vscode#288770: Already assigned, skipping
[02:31:15] lucasjinreal/Kokoros#61: Too old (380 days), skipping
[02:31:45] STEP 2: Checking my PRs
[02:31:46] STEP 2.5: Proactive discovery - finding new issues
[02:31:46] Searching for good-first-issues...
[02:31:47] Found 20 good-first-issues from search
[02:31:48]   Skipping VATSIM-UK/UK-Sector-File#6069: Already tracked
[02:31:48]   Checking lingdojo/kana-dojo#7665: priority=100, comments=1
[02:31:48] *** DISCOVERED: lingdojo/kana-dojo#7665 (priority: 100, 1 comments) ***
[02:31:48] >>> Posting on discovered issue lingdojo/kana-dojo#7665
[02:31:50] FAILED to post on lingdojo/kana-dojo#7665: GraphQL: User is blocked (addComment)
[02:31:50]   Checking lingdojo/kana-dojo#7664: priority=100, comments=1
[02:31:50] *** DISCOVERED: lingdojo/kana-dojo#7664 (priority: 100, 1 comments) ***
[02:31:50] >>> Posting on discovered issue lingdojo/kana-dojo#7664
[02:31:51] FAILED to post on lingdojo/kana-dojo#7664: GraphQL: User is blocked (addComment)
[02:31:51]   Checking lingdojo/kana-dojo#7663: priority=100, comments=2
[02:31:51] *** DISCOVERED: lingdojo/kana-dojo#7663 (priority: 100, 2 comments) ***
[02:31:51] >>> Posting on discovered issue lingdojo/kana-dojo#7663
[02:31:53] FAILED to post on lingdojo/kana-dojo#7663: GraphQL: User is blocked (addComment)
[02:31:53]   Checking lingdojo/kana-dojo#7662: priority=100, comments=1
[02:31:53] *** DISCOVERED: lingdojo/kana-dojo#7662 (priority: 100, 1 comments) ***
[02:31:53] >>> Posting on discovered issue lingdojo/kana-dojo#7662
[02:31:54] FAILED to post on lingdojo/kana-dojo#7662: GraphQL: User is blocked (addComment)
[02:31:54]   Checking lingdojo/kana-dojo#7661: priority=100, comments=1
[02:31:54] *** DISCOVERED: lingdojo/kana-dojo#7661 (priority: 100, 1 comments) ***
[02:31:54] >>> Posting on discovered issue lingdojo/kana-dojo#7661
[02:31:55] FAILED to post on lingdojo/kana-dojo#7661: GraphQL: User is blocked (addComment)
[02:31:55]   Checking lingdojo/kana-dojo#7660: priority=100, comments=1
[02:31:55] *** DISCOVERED: lingdojo/kana-dojo#7660 (priority: 100, 1 comments) ***
[02:31:55] >>> Posting on discovered issue lingdojo/kana-dojo#7660
[02:31:56] FAILED to post on lingdojo/kana-dojo#7660: GraphQL: User is blocked (addComment)
[02:31:57]   Checking lingdojo/kana-dojo#7659: priority=100, comments=1
[02:31:57] *** DISCOVERED: lingdojo/kana-dojo#7659 (priority: 100, 1 comments) ***
[02:31:57] >>> Posting on discovered issue lingdojo/kana-dojo#7659
[02:31:57] FAILED to post on lingdojo/kana-dojo#7659: GraphQL: User is blocked (addComment)
[02:31:58]   Checking lingdojo/kana-dojo#7658: priority=100, comments=1
[02:31:58] *** DISCOVERED: lingdojo/kana-dojo#7658 (priority: 100, 1 comments) ***
[02:31:58] >>> Posting on discovered issue lingdojo/kana-dojo#7658
[02:31:59] FAILED to post on lingdojo/kana-dojo#7658: GraphQL: User is blocked (addComment)
[02:31:59]   Checking lingdojo/kana-dojo#7657: priority=100, comments=1
[02:31:59] *** DISCOVERED: lingdojo/kana-dojo#7657 (priority: 100, 1 comments) ***
[02:31:59] >>> Posting on discovered issue lingdojo/kana-dojo#7657
[02:32:00] FAILED to post on lingdojo/kana-dojo#7657: GraphQL: User is blocked (addComment)
[02:32:00]   Checking lingdojo/kana-dojo#7656: priority=100, comments=1
[02:32:00] *** DISCOVERED: lingdojo/kana-dojo#7656 (priority: 100, 1 comments) ***
[02:32:00] >>> Posting on discovered issue lingdojo/kana-dojo#7656
[02:32:01] FAILED to post on lingdojo/kana-dojo#7656: GraphQL: User is blocked (addComment)
[02:32:01]   Checking lingdojo/kana-dojo#7654: priority=100, comments=1
[02:32:01] *** DISCOVERED: lingdojo/kana-dojo#7654 (priority: 100, 1 comments) ***
[02:32:01] >>> Posting on discovered issue lingdojo/kana-dojo#7654
[02:32:02] FAILED to post on lingdojo/kana-dojo#7654: GraphQL: User is blocked (addComment)
[02:32:02]   Skipping windoze95/nullfeed-flutter#17: Already tracked
[02:32:02]   Skipping windoze95/nullfeed-backend#29: Already tracked
[02:32:02]   Skipping windoze95/nullfeed-backend#28: Already tracked
[02:32:03]   Checking lingdojo/kana-dojo#7653: priority=100, comments=1
[02:32:03] *** DISCOVERED: lingdojo/kana-dojo#7653 (priority: 100, 1 comments) ***
[02:32:03] >>> Posting on discovered issue lingdojo/kana-dojo#7653
[02:32:04] FAILED to post on lingdojo/kana-dojo#7653: GraphQL: User is blocked (addComment)
[02:32:04]   Checking lingdojo/kana-dojo#7652: priority=100, comments=1
[02:32:04] *** DISCOVERED: lingdojo/kana-dojo#7652 (priority: 100, 1 comments) ***
[02:32:04] >>> Posting on discovered issue lingdojo/kana-dojo#7652
[02:32:05] FAILED to post on lingdojo/kana-dojo#7652: GraphQL: User is blocked (addComment)
[02:32:06]   Checking lingdojo/kana-dojo#7651: priority=100, comments=2
[02:32:06] *** DISCOVERED: lingdojo/kana-dojo#7651 (priority: 100, 2 comments) ***
[02:32:06] >>> Posting on discovered issue lingdojo/kana-dojo#7651
[02:32:07] FAILED to post on lingdojo/kana-dojo#7651: GraphQL: User is blocked (addComment)
[02:32:07]   Checking lingdojo/kana-dojo#7649: priority=100, comments=1
[02:32:07] *** DISCOVERED: lingdojo/kana-dojo#7649 (priority: 100, 1 comments) ***
[02:32:07] >>> Posting on discovered issue lingdojo/kana-dojo#7649
[02:32:08] FAILED to post on lingdojo/kana-dojo#7649: GraphQL: User is blocked (addComment)
[02:32:08]   Checking lingdojo/kana-dojo#7648: priority=100, comments=1
[02:32:08] *** DISCOVERED: lingdojo/kana-dojo#7648 (priority: 100, 1 comments) ***
[02:32:08] >>> Posting on discovered issue lingdojo/kana-dojo#7648
[02:32:09] FAILED to post on lingdojo/kana-dojo#7648: GraphQL: User is blocked (addComment)
[02:32:09] Checked 20 issues, discovered 16 high-priority ones
[02:32:09] STEP 3: Checking follow-ups
[02:32:11] STEP 4: Building action items list
[02:32:11] STEP 5: Updating metrics
[02:32:11] === SUMMARY ===
[02:32:11] Notifications: 70
[02:32:11] Posted: 0
[02:32:11] Consent opportunities: 16
[02:32:11] Stale issues: 0
[02:32:11] Need follow-up: 0
[02:32:11] Merge conflicts: 0
[02:32:11] Total tracked: 62
[02:32:11] Check complete
