=== GitHub SLA Check: Mon Mar  9 03:30:01 PM CST 2026 ===
[15:30:01] STEP 0: Cleaning old data
[15:30:01] Checking tracked issues for closures...
[15:30:12] Cleanup complete
[15:30:12] STEP 1: Processing notifications
[15:30:13] Found 72 notifications
[15:30:33] VATSIM-UK/UK-Sector-File#6064: Already assigned, skipping
[15:30:37] pytorch-tabular/pytorch_tabular#605: Too old (42 days), skipping
[15:30:55] activist-org/activist#1925: Already assigned, skipping
[15:31:11] microsoft/vscode#288770: Already assigned, skipping
[15:31:15] lucasjinreal/Kokoros#61: Too old (381 days), skipping
[15:31:44] STEP 2: Checking my PRs
[15:31:45] STEP 2.5: Proactive discovery - finding new issues
[15:31:45] Searching for good-first-issues...
[15:31:46] Found 20 good-first-issues from search
[15:31:46]   Skipping avni-j/synthetic-demo-app#12: Already tracked
[15:31:46]   Skipping T-SIG/tsig-prints#252: Already tracked
[15:31:46]   Skipping T-SIG/tsig-prints#249: Already tracked
[15:31:47]   Skipping T-SIG/tsig-prints#248: Already tracked
[15:31:47]   Skipping T-SIG/tsig-prints#247: Already tracked
[15:31:47]   Skipping T-SIG/tsig-prints#245: Already tracked
[15:31:47]   Skipping T-SIG/tsig-prints#244: Already tracked
[15:31:47]   Skipping T-SIG/tsig-prints#243: Already tracked
[15:31:47]   Skipping T-SIG/tsig-prints#242: Already tracked
[15:31:47]   Skipping T-SIG/tsig-prints#241: Already tracked
[15:31:47]   Skipping T-SIG/tsig-prints#240: Already tracked
[15:31:47]   Skipping T-SIG/tsig-prints#239: Already tracked
[15:31:47]   Skipping T-SIG/tsig-prints#238: Already tracked
[15:31:47]   Skipping T-SIG/tsig-prints#237: Already tracked
[15:31:47]   Skipping T-SIG/tsig-prints#236: Already tracked
[15:31:47]   Skipping T-SIG/tsig-prints#234: Already tracked
[15:31:47]   Skipping T-SIG/tsig-prints#231: Already tracked
[15:31:47]   Skipping T-SIG/tsig-prints#230: Already tracked
[15:31:48]   Skipping T-SIG/tsig-prints#229: Already tracked
[15:31:48]   Skipping T-SIG/tsig-prints#227: Already tracked
[15:31:48] Checked 20 issues, discovered 0 high-priority ones
[15:31:48] STEP 3: Checking follow-ups
[15:31:50] STEP 4: Building action items list
[15:31:50] STEP 5: Updating metrics
[15:31:50] === SUMMARY ===
[15:31:50] Notifications: 72
[15:31:50] Posted: 0
[15:31:50] Consent opportunities: 0
[15:31:50] Stale issues: 0
[15:31:50] Need follow-up: 0
[15:31:50] Merge conflicts: 0
[15:31:50] Total tracked: 84
[15:31:50] Check complete
