=== GitHub SLA Check: Tue Mar 10 08:30:01 AM CST 2026 ===
[08:30:01] STEP 0: Cleaning old data
[08:30:01] Checking tracked issues for closures...
[08:30:12] Cleanup complete
[08:30:12] STEP 1: Processing notifications
[08:30:13] Found 79 notifications
[08:30:14] djangonaut-space/wagtail-indymeet#713: Already assigned, skipping
[08:30:16] EndlessPixel/EndlessPixel-Modpack#35: Already assigned, skipping
[08:30:17] VATSIM-UK/UK-Sector-File#6064: Already assigned, skipping
[08:30:51] pytorch-tabular/pytorch_tabular#605: Too old (43 days), skipping
[08:31:10] activist-org/activist#1925: Already assigned, skipping
[08:31:27] microsoft/vscode#288770: Already assigned, skipping
[08:31:31] lucasjinreal/Kokoros#61: Too old (382 days), skipping
[08:32:02] STEP 2: Checking my PRs
[08:32:03] STEP 2.5: Proactive discovery - finding new issues
[08:32:03] Searching for good-first-issues...
[08:32:05] Found 20 good-first-issues from search
[08:32:05]   Skipping djangonaut-space/wagtail-indymeet#713: Already tracked
[08:32:05]   Skipping rajmahadev422/Learn-To-PR#16: Already tracked
[08:32:05]   Skipping EndlessPixel/EndlessPixel-Modpack#35: Too many comments (6)
[08:32:05]   Skipping rysweet/azlin#793: Already tracked
[08:32:05]   Skipping rysweet/amplihack#2981: Already tracked
[08:32:05]   Skipping rysweet/amplihack#2980: Already tracked
[08:32:05]   Skipping rysweet/amplihack#2979: Already tracked
[08:32:05]   Skipping rysweet/amplihack#2977: Already tracked
[08:32:05]   Skipping rysweet/amplihack#2976: Already tracked
[08:32:05]   Skipping brendankowitz/FHIR-Tools-for-Anonymization#80: Already tracked
[08:32:05]   Skipping windoze95/nullfeed-flutter#19: Already tracked
[08:32:06]   Skipping windoze95/nullfeed-backend#33: Already tracked
[08:32:06]   Skipping windoze95/nullfeed-backend#32: Already tracked
[08:32:06]   Skipping avni-j/synthetic-demo-app#12: Already tracked
[08:32:06]   Skipping T-SIG/tsig-prints#252: Already tracked
[08:32:06]   Skipping T-SIG/tsig-prints#249: Already tracked
[08:32:06]   Skipping T-SIG/tsig-prints#248: Already tracked
[08:32:06]   Skipping T-SIG/tsig-prints#247: Already tracked
[08:32:06]   Skipping T-SIG/tsig-prints#245: Already tracked
[08:32:06]   Skipping T-SIG/tsig-prints#244: Already tracked
[08:32:06] Checked 20 issues, discovered 0 high-priority ones
[08:32:06] STEP 3: Checking follow-ups
[08:32:31] FOLLOW-UP NEEDED: Vexa-ai/vexa#160 (no response in 3 days)
[08:32:40] FOLLOW-UP NEEDED: mynextproject-portfolio/recipe-explorer-lite-yuewang199511#1 (no response in 3 days)
[08:32:42] FOLLOW-UP NEEDED: Marormur/Website#158 (no response in 3 days)
[08:32:44] FOLLOW-UP NEEDED: Marormur/Website#160 (no response in 3 days)
[08:32:46] FOLLOW-UP NEEDED: PatrickB1905/wealthwise#12 (no response in 3 days)
[08:32:47] FOLLOW-UP NEEDED: GreatJobTommy/DIT-Transfer-Tools#73 (no response in 3 days)
[08:32:50] STEP 4: Building action items list
[08:32:50] STEP 5: Updating metrics
[08:32:50] === SUMMARY ===
[08:32:50] Notifications: 79
[08:32:50] Posted: 0
[08:32:50] Consent opportunities: 0
[08:32:50] Stale issues: 0
[08:32:50] Need follow-up: 27
[08:32:50] Merge conflicts: 0
[08:32:50] Total tracked: 101
[08:32:50] Check complete
