=== GitHub SLA Check: Sat Mar  7 04:00:01 AM CST 2026 ===
[04:00:01] STEP 0: Cleaning old data
[04:00:01] Checking tracked issues for closures...
[04:00:12] Cleanup complete
[04:00:12] STEP 1: Processing notifications
[04:00:14] Found 63 notifications
[04:00:41] activist-org/activist#1925: Already assigned, skipping
[04:01:03] microsoft/vscode#288770: Already assigned, skipping
[04:01:08] lucasjinreal/Kokoros#61: Too old (378 days), skipping
[04:01:43] STEP 2: Checking my PRs
[04:01:46] STEP 3: Checking follow-ups
[04:01:47] STEP 4: Building action items list
[04:01:47] STEP 5: Updating metrics
[04:01:47] === SUMMARY ===
[04:01:47] Notifications: 63
[04:01:47] Posted: 0
[04:01:47] Consent opportunities: 0
[04:01:47] Stale issues: 0
[04:01:47] Need follow-up: 0
[04:01:47] Merge conflicts: 0
[04:01:47] Total tracked: 21
[04:01:47] Check complete
