=== GitHub SLA Check: Tue Mar 10 11:00:01 PM CST 2026 ===
[23:00:01] STEP 0: Cleaning old data
[23:00:01] Checking tracked issues for closures...
[23:00:14] Cleanup complete
[23:00:14] STEP 1: Processing notifications
[23:00:15] Found 82 notifications
[23:00:17] PretendoNetwork/juxtaposition#411: Already assigned, skipping
[23:00:18] EndlessPixel/EndlessPixel-Modpack#35: Already assigned, skipping
[23:00:24] djangonaut-space/wagtail-indymeet#713: Already assigned, skipping
[23:00:25] VATSIM-UK/UK-Sector-File#6064: Already assigned, skipping
[23:01:01] pytorch-tabular/pytorch_tabular#605: Too old (44 days), skipping
[23:01:20] activist-org/activist#1925: Already assigned, skipping
[23:01:34] Network/server error (attempt 1/3), retrying...
[23:01:40] microsoft/vscode#288770: Already assigned, skipping
[23:01:45] lucasjinreal/Kokoros#61: Too old (382 days), skipping
[23:02:20] STEP 2: Checking my PRs
[23:02:21] STEP 2.5: Proactive discovery - finding new issues
[23:02:21] Searching for good-first-issues...
[23:02:24] Found 50 good-first-issues from search
[23:02:24]   Skipping 7788ken/linkgate#13: Already tracked
[23:02:24]   Skipping 7788ken/linkgate#7: Already tracked
[23:02:24]   Skipping 7788ken/linkgate#3: Already tracked
[23:02:24]   Skipping djangonaut-space/wagtail-indymeet#713: Already tracked
[23:02:24]   Skipping rajmahadev422/Learn-To-PR#16: Already tracked
[23:02:24]   Skipping EndlessPixel/EndlessPixel-Modpack#35: Too many comments (8)
[23:02:24]   Skipping rysweet/azlin#793: Already tracked
[23:02:24]   Skipping rysweet/amplihack#2981: Already tracked
[23:02:24]   Skipping rysweet/amplihack#2979: Already tracked
[23:02:24]   Skipping rysweet/amplihack#2980: Already tracked
[23:02:25]   Skipping rysweet/amplihack#2977: Already tracked
[23:02:25]   Skipping rysweet/amplihack#2976: Already tracked
[23:02:25]   Skipping brendankowitz/FHIR-Tools-for-Anonymization#80: Already tracked
[23:02:25]   Skipping windoze95/nullfeed-flutter#19: Already tracked
[23:02:25]   Skipping windoze95/nullfeed-backend#33: Already tracked
[23:02:25]   Skipping windoze95/nullfeed-backend#32: Already tracked
[23:02:25]   Skipping avni-j/synthetic-demo-app#12: Already tracked
[23:02:25]   Skipping T-SIG/tsig-prints#252: Already tracked
[23:02:25]   Skipping T-SIG/tsig-prints#249: Already tracked
[23:02:25]   Skipping T-SIG/tsig-prints#248: Already tracked
[23:02:25]   Skipping T-SIG/tsig-prints#247: Already tracked
[23:02:25]   Skipping T-SIG/tsig-prints#245: Already tracked
[23:02:25]   Skipping T-SIG/tsig-prints#244: Already tracked
[23:02:25]   Skipping T-SIG/tsig-prints#243: Already tracked
[23:02:26]   Skipping T-SIG/tsig-prints#242: Already tracked
[23:02:26]   Skipping T-SIG/tsig-prints#241: Already tracked
[23:02:26]   Skipping T-SIG/tsig-prints#240: Already tracked
[23:02:26]   Skipping T-SIG/tsig-prints#239: Already tracked
[23:02:26]   Skipping T-SIG/tsig-prints#238: Already tracked
[23:02:26]   Skipping T-SIG/tsig-prints#237: Already tracked
[23:02:26]   Skipping T-SIG/tsig-prints#236: Already tracked
[23:02:26]   Skipping T-SIG/tsig-prints#234: Already tracked
[23:02:26]   Skipping T-SIG/tsig-prints#231: Already tracked
[23:02:26]   Skipping T-SIG/tsig-prints#230: Already tracked
[23:02:26]   Skipping T-SIG/tsig-prints#229: Already tracked
[23:02:26]   Skipping T-SIG/tsig-prints#227: Already tracked
[23:02:26]   Skipping T-SIG/tsig-prints#226: Already tracked
[23:02:26]   Skipping T-SIG/tsig-prints#225: Already tracked
[23:02:27]   Skipping T-SIG/tsig-prints#224: Already tracked
[23:02:27]   Skipping visouha/openclaw-test-repo#2: Already tracked
[23:02:27]   Skipping VATSIM-UK/UK-Sector-File#6069: Already tracked
[23:02:27]   Checking lingdojo/kana-dojo#7665: priority=100, comments=1
[23:02:27] *** DISCOVERED: lingdojo/kana-dojo#7665 (priority: 100, 1 comments) ***
[23:02:27] >>> Posting on discovered issue lingdojo/kana-dojo#7665
[23:02:28] FAILED to post on lingdojo/kana-dojo#7665: GraphQL: User is blocked (addComment)
[23:02:28]   Checking lingdojo/kana-dojo#7664: priority=100, comments=1
[23:02:28] *** DISCOVERED: lingdojo/kana-dojo#7664 (priority: 100, 1 comments) ***
[23:02:28] >>> Posting on discovered issue lingdojo/kana-dojo#7664
[23:02:30] FAILED to post on lingdojo/kana-dojo#7664: GraphQL: User is blocked (addComment)
[23:02:30]   Checking lingdojo/kana-dojo#7663: priority=100, comments=2
[23:02:30] *** DISCOVERED: lingdojo/kana-dojo#7663 (priority: 100, 2 comments) ***
[23:02:30] >>> Posting on discovered issue lingdojo/kana-dojo#7663
[23:02:32] FAILED to post on lingdojo/kana-dojo#7663: GraphQL: User is blocked (addComment)
[23:02:32]   Checking lingdojo/kana-dojo#7662: priority=100, comments=1
[23:02:32] *** DISCOVERED: lingdojo/kana-dojo#7662 (priority: 100, 1 comments) ***
[23:02:32] >>> Posting on discovered issue lingdojo/kana-dojo#7662
[23:02:33] FAILED to post on lingdojo/kana-dojo#7662: GraphQL: User is blocked (addComment)
[23:02:34]   Checking lingdojo/kana-dojo#7661: priority=100, comments=1
[23:02:34] *** DISCOVERED: lingdojo/kana-dojo#7661 (priority: 100, 1 comments) ***
[23:02:34] >>> Posting on discovered issue lingdojo/kana-dojo#7661
[23:02:35] FAILED to post on lingdojo/kana-dojo#7661: GraphQL: User is blocked (addComment)
[23:02:35]   Checking lingdojo/kana-dojo#7660: priority=100, comments=1
[23:02:35] *** DISCOVERED: lingdojo/kana-dojo#7660 (priority: 100, 1 comments) ***
[23:02:35] >>> Posting on discovered issue lingdojo/kana-dojo#7660
[23:02:37] FAILED to post on lingdojo/kana-dojo#7660: GraphQL: User is blocked (addComment)
[23:02:37]   Checking lingdojo/kana-dojo#7659: priority=100, comments=1
[23:02:37] *** DISCOVERED: lingdojo/kana-dojo#7659 (priority: 100, 1 comments) ***
[23:02:37] >>> Posting on discovered issue lingdojo/kana-dojo#7659
[23:02:38] FAILED to post on lingdojo/kana-dojo#7659: GraphQL: User is blocked (addComment)
[23:02:38]   Checking lingdojo/kana-dojo#7658: priority=100, comments=1
[23:02:38] *** DISCOVERED: lingdojo/kana-dojo#7658 (priority: 100, 1 comments) ***
[23:02:38] >>> Posting on discovered issue lingdojo/kana-dojo#7658
[23:02:39] FAILED to post on lingdojo/kana-dojo#7658: GraphQL: User is blocked (addComment)
[23:02:40]   Checking lingdojo/kana-dojo#7657: priority=100, comments=1
[23:02:40] *** DISCOVERED: lingdojo/kana-dojo#7657 (priority: 100, 1 comments) ***
[23:02:40] >>> Posting on discovered issue lingdojo/kana-dojo#7657
[23:02:41] FAILED to post on lingdojo/kana-dojo#7657: GraphQL: User is blocked (addComment)
[23:02:41] Checked 50 issues, discovered 9 high-priority ones
[23:02:41] STEP 3: Checking follow-ups
[23:03:09] FOLLOW-UP NEEDED: Vexa-ai/vexa#160 (no response in 3 days)
[23:03:18] FOLLOW-UP NEEDED: mynextproject-portfolio/recipe-explorer-lite-yuewang199511#1 (no response in 3 days)
[23:03:20] FOLLOW-UP NEEDED: Marormur/Website#158 (no response in 3 days)
[23:03:22] FOLLOW-UP NEEDED: Marormur/Website#160 (no response in 3 days)
[23:03:24] FOLLOW-UP NEEDED: PatrickB1905/wealthwise#12 (no response in 3 days)
[23:03:25] FOLLOW-UP NEEDED: GreatJobTommy/DIT-Transfer-Tools#73 (no response in 3 days)
[23:03:28] FOLLOW-UP NEEDED: adenueltech/jobhunter#1 (no response in 3 days)
[23:03:30] FOLLOW-UP NEEDED: windoze95/nullfeed-backend#24 (no response in 3 days)
[23:03:31] FOLLOW-UP NEEDED: PatrickB1905/WealthWise#12 (no response in 3 days)
[23:03:33] FOLLOW-UP NEEDED: finnoybu/aegis-governance#14 (no response in 3 days)
[23:03:34] FOLLOW-UP NEEDED: finnoybu/aegis-governance#13 (no response in 3 days)
[23:03:36] FOLLOW-UP NEEDED: windoze95/nullfeed-flutter#15 (no response in 3 days)
[23:03:37] FOLLOW-UP NEEDED: windoze95/nullfeed-flutter#14 (no response in 3 days)
[23:03:38] FOLLOW-UP NEEDED: windoze95/nullfeed-backend#27 (no response in 3 days)
[23:03:41] STEP 4: Building action items list
[23:03:41] STEP 5: Updating metrics
[23:03:41] === SUMMARY ===
[23:03:41] Notifications: 82
[23:03:41] Posted: 0
[23:03:41] Consent opportunities: 9
[23:03:41] Stale issues: 0
[23:03:41] Need follow-up: 352
[23:03:41] Merge conflicts: 0
[23:03:41] Total tracked: 109
[23:03:41] Check complete
