=== GitHub SLA Check: Tue Mar 10 06:00:01 AM CST 2026 ===
[06:00:01] STEP 0: Cleaning old data
[06:00:01] Checking tracked issues for closures...
[06:00:14] Cleanup complete
[06:00:14] STEP 1: Processing notifications
[06:00:16] Found 79 notifications
[06:00:17] djangonaut-space/wagtail-indymeet#713: Already assigned, skipping
[06:00:19] EndlessPixel/EndlessPixel-Modpack#35: Already assigned, skipping
[06:00:21] VATSIM-UK/UK-Sector-File#6064: Already assigned, skipping
[06:00:25] Network/server error (attempt 1/3), retrying...
[06:00:56] pytorch-tabular/pytorch_tabular#605: Too old (43 days), skipping
[06:01:15] activist-org/activist#1925: Already assigned, skipping
[06:01:33] microsoft/vscode#288770: Already assigned, skipping
[06:01:38] lucasjinreal/Kokoros#61: Too old (381 days), skipping
[06:02:09] STEP 2: Checking my PRs
[06:02:10] STEP 2.5: Proactive discovery - finding new issues
[06:02:10] Searching for good-first-issues...
[06:02:11] Found 20 good-first-issues from search
[06:02:11]   Skipping djangonaut-space/wagtail-indymeet#713: Already tracked
[06:02:11]   Skipping rajmahadev422/Learn-To-PR#16: Already tracked
[06:02:11]   Skipping EndlessPixel/EndlessPixel-Modpack#35: Too many comments (6)
[06:02:12]   Skipping rysweet/azlin#793: Already tracked
[06:02:12]   Skipping rysweet/amplihack#2981: Already tracked
[06:02:12]   Skipping rysweet/amplihack#2980: Already tracked
[06:02:12]   Skipping rysweet/amplihack#2979: Already tracked
[06:02:12]   Skipping rysweet/amplihack#2977: Already tracked
[06:02:12]   Skipping rysweet/amplihack#2976: Already tracked
[06:02:12]   Skipping brendankowitz/FHIR-Tools-for-Anonymization#80: Already tracked
[06:02:12]   Skipping windoze95/nullfeed-flutter#19: Already tracked
[06:02:12]   Skipping windoze95/nullfeed-backend#33: Already tracked
[06:02:12]   Skipping windoze95/nullfeed-backend#32: Already tracked
[06:02:12]   Skipping avni-j/synthetic-demo-app#12: Already tracked
[06:02:12]   Skipping T-SIG/tsig-prints#252: Already tracked
[06:02:12]   Skipping T-SIG/tsig-prints#249: Already tracked
[06:02:13]   Skipping T-SIG/tsig-prints#248: Already tracked
[06:02:13]   Skipping T-SIG/tsig-prints#247: Already tracked
[06:02:13]   Skipping T-SIG/tsig-prints#245: Already tracked
[06:02:13]   Skipping T-SIG/tsig-prints#244: Already tracked
[06:02:13] Checked 20 issues, discovered 0 high-priority ones
[06:02:13] STEP 3: Checking follow-ups
[06:02:38] FOLLOW-UP NEEDED: Vexa-ai/vexa#160 (no response in 3 days)
[06:02:46] STEP 4: Building action items list
[06:02:46] STEP 5: Updating metrics
[06:02:46] === SUMMARY ===
[06:02:46] Notifications: 79
[06:02:46] Posted: 0
[06:02:46] Consent opportunities: 0
[06:02:46] Stale issues: 0
[06:02:46] Need follow-up: 2
[06:02:46] Merge conflicts: 0
[06:02:46] Total tracked: 101
[06:02:46] Check complete
