=== GitHub SLA Check: Wed Mar 11 04:00:01 AM CST 2026 ===
[04:00:01] STEP 0: Cleaning old data
[04:00:01] Checking tracked issues for closures...
[04:00:15] Cleanup complete
[04:00:15] STEP 1: Processing notifications
[04:00:17] Found 82 notifications
[04:00:20] PretendoNetwork/juxtaposition#411: Already assigned, skipping
[04:00:21] EndlessPixel/EndlessPixel-Modpack#35: Already assigned, skipping
[04:00:24] djangonaut-space/wagtail-indymeet#713: Already assigned, skipping
[04:00:26] VATSIM-UK/UK-Sector-File#6064: Already assigned, skipping
[04:01:01] pytorch-tabular/pytorch_tabular#605: Too old (44 days), skipping
[04:01:21] activist-org/activist#1925: Already assigned, skipping
[04:01:35] microsoft/vscode#288770: Already assigned, skipping
[04:01:41] lucasjinreal/Kokoros#61: Too old (382 days), skipping
[04:02:12] STEP 2: Checking my PRs
[04:02:14] STEP 2.5: Proactive discovery - finding new issues
[04:02:14] Searching for good-first-issues...
[04:02:15] Found 50 good-first-issues from search
[04:02:16]   Skipping 7788ken/linkgate#13: Already tracked
[04:02:16]   Skipping 7788ken/linkgate#7: Already tracked
[04:02:16]   Skipping 7788ken/linkgate#3: Already tracked
[04:02:16]   Skipping djangonaut-space/wagtail-indymeet#713: Already tracked
[04:02:16]   Skipping rajmahadev422/Learn-To-PR#16: Already tracked
[04:02:16]   Skipping EndlessPixel/EndlessPixel-Modpack#35: Too many comments (8)
[04:02:16]   Skipping rysweet/azlin#793: Already tracked
[04:02:16]   Skipping rysweet/amplihack#2981: Already tracked
[04:02:16]   Skipping rysweet/amplihack#2979: Already tracked
[04:02:16]   Skipping rysweet/amplihack#2980: Already tracked
[04:02:16]   Skipping rysweet/amplihack#2977: Already tracked
[04:02:16]   Skipping rysweet/amplihack#2976: Already tracked
[04:02:16]   Skipping brendankowitz/FHIR-Tools-for-Anonymization#80: Already tracked
[04:02:16]   Skipping windoze95/nullfeed-flutter#19: Already tracked
[04:02:17]   Skipping windoze95/nullfeed-backend#33: Already tracked
[04:02:17]   Skipping windoze95/nullfeed-backend#32: Already tracked
[04:02:17]   Skipping avni-j/synthetic-demo-app#12: Already tracked
[04:02:17]   Skipping T-SIG/tsig-prints#252: Already tracked
[04:02:17]   Skipping T-SIG/tsig-prints#249: Already tracked
[04:02:17]   Skipping T-SIG/tsig-prints#248: Already tracked
[04:02:17]   Skipping T-SIG/tsig-prints#247: Already tracked
[04:02:17]   Skipping T-SIG/tsig-prints#245: Already tracked
[04:02:17]   Skipping T-SIG/tsig-prints#244: Already tracked
[04:02:17]   Skipping T-SIG/tsig-prints#243: Already tracked
[04:02:17]   Skipping T-SIG/tsig-prints#242: Already tracked
[04:02:17]   Skipping T-SIG/tsig-prints#241: Already tracked
[04:02:17]   Skipping T-SIG/tsig-prints#240: Already tracked
[04:02:17]   Skipping T-SIG/tsig-prints#239: Already tracked
[04:02:18]   Skipping T-SIG/tsig-prints#238: Already tracked
[04:02:18]   Skipping T-SIG/tsig-prints#237: Already tracked
[04:02:18]   Skipping T-SIG/tsig-prints#236: Already tracked
[04:02:18]   Skipping T-SIG/tsig-prints#234: Already tracked
[04:02:18]   Skipping T-SIG/tsig-prints#231: Already tracked
[04:02:18]   Skipping T-SIG/tsig-prints#230: Already tracked
[04:02:18]   Skipping T-SIG/tsig-prints#229: Already tracked
[04:02:18]   Skipping T-SIG/tsig-prints#227: Already tracked
[04:02:18]   Skipping T-SIG/tsig-prints#226: Already tracked
[04:02:18]   Skipping T-SIG/tsig-prints#225: Already tracked
[04:02:18]   Skipping T-SIG/tsig-prints#224: Already tracked
[04:02:18]   Skipping visouha/openclaw-test-repo#2: Already tracked
[04:02:18]   Skipping VATSIM-UK/UK-Sector-File#6069: Already tracked
[04:02:19]   Checking lingdojo/kana-dojo#7665: priority=100, comments=1
[04:02:19] *** DISCOVERED: lingdojo/kana-dojo#7665 (priority: 100, 1 comments) ***
[04:02:19] >>> Posting on discovered issue lingdojo/kana-dojo#7665
[04:02:20] FAILED to post on lingdojo/kana-dojo#7665: GraphQL: User is blocked (addComment)
[04:02:20]   Checking lingdojo/kana-dojo#7664: priority=100, comments=1
[04:02:20] *** DISCOVERED: lingdojo/kana-dojo#7664 (priority: 100, 1 comments) ***
[04:02:20] >>> Posting on discovered issue lingdojo/kana-dojo#7664
[04:02:21] FAILED to post on lingdojo/kana-dojo#7664: GraphQL: User is blocked (addComment)
[04:02:21]   Checking lingdojo/kana-dojo#7663: priority=100, comments=2
[04:02:21] *** DISCOVERED: lingdojo/kana-dojo#7663 (priority: 100, 2 comments) ***
[04:02:21] >>> Posting on discovered issue lingdojo/kana-dojo#7663
[04:02:22] FAILED to post on lingdojo/kana-dojo#7663: GraphQL: User is blocked (addComment)
[04:02:23]   Checking lingdojo/kana-dojo#7662: priority=100, comments=1
[04:02:23] *** DISCOVERED: lingdojo/kana-dojo#7662 (priority: 100, 1 comments) ***
[04:02:23] >>> Posting on discovered issue lingdojo/kana-dojo#7662
[04:02:24] FAILED to post on lingdojo/kana-dojo#7662: GraphQL: User is blocked (addComment)
[04:02:24]   Checking lingdojo/kana-dojo#7661: priority=100, comments=1
[04:02:24] *** DISCOVERED: lingdojo/kana-dojo#7661 (priority: 100, 1 comments) ***
[04:02:24] >>> Posting on discovered issue lingdojo/kana-dojo#7661
[04:02:25] FAILED to post on lingdojo/kana-dojo#7661: GraphQL: User is blocked (addComment)
[04:02:26]   Checking lingdojo/kana-dojo#7660: priority=100, comments=1
[04:02:26] *** DISCOVERED: lingdojo/kana-dojo#7660 (priority: 100, 1 comments) ***
[04:02:26] >>> Posting on discovered issue lingdojo/kana-dojo#7660
[04:02:27] FAILED to post on lingdojo/kana-dojo#7660: GraphQL: User is blocked (addComment)
[04:02:27]   Checking lingdojo/kana-dojo#7659: priority=100, comments=1
[04:02:27] *** DISCOVERED: lingdojo/kana-dojo#7659 (priority: 100, 1 comments) ***
[04:02:27] >>> Posting on discovered issue lingdojo/kana-dojo#7659
[04:02:28] FAILED to post on lingdojo/kana-dojo#7659: GraphQL: User is blocked (addComment)
[04:02:28]   Checking lingdojo/kana-dojo#7658: priority=100, comments=1
[04:02:28] *** DISCOVERED: lingdojo/kana-dojo#7658 (priority: 100, 1 comments) ***
[04:02:28] >>> Posting on discovered issue lingdojo/kana-dojo#7658
[04:02:29] FAILED to post on lingdojo/kana-dojo#7658: GraphQL: User is blocked (addComment)
[04:02:30]   Checking lingdojo/kana-dojo#7657: priority=100, comments=1
[04:02:30] *** DISCOVERED: lingdojo/kana-dojo#7657 (priority: 100, 1 comments) ***
[04:02:30] >>> Posting on discovered issue lingdojo/kana-dojo#7657
[04:02:31] FAILED to post on lingdojo/kana-dojo#7657: GraphQL: User is blocked (addComment)
[04:02:31] Checked 50 issues, discovered 9 high-priority ones
[04:02:31] STEP 3: Checking follow-ups
[04:02:57] FOLLOW-UP NEEDED: Vexa-ai/vexa#160 (no response in 3 days)
[04:03:05] FOLLOW-UP NEEDED: mynextproject-portfolio/recipe-explorer-lite-yuewang199511#1 (no response in 3 days)
[04:03:07] FOLLOW-UP NEEDED: Marormur/Website#158 (no response in 3 days)
[04:03:09] FOLLOW-UP NEEDED: Marormur/Website#160 (no response in 3 days)
[04:03:10] FOLLOW-UP NEEDED: PatrickB1905/wealthwise#12 (no response in 3 days)
[04:03:11] FOLLOW-UP NEEDED: GreatJobTommy/DIT-Transfer-Tools#73 (no response in 3 days)
[04:03:14] FOLLOW-UP NEEDED: adenueltech/jobhunter#1 (no response in 3 days)
[04:03:15] FOLLOW-UP NEEDED: windoze95/nullfeed-backend#24 (no response in 3 days)
[04:03:16] FOLLOW-UP NEEDED: PatrickB1905/WealthWise#12 (no response in 3 days)
[04:03:19] FOLLOW-UP NEEDED: finnoybu/aegis-governance#14 (no response in 3 days)
[04:03:20] FOLLOW-UP NEEDED: finnoybu/aegis-governance#13 (no response in 3 days)
[04:03:22] FOLLOW-UP NEEDED: windoze95/nullfeed-flutter#15 (no response in 3 days)
[04:03:23] FOLLOW-UP NEEDED: windoze95/nullfeed-flutter#14 (no response in 3 days)
[04:03:24] FOLLOW-UP NEEDED: windoze95/nullfeed-backend#27 (no response in 3 days)
[04:03:27] FOLLOW-UP NEEDED: ibelanger/GraniteFungiForager#35 (no response in 3 days)
[04:03:29] FOLLOW-UP NEEDED: ibelanger/GraniteFungiForager#28 (no response in 3 days)
[04:03:30] FOLLOW-UP NEEDED: ibelanger/GraniteFungiForager#27 (no response in 3 days)
[04:03:31] FOLLOW-UP NEEDED: ibelanger/GraniteFungiForager#24 (no response in 3 days)
[04:03:33] FOLLOW-UP NEEDED: ibelanger/GraniteFungiForager#22 (no response in 3 days)
[04:03:37] STEP 4: Building action items list
[04:03:37] STEP 5: Updating metrics
[04:03:37] === SUMMARY ===
[04:03:37] Notifications: 82
[04:03:37] Posted: 0
[04:03:37] Consent opportunities: 9
[04:03:37] Stale issues: 0
[04:03:37] Need follow-up: 542
[04:03:37] Merge conflicts: 0
[04:03:37] Total tracked: 109
[04:03:37] Check complete
