=== GitHub SLA Check: Sat Mar  7 01:00:01 PM CST 2026 ===
[13:00:01] STEP 0: Cleaning old data
[13:00:01] Checking tracked issues for closures...
[13:00:12] Cleanup complete
[13:00:12] STEP 1: Processing notifications
[13:00:14] Found 70 notifications
[13:00:25] pytorch-tabular/pytorch_tabular#605: Too old (40 days), skipping
[13:00:45] activist-org/activist#1925: Already assigned, skipping
[13:01:06] microsoft/vscode#288770: Already assigned, skipping
[13:01:12] lucasjinreal/Kokoros#61: Too old (379 days), skipping
[13:01:45] STEP 2: Checking my PRs
[13:01:47] STEP 2.5: Proactive discovery - finding new issues
[13:01:47] Searching for good-first-issues...
[13:01:50] Found 20 good-first-issues from search
[13:01:50]   Checking finnoybu/aegis-governance#14: priority=100, comments=0
[13:01:50] *** DISCOVERED: finnoybu/aegis-governance#14 (priority: 100, 0 comments) ***
[13:01:50] >>> Posting on discovered issue finnoybu/aegis-governance#14
[13:01:52] SUCCESS: Posted on finnoybu/aegis-governance#14
[13:01:57]   Checking finnoybu/aegis-governance#13: priority=100, comments=0
[13:01:57] *** DISCOVERED: finnoybu/aegis-governance#13 (priority: 100, 0 comments) ***
[13:01:57] >>> Posting on discovered issue finnoybu/aegis-governance#13
[13:01:58] SUCCESS: Posted on finnoybu/aegis-governance#13
[13:02:03]   Skipping adenueltech/jobhunter#27: Already tracked
[13:02:03]   Skipping adenueltech/jobhunter#1: Already tracked
[13:02:03]   Skipping GreatJobTommy/DIT-Transfer-Tools#72: Already tracked
[13:02:03]   Skipping GreatJobTommy/DIT-Transfer-Tools#73: Already tracked
[13:02:03]   Skipping PatrickB1905/WealthWise#12: Already tracked
[13:02:03]   Skipping mynextproject-portfolio/recipe-explorer-lite-ildarakhmetov#1: Already tracked
[13:02:03]   Skipping rajmahadev422/Learn-To-PR#7: Already tracked
[13:02:04]   Skipping finnoybu/aegis-governance#12: Already tracked
[13:02:04]   Skipping Vexa-ai/vexa#160: Already tracked
[13:02:04]   Skipping rajmahadev422/Learn-To-PR#3: Already tracked
[13:02:04]   Skipping VATSIM-UK/UK-Sector-File#6064: Already tracked
[13:02:04]   Skipping Vexa-ai/vexa#155: Already tracked
[13:02:04]   Skipping windoze95/nullfeed-flutter#12: Already tracked
[13:02:04]   Skipping windoze95/nullfeed-backend#22: Already tracked
[13:02:04]   Skipping brendankowitz/FHIR-Tools-for-Anonymization#64: Too many comments (6)
[13:02:04]   Skipping brendankowitz/FHIR-Tools-for-Anonymization#63: Too many comments (6)
[13:02:04]   Skipping brendankowitz/FHIR-Tools-for-Anonymization#62: Already tracked
[13:02:04]   Skipping brendankowitz/FHIR-Tools-for-Anonymization#61: Too many comments (7)
[13:02:04] Checked 20 issues, discovered 2 high-priority ones
[13:02:04] STEP 3: Checking follow-ups
[13:02:06] STEP 4: Building action items list
[13:02:06] STEP 5: Updating metrics
[13:02:06] === SUMMARY ===
[13:02:06] Notifications: 70
[13:02:06] Posted: 2
[13:02:06] Consent opportunities: 2
[13:02:06] Stale issues: 0
[13:02:06] Need follow-up: 0
[13:02:06] Merge conflicts: 0
[13:02:06] Total tracked: 44
[13:02:06] Check complete
