=== GitHub SLA Check: Mon Mar  9 07:00:01 PM CST 2026 ===
[19:00:01] STEP 0: Cleaning old data
[19:00:01] Checking tracked issues for closures...
[19:00:14] Cleanup complete
[19:00:14] STEP 1: Processing notifications
[19:00:15] Found 74 notifications
[19:00:43] VATSIM-UK/UK-Sector-File#6064: Already assigned, skipping
[19:00:47] pytorch-tabular/pytorch_tabular#605: Too old (43 days), skipping
[19:01:08] activist-org/activist#1925: Already assigned, skipping
[19:01:24] microsoft/vscode#288770: Already assigned, skipping
[19:01:29] lucasjinreal/Kokoros#61: Too old (381 days), skipping
[19:02:00] STEP 2: Checking my PRs
[19:02:01] STEP 2.5: Proactive discovery - finding new issues
[19:02:01] Searching for good-first-issues...
[19:02:03] Found 20 good-first-issues from search
[19:02:03]   Skipping rysweet/azlin#793: Already tracked
[19:02:03]   Skipping rysweet/amplihack#2981: Already tracked
[19:02:03]   Skipping rysweet/amplihack#2980: Already tracked
[19:02:03]   Skipping rysweet/amplihack#2979: Already tracked
[19:02:03]   Skipping rysweet/amplihack#2977: Already tracked
[19:02:03]   Skipping rysweet/amplihack#2976: Already tracked
[19:02:03]   Skipping brendankowitz/FHIR-Tools-for-Anonymization#80: Already tracked
[19:02:04]   Skipping windoze95/nullfeed-flutter#19: Already tracked
[19:02:04]   Skipping windoze95/nullfeed-backend#33: Already tracked
[19:02:04]   Skipping windoze95/nullfeed-backend#32: Already tracked
[19:02:04]   Skipping avni-j/synthetic-demo-app#12: Already tracked
[19:02:04]   Skipping T-SIG/tsig-prints#252: Already tracked
[19:02:04]   Skipping T-SIG/tsig-prints#249: Already tracked
[19:02:04]   Skipping T-SIG/tsig-prints#248: Already tracked
[19:02:04]   Skipping T-SIG/tsig-prints#247: Already tracked
[19:02:04]   Skipping T-SIG/tsig-prints#245: Already tracked
[19:02:04]   Skipping T-SIG/tsig-prints#244: Already tracked
[19:02:04]   Skipping T-SIG/tsig-prints#243: Already tracked
[19:02:04]   Skipping T-SIG/tsig-prints#242: Already tracked
[19:02:04]   Skipping T-SIG/tsig-prints#241: Already tracked
[19:02:04] Checked 20 issues, discovered 0 high-priority ones
[19:02:04] STEP 3: Checking follow-ups
[19:02:08] STEP 4: Building action items list
[19:02:08] STEP 5: Updating metrics
[19:02:08] === SUMMARY ===
[19:02:08] Notifications: 74
[19:02:08] Posted: 0
[19:02:08] Consent opportunities: 0
[19:02:08] Stale issues: 0
[19:02:08] Need follow-up: 0
[19:02:08] Merge conflicts: 0
[19:02:08] Total tracked: 94
[19:02:08] Check complete
