=== GitHub SLA Check: Tue Mar 10 10:00:01 AM CST 2026 ===
[10:00:01] STEP 0: Cleaning old data
[10:00:01] Checking tracked issues for closures...
[10:00:13] Cleanup complete
[10:00:13] STEP 1: Processing notifications
[10:00:14] Found 79 notifications
[10:00:15] djangonaut-space/wagtail-indymeet#713: Already assigned, skipping
[10:00:16] EndlessPixel/EndlessPixel-Modpack#35: Already assigned, skipping
[10:00:17] VATSIM-UK/UK-Sector-File#6064: Already assigned, skipping
[10:00:50] pytorch-tabular/pytorch_tabular#605: Too old (43 days), skipping
[10:01:08] activist-org/activist#1925: Already assigned, skipping
[10:01:23] microsoft/vscode#288770: Already assigned, skipping
[10:01:27] lucasjinreal/Kokoros#61: Too old (382 days), skipping
[10:01:58] STEP 2: Checking my PRs
[10:01:59] STEP 2.5: Proactive discovery - finding new issues
[10:01:59] Searching for good-first-issues...
[10:02:01] Found 20 good-first-issues from search
[10:02:01]   Skipping djangonaut-space/wagtail-indymeet#713: Already tracked
[10:02:01]   Skipping rajmahadev422/Learn-To-PR#16: Already tracked
[10:02:01]   Skipping EndlessPixel/EndlessPixel-Modpack#35: Too many comments (6)
[10:02:01]   Skipping rysweet/azlin#793: Already tracked
[10:02:01]   Skipping rysweet/amplihack#2981: Already tracked
[10:02:01]   Skipping rysweet/amplihack#2980: Already tracked
[10:02:01]   Skipping rysweet/amplihack#2979: Already tracked
[10:02:02]   Skipping rysweet/amplihack#2977: Already tracked
[10:02:02]   Skipping rysweet/amplihack#2976: Already tracked
[10:02:02]   Skipping brendankowitz/FHIR-Tools-for-Anonymization#80: Already tracked
[10:02:02]   Skipping windoze95/nullfeed-flutter#19: Already tracked
[10:02:02]   Skipping windoze95/nullfeed-backend#33: Already tracked
[10:02:02]   Skipping windoze95/nullfeed-backend#32: Already tracked
[10:02:02]   Skipping avni-j/synthetic-demo-app#12: Already tracked
[10:02:02]   Skipping T-SIG/tsig-prints#252: Already tracked
[10:02:02]   Skipping T-SIG/tsig-prints#249: Already tracked
[10:02:02]   Skipping T-SIG/tsig-prints#248: Already tracked
[10:02:02]   Skipping T-SIG/tsig-prints#247: Already tracked
[10:02:02]   Skipping T-SIG/tsig-prints#245: Already tracked
[10:02:02]   Skipping T-SIG/tsig-prints#244: Already tracked
[10:02:02] Checked 20 issues, discovered 0 high-priority ones
[10:02:02] STEP 3: Checking follow-ups
[10:02:25] FOLLOW-UP NEEDED: Vexa-ai/vexa#160 (no response in 3 days)
[10:02:33] FOLLOW-UP NEEDED: mynextproject-portfolio/recipe-explorer-lite-yuewang199511#1 (no response in 3 days)
[10:02:35] FOLLOW-UP NEEDED: Marormur/Website#158 (no response in 3 days)
[10:02:37] FOLLOW-UP NEEDED: Marormur/Website#160 (no response in 3 days)
[10:02:38] FOLLOW-UP NEEDED: PatrickB1905/wealthwise#12 (no response in 3 days)
[10:02:39] FOLLOW-UP NEEDED: GreatJobTommy/DIT-Transfer-Tools#73 (no response in 3 days)
[10:02:42] STEP 4: Building action items list
[10:02:42] STEP 5: Updating metrics
[10:02:42] === SUMMARY ===
[10:02:42] Notifications: 79
[10:02:42] Posted: 0
[10:02:42] Consent opportunities: 0
[10:02:42] Stale issues: 0
[10:02:42] Need follow-up: 45
[10:02:42] Merge conflicts: 0
[10:02:42] Total tracked: 101
[10:02:42] Check complete
