=== GitHub SLA Check: Sun Mar  8 04:00:01 PM CST 2026 ===
[16:00:01] STEP 0: Cleaning old data
[16:00:01] Checking tracked issues for closures...
[16:00:08] Removing closed issue: openpista/openpista#21
[16:00:13] Cleanup complete
[16:00:13] STEP 1: Processing notifications
[16:00:14] Found 70 notifications
[16:00:32] VATSIM-UK/UK-Sector-File#6064: Already assigned, skipping
[16:00:36] pytorch-tabular/pytorch_tabular#605: Too old (41 days), skipping
[16:00:55] activist-org/activist#1925: Already assigned, skipping
[16:01:12] microsoft/vscode#288770: Already assigned, skipping
[16:01:16] lucasjinreal/Kokoros#61: Too old (380 days), skipping
[16:01:45] STEP 2: Checking my PRs
[16:01:46] STEP 2.5: Proactive discovery - finding new issues
[16:01:46] Searching for good-first-issues...
[16:01:49] Found 20 good-first-issues from search
[16:01:49]   Checking lingdojo/kana-dojo#7653: priority=100, comments=1
[16:01:49] *** DISCOVERED: lingdojo/kana-dojo#7653 (priority: 100, 1 comments) ***
[16:01:49] >>> Posting on discovered issue lingdojo/kana-dojo#7653
[16:01:50] FAILED to post on lingdojo/kana-dojo#7653: GraphQL: User is blocked (addComment)
[16:01:51]   Checking lingdojo/kana-dojo#7652: priority=100, comments=1
[16:01:51] *** DISCOVERED: lingdojo/kana-dojo#7652 (priority: 100, 1 comments) ***
[16:01:51] >>> Posting on discovered issue lingdojo/kana-dojo#7652
[16:01:52] FAILED to post on lingdojo/kana-dojo#7652: GraphQL: User is blocked (addComment)
[16:01:52]   Checking lingdojo/kana-dojo#7651: priority=100, comments=1
[16:01:52] *** DISCOVERED: lingdojo/kana-dojo#7651 (priority: 100, 1 comments) ***
[16:01:52] >>> Posting on discovered issue lingdojo/kana-dojo#7651
[16:01:53] FAILED to post on lingdojo/kana-dojo#7651: GraphQL: User is blocked (addComment)
[16:01:53]   Checking lingdojo/kana-dojo#7649: priority=100, comments=1
[16:01:53] *** DISCOVERED: lingdojo/kana-dojo#7649 (priority: 100, 1 comments) ***
[16:01:53] >>> Posting on discovered issue lingdojo/kana-dojo#7649
[16:01:54] FAILED to post on lingdojo/kana-dojo#7649: GraphQL: User is blocked (addComment)
[16:01:54]   Checking lingdojo/kana-dojo#7648: priority=100, comments=1
[16:01:54] *** DISCOVERED: lingdojo/kana-dojo#7648 (priority: 100, 1 comments) ***
[16:01:54] >>> Posting on discovered issue lingdojo/kana-dojo#7648
[16:01:55] FAILED to post on lingdojo/kana-dojo#7648: GraphQL: User is blocked (addComment)
[16:01:55]   Checking lingdojo/kana-dojo#7646: priority=100, comments=1
[16:01:55] *** DISCOVERED: lingdojo/kana-dojo#7646 (priority: 100, 1 comments) ***
[16:01:55] >>> Posting on discovered issue lingdojo/kana-dojo#7646
[16:01:56] FAILED to post on lingdojo/kana-dojo#7646: GraphQL: User is blocked (addComment)
[16:01:56]   Skipping rajmahadev422/Learn-To-PR#12: Already tracked
[16:01:57]   Checking lingdojo/kana-dojo#7640: priority=100, comments=2
[16:01:57] *** DISCOVERED: lingdojo/kana-dojo#7640 (priority: 100, 2 comments) ***
[16:01:57] >>> Posting on discovered issue lingdojo/kana-dojo#7640
[16:01:58] FAILED to post on lingdojo/kana-dojo#7640: GraphQL: User is blocked (addComment)
[16:01:58]   Checking lingdojo/kana-dojo#7638: priority=100, comments=4
[16:01:58] *** DISCOVERED: lingdojo/kana-dojo#7638 (priority: 100, 4 comments) ***
[16:01:58] >>> Posting on discovered issue lingdojo/kana-dojo#7638
[16:01:59] FAILED to post on lingdojo/kana-dojo#7638: GraphQL: User is blocked (addComment)
[16:02:00]   Checking lingdojo/kana-dojo#7637: priority=100, comments=2
[16:02:00] *** DISCOVERED: lingdojo/kana-dojo#7637 (priority: 100, 2 comments) ***
[16:02:00] >>> Posting on discovered issue lingdojo/kana-dojo#7637
[16:02:00] FAILED to post on lingdojo/kana-dojo#7637: GraphQL: User is blocked (addComment)
[16:02:01]   Checking lingdojo/kana-dojo#7636: priority=100, comments=1
[16:02:01] *** DISCOVERED: lingdojo/kana-dojo#7636 (priority: 100, 1 comments) ***
[16:02:01] >>> Posting on discovered issue lingdojo/kana-dojo#7636
[16:02:02] FAILED to post on lingdojo/kana-dojo#7636: GraphQL: User is blocked (addComment)
[16:02:02]   Checking lingdojo/kana-dojo#7635: priority=100, comments=1
[16:02:02] *** DISCOVERED: lingdojo/kana-dojo#7635 (priority: 100, 1 comments) ***
[16:02:02] >>> Posting on discovered issue lingdojo/kana-dojo#7635
[16:02:04] FAILED to post on lingdojo/kana-dojo#7635: GraphQL: User is blocked (addComment)
[16:02:04]   Checking lingdojo/kana-dojo#7632: priority=100, comments=4
[16:02:04] *** DISCOVERED: lingdojo/kana-dojo#7632 (priority: 100, 4 comments) ***
[16:02:04] >>> Posting on discovered issue lingdojo/kana-dojo#7632
[16:02:05] FAILED to post on lingdojo/kana-dojo#7632: GraphQL: User is blocked (addComment)
[16:02:05]   Checking lingdojo/kana-dojo#7630: priority=100, comments=1
[16:02:05] *** DISCOVERED: lingdojo/kana-dojo#7630 (priority: 100, 1 comments) ***
[16:02:05] >>> Posting on discovered issue lingdojo/kana-dojo#7630
[16:02:06] FAILED to post on lingdojo/kana-dojo#7630: GraphQL: User is blocked (addComment)
[16:02:07]   Checking lingdojo/kana-dojo#7628: priority=100, comments=1
[16:02:07] *** DISCOVERED: lingdojo/kana-dojo#7628 (priority: 100, 1 comments) ***
[16:02:07] >>> Posting on discovered issue lingdojo/kana-dojo#7628
[16:02:08] FAILED to post on lingdojo/kana-dojo#7628: GraphQL: User is blocked (addComment)
[16:02:08]   Checking lingdojo/kana-dojo#7627: priority=100, comments=4
[16:02:08] *** DISCOVERED: lingdojo/kana-dojo#7627 (priority: 100, 4 comments) ***
[16:02:08] >>> Posting on discovered issue lingdojo/kana-dojo#7627
[16:02:10] FAILED to post on lingdojo/kana-dojo#7627: GraphQL: User is blocked (addComment)
[16:02:10]   Checking lingdojo/kana-dojo#7626: priority=100, comments=1
[16:02:10] *** DISCOVERED: lingdojo/kana-dojo#7626 (priority: 100, 1 comments) ***
[16:02:10] >>> Posting on discovered issue lingdojo/kana-dojo#7626
[16:02:11] FAILED to post on lingdojo/kana-dojo#7626: GraphQL: User is blocked (addComment)
[16:02:11]   Checking lingdojo/kana-dojo#7625: priority=100, comments=1
[16:02:11] *** DISCOVERED: lingdojo/kana-dojo#7625 (priority: 100, 1 comments) ***
[16:02:11] >>> Posting on discovered issue lingdojo/kana-dojo#7625
[16:02:12] FAILED to post on lingdojo/kana-dojo#7625: GraphQL: User is blocked (addComment)
[16:02:12]   Checking lingdojo/kana-dojo#7624: priority=100, comments=1
[16:02:12] *** DISCOVERED: lingdojo/kana-dojo#7624 (priority: 100, 1 comments) ***
[16:02:12] >>> Posting on discovered issue lingdojo/kana-dojo#7624
[16:02:14] FAILED to post on lingdojo/kana-dojo#7624: GraphQL: User is blocked (addComment)
[16:02:14]   Checking lingdojo/kana-dojo#7623: priority=100, comments=1
[16:02:14] *** DISCOVERED: lingdojo/kana-dojo#7623 (priority: 100, 1 comments) ***
[16:02:14] >>> Posting on discovered issue lingdojo/kana-dojo#7623
[16:02:15] FAILED to post on lingdojo/kana-dojo#7623: GraphQL: User is blocked (addComment)
[16:02:15] Checked 20 issues, discovered 19 high-priority ones
[16:02:15] STEP 3: Checking follow-ups
[16:02:17] STEP 4: Building action items list
[16:02:17] STEP 5: Updating metrics
[16:02:17] === SUMMARY ===
[16:02:17] Notifications: 70
[16:02:17] Posted: 0
[16:02:17] Consent opportunities: 19
[16:02:17] Stale issues: 0
[16:02:17] Need follow-up: 0
[16:02:17] Merge conflicts: 0
[16:02:17] Total tracked: 58
[16:02:17] Check complete
