=== GitHub SLA Check: Mon Mar  9 01:00:01 AM CST 2026 ===
[01:00:01] STEP 0: Cleaning old data
[01:00:01] Checking tracked issues for closures...
[01:00:11] Cleanup complete
[01:00:11] STEP 1: Processing notifications
[01:00:12] Found 70 notifications
[01:00:29] VATSIM-UK/UK-Sector-File#6064: Already assigned, skipping
[01:00:33] pytorch-tabular/pytorch_tabular#605: Too old (42 days), skipping
[01:00:51] activist-org/activist#1925: Already assigned, skipping
[01:01:08] microsoft/vscode#288770: Already assigned, skipping
[01:01:12] lucasjinreal/Kokoros#61: Too old (380 days), skipping
[01:01:40] STEP 2: Checking my PRs
[01:01:42] STEP 2.5: Proactive discovery - finding new issues
[01:01:42] Searching for good-first-issues...
[01:01:43] Found 20 good-first-issues from search
[01:01:43]   Checking lingdojo/kana-dojo#7665: priority=100, comments=1
[01:01:43] *** DISCOVERED: lingdojo/kana-dojo#7665 (priority: 100, 1 comments) ***
[01:01:43] >>> Posting on discovered issue lingdojo/kana-dojo#7665
[01:01:45] FAILED to post on lingdojo/kana-dojo#7665: GraphQL: User is blocked (addComment)
[01:01:45]   Checking lingdojo/kana-dojo#7664: priority=100, comments=1
[01:01:45] *** DISCOVERED: lingdojo/kana-dojo#7664 (priority: 100, 1 comments) ***
[01:01:45] >>> Posting on discovered issue lingdojo/kana-dojo#7664
[01:01:46] FAILED to post on lingdojo/kana-dojo#7664: GraphQL: User is blocked (addComment)
[01:01:46]   Checking lingdojo/kana-dojo#7663: priority=100, comments=1
[01:01:46] *** DISCOVERED: lingdojo/kana-dojo#7663 (priority: 100, 1 comments) ***
[01:01:46] >>> Posting on discovered issue lingdojo/kana-dojo#7663
[01:01:48] FAILED to post on lingdojo/kana-dojo#7663: GraphQL: User is blocked (addComment)
[01:01:48]   Checking lingdojo/kana-dojo#7662: priority=100, comments=1
[01:01:48] *** DISCOVERED: lingdojo/kana-dojo#7662 (priority: 100, 1 comments) ***
[01:01:48] >>> Posting on discovered issue lingdojo/kana-dojo#7662
[01:01:49] FAILED to post on lingdojo/kana-dojo#7662: GraphQL: User is blocked (addComment)
[01:01:49]   Checking lingdojo/kana-dojo#7661: priority=100, comments=1
[01:01:49] *** DISCOVERED: lingdojo/kana-dojo#7661 (priority: 100, 1 comments) ***
[01:01:49] >>> Posting on discovered issue lingdojo/kana-dojo#7661
[01:01:50] FAILED to post on lingdojo/kana-dojo#7661: GraphQL: User is blocked (addComment)
[01:01:50]   Checking lingdojo/kana-dojo#7660: priority=100, comments=1
[01:01:50] *** DISCOVERED: lingdojo/kana-dojo#7660 (priority: 100, 1 comments) ***
[01:01:50] >>> Posting on discovered issue lingdojo/kana-dojo#7660
[01:01:51] FAILED to post on lingdojo/kana-dojo#7660: GraphQL: User is blocked (addComment)
[01:01:51]   Checking lingdojo/kana-dojo#7659: priority=100, comments=1
[01:01:51] *** DISCOVERED: lingdojo/kana-dojo#7659 (priority: 100, 1 comments) ***
[01:01:51] >>> Posting on discovered issue lingdojo/kana-dojo#7659
[01:01:52] FAILED to post on lingdojo/kana-dojo#7659: GraphQL: User is blocked (addComment)
[01:01:53]   Checking lingdojo/kana-dojo#7658: priority=100, comments=1
[01:01:53] *** DISCOVERED: lingdojo/kana-dojo#7658 (priority: 100, 1 comments) ***
[01:01:53] >>> Posting on discovered issue lingdojo/kana-dojo#7658
[01:01:54] FAILED to post on lingdojo/kana-dojo#7658: GraphQL: User is blocked (addComment)
[01:01:54]   Checking lingdojo/kana-dojo#7657: priority=100, comments=1
[01:01:54] *** DISCOVERED: lingdojo/kana-dojo#7657 (priority: 100, 1 comments) ***
[01:01:54] >>> Posting on discovered issue lingdojo/kana-dojo#7657
[01:01:55] FAILED to post on lingdojo/kana-dojo#7657: GraphQL: User is blocked (addComment)
[01:01:55]   Checking lingdojo/kana-dojo#7656: priority=100, comments=1
[01:01:55] *** DISCOVERED: lingdojo/kana-dojo#7656 (priority: 100, 1 comments) ***
[01:01:55] >>> Posting on discovered issue lingdojo/kana-dojo#7656
[01:01:56] FAILED to post on lingdojo/kana-dojo#7656: GraphQL: User is blocked (addComment)
[01:01:57]   Checking lingdojo/kana-dojo#7654: priority=100, comments=1
[01:01:57] *** DISCOVERED: lingdojo/kana-dojo#7654 (priority: 100, 1 comments) ***
[01:01:57] >>> Posting on discovered issue lingdojo/kana-dojo#7654
[01:01:58] FAILED to post on lingdojo/kana-dojo#7654: GraphQL: User is blocked (addComment)
[01:01:58]   Skipping windoze95/nullfeed-flutter#17: Already tracked
[01:01:58]   Skipping windoze95/nullfeed-backend#29: Already tracked
[01:01:58]   Skipping windoze95/nullfeed-backend#28: Already tracked
[01:01:58]   Checking lingdojo/kana-dojo#7653: priority=100, comments=1
[01:01:58] *** DISCOVERED: lingdojo/kana-dojo#7653 (priority: 100, 1 comments) ***
[01:01:58] >>> Posting on discovered issue lingdojo/kana-dojo#7653
[01:01:59] FAILED to post on lingdojo/kana-dojo#7653: GraphQL: User is blocked (addComment)
[01:01:59]   Checking lingdojo/kana-dojo#7652: priority=100, comments=1
[01:01:59] *** DISCOVERED: lingdojo/kana-dojo#7652 (priority: 100, 1 comments) ***
[01:01:59] >>> Posting on discovered issue lingdojo/kana-dojo#7652
[01:02:00] FAILED to post on lingdojo/kana-dojo#7652: GraphQL: User is blocked (addComment)
[01:02:00]   Checking lingdojo/kana-dojo#7651: priority=100, comments=2
[01:02:00] *** DISCOVERED: lingdojo/kana-dojo#7651 (priority: 100, 2 comments) ***
[01:02:00] >>> Posting on discovered issue lingdojo/kana-dojo#7651
[01:02:01] FAILED to post on lingdojo/kana-dojo#7651: GraphQL: User is blocked (addComment)
[01:02:02]   Checking lingdojo/kana-dojo#7649: priority=100, comments=1
[01:02:02] *** DISCOVERED: lingdojo/kana-dojo#7649 (priority: 100, 1 comments) ***
[01:02:02] >>> Posting on discovered issue lingdojo/kana-dojo#7649
[01:02:02] FAILED to post on lingdojo/kana-dojo#7649: GraphQL: User is blocked (addComment)
[01:02:03]   Checking lingdojo/kana-dojo#7648: priority=100, comments=1
[01:02:03] *** DISCOVERED: lingdojo/kana-dojo#7648 (priority: 100, 1 comments) ***
[01:02:03] >>> Posting on discovered issue lingdojo/kana-dojo#7648
[01:02:04] FAILED to post on lingdojo/kana-dojo#7648: GraphQL: User is blocked (addComment)
[01:02:05]   Checking lingdojo/kana-dojo#7646: priority=100, comments=1
[01:02:05] *** DISCOVERED: lingdojo/kana-dojo#7646 (priority: 100, 1 comments) ***
[01:02:05] >>> Posting on discovered issue lingdojo/kana-dojo#7646
[01:02:06] FAILED to post on lingdojo/kana-dojo#7646: GraphQL: User is blocked (addComment)
[01:02:06] Checked 20 issues, discovered 17 high-priority ones
[01:02:06] STEP 3: Checking follow-ups
[01:02:08] STEP 4: Building action items list
[01:02:08] STEP 5: Updating metrics
[01:02:08] === SUMMARY ===
[01:02:08] Notifications: 70
[01:02:08] Posted: 0
[01:02:08] Consent opportunities: 17
[01:02:08] Stale issues: 0
[01:02:08] Need follow-up: 0
[01:02:08] Merge conflicts: 0
[01:02:08] Total tracked: 61
[01:02:08] Check complete
