=== GitHub SLA Check: Sat Mar  7 04:00:01 PM CST 2026 ===
[16:00:01] STEP 0: Cleaning old data
[16:00:01] Checking tracked issues for closures...
[16:00:11] Cleanup complete
[16:00:11] STEP 1: Processing notifications
[16:00:12] Found 71 notifications
[16:00:23] pytorch-tabular/pytorch_tabular#605: Too old (40 days), skipping
[16:00:46] activist-org/activist#1925: Already assigned, skipping
[16:01:07] microsoft/vscode#288770: Already assigned, skipping
[16:01:12] lucasjinreal/Kokoros#61: Too old (379 days), skipping
[16:01:41] STEP 2: Checking my PRs
[16:01:43] STEP 2.5: Proactive discovery - finding new issues
[16:01:43] Searching for good-first-issues...
[16:01:45] Found 20 good-first-issues from search
[16:01:45]   Skipping finnoybu/aegis-governance#14: Already tracked
[16:01:45]   Skipping finnoybu/aegis-governance#13: Already tracked
[16:01:45]   Skipping adenueltech/jobhunter#27: Already tracked
[16:01:45]   Skipping adenueltech/jobhunter#1: Already tracked
[16:01:45]   Skipping GreatJobTommy/DIT-Transfer-Tools#73: Already tracked
[16:01:46]   Skipping GreatJobTommy/DIT-Transfer-Tools#72: Already tracked
[16:01:46]   Skipping PatrickB1905/WealthWise#12: Already tracked
[16:01:46]   Skipping mynextproject-portfolio/recipe-explorer-lite-ildarakhmetov#1: Already tracked
[16:01:46]   Skipping rajmahadev422/Learn-To-PR#7: Already tracked
[16:01:46]   Skipping finnoybu/aegis-governance#12: Already tracked
[16:01:46]   Skipping Vexa-ai/vexa#160: Already tracked
[16:01:46]   Skipping rajmahadev422/Learn-To-PR#3: Already tracked
[16:01:46]   Skipping VATSIM-UK/UK-Sector-File#6064: Already tracked
[16:01:46]   Skipping Vexa-ai/vexa#155: Already tracked
[16:01:46]   Skipping windoze95/nullfeed-flutter#12: Already tracked
[16:01:46]   Skipping windoze95/nullfeed-backend#22: Already tracked
[16:01:46]   Skipping brendankowitz/FHIR-Tools-for-Anonymization#64: Too many comments (6)
[16:01:46]   Skipping brendankowitz/FHIR-Tools-for-Anonymization#63: Too many comments (6)
[16:01:46]   Skipping brendankowitz/FHIR-Tools-for-Anonymization#62: Already tracked
[16:01:46]   Skipping brendankowitz/FHIR-Tools-for-Anonymization#61: Too many comments (7)
[16:01:46] Checked 20 issues, discovered 0 high-priority ones
[16:01:46] STEP 3: Checking follow-ups
[16:01:48] STEP 4: Building action items list
[16:01:48] STEP 5: Updating metrics
[16:01:48] === SUMMARY ===
[16:01:48] Notifications: 71
[16:01:48] Posted: 0
[16:01:48] Consent opportunities: 0
[16:01:48] Stale issues: 0
[16:01:48] Need follow-up: 0
[16:01:48] Merge conflicts: 0
[16:01:48] Total tracked: 44
[16:01:48] Check complete
