=== GitHub SLA Check: Tue Mar 10 05:30:01 PM CST 2026 ===
[17:30:01] STEP 0: Cleaning old data
[17:30:02] Checking tracked issues for closures...
[17:30:13] Cleanup complete
[17:30:13] STEP 1: Processing notifications
[17:30:15] Found 81 notifications
[17:30:21] djangonaut-space/wagtail-indymeet#713: Already assigned, skipping
[17:30:22] EndlessPixel/EndlessPixel-Modpack#35: Already assigned, skipping
[17:30:24] VATSIM-UK/UK-Sector-File#6064: Already assigned, skipping
[17:30:59] pytorch-tabular/pytorch_tabular#605: Too old (44 days), skipping
[17:31:17] activist-org/activist#1925: Already assigned, skipping
[17:31:34] microsoft/vscode#288770: Already assigned, skipping
[17:31:38] lucasjinreal/Kokoros#61: Too old (382 days), skipping
[17:32:10] STEP 2: Checking my PRs
[17:32:11] STEP 2.5: Proactive discovery - finding new issues
[17:32:11] Searching for good-first-issues...
[17:32:13] Found 20 good-first-issues from search
[17:32:13]   Skipping 7788ken/linkgate#13: Already tracked
[17:32:13]   Skipping 7788ken/linkgate#7: Already tracked
[17:32:13]   Skipping 7788ken/linkgate#3: Already tracked
[17:32:13]   Skipping djangonaut-space/wagtail-indymeet#713: Already tracked
[17:32:13]   Skipping rajmahadev422/Learn-To-PR#16: Already tracked
[17:32:13]   Skipping EndlessPixel/EndlessPixel-Modpack#35: Too many comments (6)
[17:32:13]   Skipping rysweet/azlin#793: Already tracked
[17:32:13]   Skipping rysweet/amplihack#2981: Already tracked
[17:32:13]   Skipping rysweet/amplihack#2979: Already tracked
[17:32:14]   Skipping rysweet/amplihack#2980: Already tracked
[17:32:14]   Skipping rysweet/amplihack#2977: Already tracked
[17:32:14]   Skipping rysweet/amplihack#2976: Already tracked
[17:32:14]   Skipping brendankowitz/FHIR-Tools-for-Anonymization#80: Already tracked
[17:32:14]   Skipping windoze95/nullfeed-flutter#19: Already tracked
[17:32:14]   Skipping windoze95/nullfeed-backend#33: Already tracked
[17:32:14]   Skipping windoze95/nullfeed-backend#32: Already tracked
[17:32:14]   Skipping avni-j/synthetic-demo-app#12: Already tracked
[17:32:14]   Skipping T-SIG/tsig-prints#252: Already tracked
[17:32:14]   Skipping T-SIG/tsig-prints#249: Already tracked
[17:32:14]   Skipping T-SIG/tsig-prints#248: Already tracked
[17:32:14] Checked 20 issues, discovered 0 high-priority ones
[17:32:14] STEP 3: Checking follow-ups
[17:32:44] FOLLOW-UP NEEDED: Vexa-ai/vexa#160 (no response in 3 days)
[17:32:54] FOLLOW-UP NEEDED: mynextproject-portfolio/recipe-explorer-lite-yuewang199511#1 (no response in 3 days)
[17:32:56] FOLLOW-UP NEEDED: Marormur/Website#158 (no response in 3 days)
[17:32:58] FOLLOW-UP NEEDED: Marormur/Website#160 (no response in 3 days)
[17:32:59] FOLLOW-UP NEEDED: PatrickB1905/wealthwise#12 (no response in 3 days)
[17:33:00] FOLLOW-UP NEEDED: GreatJobTommy/DIT-Transfer-Tools#73 (no response in 3 days)
[17:33:04] FOLLOW-UP NEEDED: adenueltech/jobhunter#1 (no response in 3 days)
[17:33:05] FOLLOW-UP NEEDED: windoze95/nullfeed-backend#24 (no response in 3 days)
[17:33:06] FOLLOW-UP NEEDED: PatrickB1905/WealthWise#12 (no response in 3 days)
[17:33:10] FOLLOW-UP NEEDED: finnoybu/aegis-governance#14 (no response in 3 days)
[17:33:11] FOLLOW-UP NEEDED: finnoybu/aegis-governance#13 (no response in 3 days)
[17:33:12] FOLLOW-UP NEEDED: windoze95/nullfeed-flutter#15 (no response in 3 days)
[17:33:14] FOLLOW-UP NEEDED: windoze95/nullfeed-flutter#14 (no response in 3 days)
[17:33:15] FOLLOW-UP NEEDED: windoze95/nullfeed-backend#27 (no response in 3 days)
[17:33:17] STEP 4: Building action items list
[17:33:17] STEP 5: Updating metrics
[17:33:17] === SUMMARY ===
[17:33:17] Notifications: 81
[17:33:17] Posted: 0
[17:33:17] Consent opportunities: 0
[17:33:17] Stale issues: 0
[17:33:17] Need follow-up: 198
[17:33:17] Merge conflicts: 0
[17:33:17] Total tracked: 104
[17:33:17] Check complete
