=== GitHub SLA Check: Sun Mar  8 11:00:01 AM CST 2026 ===
[11:00:01] STEP 0: Cleaning old data
[11:00:01] Checking tracked issues for closures...
[11:00:12] Cleanup complete
[11:00:12] STEP 1: Processing notifications
[11:00:14] Found 70 notifications
[11:00:29] VATSIM-UK/UK-Sector-File#6064: Already assigned, skipping
[11:00:32] pytorch-tabular/pytorch_tabular#605: Too old (41 days), skipping
[11:00:50] activist-org/activist#1925: Already assigned, skipping
[11:01:05] microsoft/vscode#288770: Already assigned, skipping
[11:01:11] lucasjinreal/Kokoros#61: Too old (380 days), skipping
[11:01:40] STEP 2: Checking my PRs
[11:01:43] STEP 2.5: Proactive discovery - finding new issues
[11:01:43] Searching for good-first-issues...
[11:01:44] Found 20 good-first-issues from search
[11:01:44]   Checking lingdojo/kana-dojo#7620: priority=100, comments=1
[11:01:44] *** DISCOVERED: lingdojo/kana-dojo#7620 (priority: 100, 1 comments) ***
[11:01:44] >>> Posting on discovered issue lingdojo/kana-dojo#7620
[11:01:45] FAILED to post on lingdojo/kana-dojo#7620: GraphQL: User is blocked (addComment)
[11:01:45]   Checking lingdojo/kana-dojo#7619: priority=100, comments=1
[11:01:45] *** DISCOVERED: lingdojo/kana-dojo#7619 (priority: 100, 1 comments) ***
[11:01:45] >>> Posting on discovered issue lingdojo/kana-dojo#7619
[11:01:46] FAILED to post on lingdojo/kana-dojo#7619: GraphQL: User is blocked (addComment)
[11:01:47]   Checking lingdojo/kana-dojo#7618: priority=100, comments=1
[11:01:47] *** DISCOVERED: lingdojo/kana-dojo#7618 (priority: 100, 1 comments) ***
[11:01:47] >>> Posting on discovered issue lingdojo/kana-dojo#7618
[11:01:48] FAILED to post on lingdojo/kana-dojo#7618: GraphQL: User is blocked (addComment)
[11:01:48]   Checking lingdojo/kana-dojo#7616: priority=100, comments=2
[11:01:48] *** DISCOVERED: lingdojo/kana-dojo#7616 (priority: 100, 2 comments) ***
[11:01:48] >>> Posting on discovered issue lingdojo/kana-dojo#7616
[11:01:49] FAILED to post on lingdojo/kana-dojo#7616: GraphQL: User is blocked (addComment)
[11:01:49]   Checking lingdojo/kana-dojo#7615: priority=100, comments=1
[11:01:49] *** DISCOVERED: lingdojo/kana-dojo#7615 (priority: 100, 1 comments) ***
[11:01:49] >>> Posting on discovered issue lingdojo/kana-dojo#7615
[11:01:50] FAILED to post on lingdojo/kana-dojo#7615: GraphQL: User is blocked (addComment)
[11:01:50]   Checking lingdojo/kana-dojo#7613: priority=100, comments=1
[11:01:50] *** DISCOVERED: lingdojo/kana-dojo#7613 (priority: 100, 1 comments) ***
[11:01:50] >>> Posting on discovered issue lingdojo/kana-dojo#7613
[11:01:51] FAILED to post on lingdojo/kana-dojo#7613: GraphQL: User is blocked (addComment)
[11:01:51]   Checking lingdojo/kana-dojo#7612: priority=100, comments=1
[11:01:51] *** DISCOVERED: lingdojo/kana-dojo#7612 (priority: 100, 1 comments) ***
[11:01:51] >>> Posting on discovered issue lingdojo/kana-dojo#7612
[11:01:52] FAILED to post on lingdojo/kana-dojo#7612: GraphQL: User is blocked (addComment)
[11:01:53]   Checking lingdojo/kana-dojo#7611: priority=100, comments=3
[11:01:53] *** DISCOVERED: lingdojo/kana-dojo#7611 (priority: 100, 3 comments) ***
[11:01:53] >>> Posting on discovered issue lingdojo/kana-dojo#7611
[11:01:54] FAILED to post on lingdojo/kana-dojo#7611: GraphQL: User is blocked (addComment)
[11:01:54]   Checking lingdojo/kana-dojo#7610: priority=100, comments=1
[11:01:54] *** DISCOVERED: lingdojo/kana-dojo#7610 (priority: 100, 1 comments) ***
[11:01:54] >>> Posting on discovered issue lingdojo/kana-dojo#7610
[11:01:56] FAILED to post on lingdojo/kana-dojo#7610: GraphQL: User is blocked (addComment)
[11:01:56]   Checking lingdojo/kana-dojo#7609: priority=100, comments=1
[11:01:56] *** DISCOVERED: lingdojo/kana-dojo#7609 (priority: 100, 1 comments) ***
[11:01:56] >>> Posting on discovered issue lingdojo/kana-dojo#7609
[11:01:57] FAILED to post on lingdojo/kana-dojo#7609: GraphQL: User is blocked (addComment)
[11:01:57]   Checking lingdojo/kana-dojo#7608: priority=100, comments=3
[11:01:57] *** DISCOVERED: lingdojo/kana-dojo#7608 (priority: 100, 3 comments) ***
[11:01:57] >>> Posting on discovered issue lingdojo/kana-dojo#7608
[11:01:58] FAILED to post on lingdojo/kana-dojo#7608: GraphQL: User is blocked (addComment)
[11:01:58]   Checking lingdojo/kana-dojo#7607: priority=100, comments=1
[11:01:58] *** DISCOVERED: lingdojo/kana-dojo#7607 (priority: 100, 1 comments) ***
[11:01:58] >>> Posting on discovered issue lingdojo/kana-dojo#7607
[11:01:59] FAILED to post on lingdojo/kana-dojo#7607: GraphQL: User is blocked (addComment)
[11:01:59]   Checking lingdojo/kana-dojo#7606: priority=100, comments=1
[11:01:59] *** DISCOVERED: lingdojo/kana-dojo#7606 (priority: 100, 1 comments) ***
[11:01:59] >>> Posting on discovered issue lingdojo/kana-dojo#7606
[11:02:01] FAILED to post on lingdojo/kana-dojo#7606: GraphQL: User is blocked (addComment)
[11:02:01]   Checking lingdojo/kana-dojo#7605: priority=100, comments=1
[11:02:01] *** DISCOVERED: lingdojo/kana-dojo#7605 (priority: 100, 1 comments) ***
[11:02:01] >>> Posting on discovered issue lingdojo/kana-dojo#7605
[11:02:02] FAILED to post on lingdojo/kana-dojo#7605: GraphQL: User is blocked (addComment)
[11:02:02]   Checking lingdojo/kana-dojo#7604: priority=100, comments=1
[11:02:02] *** DISCOVERED: lingdojo/kana-dojo#7604 (priority: 100, 1 comments) ***
[11:02:02] >>> Posting on discovered issue lingdojo/kana-dojo#7604
[11:02:03] FAILED to post on lingdojo/kana-dojo#7604: GraphQL: User is blocked (addComment)
[11:02:04]   Checking lingdojo/kana-dojo#7603: priority=100, comments=1
[11:02:04] *** DISCOVERED: lingdojo/kana-dojo#7603 (priority: 100, 1 comments) ***
[11:02:04] >>> Posting on discovered issue lingdojo/kana-dojo#7603
[11:02:05] FAILED to post on lingdojo/kana-dojo#7603: GraphQL: User is blocked (addComment)
[11:02:05]   Checking lingdojo/kana-dojo#7601: priority=100, comments=1
[11:02:05] *** DISCOVERED: lingdojo/kana-dojo#7601 (priority: 100, 1 comments) ***
[11:02:05] >>> Posting on discovered issue lingdojo/kana-dojo#7601
[11:02:06] FAILED to post on lingdojo/kana-dojo#7601: GraphQL: User is blocked (addComment)
[11:02:06]   Checking lingdojo/kana-dojo#7600: priority=100, comments=4
[11:02:06] *** DISCOVERED: lingdojo/kana-dojo#7600 (priority: 100, 4 comments) ***
[11:02:06] >>> Posting on discovered issue lingdojo/kana-dojo#7600
[11:02:07] FAILED to post on lingdojo/kana-dojo#7600: GraphQL: User is blocked (addComment)
[11:02:08]   Checking lingdojo/kana-dojo#7599: priority=100, comments=1
[11:02:08] *** DISCOVERED: lingdojo/kana-dojo#7599 (priority: 100, 1 comments) ***
[11:02:08] >>> Posting on discovered issue lingdojo/kana-dojo#7599
[11:02:09] FAILED to post on lingdojo/kana-dojo#7599: GraphQL: User is blocked (addComment)
[11:02:09]   Checking lingdojo/kana-dojo#7598: priority=100, comments=1
[11:02:09] *** DISCOVERED: lingdojo/kana-dojo#7598 (priority: 100, 1 comments) ***
[11:02:09] >>> Posting on discovered issue lingdojo/kana-dojo#7598
[11:02:10] FAILED to post on lingdojo/kana-dojo#7598: GraphQL: User is blocked (addComment)
[11:02:10] Checked 20 issues, discovered 20 high-priority ones
[11:02:10] STEP 3: Checking follow-ups
[11:02:12] STEP 4: Building action items list
[11:02:12] STEP 5: Updating metrics
[11:02:12] === SUMMARY ===
[11:02:12] Notifications: 70
[11:02:12] Posted: 0
[11:02:12] Consent opportunities: 20
[11:02:12] Stale issues: 0
[11:02:12] Need follow-up: 0
[11:02:12] Merge conflicts: 0
[11:02:12] Total tracked: 58
[11:02:12] Check complete
