=== GitHub Commit Check: Sun Mar  8 09:40:17 AM CST 2026 ===
On branch master
Your branch is up to date with 'origin/master'.

Changes not staged for commit:
  (use "git add <file>..." to update what will be committed)
  (use "git restore <file>..." to discard changes in working directory)
  (commit or discard the untracked or modified content in submodules)
	modified:   agent-stamina (untracked content)
	modified:   cron-logs/already-posted.json
	modified:   cron-logs/backup-20260307-214955.log
	modified:   cron-logs/consent-opportunities-20260307.json
	modified:   cron-logs/github-metrics.json
	modified:   cron-logs/moltbook-metrics.json
	modified:   memory-logs/memory-2026-03-07.jsonl

Untracked files:
  (use "git add <file>..." to include in what will be committed)
	cron-logs/action-required-20260308.json
	cron-logs/agent-stamina-20260307-225625.log
	cron-logs/browser-restart-20260308-030154.log
	cron-logs/consent-opportunities-20260308.json
	cron-logs/github-commit-20260308-094017.log
	cron-logs/github-sla-20260307-220001.log
	cron-logs/github-sla-20260307-223001.log
	cron-logs/github-sla-20260307-230002.log
	cron-logs/github-sla-20260307-233001.log
	cron-logs/github-sla-20260308-000001.log
	cron-logs/github-sla-20260308-003001.log
	cron-logs/github-sla-20260308-010001.log
	cron-logs/github-sla-20260308-013001.log
	cron-logs/github-sla-20260308-020001.log
	cron-logs/github-sla-20260308-023001.log
	cron-logs/github-sla-20260308-030001.log
	cron-logs/github-sla-20260308-033001.log
	cron-logs/github-sla-20260308-040001.log
	cron-logs/github-sla-20260308-043001.log
	cron-logs/github-sla-20260308-050001.log
	cron-logs/github-sla-20260308-053001.log
	cron-logs/github-sla-20260308-060001.log
	cron-logs/github-sla-20260308-063001.log
	cron-logs/github-sla-20260308-070001.log
	cron-logs/github-sla-20260308-073001.log
	cron-logs/github-sla-20260308-080001.log
	cron-logs/github-sla-20260308-083002.log
	cron-logs/github-sla-20260308-090001.log
	cron-logs/github-sla-20260308-093002.log
	cron-logs/memory-20260307-215001.log
	cron-logs/memory-20260307-220001.log
	cron-logs/memory-20260307-221001.log
	cron-logs/memory-20260307-222001.log
	cron-logs/memory-20260307-223001.log
	cron-logs/memory-20260307-224001.log
	cron-logs/memory-20260307-225001.log
	cron-logs/memory-20260307-230001.log
	cron-logs/memory-20260307-231001.log
	cron-logs/memory-20260307-232001.log
	cron-logs/memory-20260307-233001.log
	cron-logs/memory-20260307-234001.log
	cron-logs/memory-20260307-235001.log
	cron-logs/memory-20260308-000001.log
	cron-logs/memory-20260308-001001.log
	cron-logs/memory-20260308-002001.log
	cron-logs/memory-20260308-003001.log
	cron-logs/memory-20260308-004001.log
	cron-logs/memory-20260308-005001.log
	cron-logs/memory-20260308-010001.log
	cron-logs/memory-20260308-011001.log
	cron-logs/memory-20260308-012001.log
	cron-logs/memory-20260308-013001.log
	cron-logs/memory-20260308-014002.log
	cron-logs/memory-20260308-015001.log
	cron-logs/memory-20260308-020001.log
	cron-logs/memory-20260308-021001.log
	cron-logs/memory-20260308-022001.log
	cron-logs/memory-20260308-023001.log
	cron-logs/memory-20260308-024001.log
	cron-logs/memory-20260308-025001.log
	cron-logs/memory-20260308-030001.log
	cron-logs/memory-20260308-031001.log
	cron-logs/memory-20260308-032001.log
	cron-logs/memory-20260308-033001.log
	cron-logs/memory-20260308-034001.log
	cron-logs/memory-20260308-035001.log
	cron-logs/memory-20260308-040001.log
	cron-logs/memory-20260308-041001.log
	cron-logs/memory-20260308-042001.log
	cron-logs/memory-20260308-043001.log
	cron-logs/memory-20260308-044001.log
	cron-logs/memory-20260308-045001.log
	cron-logs/memory-20260308-050001.log
	cron-logs/memory-20260308-051001.log
	cron-logs/memory-20260308-052001.log
	cron-logs/memory-20260308-053001.log
	cron-logs/memory-20260308-054001.log
	cron-logs/memory-20260308-055001.log
	cron-logs/memory-20260308-060001.log
	cron-logs/memory-20260308-061001.log
	cron-logs/memory-20260308-062001.log
	cron-logs/memory-20260308-063001.log
	cron-logs/memory-20260308-064001.log
	cron-logs/memory-20260308-065001.log
	cron-logs/memory-20260308-070001.log
	cron-logs/memory-20260308-071001.log
	cron-logs/memory-20260308-072001.log
	cron-logs/memory-20260308-073001.log
	cron-logs/memory-20260308-074001.log
	cron-logs/memory-20260308-075001.log
	cron-logs/memory-20260308-080001.log
	cron-logs/memory-20260308-081001.log
	cron-logs/memory-20260308-082001.log
	cron-logs/memory-20260308-083002.log
	cron-logs/memory-20260308-084001.log
	cron-logs/memory-20260308-085001.log
	cron-logs/memory-20260308-090001.log
	cron-logs/memory-20260308-091001.log
	cron-logs/memory-20260308-092001.log
	cron-logs/memory-20260308-093002.log
	cron-logs/memory-20260308-094001.log
	cron-logs/moltbook-20260307-220001.log
	cron-logs/moltbook-20260307-223001.log
	cron-logs/moltbook-20260307-230002.log
	cron-logs/moltbook-20260307-233001.log
	cron-logs/moltbook-20260308-000001.log
	cron-logs/moltbook-20260308-003001.log
	cron-logs/moltbook-20260308-010001.log
	cron-logs/moltbook-20260308-013001.log
	cron-logs/moltbook-20260308-020001.log
	cron-logs/moltbook-20260308-023001.log
	cron-logs/moltbook-20260308-030001.log
	cron-logs/moltbook-20260308-033001.log
	cron-logs/moltbook-20260308-040001.log
	cron-logs/moltbook-20260308-043001.log
	cron-logs/moltbook-20260308-050001.log
	cron-logs/moltbook-20260308-053001.log
	cron-logs/moltbook-20260308-060001.log
	cron-logs/moltbook-20260308-063001.log
	cron-logs/moltbook-20260308-070001.log
	cron-logs/moltbook-20260308-073001.log
	cron-logs/moltbook-20260308-080001.log
	cron-logs/moltbook-20260308-083001.log
	cron-logs/moltbook-20260308-090001.log
	cron-logs/moltbook-20260308-093002.log
	cron-logs/research-20260308-090001.log
	diary/2026-03-08-research-live.md
	memory-logs/memory-2026-03-08.jsonl

no changes added to commit (use "git add" and/or "git commit -a")
