=== GitHub SLA Check: Mon Mar  9 06:30:01 AM CST 2026 ===
[06:30:01] STEP 0: Cleaning old data
[06:30:01] Checking tracked issues for closures...
[06:30:12] Cleanup complete
[06:30:12] STEP 1: Processing notifications
[06:30:13] Found 71 notifications
[06:30:34] VATSIM-UK/UK-Sector-File#6064: Already assigned, skipping
[06:30:39] pytorch-tabular/pytorch_tabular#605: Too old (42 days), skipping
[06:30:57] activist-org/activist#1925: Already assigned, skipping
[06:31:14] microsoft/vscode#288770: Already assigned, skipping
[06:31:19] lucasjinreal/Kokoros#61: Too old (380 days), skipping
[06:31:48] STEP 2: Checking my PRs
[06:31:49] STEP 2.5: Proactive discovery - finding new issues
[06:31:49] Searching for good-first-issues...
[06:31:51] Found 20 good-first-issues from search
[06:31:51]   Skipping VATSIM-UK/UK-Sector-File#6069: Already tracked
[06:31:51]   Checking lingdojo/kana-dojo#7665: priority=100, comments=1
[06:31:51] *** DISCOVERED: lingdojo/kana-dojo#7665 (priority: 100, 1 comments) ***
[06:31:51] >>> Posting on discovered issue lingdojo/kana-dojo#7665
[06:31:52] FAILED to post on lingdojo/kana-dojo#7665: GraphQL: User is blocked (addComment)
[06:31:52]   Checking lingdojo/kana-dojo#7664: priority=100, comments=1
[06:31:52] *** DISCOVERED: lingdojo/kana-dojo#7664 (priority: 100, 1 comments) ***
[06:31:52] >>> Posting on discovered issue lingdojo/kana-dojo#7664
[06:31:53] FAILED to post on lingdojo/kana-dojo#7664: GraphQL: User is blocked (addComment)
[06:31:53]   Checking lingdojo/kana-dojo#7663: priority=100, comments=2
[06:31:54] *** DISCOVERED: lingdojo/kana-dojo#7663 (priority: 100, 2 comments) ***
[06:31:54] >>> Posting on discovered issue lingdojo/kana-dojo#7663
[06:31:54] FAILED to post on lingdojo/kana-dojo#7663: GraphQL: User is blocked (addComment)
[06:31:55]   Checking lingdojo/kana-dojo#7662: priority=100, comments=1
[06:31:55] *** DISCOVERED: lingdojo/kana-dojo#7662 (priority: 100, 1 comments) ***
[06:31:55] >>> Posting on discovered issue lingdojo/kana-dojo#7662
[06:31:56] FAILED to post on lingdojo/kana-dojo#7662: GraphQL: User is blocked (addComment)
[06:31:56]   Checking lingdojo/kana-dojo#7661: priority=100, comments=1
[06:31:56] *** DISCOVERED: lingdojo/kana-dojo#7661 (priority: 100, 1 comments) ***
[06:31:56] >>> Posting on discovered issue lingdojo/kana-dojo#7661
[06:31:57] FAILED to post on lingdojo/kana-dojo#7661: GraphQL: User is blocked (addComment)
[06:31:57]   Checking lingdojo/kana-dojo#7660: priority=100, comments=1
[06:31:57] *** DISCOVERED: lingdojo/kana-dojo#7660 (priority: 100, 1 comments) ***
[06:31:57] >>> Posting on discovered issue lingdojo/kana-dojo#7660
[06:31:58] FAILED to post on lingdojo/kana-dojo#7660: GraphQL: User is blocked (addComment)
[06:31:59]   Checking lingdojo/kana-dojo#7659: priority=100, comments=1
[06:31:59] *** DISCOVERED: lingdojo/kana-dojo#7659 (priority: 100, 1 comments) ***
[06:31:59] >>> Posting on discovered issue lingdojo/kana-dojo#7659
[06:32:00] FAILED to post on lingdojo/kana-dojo#7659: GraphQL: User is blocked (addComment)
[06:32:00]   Checking lingdojo/kana-dojo#7658: priority=100, comments=1
[06:32:00] *** DISCOVERED: lingdojo/kana-dojo#7658 (priority: 100, 1 comments) ***
[06:32:00] >>> Posting on discovered issue lingdojo/kana-dojo#7658
[06:32:01] FAILED to post on lingdojo/kana-dojo#7658: GraphQL: User is blocked (addComment)
[06:32:01]   Checking lingdojo/kana-dojo#7657: priority=100, comments=1
[06:32:01] *** DISCOVERED: lingdojo/kana-dojo#7657 (priority: 100, 1 comments) ***
[06:32:01] >>> Posting on discovered issue lingdojo/kana-dojo#7657
[06:32:02] FAILED to post on lingdojo/kana-dojo#7657: GraphQL: User is blocked (addComment)
[06:32:03]   Checking lingdojo/kana-dojo#7656: priority=100, comments=1
[06:32:03] *** DISCOVERED: lingdojo/kana-dojo#7656 (priority: 100, 1 comments) ***
[06:32:03] >>> Posting on discovered issue lingdojo/kana-dojo#7656
[06:32:04] FAILED to post on lingdojo/kana-dojo#7656: GraphQL: User is blocked (addComment)
[06:32:04]   Checking lingdojo/kana-dojo#7654: priority=100, comments=1
[06:32:04] *** DISCOVERED: lingdojo/kana-dojo#7654 (priority: 100, 1 comments) ***
[06:32:04] >>> Posting on discovered issue lingdojo/kana-dojo#7654
[06:32:05] FAILED to post on lingdojo/kana-dojo#7654: GraphQL: User is blocked (addComment)
[06:32:05]   Skipping windoze95/nullfeed-flutter#17: Already tracked
[06:32:06]   Skipping windoze95/nullfeed-backend#29: Already tracked
[06:32:06]   Skipping windoze95/nullfeed-backend#28: Already tracked
[06:32:06]   Checking lingdojo/kana-dojo#7653: priority=100, comments=1
[06:32:06] *** DISCOVERED: lingdojo/kana-dojo#7653 (priority: 100, 1 comments) ***
[06:32:06] >>> Posting on discovered issue lingdojo/kana-dojo#7653
[06:32:08] FAILED to post on lingdojo/kana-dojo#7653: GraphQL: User is blocked (addComment)
[06:32:08]   Checking lingdojo/kana-dojo#7652: priority=100, comments=1
[06:32:08] *** DISCOVERED: lingdojo/kana-dojo#7652 (priority: 100, 1 comments) ***
[06:32:08] >>> Posting on discovered issue lingdojo/kana-dojo#7652
[06:32:10] FAILED to post on lingdojo/kana-dojo#7652: GraphQL: User is blocked (addComment)
[06:32:10]   Checking lingdojo/kana-dojo#7651: priority=100, comments=2
[06:32:10] *** DISCOVERED: lingdojo/kana-dojo#7651 (priority: 100, 2 comments) ***
[06:32:10] >>> Posting on discovered issue lingdojo/kana-dojo#7651
[06:32:11] FAILED to post on lingdojo/kana-dojo#7651: GraphQL: User is blocked (addComment)
[06:32:11]   Checking lingdojo/kana-dojo#7649: priority=100, comments=1
[06:32:11] *** DISCOVERED: lingdojo/kana-dojo#7649 (priority: 100, 1 comments) ***
[06:32:11] >>> Posting on discovered issue lingdojo/kana-dojo#7649
[06:32:12] FAILED to post on lingdojo/kana-dojo#7649: GraphQL: User is blocked (addComment)
[06:32:12]   Checking lingdojo/kana-dojo#7648: priority=100, comments=1
[06:32:12] *** DISCOVERED: lingdojo/kana-dojo#7648 (priority: 100, 1 comments) ***
[06:32:12] >>> Posting on discovered issue lingdojo/kana-dojo#7648
[06:32:13] FAILED to post on lingdojo/kana-dojo#7648: GraphQL: User is blocked (addComment)
[06:32:13] Checked 20 issues, discovered 16 high-priority ones
[06:32:13] STEP 3: Checking follow-ups
[06:32:15] STEP 4: Building action items list
[06:32:15] STEP 5: Updating metrics
[06:32:15] === SUMMARY ===
[06:32:15] Notifications: 71
[06:32:15] Posted: 0
[06:32:15] Consent opportunities: 16
[06:32:15] Stale issues: 0
[06:32:15] Need follow-up: 0
[06:32:15] Merge conflicts: 0
[06:32:15] Total tracked: 62
[06:32:15] Check complete
