=== GitHub SLA Check: Sat Mar  7 10:00:01 AM CST 2026 ===
[10:00:01] STEP 0: Cleaning old data
[10:00:01] Checking tracked issues for closures...
[10:00:13] Cleanup complete
[10:00:13] STEP 1: Processing notifications
[10:00:15] Found 68 notifications
[10:00:21] pytorch-tabular/pytorch_tabular#605: Too old (40 days), skipping
[10:00:46] activist-org/activist#1925: Already assigned, skipping
[10:01:06] microsoft/vscode#288770: Already assigned, skipping
[10:01:11] lucasjinreal/Kokoros#61: Too old (379 days), skipping
[10:01:43] STEP 2: Checking my PRs
[10:01:47] STEP 2.5: Proactive discovery - finding new issues
[10:01:47] Searching for good-first-issues...
[10:01:49] Found 20 good-first-issues from search
[10:01:49]   Skipping GreatJobTommy/DIT-Transfer-Tools#72: Already tracked
[10:01:49]   Skipping GreatJobTommy/DIT-Transfer-Tools#73: Already tracked
[10:01:49]   Skipping PatrickB1905/wealthwise#12: Already tracked
[10:01:49]   Skipping mynextproject-portfolio/recipe-explorer-lite-ildarakhmetov#1: Already tracked
[10:01:49]   Skipping rajmahadev422/Learn-To-PR#7: Already tracked
[10:01:49]   Skipping finnoybu/aegis-governance#12: Already tracked
[10:01:49]   Skipping Vexa-ai/vexa#160: Already tracked
[10:01:49]   Skipping rajmahadev422/Learn-To-PR#3: Already tracked
[10:01:49]   Skipping VATSIM-UK/UK-Sector-File#6064: Already tracked
[10:01:49]   Skipping Vexa-ai/vexa#155: Already tracked
[10:01:49]   Skipping windoze95/nullfeed-flutter#12: Already tracked
[10:01:50]   Skipping windoze95/nullfeed-backend#22: Already tracked
[10:01:50]   Skipping brendankowitz/FHIR-Tools-for-Anonymization#64: Too many comments (6)
[10:01:50]   Skipping brendankowitz/FHIR-Tools-for-Anonymization#63: Too many comments (6)
[10:01:50]   Skipping brendankowitz/FHIR-Tools-for-Anonymization#62: Already tracked
[10:01:50]   Skipping brendankowitz/FHIR-Tools-for-Anonymization#61: Too many comments (7)
[10:01:50]   Skipping cclib/cclib#1746: Already tracked
[10:01:50]   Skipping ray-project/kuberay#4568: Already tracked
[10:01:50]   Skipping mynextproject-portfolio/recipe-explorer-lite-yuewang199511#1: Already tracked
[10:01:50]   Skipping tensorzero/tensorzero#6750: Blocked repo
[10:01:50] Checked 20 issues, discovered 0 high-priority ones
[10:01:50] STEP 3: Checking follow-ups
[10:01:51] STEP 4: Building action items list
[10:01:51] STEP 5: Updating metrics
[10:01:51] === SUMMARY ===
[10:01:51] Notifications: 68
[10:01:51] Posted: 0
[10:01:51] Consent opportunities: 0
[10:01:51] Stale issues: 0
[10:01:51] Need follow-up: 0
[10:01:51] Merge conflicts: 0
[10:01:51] Total tracked: 38
[10:01:51] Check complete
