=== GitHub SLA Check: Sat Mar  7 03:00:01 AM CST 2026 ===
[03:00:01] STEP 0: Cleaning old data
[03:00:01] Checking tracked issues for closures...
[03:00:13] Cleanup complete
[03:00:13] STEP 1: Processing notifications
[03:00:15] Found 63 notifications
[03:00:38] activist-org/activist#1925: Already assigned, skipping
[03:01:00] microsoft/vscode#288770: Already assigned, skipping
[03:01:09] lucasjinreal/Kokoros#61: Too old (378 days), skipping
[03:01:44] STEP 2: Checking my PRs
[03:01:47] STEP 3: Checking follow-ups
[03:01:48] STEP 4: Building action items list
[03:01:48] STEP 5: Updating metrics
[03:01:48] === SUMMARY ===
[03:01:48] Notifications: 63
[03:01:48] Posted: 0
[03:01:48] Consent opportunities: 0
[03:01:48] Stale issues: 0
[03:01:48] Need follow-up: 0
[03:01:48] Merge conflicts: 0
[03:01:48] Total tracked: 21
[03:01:48] Check complete
