=== GitHub SLA Check: Mon Mar  9 12:30:01 AM CST 2026 ===
[00:30:01] STEP 0: Cleaning old data
[00:30:01] Checking tracked issues for closures...
[00:30:12] Cleanup complete
[00:30:12] STEP 1: Processing notifications
[00:30:13] Found 70 notifications
[00:30:32] VATSIM-UK/UK-Sector-File#6064: Already assigned, skipping
[00:30:35] pytorch-tabular/pytorch_tabular#605: Too old (42 days), skipping
[00:30:53] activist-org/activist#1925: Already assigned, skipping
[00:31:10] microsoft/vscode#288770: Already assigned, skipping
[00:31:14] lucasjinreal/Kokoros#61: Too old (380 days), skipping
[00:31:43] STEP 2: Checking my PRs
[00:31:44] STEP 2.5: Proactive discovery - finding new issues
[00:31:44] Searching for good-first-issues...
[00:31:46] Found 20 good-first-issues from search
[00:31:46]   Checking lingdojo/kana-dojo#7665: priority=100, comments=1
[00:31:46] *** DISCOVERED: lingdojo/kana-dojo#7665 (priority: 100, 1 comments) ***
[00:31:46] >>> Posting on discovered issue lingdojo/kana-dojo#7665
[00:31:47] FAILED to post on lingdojo/kana-dojo#7665: GraphQL: User is blocked (addComment)
[00:31:47]   Checking lingdojo/kana-dojo#7664: priority=100, comments=1
[00:31:47] *** DISCOVERED: lingdojo/kana-dojo#7664 (priority: 100, 1 comments) ***
[00:31:47] >>> Posting on discovered issue lingdojo/kana-dojo#7664
[00:31:48] FAILED to post on lingdojo/kana-dojo#7664: GraphQL: User is blocked (addComment)
[00:31:48]   Checking lingdojo/kana-dojo#7663: priority=100, comments=1
[00:31:48] *** DISCOVERED: lingdojo/kana-dojo#7663 (priority: 100, 1 comments) ***
[00:31:48] >>> Posting on discovered issue lingdojo/kana-dojo#7663
[00:31:49] FAILED to post on lingdojo/kana-dojo#7663: GraphQL: User is blocked (addComment)
[00:31:49]   Checking lingdojo/kana-dojo#7662: priority=100, comments=1
[00:31:49] *** DISCOVERED: lingdojo/kana-dojo#7662 (priority: 100, 1 comments) ***
[00:31:49] >>> Posting on discovered issue lingdojo/kana-dojo#7662
[00:31:50] FAILED to post on lingdojo/kana-dojo#7662: GraphQL: User is blocked (addComment)
[00:31:51]   Checking lingdojo/kana-dojo#7661: priority=100, comments=1
[00:31:51] *** DISCOVERED: lingdojo/kana-dojo#7661 (priority: 100, 1 comments) ***
[00:31:51] >>> Posting on discovered issue lingdojo/kana-dojo#7661
[00:31:51] FAILED to post on lingdojo/kana-dojo#7661: GraphQL: User is blocked (addComment)
[00:31:52]   Checking lingdojo/kana-dojo#7660: priority=100, comments=1
[00:31:52] *** DISCOVERED: lingdojo/kana-dojo#7660 (priority: 100, 1 comments) ***
[00:31:52] >>> Posting on discovered issue lingdojo/kana-dojo#7660
[00:31:53] FAILED to post on lingdojo/kana-dojo#7660: GraphQL: User is blocked (addComment)
[00:31:53]   Checking lingdojo/kana-dojo#7659: priority=100, comments=1
[00:31:53] *** DISCOVERED: lingdojo/kana-dojo#7659 (priority: 100, 1 comments) ***
[00:31:53] >>> Posting on discovered issue lingdojo/kana-dojo#7659
[00:31:54] FAILED to post on lingdojo/kana-dojo#7659: GraphQL: User is blocked (addComment)
[00:31:54]   Checking lingdojo/kana-dojo#7658: priority=100, comments=1
[00:31:54] *** DISCOVERED: lingdojo/kana-dojo#7658 (priority: 100, 1 comments) ***
[00:31:54] >>> Posting on discovered issue lingdojo/kana-dojo#7658
[00:31:55] FAILED to post on lingdojo/kana-dojo#7658: GraphQL: User is blocked (addComment)
[00:31:55]   Checking lingdojo/kana-dojo#7657: priority=100, comments=1
[00:31:55] *** DISCOVERED: lingdojo/kana-dojo#7657 (priority: 100, 1 comments) ***
[00:31:55] >>> Posting on discovered issue lingdojo/kana-dojo#7657
[00:31:56] FAILED to post on lingdojo/kana-dojo#7657: GraphQL: User is blocked (addComment)
[00:31:57]   Checking lingdojo/kana-dojo#7656: priority=100, comments=1
[00:31:57] *** DISCOVERED: lingdojo/kana-dojo#7656 (priority: 100, 1 comments) ***
[00:31:57] >>> Posting on discovered issue lingdojo/kana-dojo#7656
[00:31:57] FAILED to post on lingdojo/kana-dojo#7656: GraphQL: User is blocked (addComment)
[00:31:58]   Checking lingdojo/kana-dojo#7654: priority=100, comments=1
[00:31:58] *** DISCOVERED: lingdojo/kana-dojo#7654 (priority: 100, 1 comments) ***
[00:31:58] >>> Posting on discovered issue lingdojo/kana-dojo#7654
[00:31:59] FAILED to post on lingdojo/kana-dojo#7654: GraphQL: User is blocked (addComment)
[00:31:59]   Skipping windoze95/nullfeed-flutter#17: Already tracked
[00:31:59]   Skipping windoze95/nullfeed-backend#29: Already tracked
[00:31:59]   Skipping windoze95/nullfeed-backend#28: Already tracked
[00:32:00]   Checking lingdojo/kana-dojo#7653: priority=100, comments=1
[00:32:00] *** DISCOVERED: lingdojo/kana-dojo#7653 (priority: 100, 1 comments) ***
[00:32:00] >>> Posting on discovered issue lingdojo/kana-dojo#7653
[00:32:01] FAILED to post on lingdojo/kana-dojo#7653: GraphQL: User is blocked (addComment)
[00:32:01]   Checking lingdojo/kana-dojo#7652: priority=100, comments=1
[00:32:01] *** DISCOVERED: lingdojo/kana-dojo#7652 (priority: 100, 1 comments) ***
[00:32:01] >>> Posting on discovered issue lingdojo/kana-dojo#7652
[00:32:02] FAILED to post on lingdojo/kana-dojo#7652: GraphQL: User is blocked (addComment)
[00:32:02]   Checking lingdojo/kana-dojo#7651: priority=100, comments=2
[00:32:02] *** DISCOVERED: lingdojo/kana-dojo#7651 (priority: 100, 2 comments) ***
[00:32:02] >>> Posting on discovered issue lingdojo/kana-dojo#7651
[00:32:03] FAILED to post on lingdojo/kana-dojo#7651: GraphQL: User is blocked (addComment)
[00:32:04]   Checking lingdojo/kana-dojo#7649: priority=100, comments=1
[00:32:04] *** DISCOVERED: lingdojo/kana-dojo#7649 (priority: 100, 1 comments) ***
[00:32:04] >>> Posting on discovered issue lingdojo/kana-dojo#7649
[00:32:04] FAILED to post on lingdojo/kana-dojo#7649: GraphQL: User is blocked (addComment)
[00:32:05]   Checking lingdojo/kana-dojo#7648: priority=100, comments=1
[00:32:05] *** DISCOVERED: lingdojo/kana-dojo#7648 (priority: 100, 1 comments) ***
[00:32:05] >>> Posting on discovered issue lingdojo/kana-dojo#7648
[00:32:06] FAILED to post on lingdojo/kana-dojo#7648: GraphQL: User is blocked (addComment)
[00:32:06]   Checking lingdojo/kana-dojo#7646: priority=100, comments=1
[00:32:06] *** DISCOVERED: lingdojo/kana-dojo#7646 (priority: 100, 1 comments) ***
[00:32:06] >>> Posting on discovered issue lingdojo/kana-dojo#7646
[00:32:07] FAILED to post on lingdojo/kana-dojo#7646: GraphQL: User is blocked (addComment)
[00:32:07] Checked 20 issues, discovered 17 high-priority ones
[00:32:07] STEP 3: Checking follow-ups
[00:32:09] STEP 4: Building action items list
[00:32:09] STEP 5: Updating metrics
[00:32:09] === SUMMARY ===
[00:32:09] Notifications: 70
[00:32:09] Posted: 0
[00:32:09] Consent opportunities: 17
[00:32:09] Stale issues: 0
[00:32:09] Need follow-up: 0
[00:32:09] Merge conflicts: 0
[00:32:09] Total tracked: 61
[00:32:09] Check complete
