=== GitHub SLA Check: Sun Mar  8 09:00:01 AM CST 2026 ===
[09:00:01] STEP 0: Cleaning old data
[09:00:01] Checking tracked issues for closures...
[09:00:12] Cleanup complete
[09:00:12] STEP 1: Processing notifications
[09:00:14] Found 70 notifications
[09:00:28] VATSIM-UK/UK-Sector-File#6064: Already assigned, skipping
[09:00:32] pytorch-tabular/pytorch_tabular#605: Too old (41 days), skipping
[09:00:52] activist-org/activist#1925: Already assigned, skipping
[09:01:09] microsoft/vscode#288770: Already assigned, skipping
[09:01:15] lucasjinreal/Kokoros#61: Too old (380 days), skipping
[09:01:46] STEP 2: Checking my PRs
[09:01:48] STEP 2.5: Proactive discovery - finding new issues
[09:01:48] Searching for good-first-issues...
[09:01:50] Found 20 good-first-issues from search
[09:01:50]   Checking lingdojo/kana-dojo#7610: priority=100, comments=1
[09:01:50] *** DISCOVERED: lingdojo/kana-dojo#7610 (priority: 100, 1 comments) ***
[09:01:50] >>> Posting on discovered issue lingdojo/kana-dojo#7610
[09:01:51] FAILED to post on lingdojo/kana-dojo#7610: GraphQL: User is blocked (addComment)
[09:01:52]   Checking lingdojo/kana-dojo#7609: priority=100, comments=1
[09:01:52] *** DISCOVERED: lingdojo/kana-dojo#7609 (priority: 100, 1 comments) ***
[09:01:52] >>> Posting on discovered issue lingdojo/kana-dojo#7609
[09:01:53] FAILED to post on lingdojo/kana-dojo#7609: GraphQL: User is blocked (addComment)
[09:01:53]   Checking lingdojo/kana-dojo#7608: priority=100, comments=1
[09:01:53] *** DISCOVERED: lingdojo/kana-dojo#7608 (priority: 100, 1 comments) ***
[09:01:53] >>> Posting on discovered issue lingdojo/kana-dojo#7608
[09:01:54] FAILED to post on lingdojo/kana-dojo#7608: GraphQL: User is blocked (addComment)
[09:01:54]   Checking lingdojo/kana-dojo#7607: priority=100, comments=1
[09:01:54] *** DISCOVERED: lingdojo/kana-dojo#7607 (priority: 100, 1 comments) ***
[09:01:54] >>> Posting on discovered issue lingdojo/kana-dojo#7607
[09:01:55] FAILED to post on lingdojo/kana-dojo#7607: GraphQL: User is blocked (addComment)
[09:01:55]   Checking lingdojo/kana-dojo#7606: priority=100, comments=1
[09:01:55] *** DISCOVERED: lingdojo/kana-dojo#7606 (priority: 100, 1 comments) ***
[09:01:55] >>> Posting on discovered issue lingdojo/kana-dojo#7606
[09:01:57] FAILED to post on lingdojo/kana-dojo#7606: GraphQL: User is blocked (addComment)
[09:01:57]   Checking lingdojo/kana-dojo#7605: priority=100, comments=1
[09:01:57] *** DISCOVERED: lingdojo/kana-dojo#7605 (priority: 100, 1 comments) ***
[09:01:57] >>> Posting on discovered issue lingdojo/kana-dojo#7605
[09:01:58] FAILED to post on lingdojo/kana-dojo#7605: GraphQL: User is blocked (addComment)
[09:01:58]   Checking lingdojo/kana-dojo#7604: priority=100, comments=1
[09:01:58] *** DISCOVERED: lingdojo/kana-dojo#7604 (priority: 100, 1 comments) ***
[09:01:58] >>> Posting on discovered issue lingdojo/kana-dojo#7604
[09:01:59] FAILED to post on lingdojo/kana-dojo#7604: GraphQL: User is blocked (addComment)
[09:01:59]   Checking lingdojo/kana-dojo#7603: priority=100, comments=1
[09:01:59] *** DISCOVERED: lingdojo/kana-dojo#7603 (priority: 100, 1 comments) ***
[09:01:59] >>> Posting on discovered issue lingdojo/kana-dojo#7603
[09:02:01] FAILED to post on lingdojo/kana-dojo#7603: GraphQL: User is blocked (addComment)
[09:02:01]   Checking lingdojo/kana-dojo#7601: priority=100, comments=1
[09:02:01] *** DISCOVERED: lingdojo/kana-dojo#7601 (priority: 100, 1 comments) ***
[09:02:01] >>> Posting on discovered issue lingdojo/kana-dojo#7601
[09:02:02] FAILED to post on lingdojo/kana-dojo#7601: GraphQL: User is blocked (addComment)
[09:02:02]   Checking lingdojo/kana-dojo#7600: priority=100, comments=4
[09:02:02] *** DISCOVERED: lingdojo/kana-dojo#7600 (priority: 100, 4 comments) ***
[09:02:02] >>> Posting on discovered issue lingdojo/kana-dojo#7600
[09:02:03] FAILED to post on lingdojo/kana-dojo#7600: GraphQL: User is blocked (addComment)
[09:02:04]   Checking lingdojo/kana-dojo#7599: priority=100, comments=1
[09:02:04] *** DISCOVERED: lingdojo/kana-dojo#7599 (priority: 100, 1 comments) ***
[09:02:04] >>> Posting on discovered issue lingdojo/kana-dojo#7599
[09:02:05] FAILED to post on lingdojo/kana-dojo#7599: GraphQL: User is blocked (addComment)
[09:02:05]   Checking lingdojo/kana-dojo#7598: priority=100, comments=1
[09:02:05] *** DISCOVERED: lingdojo/kana-dojo#7598 (priority: 100, 1 comments) ***
[09:02:05] >>> Posting on discovered issue lingdojo/kana-dojo#7598
[09:02:06] FAILED to post on lingdojo/kana-dojo#7598: GraphQL: User is blocked (addComment)
[09:02:07]   Checking lingdojo/kana-dojo#7597: priority=100, comments=1
[09:02:07] *** DISCOVERED: lingdojo/kana-dojo#7597 (priority: 100, 1 comments) ***
[09:02:07] >>> Posting on discovered issue lingdojo/kana-dojo#7597
[09:02:07] FAILED to post on lingdojo/kana-dojo#7597: GraphQL: User is blocked (addComment)
[09:02:08]   Checking lingdojo/kana-dojo#7596: priority=100, comments=1
[09:02:08] *** DISCOVERED: lingdojo/kana-dojo#7596 (priority: 100, 1 comments) ***
[09:02:08] >>> Posting on discovered issue lingdojo/kana-dojo#7596
[09:02:09] FAILED to post on lingdojo/kana-dojo#7596: GraphQL: User is blocked (addComment)
[09:02:09]   Checking lingdojo/kana-dojo#7595: priority=100, comments=1
[09:02:09] *** DISCOVERED: lingdojo/kana-dojo#7595 (priority: 100, 1 comments) ***
[09:02:09] >>> Posting on discovered issue lingdojo/kana-dojo#7595
[09:02:10] FAILED to post on lingdojo/kana-dojo#7595: GraphQL: User is blocked (addComment)
[09:02:11]   Checking lingdojo/kana-dojo#7594: priority=100, comments=1
[09:02:11] *** DISCOVERED: lingdojo/kana-dojo#7594 (priority: 100, 1 comments) ***
[09:02:11] >>> Posting on discovered issue lingdojo/kana-dojo#7594
[09:02:12] FAILED to post on lingdojo/kana-dojo#7594: GraphQL: User is blocked (addComment)
[09:02:12]   Checking lingdojo/kana-dojo#7593: priority=100, comments=1
[09:02:12] *** DISCOVERED: lingdojo/kana-dojo#7593 (priority: 100, 1 comments) ***
[09:02:12] >>> Posting on discovered issue lingdojo/kana-dojo#7593
[09:02:13] FAILED to post on lingdojo/kana-dojo#7593: GraphQL: User is blocked (addComment)
[09:02:13]   Checking lingdojo/kana-dojo#7590: priority=100, comments=2
[09:02:13] *** DISCOVERED: lingdojo/kana-dojo#7590 (priority: 100, 2 comments) ***
[09:02:13] >>> Posting on discovered issue lingdojo/kana-dojo#7590
[09:02:14] FAILED to post on lingdojo/kana-dojo#7590: GraphQL: User is blocked (addComment)
[09:02:14]   Skipping lingdojo/kana-dojo#7589: Already tracked
[09:02:14]   Skipping lingdojo/kana-dojo#7588: Already tracked
[09:02:14] Checked 20 issues, discovered 18 high-priority ones
[09:02:14] STEP 3: Checking follow-ups
[09:02:16] STEP 4: Building action items list
[09:02:16] STEP 5: Updating metrics
[09:02:16] === SUMMARY ===
[09:02:16] Notifications: 70
[09:02:16] Posted: 0
[09:02:16] Consent opportunities: 18
[09:02:16] Stale issues: 0
[09:02:16] Need follow-up: 0
[09:02:16] Merge conflicts: 0
[09:02:16] Total tracked: 58
[09:02:16] Check complete
