=== GitHub SLA Check: Tue Mar 10 07:00:01 AM CST 2026 ===
[07:00:01] STEP 0: Cleaning old data
[07:00:01] Checking tracked issues for closures...
[07:00:13] Cleanup complete
[07:00:13] STEP 1: Processing notifications
[07:00:15] Found 79 notifications
[07:00:17] djangonaut-space/wagtail-indymeet#713: Already assigned, skipping
[07:00:19] EndlessPixel/EndlessPixel-Modpack#35: Already assigned, skipping
[07:00:20] VATSIM-UK/UK-Sector-File#6064: Already assigned, skipping
[07:00:54] pytorch-tabular/pytorch_tabular#605: Too old (43 days), skipping
[07:01:13] activist-org/activist#1925: Already assigned, skipping
[07:01:29] microsoft/vscode#288770: Already assigned, skipping
[07:01:33] lucasjinreal/Kokoros#61: Too old (381 days), skipping
[07:02:03] STEP 2: Checking my PRs
[07:02:04] STEP 2.5: Proactive discovery - finding new issues
[07:02:04] Searching for good-first-issues...
[07:02:05] Found 20 good-first-issues from search
[07:02:06]   Skipping djangonaut-space/wagtail-indymeet#713: Already tracked
[07:02:06]   Skipping rajmahadev422/Learn-To-PR#16: Already tracked
[07:02:06]   Skipping EndlessPixel/EndlessPixel-Modpack#35: Too many comments (6)
[07:02:06]   Skipping rysweet/azlin#793: Already tracked
[07:02:06]   Skipping rysweet/amplihack#2981: Already tracked
[07:02:06]   Skipping rysweet/amplihack#2980: Already tracked
[07:02:06]   Skipping rysweet/amplihack#2979: Already tracked
[07:02:06]   Skipping rysweet/amplihack#2977: Already tracked
[07:02:06]   Skipping rysweet/amplihack#2976: Already tracked
[07:02:06]   Skipping brendankowitz/FHIR-Tools-for-Anonymization#80: Already tracked
[07:02:06]   Skipping windoze95/nullfeed-flutter#19: Already tracked
[07:02:06]   Skipping windoze95/nullfeed-backend#33: Already tracked
[07:02:06]   Skipping windoze95/nullfeed-backend#32: Already tracked
[07:02:06]   Skipping avni-j/synthetic-demo-app#12: Already tracked
[07:02:07]   Skipping T-SIG/tsig-prints#252: Already tracked
[07:02:07]   Skipping T-SIG/tsig-prints#249: Already tracked
[07:02:07]   Skipping T-SIG/tsig-prints#248: Already tracked
[07:02:07]   Skipping T-SIG/tsig-prints#247: Already tracked
[07:02:07]   Skipping T-SIG/tsig-prints#245: Already tracked
[07:02:07]   Skipping T-SIG/tsig-prints#244: Already tracked
[07:02:07] Checked 20 issues, discovered 0 high-priority ones
[07:02:07] STEP 3: Checking follow-ups
[07:02:33] FOLLOW-UP NEEDED: Vexa-ai/vexa#160 (no response in 3 days)
[07:02:40] FOLLOW-UP NEEDED: mynextproject-portfolio/recipe-explorer-lite-yuewang199511#1 (no response in 3 days)
[07:02:43] FOLLOW-UP NEEDED: Marormur/Website#158 (no response in 3 days)
[07:02:45] FOLLOW-UP NEEDED: Marormur/Website#160 (no response in 3 days)
[07:02:47] STEP 4: Building action items list
[07:02:47] STEP 5: Updating metrics
[07:02:47] === SUMMARY ===
[07:02:47] Notifications: 79
[07:02:47] Posted: 0
[07:02:47] Consent opportunities: 0
[07:02:47] Stale issues: 0
[07:02:47] Need follow-up: 10
[07:02:47] Merge conflicts: 0
[07:02:47] Total tracked: 101
[07:02:47] Check complete
