=== GitHub SLA Check: Mon Mar  9 02:00:02 AM CST 2026 ===
[02:00:02] STEP 0: Cleaning old data
[02:00:02] Checking tracked issues for closures...
[02:00:12] Cleanup complete
[02:00:12] STEP 1: Processing notifications
[02:00:14] Found 70 notifications
[02:00:33] VATSIM-UK/UK-Sector-File#6064: Already assigned, skipping
[02:00:37] pytorch-tabular/pytorch_tabular#605: Too old (42 days), skipping
[02:00:55] activist-org/activist#1925: Already assigned, skipping
[02:01:12] microsoft/vscode#288770: Already assigned, skipping
[02:01:16] lucasjinreal/Kokoros#61: Too old (380 days), skipping
[02:01:45] STEP 2: Checking my PRs
[02:01:46] STEP 2.5: Proactive discovery - finding new issues
[02:01:46] Searching for good-first-issues...
[02:01:47] Found 20 good-first-issues from search
[02:01:48]   Checking VATSIM-UK/UK-Sector-File#6069: priority=100, comments=0
[02:01:48] *** DISCOVERED: VATSIM-UK/UK-Sector-File#6069 (priority: 100, 0 comments) ***
[02:01:48] >>> Posting on discovered issue VATSIM-UK/UK-Sector-File#6069
[02:01:49] SUCCESS: Posted on VATSIM-UK/UK-Sector-File#6069
[02:01:54]   Checking lingdojo/kana-dojo#7665: priority=100, comments=1
[02:01:54] *** DISCOVERED: lingdojo/kana-dojo#7665 (priority: 100, 1 comments) ***
[02:01:54] >>> Posting on discovered issue lingdojo/kana-dojo#7665
[02:01:55] FAILED to post on lingdojo/kana-dojo#7665: GraphQL: User is blocked (addComment)
[02:01:55]   Checking lingdojo/kana-dojo#7664: priority=100, comments=1
[02:01:55] *** DISCOVERED: lingdojo/kana-dojo#7664 (priority: 100, 1 comments) ***
[02:01:55] >>> Posting on discovered issue lingdojo/kana-dojo#7664
[02:01:57] FAILED to post on lingdojo/kana-dojo#7664: GraphQL: User is blocked (addComment)
[02:01:57]   Checking lingdojo/kana-dojo#7663: priority=100, comments=1
[02:01:57] *** DISCOVERED: lingdojo/kana-dojo#7663 (priority: 100, 1 comments) ***
[02:01:57] >>> Posting on discovered issue lingdojo/kana-dojo#7663
[02:01:58] FAILED to post on lingdojo/kana-dojo#7663: GraphQL: User is blocked (addComment)
[02:01:58]   Checking lingdojo/kana-dojo#7662: priority=100, comments=1
[02:01:58] *** DISCOVERED: lingdojo/kana-dojo#7662 (priority: 100, 1 comments) ***
[02:01:58] >>> Posting on discovered issue lingdojo/kana-dojo#7662
[02:01:59] FAILED to post on lingdojo/kana-dojo#7662: GraphQL: User is blocked (addComment)
[02:02:00]   Checking lingdojo/kana-dojo#7661: priority=100, comments=1
[02:02:00] *** DISCOVERED: lingdojo/kana-dojo#7661 (priority: 100, 1 comments) ***
[02:02:00] >>> Posting on discovered issue lingdojo/kana-dojo#7661
[02:02:01] FAILED to post on lingdojo/kana-dojo#7661: GraphQL: User is blocked (addComment)
[02:02:01]   Checking lingdojo/kana-dojo#7660: priority=100, comments=1
[02:02:01] *** DISCOVERED: lingdojo/kana-dojo#7660 (priority: 100, 1 comments) ***
[02:02:01] >>> Posting on discovered issue lingdojo/kana-dojo#7660
[02:02:02] FAILED to post on lingdojo/kana-dojo#7660: GraphQL: User is blocked (addComment)
[02:02:02]   Checking lingdojo/kana-dojo#7659: priority=100, comments=1
[02:02:02] *** DISCOVERED: lingdojo/kana-dojo#7659 (priority: 100, 1 comments) ***
[02:02:02] >>> Posting on discovered issue lingdojo/kana-dojo#7659
[02:02:03] FAILED to post on lingdojo/kana-dojo#7659: GraphQL: User is blocked (addComment)
[02:02:03]   Checking lingdojo/kana-dojo#7658: priority=100, comments=1
[02:02:03] *** DISCOVERED: lingdojo/kana-dojo#7658 (priority: 100, 1 comments) ***
[02:02:03] >>> Posting on discovered issue lingdojo/kana-dojo#7658
[02:02:04] FAILED to post on lingdojo/kana-dojo#7658: GraphQL: User is blocked (addComment)
[02:02:04]   Checking lingdojo/kana-dojo#7657: priority=100, comments=1
[02:02:04] *** DISCOVERED: lingdojo/kana-dojo#7657 (priority: 100, 1 comments) ***
[02:02:04] >>> Posting on discovered issue lingdojo/kana-dojo#7657
[02:02:05] FAILED to post on lingdojo/kana-dojo#7657: GraphQL: User is blocked (addComment)
[02:02:06]   Checking lingdojo/kana-dojo#7656: priority=100, comments=1
[02:02:06] *** DISCOVERED: lingdojo/kana-dojo#7656 (priority: 100, 1 comments) ***
[02:02:06] >>> Posting on discovered issue lingdojo/kana-dojo#7656
[02:02:06] FAILED to post on lingdojo/kana-dojo#7656: GraphQL: User is blocked (addComment)
[02:02:07]   Checking lingdojo/kana-dojo#7654: priority=100, comments=1
[02:02:07] *** DISCOVERED: lingdojo/kana-dojo#7654 (priority: 100, 1 comments) ***
[02:02:07] >>> Posting on discovered issue lingdojo/kana-dojo#7654
[02:02:08] FAILED to post on lingdojo/kana-dojo#7654: GraphQL: User is blocked (addComment)
[02:02:08]   Skipping windoze95/nullfeed-flutter#17: Already tracked
[02:02:08]   Skipping windoze95/nullfeed-backend#29: Already tracked
[02:02:08]   Skipping windoze95/nullfeed-backend#28: Already tracked
[02:02:08]   Checking lingdojo/kana-dojo#7653: priority=100, comments=1
[02:02:08] *** DISCOVERED: lingdojo/kana-dojo#7653 (priority: 100, 1 comments) ***
[02:02:08] >>> Posting on discovered issue lingdojo/kana-dojo#7653
[02:02:09] FAILED to post on lingdojo/kana-dojo#7653: GraphQL: User is blocked (addComment)
[02:02:09]   Checking lingdojo/kana-dojo#7652: priority=100, comments=1
[02:02:09] *** DISCOVERED: lingdojo/kana-dojo#7652 (priority: 100, 1 comments) ***
[02:02:09] >>> Posting on discovered issue lingdojo/kana-dojo#7652
[02:02:10] FAILED to post on lingdojo/kana-dojo#7652: GraphQL: User is blocked (addComment)
[02:02:10]   Checking lingdojo/kana-dojo#7651: priority=100, comments=2
[02:02:10] *** DISCOVERED: lingdojo/kana-dojo#7651 (priority: 100, 2 comments) ***
[02:02:10] >>> Posting on discovered issue lingdojo/kana-dojo#7651
[02:02:11] FAILED to post on lingdojo/kana-dojo#7651: GraphQL: User is blocked (addComment)
[02:02:12]   Checking lingdojo/kana-dojo#7649: priority=100, comments=1
[02:02:12] *** DISCOVERED: lingdojo/kana-dojo#7649 (priority: 100, 1 comments) ***
[02:02:12] >>> Posting on discovered issue lingdojo/kana-dojo#7649
[02:02:13] FAILED to post on lingdojo/kana-dojo#7649: GraphQL: User is blocked (addComment)
[02:02:13]   Checking lingdojo/kana-dojo#7648: priority=100, comments=1
[02:02:13] *** DISCOVERED: lingdojo/kana-dojo#7648 (priority: 100, 1 comments) ***
[02:02:13] >>> Posting on discovered issue lingdojo/kana-dojo#7648
[02:02:14] FAILED to post on lingdojo/kana-dojo#7648: GraphQL: User is blocked (addComment)
[02:02:14] Checked 20 issues, discovered 17 high-priority ones
[02:02:14] STEP 3: Checking follow-ups
[02:02:16] STEP 4: Building action items list
[02:02:16] STEP 5: Updating metrics
[02:02:16] === SUMMARY ===
[02:02:16] Notifications: 70
[02:02:16] Posted: 1
[02:02:16] Consent opportunities: 17
[02:02:16] Stale issues: 0
[02:02:16] Need follow-up: 0
[02:02:16] Merge conflicts: 0
[02:02:16] Total tracked: 62
[02:02:16] Check complete
