=== GitHub SLA Check: Wed Mar 11 03:00:01 AM CST 2026 ===
[03:00:01] STEP 0: Cleaning old data
[03:00:02] Checking tracked issues for closures...
[03:00:14] Cleanup complete
[03:00:14] STEP 1: Processing notifications
[03:00:16] Found 82 notifications
[03:00:19] PretendoNetwork/juxtaposition#411: Already assigned, skipping
[03:00:20] EndlessPixel/EndlessPixel-Modpack#35: Already assigned, skipping
[03:00:23] djangonaut-space/wagtail-indymeet#713: Already assigned, skipping
[03:00:25] VATSIM-UK/UK-Sector-File#6064: Already assigned, skipping
[03:00:58] pytorch-tabular/pytorch_tabular#605: Too old (44 days), skipping
[03:01:18] activist-org/activist#1925: Already assigned, skipping
[03:01:34] microsoft/vscode#288770: Already assigned, skipping
[03:01:39] lucasjinreal/Kokoros#61: Too old (382 days), skipping
[03:02:13] STEP 2: Checking my PRs
[03:02:15] STEP 2.5: Proactive discovery - finding new issues
[03:02:15] Searching for good-first-issues...
[03:02:17] Found 50 good-first-issues from search
[03:02:17]   Skipping 7788ken/linkgate#13: Already tracked
[03:02:17]   Skipping 7788ken/linkgate#7: Already tracked
[03:02:17]   Skipping 7788ken/linkgate#3: Already tracked
[03:02:17]   Skipping djangonaut-space/wagtail-indymeet#713: Already tracked
[03:02:17]   Skipping rajmahadev422/Learn-To-PR#16: Already tracked
[03:02:17]   Skipping EndlessPixel/EndlessPixel-Modpack#35: Too many comments (8)
[03:02:17]   Skipping rysweet/azlin#793: Already tracked
[03:02:17]   Skipping rysweet/amplihack#2981: Already tracked
[03:02:17]   Skipping rysweet/amplihack#2979: Already tracked
[03:02:17]   Skipping rysweet/amplihack#2980: Already tracked
[03:02:17]   Skipping rysweet/amplihack#2977: Already tracked
[03:02:18]   Skipping rysweet/amplihack#2976: Already tracked
[03:02:18]   Skipping brendankowitz/FHIR-Tools-for-Anonymization#80: Already tracked
[03:02:18]   Skipping windoze95/nullfeed-flutter#19: Already tracked
[03:02:18]   Skipping windoze95/nullfeed-backend#33: Already tracked
[03:02:18]   Skipping windoze95/nullfeed-backend#32: Already tracked
[03:02:18]   Skipping avni-j/synthetic-demo-app#12: Already tracked
[03:02:18]   Skipping T-SIG/tsig-prints#252: Already tracked
[03:02:18]   Skipping T-SIG/tsig-prints#249: Already tracked
[03:02:18]   Skipping T-SIG/tsig-prints#248: Already tracked
[03:02:18]   Skipping T-SIG/tsig-prints#247: Already tracked
[03:02:18]   Skipping T-SIG/tsig-prints#245: Already tracked
[03:02:18]   Skipping T-SIG/tsig-prints#244: Already tracked
[03:02:18]   Skipping T-SIG/tsig-prints#243: Already tracked
[03:02:19]   Skipping T-SIG/tsig-prints#242: Already tracked
[03:02:19]   Skipping T-SIG/tsig-prints#241: Already tracked
[03:02:19]   Skipping T-SIG/tsig-prints#240: Already tracked
[03:02:19]   Skipping T-SIG/tsig-prints#239: Already tracked
[03:02:19]   Skipping T-SIG/tsig-prints#238: Already tracked
[03:02:19]   Skipping T-SIG/tsig-prints#237: Already tracked
[03:02:19]   Skipping T-SIG/tsig-prints#236: Already tracked
[03:02:19]   Skipping T-SIG/tsig-prints#234: Already tracked
[03:02:19]   Skipping T-SIG/tsig-prints#231: Already tracked
[03:02:19]   Skipping T-SIG/tsig-prints#230: Already tracked
[03:02:19]   Skipping T-SIG/tsig-prints#229: Already tracked
[03:02:19]   Skipping T-SIG/tsig-prints#227: Already tracked
[03:02:19]   Skipping T-SIG/tsig-prints#226: Already tracked
[03:02:20]   Skipping T-SIG/tsig-prints#225: Already tracked
[03:02:20]   Skipping T-SIG/tsig-prints#224: Already tracked
[03:02:20]   Skipping visouha/openclaw-test-repo#2: Already tracked
[03:02:20]   Skipping VATSIM-UK/UK-Sector-File#6069: Already tracked
[03:02:20]   Checking lingdojo/kana-dojo#7665: priority=100, comments=1
[03:02:20] *** DISCOVERED: lingdojo/kana-dojo#7665 (priority: 100, 1 comments) ***
[03:02:20] >>> Posting on discovered issue lingdojo/kana-dojo#7665
[03:02:22] FAILED to post on lingdojo/kana-dojo#7665: GraphQL: User is blocked (addComment)
[03:02:22]   Checking lingdojo/kana-dojo#7664: priority=100, comments=1
[03:02:22] *** DISCOVERED: lingdojo/kana-dojo#7664 (priority: 100, 1 comments) ***
[03:02:22] >>> Posting on discovered issue lingdojo/kana-dojo#7664
[03:02:23] FAILED to post on lingdojo/kana-dojo#7664: GraphQL: User is blocked (addComment)
[03:02:24]   Checking lingdojo/kana-dojo#7663: priority=100, comments=2
[03:02:24] *** DISCOVERED: lingdojo/kana-dojo#7663 (priority: 100, 2 comments) ***
[03:02:24] >>> Posting on discovered issue lingdojo/kana-dojo#7663
[03:02:25] FAILED to post on lingdojo/kana-dojo#7663: GraphQL: User is blocked (addComment)
[03:02:25]   Checking lingdojo/kana-dojo#7662: priority=100, comments=1
[03:02:25] *** DISCOVERED: lingdojo/kana-dojo#7662 (priority: 100, 1 comments) ***
[03:02:25] >>> Posting on discovered issue lingdojo/kana-dojo#7662
[03:02:26] FAILED to post on lingdojo/kana-dojo#7662: GraphQL: User is blocked (addComment)
[03:02:27]   Checking lingdojo/kana-dojo#7661: priority=100, comments=1
[03:02:27] *** DISCOVERED: lingdojo/kana-dojo#7661 (priority: 100, 1 comments) ***
[03:02:27] >>> Posting on discovered issue lingdojo/kana-dojo#7661
[03:02:28] FAILED to post on lingdojo/kana-dojo#7661: GraphQL: User is blocked (addComment)
[03:02:28]   Checking lingdojo/kana-dojo#7660: priority=100, comments=1
[03:02:28] *** DISCOVERED: lingdojo/kana-dojo#7660 (priority: 100, 1 comments) ***
[03:02:28] >>> Posting on discovered issue lingdojo/kana-dojo#7660
[03:02:30] FAILED to post on lingdojo/kana-dojo#7660: GraphQL: User is blocked (addComment)
[03:02:30]   Checking lingdojo/kana-dojo#7659: priority=100, comments=1
[03:02:30] *** DISCOVERED: lingdojo/kana-dojo#7659 (priority: 100, 1 comments) ***
[03:02:30] >>> Posting on discovered issue lingdojo/kana-dojo#7659
[03:02:31] FAILED to post on lingdojo/kana-dojo#7659: GraphQL: User is blocked (addComment)
[03:02:32]   Checking lingdojo/kana-dojo#7658: priority=100, comments=1
[03:02:32] *** DISCOVERED: lingdojo/kana-dojo#7658 (priority: 100, 1 comments) ***
[03:02:32] >>> Posting on discovered issue lingdojo/kana-dojo#7658
[03:02:33] FAILED to post on lingdojo/kana-dojo#7658: GraphQL: User is blocked (addComment)
[03:02:33]   Checking lingdojo/kana-dojo#7657: priority=100, comments=1
[03:02:33] *** DISCOVERED: lingdojo/kana-dojo#7657 (priority: 100, 1 comments) ***
[03:02:33] >>> Posting on discovered issue lingdojo/kana-dojo#7657
[03:02:34] FAILED to post on lingdojo/kana-dojo#7657: GraphQL: User is blocked (addComment)
[03:02:34] Checked 50 issues, discovered 9 high-priority ones
[03:02:34] STEP 3: Checking follow-ups
[03:03:00] FOLLOW-UP NEEDED: Vexa-ai/vexa#160 (no response in 3 days)
[03:03:09] FOLLOW-UP NEEDED: mynextproject-portfolio/recipe-explorer-lite-yuewang199511#1 (no response in 3 days)
[03:03:11] FOLLOW-UP NEEDED: Marormur/Website#158 (no response in 3 days)
[03:03:14] FOLLOW-UP NEEDED: Marormur/Website#160 (no response in 3 days)
[03:03:15] FOLLOW-UP NEEDED: PatrickB1905/wealthwise#12 (no response in 3 days)
[03:03:16] FOLLOW-UP NEEDED: GreatJobTommy/DIT-Transfer-Tools#73 (no response in 3 days)
[03:03:20] FOLLOW-UP NEEDED: adenueltech/jobhunter#1 (no response in 3 days)
[03:03:22] FOLLOW-UP NEEDED: windoze95/nullfeed-backend#24 (no response in 3 days)
[03:03:22] FOLLOW-UP NEEDED: PatrickB1905/WealthWise#12 (no response in 3 days)
[03:03:25] FOLLOW-UP NEEDED: finnoybu/aegis-governance#14 (no response in 3 days)
[03:03:26] FOLLOW-UP NEEDED: finnoybu/aegis-governance#13 (no response in 3 days)
[03:03:27] FOLLOW-UP NEEDED: windoze95/nullfeed-flutter#15 (no response in 3 days)
[03:03:28] FOLLOW-UP NEEDED: windoze95/nullfeed-flutter#14 (no response in 3 days)
[03:03:29] FOLLOW-UP NEEDED: windoze95/nullfeed-backend#27 (no response in 3 days)
[03:03:33] FOLLOW-UP NEEDED: ibelanger/GraniteFungiForager#35 (no response in 3 days)
[03:03:34] FOLLOW-UP NEEDED: ibelanger/GraniteFungiForager#28 (no response in 3 days)
[03:03:36] FOLLOW-UP NEEDED: ibelanger/GraniteFungiForager#27 (no response in 3 days)
[03:03:37] FOLLOW-UP NEEDED: ibelanger/GraniteFungiForager#24 (no response in 3 days)
[03:03:38] FOLLOW-UP NEEDED: ibelanger/GraniteFungiForager#22 (no response in 3 days)
[03:03:40] STEP 4: Building action items list
[03:03:40] STEP 5: Updating metrics
[03:03:40] === SUMMARY ===
[03:03:40] Notifications: 82
[03:03:40] Posted: 0
[03:03:40] Consent opportunities: 9
[03:03:40] Stale issues: 0
[03:03:40] Need follow-up: 504
[03:03:40] Merge conflicts: 0
[03:03:40] Total tracked: 109
[03:03:40] Check complete
