=== GitHub SLA Check: Mon Mar  9 05:00:01 AM CST 2026 ===
[05:00:02] STEP 0: Cleaning old data
[05:00:02] Checking tracked issues for closures...
[05:00:14] Cleanup complete
[05:00:14] STEP 1: Processing notifications
[05:00:15] Found 71 notifications
[05:00:35] VATSIM-UK/UK-Sector-File#6064: Already assigned, skipping
[05:00:38] pytorch-tabular/pytorch_tabular#605: Too old (42 days), skipping
[05:00:55] activist-org/activist#1925: Already assigned, skipping
[05:01:12] microsoft/vscode#288770: Already assigned, skipping
[05:01:16] lucasjinreal/Kokoros#61: Too old (380 days), skipping
[05:01:46] STEP 2: Checking my PRs
[05:01:47] STEP 2.5: Proactive discovery - finding new issues
[05:01:47] Searching for good-first-issues...
[05:01:48] Found 20 good-first-issues from search
[05:01:48]   Skipping VATSIM-UK/UK-Sector-File#6069: Already tracked
[05:01:48]   Checking lingdojo/kana-dojo#7665: priority=100, comments=1
[05:01:48] *** DISCOVERED: lingdojo/kana-dojo#7665 (priority: 100, 1 comments) ***
[05:01:48] >>> Posting on discovered issue lingdojo/kana-dojo#7665
[05:01:49] FAILED to post on lingdojo/kana-dojo#7665: GraphQL: User is blocked (addComment)
[05:01:50]   Checking lingdojo/kana-dojo#7664: priority=100, comments=1
[05:01:50] *** DISCOVERED: lingdojo/kana-dojo#7664 (priority: 100, 1 comments) ***
[05:01:50] >>> Posting on discovered issue lingdojo/kana-dojo#7664
[05:01:51] FAILED to post on lingdojo/kana-dojo#7664: GraphQL: User is blocked (addComment)
[05:01:51]   Checking lingdojo/kana-dojo#7663: priority=100, comments=2
[05:01:51] *** DISCOVERED: lingdojo/kana-dojo#7663 (priority: 100, 2 comments) ***
[05:01:51] >>> Posting on discovered issue lingdojo/kana-dojo#7663
[05:01:52] FAILED to post on lingdojo/kana-dojo#7663: GraphQL: User is blocked (addComment)
[05:01:53]   Checking lingdojo/kana-dojo#7662: priority=100, comments=1
[05:01:53] *** DISCOVERED: lingdojo/kana-dojo#7662 (priority: 100, 1 comments) ***
[05:01:53] >>> Posting on discovered issue lingdojo/kana-dojo#7662
[05:01:54] FAILED to post on lingdojo/kana-dojo#7662: GraphQL: User is blocked (addComment)
[05:01:54]   Checking lingdojo/kana-dojo#7661: priority=100, comments=1
[05:01:54] *** DISCOVERED: lingdojo/kana-dojo#7661 (priority: 100, 1 comments) ***
[05:01:54] >>> Posting on discovered issue lingdojo/kana-dojo#7661
[05:01:55] FAILED to post on lingdojo/kana-dojo#7661: GraphQL: User is blocked (addComment)
[05:01:55]   Checking lingdojo/kana-dojo#7660: priority=100, comments=1
[05:01:55] *** DISCOVERED: lingdojo/kana-dojo#7660 (priority: 100, 1 comments) ***
[05:01:55] >>> Posting on discovered issue lingdojo/kana-dojo#7660
[05:01:56] FAILED to post on lingdojo/kana-dojo#7660: GraphQL: User is blocked (addComment)
[05:01:56]   Checking lingdojo/kana-dojo#7659: priority=100, comments=1
[05:01:56] *** DISCOVERED: lingdojo/kana-dojo#7659 (priority: 100, 1 comments) ***
[05:01:56] >>> Posting on discovered issue lingdojo/kana-dojo#7659
[05:01:57] FAILED to post on lingdojo/kana-dojo#7659: GraphQL: User is blocked (addComment)
[05:01:58]   Checking lingdojo/kana-dojo#7658: priority=100, comments=1
[05:01:58] *** DISCOVERED: lingdojo/kana-dojo#7658 (priority: 100, 1 comments) ***
[05:01:58] >>> Posting on discovered issue lingdojo/kana-dojo#7658
[05:01:59] FAILED to post on lingdojo/kana-dojo#7658: GraphQL: User is blocked (addComment)
[05:01:59]   Checking lingdojo/kana-dojo#7657: priority=100, comments=1
[05:01:59] *** DISCOVERED: lingdojo/kana-dojo#7657 (priority: 100, 1 comments) ***
[05:01:59] >>> Posting on discovered issue lingdojo/kana-dojo#7657
[05:02:00] FAILED to post on lingdojo/kana-dojo#7657: GraphQL: User is blocked (addComment)
[05:02:00]   Checking lingdojo/kana-dojo#7656: priority=100, comments=1
[05:02:00] *** DISCOVERED: lingdojo/kana-dojo#7656 (priority: 100, 1 comments) ***
[05:02:00] >>> Posting on discovered issue lingdojo/kana-dojo#7656
[05:02:01] FAILED to post on lingdojo/kana-dojo#7656: GraphQL: User is blocked (addComment)
[05:02:01]   Checking lingdojo/kana-dojo#7654: priority=100, comments=1
[05:02:01] *** DISCOVERED: lingdojo/kana-dojo#7654 (priority: 100, 1 comments) ***
[05:02:01] >>> Posting on discovered issue lingdojo/kana-dojo#7654
[05:02:02] FAILED to post on lingdojo/kana-dojo#7654: GraphQL: User is blocked (addComment)
[05:02:02]   Skipping windoze95/nullfeed-flutter#17: Already tracked
[05:02:02]   Skipping windoze95/nullfeed-backend#29: Already tracked
[05:02:02]   Skipping windoze95/nullfeed-backend#28: Already tracked
[05:02:02]   Checking lingdojo/kana-dojo#7653: priority=100, comments=1
[05:02:02] *** DISCOVERED: lingdojo/kana-dojo#7653 (priority: 100, 1 comments) ***
[05:02:03] >>> Posting on discovered issue lingdojo/kana-dojo#7653
[05:02:04] FAILED to post on lingdojo/kana-dojo#7653: GraphQL: User is blocked (addComment)
[05:02:04]   Checking lingdojo/kana-dojo#7652: priority=100, comments=1
[05:02:04] *** DISCOVERED: lingdojo/kana-dojo#7652 (priority: 100, 1 comments) ***
[05:02:04] >>> Posting on discovered issue lingdojo/kana-dojo#7652
[05:02:05] FAILED to post on lingdojo/kana-dojo#7652: GraphQL: User is blocked (addComment)
[05:02:05]   Checking lingdojo/kana-dojo#7651: priority=100, comments=2
[05:02:05] *** DISCOVERED: lingdojo/kana-dojo#7651 (priority: 100, 2 comments) ***
[05:02:05] >>> Posting on discovered issue lingdojo/kana-dojo#7651
[05:02:06] FAILED to post on lingdojo/kana-dojo#7651: GraphQL: User is blocked (addComment)
[05:02:07]   Checking lingdojo/kana-dojo#7649: priority=100, comments=1
[05:02:07] *** DISCOVERED: lingdojo/kana-dojo#7649 (priority: 100, 1 comments) ***
[05:02:07] >>> Posting on discovered issue lingdojo/kana-dojo#7649
[05:02:07] FAILED to post on lingdojo/kana-dojo#7649: GraphQL: User is blocked (addComment)
[05:02:08]   Checking lingdojo/kana-dojo#7648: priority=100, comments=1
[05:02:08] *** DISCOVERED: lingdojo/kana-dojo#7648 (priority: 100, 1 comments) ***
[05:02:08] >>> Posting on discovered issue lingdojo/kana-dojo#7648
[05:02:09] FAILED to post on lingdojo/kana-dojo#7648: GraphQL: User is blocked (addComment)
[05:02:09] Checked 20 issues, discovered 16 high-priority ones
[05:02:09] STEP 3: Checking follow-ups
[05:02:10] STEP 4: Building action items list
[05:02:10] STEP 5: Updating metrics
[05:02:11] === SUMMARY ===
[05:02:11] Notifications: 71
[05:02:11] Posted: 0
[05:02:11] Consent opportunities: 16
[05:02:11] Stale issues: 0
[05:02:11] Need follow-up: 0
[05:02:11] Merge conflicts: 0
[05:02:11] Total tracked: 62
[05:02:11] Check complete
