=== GitHub SLA Check: Sun Mar  8 01:00:01 PM CST 2026 ===
[13:00:01] STEP 0: Cleaning old data
[13:00:01] Checking tracked issues for closures...
[13:00:12] Cleanup complete
[13:00:12] STEP 1: Processing notifications
[13:00:13] Found 70 notifications
[13:00:28] VATSIM-UK/UK-Sector-File#6064: Already assigned, skipping
[13:00:32] pytorch-tabular/pytorch_tabular#605: Too old (41 days), skipping
[13:00:51] activist-org/activist#1925: Already assigned, skipping
[13:01:08] microsoft/vscode#288770: Already assigned, skipping
[13:01:13] lucasjinreal/Kokoros#61: Too old (380 days), skipping
[13:01:41] STEP 2: Checking my PRs
[13:01:43] STEP 2.5: Proactive discovery - finding new issues
[13:01:43] Searching for good-first-issues...
[13:01:45] Found 20 good-first-issues from search
[13:01:45]   Checking lingdojo/kana-dojo#7630: priority=100, comments=1
[13:01:45] *** DISCOVERED: lingdojo/kana-dojo#7630 (priority: 100, 1 comments) ***
[13:01:45] >>> Posting on discovered issue lingdojo/kana-dojo#7630
[13:01:47] FAILED to post on lingdojo/kana-dojo#7630: GraphQL: User is blocked (addComment)
[13:01:47]   Checking lingdojo/kana-dojo#7628: priority=100, comments=1
[13:01:47] *** DISCOVERED: lingdojo/kana-dojo#7628 (priority: 100, 1 comments) ***
[13:01:47] >>> Posting on discovered issue lingdojo/kana-dojo#7628
[13:01:48] FAILED to post on lingdojo/kana-dojo#7628: GraphQL: User is blocked (addComment)
[13:01:48]   Checking lingdojo/kana-dojo#7627: priority=100, comments=1
[13:01:48] *** DISCOVERED: lingdojo/kana-dojo#7627 (priority: 100, 1 comments) ***
[13:01:48] >>> Posting on discovered issue lingdojo/kana-dojo#7627
[13:01:49] FAILED to post on lingdojo/kana-dojo#7627: GraphQL: User is blocked (addComment)
[13:01:49]   Checking lingdojo/kana-dojo#7626: priority=100, comments=1
[13:01:50] *** DISCOVERED: lingdojo/kana-dojo#7626 (priority: 100, 1 comments) ***
[13:01:50] >>> Posting on discovered issue lingdojo/kana-dojo#7626
[13:01:50] FAILED to post on lingdojo/kana-dojo#7626: GraphQL: User is blocked (addComment)
[13:01:51]   Checking lingdojo/kana-dojo#7625: priority=100, comments=1
[13:01:51] *** DISCOVERED: lingdojo/kana-dojo#7625 (priority: 100, 1 comments) ***
[13:01:51] >>> Posting on discovered issue lingdojo/kana-dojo#7625
[13:01:52] FAILED to post on lingdojo/kana-dojo#7625: GraphQL: User is blocked (addComment)
[13:01:52]   Checking lingdojo/kana-dojo#7624: priority=100, comments=1
[13:01:52] *** DISCOVERED: lingdojo/kana-dojo#7624 (priority: 100, 1 comments) ***
[13:01:52] >>> Posting on discovered issue lingdojo/kana-dojo#7624
[13:01:53] FAILED to post on lingdojo/kana-dojo#7624: GraphQL: User is blocked (addComment)
[13:01:53]   Checking lingdojo/kana-dojo#7623: priority=100, comments=1
[13:01:53] *** DISCOVERED: lingdojo/kana-dojo#7623 (priority: 100, 1 comments) ***
[13:01:53] >>> Posting on discovered issue lingdojo/kana-dojo#7623
[13:01:54] FAILED to post on lingdojo/kana-dojo#7623: GraphQL: User is blocked (addComment)
[13:01:54]   Checking lingdojo/kana-dojo#7622: priority=100, comments=1
[13:01:54] *** DISCOVERED: lingdojo/kana-dojo#7622 (priority: 100, 1 comments) ***
[13:01:54] >>> Posting on discovered issue lingdojo/kana-dojo#7622
[13:01:56] FAILED to post on lingdojo/kana-dojo#7622: GraphQL: User is blocked (addComment)
[13:01:56]   Checking lingdojo/kana-dojo#7620: priority=100, comments=1
[13:01:56] *** DISCOVERED: lingdojo/kana-dojo#7620 (priority: 100, 1 comments) ***
[13:01:56] >>> Posting on discovered issue lingdojo/kana-dojo#7620
[13:01:57] FAILED to post on lingdojo/kana-dojo#7620: GraphQL: User is blocked (addComment)
[13:01:57]   Checking lingdojo/kana-dojo#7619: priority=100, comments=3
[13:01:57] *** DISCOVERED: lingdojo/kana-dojo#7619 (priority: 100, 3 comments) ***
[13:01:57] >>> Posting on discovered issue lingdojo/kana-dojo#7619
[13:01:58] FAILED to post on lingdojo/kana-dojo#7619: GraphQL: User is blocked (addComment)
[13:01:59]   Checking lingdojo/kana-dojo#7618: priority=100, comments=3
[13:01:59] *** DISCOVERED: lingdojo/kana-dojo#7618 (priority: 100, 3 comments) ***
[13:01:59] >>> Posting on discovered issue lingdojo/kana-dojo#7618
[13:02:00] FAILED to post on lingdojo/kana-dojo#7618: GraphQL: User is blocked (addComment)
[13:02:00]   Checking lingdojo/kana-dojo#7616: priority=100, comments=2
[13:02:00] *** DISCOVERED: lingdojo/kana-dojo#7616 (priority: 100, 2 comments) ***
[13:02:00] >>> Posting on discovered issue lingdojo/kana-dojo#7616
[13:02:01] FAILED to post on lingdojo/kana-dojo#7616: GraphQL: User is blocked (addComment)
[13:02:01]   Checking lingdojo/kana-dojo#7615: priority=100, comments=1
[13:02:01] *** DISCOVERED: lingdojo/kana-dojo#7615 (priority: 100, 1 comments) ***
[13:02:01] >>> Posting on discovered issue lingdojo/kana-dojo#7615
[13:02:02] FAILED to post on lingdojo/kana-dojo#7615: GraphQL: User is blocked (addComment)
[13:02:02]   Checking lingdojo/kana-dojo#7613: priority=100, comments=1
[13:02:02] *** DISCOVERED: lingdojo/kana-dojo#7613 (priority: 100, 1 comments) ***
[13:02:02] >>> Posting on discovered issue lingdojo/kana-dojo#7613
[13:02:04] FAILED to post on lingdojo/kana-dojo#7613: GraphQL: User is blocked (addComment)
[13:02:04]   Checking lingdojo/kana-dojo#7612: priority=100, comments=1
[13:02:04] *** DISCOVERED: lingdojo/kana-dojo#7612 (priority: 100, 1 comments) ***
[13:02:04] >>> Posting on discovered issue lingdojo/kana-dojo#7612
[13:02:05] FAILED to post on lingdojo/kana-dojo#7612: GraphQL: User is blocked (addComment)
[13:02:05]   Checking lingdojo/kana-dojo#7611: priority=100, comments=4
[13:02:05] *** DISCOVERED: lingdojo/kana-dojo#7611 (priority: 100, 4 comments) ***
[13:02:05] >>> Posting on discovered issue lingdojo/kana-dojo#7611
[13:02:06] FAILED to post on lingdojo/kana-dojo#7611: GraphQL: User is blocked (addComment)
[13:02:07]   Checking lingdojo/kana-dojo#7610: priority=100, comments=1
[13:02:07] *** DISCOVERED: lingdojo/kana-dojo#7610 (priority: 100, 1 comments) ***
[13:02:07] >>> Posting on discovered issue lingdojo/kana-dojo#7610
[13:02:07] FAILED to post on lingdojo/kana-dojo#7610: GraphQL: User is blocked (addComment)
[13:02:08]   Checking lingdojo/kana-dojo#7609: priority=100, comments=1
[13:02:08] *** DISCOVERED: lingdojo/kana-dojo#7609 (priority: 100, 1 comments) ***
[13:02:08] >>> Posting on discovered issue lingdojo/kana-dojo#7609
[13:02:09] FAILED to post on lingdojo/kana-dojo#7609: GraphQL: User is blocked (addComment)
[13:02:09]   Checking lingdojo/kana-dojo#7608: priority=100, comments=3
[13:02:09] *** DISCOVERED: lingdojo/kana-dojo#7608 (priority: 100, 3 comments) ***
[13:02:09] >>> Posting on discovered issue lingdojo/kana-dojo#7608
[13:02:10] FAILED to post on lingdojo/kana-dojo#7608: GraphQL: User is blocked (addComment)
[13:02:10]   Checking lingdojo/kana-dojo#7607: priority=100, comments=1
[13:02:10] *** DISCOVERED: lingdojo/kana-dojo#7607 (priority: 100, 1 comments) ***
[13:02:10] >>> Posting on discovered issue lingdojo/kana-dojo#7607
[13:02:11] FAILED to post on lingdojo/kana-dojo#7607: GraphQL: User is blocked (addComment)
[13:02:11] Checked 20 issues, discovered 20 high-priority ones
[13:02:11] STEP 3: Checking follow-ups
[13:02:13] STEP 4: Building action items list
[13:02:13] STEP 5: Updating metrics
[13:02:13] === SUMMARY ===
[13:02:13] Notifications: 70
[13:02:13] Posted: 0
[13:02:13] Consent opportunities: 20
[13:02:13] Stale issues: 0
[13:02:13] Need follow-up: 0
[13:02:13] Merge conflicts: 0
[13:02:13] Total tracked: 58
[13:02:13] Check complete
