=== GitHub SLA Check: Sun Mar  8 02:30:01 AM CST 2026 ===
[02:30:01] STEP 0: Cleaning old data
[02:30:01] Checking tracked issues for closures...
[02:30:13] Cleanup complete
[02:30:13] STEP 1: Processing notifications
[02:30:15] Found 75 notifications
[02:30:32] VATSIM-UK/UK-Sector-File#6064: Already assigned, skipping
[02:30:36] pytorch-tabular/pytorch_tabular#605: Too old (41 days), skipping
[02:30:56] activist-org/activist#1925: Already assigned, skipping
[02:31:15] microsoft/vscode#288770: Already assigned, skipping
[02:31:21] lucasjinreal/Kokoros#61: Too old (379 days), skipping
[02:31:53] STEP 2: Checking my PRs
[02:31:56] STEP 2.5: Proactive discovery - finding new issues
[02:31:56] Searching for good-first-issues...
[02:31:57] Found 20 good-first-issues from search
[02:31:57]   Skipping ibelanger/GraniteFungiForager#36: Already tracked
[02:31:57]   Skipping ibelanger/GraniteFungiForager#35: Already tracked
[02:31:57]   Skipping ibelanger/GraniteFungiForager#28: Already tracked
[02:31:57]   Skipping ibelanger/GraniteFungiForager#27: Already tracked
[02:31:57]   Skipping ibelanger/GraniteFungiForager#24: Already tracked
[02:31:57]   Skipping ibelanger/GraniteFungiForager#22: Already tracked
[02:31:57]   Skipping windoze95/nullfeed-flutter#15: Already tracked
[02:31:57]   Skipping windoze95/nullfeed-flutter#14: Already tracked
[02:31:57]   Skipping windoze95/nullfeed-backend#27: Already tracked
[02:31:57]   Skipping finnoybu/aegis-governance#14: Already tracked
[02:31:57]   Skipping finnoybu/aegis-governance#13: Already tracked
[02:31:58]   Skipping adenueltech/jobhunter#27: Already tracked
[02:31:58]   Skipping adenueltech/jobhunter#1: Already tracked
[02:31:58]   Skipping GreatJobTommy/DIT-Transfer-Tools#72: Already tracked
[02:31:58]   Skipping GreatJobTommy/DIT-Transfer-Tools#73: Already tracked
[02:31:58]   Skipping PatrickB1905/WealthWise#12: Already tracked
[02:31:58]   Skipping mynextproject-portfolio/recipe-explorer-lite-ildarakhmetov#1: Already tracked
[02:31:58]   Skipping rajmahadev422/Learn-To-PR#7: Already tracked
[02:31:58]   Skipping finnoybu/aegis-governance#12: Already tracked
[02:31:58]   Skipping Vexa-ai/vexa#160: Already tracked
[02:31:58] Checked 20 issues, discovered 0 high-priority ones
[02:31:58] STEP 3: Checking follow-ups
[02:32:00] STEP 4: Building action items list
[02:32:00] STEP 5: Updating metrics
[02:32:00] === SUMMARY ===
[02:32:00] Notifications: 75
[02:32:00] Posted: 0
[02:32:00] Consent opportunities: 0
[02:32:00] Stale issues: 0
[02:32:00] Need follow-up: 0
[02:32:00] Merge conflicts: 0
[02:32:00] Total tracked: 54
[02:32:00] Check complete
