=== GitHub SLA Check: Sun Mar  8 04:30:01 AM CST 2026 ===
[04:30:01] STEP 0: Cleaning old data
[04:30:01] Checking tracked issues for closures...
[04:30:12] Cleanup complete
[04:30:12] STEP 1: Processing notifications
[04:30:14] Found 77 notifications
[04:30:15] lingdojo/kana-dojo#7586: Already assigned, skipping
[04:30:16] lingdojo/kana-dojo#7587: Already assigned, skipping
[04:30:32] VATSIM-UK/UK-Sector-File#6064: Already assigned, skipping
[04:30:36] pytorch-tabular/pytorch_tabular#605: Too old (41 days), skipping
[04:30:56] activist-org/activist#1925: Already assigned, skipping
[04:31:19] microsoft/vscode#288770: Already assigned, skipping
[04:31:25] lucasjinreal/Kokoros#61: Too old (379 days), skipping
[04:31:57] STEP 2: Checking my PRs
[04:31:59] STEP 2.5: Proactive discovery - finding new issues
[04:31:59] Searching for good-first-issues...
[04:32:00] Found 20 good-first-issues from search
[04:32:00]   Checking lingdojo/kana-dojo#7589: priority=100, comments=1
[04:32:00] *** DISCOVERED: lingdojo/kana-dojo#7589 (priority: 100, 1 comments) ***
[04:32:00] >>> Posting on discovered issue lingdojo/kana-dojo#7589
[04:32:02] SUCCESS: Posted on lingdojo/kana-dojo#7589
[04:32:07]   Checking lingdojo/kana-dojo#7588: priority=100, comments=1
[04:32:07] *** DISCOVERED: lingdojo/kana-dojo#7588 (priority: 100, 1 comments) ***
[04:32:07] >>> Posting on discovered issue lingdojo/kana-dojo#7588
[04:32:08] SUCCESS: Posted on lingdojo/kana-dojo#7588
[04:32:13]   Skipping lingdojo/kana-dojo#7587: Already tracked
[04:32:13]   Skipping lingdojo/kana-dojo#7586: Already tracked
[04:32:13]   Skipping ibelanger/GraniteFungiForager#36: Already tracked
[04:32:14]   Skipping ibelanger/GraniteFungiForager#35: Already tracked
[04:32:14]   Skipping ibelanger/GraniteFungiForager#28: Already tracked
[04:32:14]   Skipping ibelanger/GraniteFungiForager#27: Already tracked
[04:32:14]   Skipping ibelanger/GraniteFungiForager#24: Already tracked
[04:32:14]   Skipping ibelanger/GraniteFungiForager#22: Already tracked
[04:32:14]   Skipping windoze95/nullfeed-flutter#15: Already tracked
[04:32:14]   Skipping windoze95/nullfeed-flutter#14: Already tracked
[04:32:14]   Skipping windoze95/nullfeed-backend#27: Already tracked
[04:32:14]   Skipping finnoybu/aegis-governance#14: Already tracked
[04:32:14]   Skipping finnoybu/aegis-governance#13: Already tracked
[04:32:14]   Skipping adenueltech/jobhunter#27: Already tracked
[04:32:14]   Skipping adenueltech/jobhunter#1: Already tracked
[04:32:14]   Skipping GreatJobTommy/DIT-Transfer-Tools#72: Already tracked
[04:32:14]   Skipping GreatJobTommy/DIT-Transfer-Tools#73: Already tracked
[04:32:14]   Skipping PatrickB1905/WealthWise#12: Already tracked
[04:32:14] Checked 20 issues, discovered 2 high-priority ones
[04:32:15] STEP 3: Checking follow-ups
[04:32:16] STEP 4: Building action items list
[04:32:16] STEP 5: Updating metrics
[04:32:16] === SUMMARY ===
[04:32:16] Notifications: 77
[04:32:16] Posted: 2
[04:32:16] Consent opportunities: 2
[04:32:16] Stale issues: 0
[04:32:16] Need follow-up: 0
[04:32:16] Merge conflicts: 0
[04:32:16] Total tracked: 58
[04:32:16] Check complete
