=== GitHub SLA Check: Sat Mar  7 07:31:52 AM CST 2026 ===
[07:31:52] STEP 0: Cleaning old data
[07:31:52] Checking tracked issues for closures...
[07:32:03] Cleanup complete
[07:32:03] STEP 1: Processing notifications
[07:32:05] Found 67 notifications
[07:32:12] pytorch-tabular/pytorch_tabular#605: Too old (40 days), skipping
[07:32:37] activist-org/activist#1925: Already assigned, skipping
[07:33:01] microsoft/vscode#288770: Already assigned, skipping
[07:33:07] lucasjinreal/Kokoros#61: Too old (378 days), skipping
[07:33:42] STEP 2: Checking my PRs
[07:33:45] STEP 2.5: Proactive discovery - finding new issues
[07:33:45] Searching for good-first-issues...
[07:33:49] STEP 3: Checking follow-ups
[07:33:50] STEP 4: Building action items list
[07:33:50] STEP 5: Updating metrics
[07:33:50] === SUMMARY ===
[07:33:50] Notifications: 67
[07:33:50] Posted: 0
[07:33:50] Consent opportunities: 1
[07:33:50] Stale issues: 0
[07:33:50] Need follow-up: 0
[07:33:50] Merge conflicts: 0
[07:33:50] Total tracked: 36
[07:33:50] Check complete
