=== GitHub SLA Check: Mon Mar  9 12:00:01 AM CST 2026 ===
[00:00:01] STEP 0: Cleaning old data
[00:00:01] Checking tracked issues for closures...
[00:00:11] Cleanup complete
[00:00:11] STEP 1: Processing notifications
[00:00:12] Found 70 notifications
[00:00:33] VATSIM-UK/UK-Sector-File#6064: Already assigned, skipping
[00:00:36] pytorch-tabular/pytorch_tabular#605: Too old (42 days), skipping
[00:00:55] activist-org/activist#1925: Already assigned, skipping
[00:01:14] microsoft/vscode#288770: Already assigned, skipping
[00:01:18] lucasjinreal/Kokoros#61: Too old (380 days), skipping
[00:01:46] STEP 2: Checking my PRs
[00:01:47] STEP 2.5: Proactive discovery - finding new issues
[00:01:47] Searching for good-first-issues...
[00:01:48] Found 20 good-first-issues from search
[00:01:49]   Checking lingdojo/kana-dojo#7665: priority=100, comments=1
[00:01:49] *** DISCOVERED: lingdojo/kana-dojo#7665 (priority: 100, 1 comments) ***
[00:01:49] >>> Posting on discovered issue lingdojo/kana-dojo#7665
[00:01:50] FAILED to post on lingdojo/kana-dojo#7665: GraphQL: User is blocked (addComment)
[00:01:50]   Checking lingdojo/kana-dojo#7664: priority=100, comments=1
[00:01:50] *** DISCOVERED: lingdojo/kana-dojo#7664 (priority: 100, 1 comments) ***
[00:01:50] >>> Posting on discovered issue lingdojo/kana-dojo#7664
[00:01:51] FAILED to post on lingdojo/kana-dojo#7664: GraphQL: User is blocked (addComment)
[00:01:51]   Checking lingdojo/kana-dojo#7663: priority=100, comments=1
[00:01:51] *** DISCOVERED: lingdojo/kana-dojo#7663 (priority: 100, 1 comments) ***
[00:01:51] >>> Posting on discovered issue lingdojo/kana-dojo#7663
[00:01:52] FAILED to post on lingdojo/kana-dojo#7663: GraphQL: User is blocked (addComment)
[00:01:53]   Checking lingdojo/kana-dojo#7662: priority=100, comments=1
[00:01:53] *** DISCOVERED: lingdojo/kana-dojo#7662 (priority: 100, 1 comments) ***
[00:01:53] >>> Posting on discovered issue lingdojo/kana-dojo#7662
[00:01:54] FAILED to post on lingdojo/kana-dojo#7662: GraphQL: User is blocked (addComment)
[00:01:54]   Checking lingdojo/kana-dojo#7661: priority=100, comments=1
[00:01:54] *** DISCOVERED: lingdojo/kana-dojo#7661 (priority: 100, 1 comments) ***
[00:01:54] >>> Posting on discovered issue lingdojo/kana-dojo#7661
[00:01:55] FAILED to post on lingdojo/kana-dojo#7661: GraphQL: User is blocked (addComment)
[00:01:56]   Checking lingdojo/kana-dojo#7660: priority=100, comments=1
[00:01:56] *** DISCOVERED: lingdojo/kana-dojo#7660 (priority: 100, 1 comments) ***
[00:01:56] >>> Posting on discovered issue lingdojo/kana-dojo#7660
[00:01:57] FAILED to post on lingdojo/kana-dojo#7660: GraphQL: User is blocked (addComment)
[00:01:57]   Checking lingdojo/kana-dojo#7659: priority=100, comments=1
[00:01:57] *** DISCOVERED: lingdojo/kana-dojo#7659 (priority: 100, 1 comments) ***
[00:01:57] >>> Posting on discovered issue lingdojo/kana-dojo#7659
[00:01:58] FAILED to post on lingdojo/kana-dojo#7659: GraphQL: User is blocked (addComment)
[00:01:58]   Checking lingdojo/kana-dojo#7658: priority=100, comments=1
[00:01:58] *** DISCOVERED: lingdojo/kana-dojo#7658 (priority: 100, 1 comments) ***
[00:01:58] >>> Posting on discovered issue lingdojo/kana-dojo#7658
[00:02:00] FAILED to post on lingdojo/kana-dojo#7658: GraphQL: User is blocked (addComment)
[00:02:01]   Checking lingdojo/kana-dojo#7657: priority=100, comments=1
[00:02:01] *** DISCOVERED: lingdojo/kana-dojo#7657 (priority: 100, 1 comments) ***
[00:02:01] >>> Posting on discovered issue lingdojo/kana-dojo#7657
[00:02:01] FAILED to post on lingdojo/kana-dojo#7657: GraphQL: User is blocked (addComment)
[00:02:02]   Checking lingdojo/kana-dojo#7656: priority=100, comments=1
[00:02:02] *** DISCOVERED: lingdojo/kana-dojo#7656 (priority: 100, 1 comments) ***
[00:02:02] >>> Posting on discovered issue lingdojo/kana-dojo#7656
[00:02:03] FAILED to post on lingdojo/kana-dojo#7656: GraphQL: User is blocked (addComment)
[00:02:03]   Checking lingdojo/kana-dojo#7654: priority=100, comments=1
[00:02:03] *** DISCOVERED: lingdojo/kana-dojo#7654 (priority: 100, 1 comments) ***
[00:02:03] >>> Posting on discovered issue lingdojo/kana-dojo#7654
[00:02:04] FAILED to post on lingdojo/kana-dojo#7654: GraphQL: User is blocked (addComment)
[00:02:04]   Skipping windoze95/nullfeed-flutter#17: Already tracked
[00:02:04]   Skipping windoze95/nullfeed-backend#29: Already tracked
[00:02:04]   Skipping windoze95/nullfeed-backend#28: Already tracked
[00:02:04]   Checking lingdojo/kana-dojo#7653: priority=100, comments=1
[00:02:04] *** DISCOVERED: lingdojo/kana-dojo#7653 (priority: 100, 1 comments) ***
[00:02:04] >>> Posting on discovered issue lingdojo/kana-dojo#7653
[00:02:06] FAILED to post on lingdojo/kana-dojo#7653: GraphQL: User is blocked (addComment)
[00:02:06]   Checking lingdojo/kana-dojo#7652: priority=100, comments=1
[00:02:06] *** DISCOVERED: lingdojo/kana-dojo#7652 (priority: 100, 1 comments) ***
[00:02:06] >>> Posting on discovered issue lingdojo/kana-dojo#7652
[00:02:07] FAILED to post on lingdojo/kana-dojo#7652: GraphQL: User is blocked (addComment)
[00:02:07]   Checking lingdojo/kana-dojo#7651: priority=100, comments=2
[00:02:07] *** DISCOVERED: lingdojo/kana-dojo#7651 (priority: 100, 2 comments) ***
[00:02:07] >>> Posting on discovered issue lingdojo/kana-dojo#7651
[00:02:09] FAILED to post on lingdojo/kana-dojo#7651: GraphQL: User is blocked (addComment)
[00:02:09]   Checking lingdojo/kana-dojo#7649: priority=100, comments=1
[00:02:09] *** DISCOVERED: lingdojo/kana-dojo#7649 (priority: 100, 1 comments) ***
[00:02:09] >>> Posting on discovered issue lingdojo/kana-dojo#7649
[00:02:10] FAILED to post on lingdojo/kana-dojo#7649: GraphQL: User is blocked (addComment)
[00:02:10]   Checking lingdojo/kana-dojo#7648: priority=100, comments=1
[00:02:10] *** DISCOVERED: lingdojo/kana-dojo#7648 (priority: 100, 1 comments) ***
[00:02:11] >>> Posting on discovered issue lingdojo/kana-dojo#7648
[00:02:12] FAILED to post on lingdojo/kana-dojo#7648: GraphQL: User is blocked (addComment)
[00:02:12]   Checking lingdojo/kana-dojo#7646: priority=100, comments=1
[00:02:12] *** DISCOVERED: lingdojo/kana-dojo#7646 (priority: 100, 1 comments) ***
[00:02:12] >>> Posting on discovered issue lingdojo/kana-dojo#7646
[00:02:13] FAILED to post on lingdojo/kana-dojo#7646: GraphQL: User is blocked (addComment)
[00:02:13] Checked 20 issues, discovered 17 high-priority ones
[00:02:13] STEP 3: Checking follow-ups
[00:02:15] STEP 4: Building action items list
[00:02:15] STEP 5: Updating metrics
[00:02:15] === SUMMARY ===
[00:02:15] Notifications: 70
[00:02:15] Posted: 0
[00:02:15] Consent opportunities: 17
[00:02:15] Stale issues: 0
[00:02:15] Need follow-up: 0
[00:02:15] Merge conflicts: 0
[00:02:15] Total tracked: 61
[00:02:15] Check complete
