=== GitHub SLA Check: Mon Mar  9 11:30:01 PM CST 2026 ===
[23:30:01] STEP 0: Cleaning old data
[23:30:01] Checking tracked issues for closures...
[23:30:13] Cleanup complete
[23:30:13] STEP 1: Processing notifications
[23:30:15] Found 78 notifications
[23:30:17] EndlessPixel/EndlessPixel-Modpack#35: Already assigned, skipping
[23:30:18] VATSIM-UK/UK-Sector-File#6064: Already assigned, skipping
[23:30:52] pytorch-tabular/pytorch_tabular#605: Too old (43 days), skipping
[23:31:12] activist-org/activist#1925: Already assigned, skipping
[23:31:29] microsoft/vscode#288770: Already assigned, skipping
[23:31:34] lucasjinreal/Kokoros#61: Too old (381 days), skipping
[23:32:04] STEP 2: Checking my PRs
[23:32:05] STEP 2.5: Proactive discovery - finding new issues
[23:32:05] Searching for good-first-issues...
[23:32:07] Found 20 good-first-issues from search
[23:32:07]   Skipping EndlessPixel/EndlessPixel-Modpack#35: Too many comments (6)
[23:32:07]   Skipping rysweet/azlin#793: Already tracked
[23:32:07]   Skipping rysweet/amplihack#2981: Already tracked
[23:32:07]   Skipping rysweet/amplihack#2980: Already tracked
[23:32:07]   Skipping rysweet/amplihack#2979: Already tracked
[23:32:07]   Skipping rysweet/amplihack#2977: Already tracked
[23:32:07]   Skipping rysweet/amplihack#2976: Already tracked
[23:32:08]   Skipping brendankowitz/FHIR-Tools-for-Anonymization#80: Already tracked
[23:32:08]   Skipping windoze95/nullfeed-flutter#19: Already tracked
[23:32:08]   Skipping windoze95/nullfeed-backend#33: Already tracked
[23:32:08]   Skipping windoze95/nullfeed-backend#32: Already tracked
[23:32:08]   Skipping avni-j/synthetic-demo-app#12: Already tracked
[23:32:08]   Skipping T-SIG/tsig-prints#252: Already tracked
[23:32:08]   Skipping T-SIG/tsig-prints#249: Already tracked
[23:32:08]   Skipping T-SIG/tsig-prints#248: Already tracked
[23:32:08]   Skipping T-SIG/tsig-prints#247: Already tracked
[23:32:08]   Skipping T-SIG/tsig-prints#245: Already tracked
[23:32:08]   Skipping T-SIG/tsig-prints#244: Already tracked
[23:32:08]   Skipping T-SIG/tsig-prints#243: Already tracked
[23:32:08]   Skipping T-SIG/tsig-prints#242: Already tracked
[23:32:08] Checked 20 issues, discovered 0 high-priority ones
[23:32:08] STEP 3: Checking follow-ups
[23:32:11] STEP 4: Building action items list
[23:32:11] STEP 5: Updating metrics
[23:32:11] === SUMMARY ===
[23:32:11] Notifications: 78
[23:32:11] Posted: 0
[23:32:11] Consent opportunities: 0
[23:32:11] Stale issues: 0
[23:32:11] Need follow-up: 0
[23:32:11] Merge conflicts: 0
[23:32:11] Total tracked: 95
[23:32:11] Check complete
