=== GitHub SLA Check: Tue Mar 10 07:30:01 PM CST 2026 ===
[19:30:01] STEP 0: Cleaning old data
[19:30:01] Checking tracked issues for closures...
[19:30:14] Cleanup complete
[19:30:14] STEP 1: Processing notifications
[19:30:15] Found 81 notifications
[19:30:20] djangonaut-space/wagtail-indymeet#713: Already assigned, skipping
[19:30:22] EndlessPixel/EndlessPixel-Modpack#35: Already assigned, skipping
[19:30:23] VATSIM-UK/UK-Sector-File#6064: Already assigned, skipping
[19:30:57] pytorch-tabular/pytorch_tabular#605: Too old (44 days), skipping
[19:31:14] activist-org/activist#1925: Already assigned, skipping
[19:31:29] microsoft/vscode#288770: Already assigned, skipping
[19:31:34] lucasjinreal/Kokoros#61: Too old (382 days), skipping
[19:32:05] STEP 2: Checking my PRs
[19:32:07] STEP 2.5: Proactive discovery - finding new issues
[19:32:07] Searching for good-first-issues...
[19:32:08] Found 20 good-first-issues from search
[19:32:08]   Skipping 7788ken/linkgate#13: Already tracked
[19:32:08]   Skipping 7788ken/linkgate#7: Already tracked
[19:32:08]   Skipping 7788ken/linkgate#3: Already tracked
[19:32:09]   Skipping djangonaut-space/wagtail-indymeet#713: Already tracked
[19:32:09]   Skipping rajmahadev422/Learn-To-PR#16: Already tracked
[19:32:09]   Skipping EndlessPixel/EndlessPixel-Modpack#35: Too many comments (6)
[19:32:09]   Skipping rysweet/azlin#793: Already tracked
[19:32:09]   Skipping rysweet/amplihack#2981: Already tracked
[19:32:09]   Skipping rysweet/amplihack#2979: Already tracked
[19:32:09]   Skipping rysweet/amplihack#2980: Already tracked
[19:32:09]   Skipping rysweet/amplihack#2977: Already tracked
[19:32:09]   Skipping rysweet/amplihack#2976: Already tracked
[19:32:09]   Skipping brendankowitz/FHIR-Tools-for-Anonymization#80: Already tracked
[19:32:09]   Skipping windoze95/nullfeed-flutter#19: Already tracked
[19:32:09]   Skipping windoze95/nullfeed-backend#33: Already tracked
[19:32:09]   Skipping windoze95/nullfeed-backend#32: Already tracked
[19:32:09]   Skipping avni-j/synthetic-demo-app#12: Already tracked
[19:32:10]   Skipping T-SIG/tsig-prints#252: Already tracked
[19:32:10]   Skipping T-SIG/tsig-prints#249: Already tracked
[19:32:10]   Skipping T-SIG/tsig-prints#248: Already tracked
[19:32:10] Checked 20 issues, discovered 0 high-priority ones
[19:32:10] STEP 3: Checking follow-ups
[19:32:34] FOLLOW-UP NEEDED: Vexa-ai/vexa#160 (no response in 3 days)
[19:32:42] FOLLOW-UP NEEDED: mynextproject-portfolio/recipe-explorer-lite-yuewang199511#1 (no response in 3 days)
[19:32:44] FOLLOW-UP NEEDED: Marormur/Website#158 (no response in 3 days)
[19:32:46] FOLLOW-UP NEEDED: Marormur/Website#160 (no response in 3 days)
[19:32:47] FOLLOW-UP NEEDED: PatrickB1905/wealthwise#12 (no response in 3 days)
[19:32:49] FOLLOW-UP NEEDED: GreatJobTommy/DIT-Transfer-Tools#73 (no response in 3 days)
[19:32:53] FOLLOW-UP NEEDED: adenueltech/jobhunter#1 (no response in 3 days)
[19:32:54] FOLLOW-UP NEEDED: windoze95/nullfeed-backend#24 (no response in 3 days)
[19:32:55] FOLLOW-UP NEEDED: PatrickB1905/WealthWise#12 (no response in 3 days)
[19:32:57] FOLLOW-UP NEEDED: finnoybu/aegis-governance#14 (no response in 3 days)
[19:32:58] FOLLOW-UP NEEDED: finnoybu/aegis-governance#13 (no response in 3 days)
[19:32:59] FOLLOW-UP NEEDED: windoze95/nullfeed-flutter#15 (no response in 3 days)
[19:33:00] FOLLOW-UP NEEDED: windoze95/nullfeed-flutter#14 (no response in 3 days)
[19:33:01] FOLLOW-UP NEEDED: windoze95/nullfeed-backend#27 (no response in 3 days)
[19:33:04] STEP 4: Building action items list
[19:33:04] STEP 5: Updating metrics
[19:33:04] === SUMMARY ===
[19:33:04] Notifications: 81
[19:33:04] Posted: 0
[19:33:04] Consent opportunities: 0
[19:33:04] Stale issues: 0
[19:33:04] Need follow-up: 254
[19:33:04] Merge conflicts: 0
[19:33:04] Total tracked: 104
[19:33:04] Check complete
