=== GitHub SLA Check: Mon Mar  9 01:30:01 AM CST 2026 ===
[01:30:01] STEP 0: Cleaning old data
[01:30:01] Checking tracked issues for closures...
[01:30:12] Cleanup complete
[01:30:12] STEP 1: Processing notifications
[01:30:13] Found 70 notifications
[01:30:33] VATSIM-UK/UK-Sector-File#6064: Already assigned, skipping
[01:30:38] pytorch-tabular/pytorch_tabular#605: Too old (42 days), skipping
[01:30:56] activist-org/activist#1925: Already assigned, skipping
[01:31:13] microsoft/vscode#288770: Already assigned, skipping
[01:31:17] lucasjinreal/Kokoros#61: Too old (380 days), skipping
[01:31:46] STEP 2: Checking my PRs
[01:31:47] STEP 2.5: Proactive discovery - finding new issues
[01:31:47] Searching for good-first-issues...
[01:31:48] Found 20 good-first-issues from search
[01:31:49]   Checking lingdojo/kana-dojo#7665: priority=100, comments=1
[01:31:49] *** DISCOVERED: lingdojo/kana-dojo#7665 (priority: 100, 1 comments) ***
[01:31:49] >>> Posting on discovered issue lingdojo/kana-dojo#7665
[01:31:50] FAILED to post on lingdojo/kana-dojo#7665: GraphQL: User is blocked (addComment)
[01:31:50]   Checking lingdojo/kana-dojo#7664: priority=100, comments=1
[01:31:50] *** DISCOVERED: lingdojo/kana-dojo#7664 (priority: 100, 1 comments) ***
[01:31:50] >>> Posting on discovered issue lingdojo/kana-dojo#7664
[01:31:51] FAILED to post on lingdojo/kana-dojo#7664: GraphQL: User is blocked (addComment)
[01:31:51]   Checking lingdojo/kana-dojo#7663: priority=100, comments=1
[01:31:51] *** DISCOVERED: lingdojo/kana-dojo#7663 (priority: 100, 1 comments) ***
[01:31:51] >>> Posting on discovered issue lingdojo/kana-dojo#7663
[01:31:52] FAILED to post on lingdojo/kana-dojo#7663: GraphQL: User is blocked (addComment)
[01:31:52]   Checking lingdojo/kana-dojo#7662: priority=100, comments=1
[01:31:52] *** DISCOVERED: lingdojo/kana-dojo#7662 (priority: 100, 1 comments) ***
[01:31:52] >>> Posting on discovered issue lingdojo/kana-dojo#7662
[01:31:53] FAILED to post on lingdojo/kana-dojo#7662: GraphQL: User is blocked (addComment)
[01:31:53]   Checking lingdojo/kana-dojo#7661: priority=100, comments=1
[01:31:53] *** DISCOVERED: lingdojo/kana-dojo#7661 (priority: 100, 1 comments) ***
[01:31:53] >>> Posting on discovered issue lingdojo/kana-dojo#7661
[01:31:54] FAILED to post on lingdojo/kana-dojo#7661: GraphQL: User is blocked (addComment)
[01:31:54]   Checking lingdojo/kana-dojo#7660: priority=100, comments=1
[01:31:54] *** DISCOVERED: lingdojo/kana-dojo#7660 (priority: 100, 1 comments) ***
[01:31:54] >>> Posting on discovered issue lingdojo/kana-dojo#7660
[01:31:55] FAILED to post on lingdojo/kana-dojo#7660: GraphQL: User is blocked (addComment)
[01:31:56]   Checking lingdojo/kana-dojo#7659: priority=100, comments=1
[01:31:56] *** DISCOVERED: lingdojo/kana-dojo#7659 (priority: 100, 1 comments) ***
[01:31:56] >>> Posting on discovered issue lingdojo/kana-dojo#7659
[01:31:56] FAILED to post on lingdojo/kana-dojo#7659: GraphQL: User is blocked (addComment)
[01:31:57]   Checking lingdojo/kana-dojo#7658: priority=100, comments=1
[01:31:57] *** DISCOVERED: lingdojo/kana-dojo#7658 (priority: 100, 1 comments) ***
[01:31:57] >>> Posting on discovered issue lingdojo/kana-dojo#7658
[01:31:58] FAILED to post on lingdojo/kana-dojo#7658: GraphQL: User is blocked (addComment)
[01:31:58]   Checking lingdojo/kana-dojo#7657: priority=100, comments=1
[01:31:58] *** DISCOVERED: lingdojo/kana-dojo#7657 (priority: 100, 1 comments) ***
[01:31:58] >>> Posting on discovered issue lingdojo/kana-dojo#7657
[01:31:59] FAILED to post on lingdojo/kana-dojo#7657: GraphQL: User is blocked (addComment)
[01:32:00]   Checking lingdojo/kana-dojo#7656: priority=100, comments=1
[01:32:00] *** DISCOVERED: lingdojo/kana-dojo#7656 (priority: 100, 1 comments) ***
[01:32:00] >>> Posting on discovered issue lingdojo/kana-dojo#7656
[01:32:01] FAILED to post on lingdojo/kana-dojo#7656: GraphQL: User is blocked (addComment)
[01:32:01]   Checking lingdojo/kana-dojo#7654: priority=100, comments=1
[01:32:01] *** DISCOVERED: lingdojo/kana-dojo#7654 (priority: 100, 1 comments) ***
[01:32:01] >>> Posting on discovered issue lingdojo/kana-dojo#7654
[01:32:02] FAILED to post on lingdojo/kana-dojo#7654: GraphQL: User is blocked (addComment)
[01:32:02]   Skipping windoze95/nullfeed-flutter#17: Already tracked
[01:32:02]   Skipping windoze95/nullfeed-backend#29: Already tracked
[01:32:02]   Skipping windoze95/nullfeed-backend#28: Already tracked
[01:32:03]   Checking lingdojo/kana-dojo#7653: priority=100, comments=1
[01:32:03] *** DISCOVERED: lingdojo/kana-dojo#7653 (priority: 100, 1 comments) ***
[01:32:03] >>> Posting on discovered issue lingdojo/kana-dojo#7653
[01:32:04] FAILED to post on lingdojo/kana-dojo#7653: GraphQL: User is blocked (addComment)
[01:32:04]   Checking lingdojo/kana-dojo#7652: priority=100, comments=1
[01:32:04] *** DISCOVERED: lingdojo/kana-dojo#7652 (priority: 100, 1 comments) ***
[01:32:04] >>> Posting on discovered issue lingdojo/kana-dojo#7652
[01:32:06] FAILED to post on lingdojo/kana-dojo#7652: GraphQL: User is blocked (addComment)
[01:32:06]   Checking lingdojo/kana-dojo#7651: priority=100, comments=2
[01:32:06] *** DISCOVERED: lingdojo/kana-dojo#7651 (priority: 100, 2 comments) ***
[01:32:06] >>> Posting on discovered issue lingdojo/kana-dojo#7651
[01:32:07] FAILED to post on lingdojo/kana-dojo#7651: GraphQL: User is blocked (addComment)
[01:32:07]   Checking lingdojo/kana-dojo#7649: priority=100, comments=1
[01:32:07] *** DISCOVERED: lingdojo/kana-dojo#7649 (priority: 100, 1 comments) ***
[01:32:07] >>> Posting on discovered issue lingdojo/kana-dojo#7649
[01:32:08] FAILED to post on lingdojo/kana-dojo#7649: GraphQL: User is blocked (addComment)
[01:32:09]   Checking lingdojo/kana-dojo#7648: priority=100, comments=1
[01:32:09] *** DISCOVERED: lingdojo/kana-dojo#7648 (priority: 100, 1 comments) ***
[01:32:09] >>> Posting on discovered issue lingdojo/kana-dojo#7648
[01:32:10] FAILED to post on lingdojo/kana-dojo#7648: GraphQL: User is blocked (addComment)
[01:32:10]   Checking lingdojo/kana-dojo#7646: priority=100, comments=1
[01:32:10] *** DISCOVERED: lingdojo/kana-dojo#7646 (priority: 100, 1 comments) ***
[01:32:10] >>> Posting on discovered issue lingdojo/kana-dojo#7646
[01:32:11] FAILED to post on lingdojo/kana-dojo#7646: GraphQL: User is blocked (addComment)
[01:32:11] Checked 20 issues, discovered 17 high-priority ones
[01:32:11] STEP 3: Checking follow-ups
[01:32:13] STEP 4: Building action items list
[01:32:13] STEP 5: Updating metrics
[01:32:13] === SUMMARY ===
[01:32:13] Notifications: 70
[01:32:13] Posted: 0
[01:32:13] Consent opportunities: 17
[01:32:13] Stale issues: 0
[01:32:13] Need follow-up: 0
[01:32:13] Merge conflicts: 0
[01:32:13] Total tracked: 61
[01:32:13] Check complete
