=== GitHub SLA Check: Tue Mar 10 11:30:02 PM CST 2026 ===
[23:30:02] STEP 0: Cleaning old data
[23:30:02] Checking tracked issues for closures...
[23:30:15] Cleanup complete
[23:30:15] STEP 1: Processing notifications
[23:30:17] Found 82 notifications
[23:30:18] PretendoNetwork/juxtaposition#411: Already assigned, skipping
[23:30:20] EndlessPixel/EndlessPixel-Modpack#35: Already assigned, skipping
[23:30:25] djangonaut-space/wagtail-indymeet#713: Already assigned, skipping
[23:30:26] VATSIM-UK/UK-Sector-File#6064: Already assigned, skipping
[23:31:03] pytorch-tabular/pytorch_tabular#605: Too old (44 days), skipping
[23:31:22] activist-org/activist#1925: Already assigned, skipping
[23:31:36] microsoft/vscode#288770: Already assigned, skipping
[23:31:40] lucasjinreal/Kokoros#61: Too old (382 days), skipping
[23:32:12] STEP 2: Checking my PRs
[23:32:13] STEP 2.5: Proactive discovery - finding new issues
[23:32:13] Searching for good-first-issues...
[23:32:15] Found 50 good-first-issues from search
[23:32:15]   Skipping 7788ken/linkgate#13: Already tracked
[23:32:16]   Skipping 7788ken/linkgate#7: Already tracked
[23:32:16]   Skipping 7788ken/linkgate#3: Already tracked
[23:32:16]   Skipping djangonaut-space/wagtail-indymeet#713: Already tracked
[23:32:16]   Skipping rajmahadev422/Learn-To-PR#16: Already tracked
[23:32:16]   Skipping EndlessPixel/EndlessPixel-Modpack#35: Too many comments (8)
[23:32:16]   Skipping rysweet/azlin#793: Already tracked
[23:32:16]   Skipping rysweet/amplihack#2981: Already tracked
[23:32:16]   Skipping rysweet/amplihack#2979: Already tracked
[23:32:16]   Skipping rysweet/amplihack#2980: Already tracked
[23:32:16]   Skipping rysweet/amplihack#2977: Already tracked
[23:32:16]   Skipping rysweet/amplihack#2976: Already tracked
[23:32:16]   Skipping brendankowitz/FHIR-Tools-for-Anonymization#80: Already tracked
[23:32:16]   Skipping windoze95/nullfeed-flutter#19: Already tracked
[23:32:17]   Skipping windoze95/nullfeed-backend#33: Already tracked
[23:32:17]   Skipping windoze95/nullfeed-backend#32: Already tracked
[23:32:17]   Skipping avni-j/synthetic-demo-app#12: Already tracked
[23:32:17]   Skipping T-SIG/tsig-prints#252: Already tracked
[23:32:17]   Skipping T-SIG/tsig-prints#249: Already tracked
[23:32:17]   Skipping T-SIG/tsig-prints#248: Already tracked
[23:32:17]   Skipping T-SIG/tsig-prints#247: Already tracked
[23:32:17]   Skipping T-SIG/tsig-prints#245: Already tracked
[23:32:17]   Skipping T-SIG/tsig-prints#244: Already tracked
[23:32:17]   Skipping T-SIG/tsig-prints#243: Already tracked
[23:32:17]   Skipping T-SIG/tsig-prints#242: Already tracked
[23:32:17]   Skipping T-SIG/tsig-prints#241: Already tracked
[23:32:17]   Skipping T-SIG/tsig-prints#240: Already tracked
[23:32:17]   Skipping T-SIG/tsig-prints#239: Already tracked
[23:32:17]   Skipping T-SIG/tsig-prints#238: Already tracked
[23:32:18]   Skipping T-SIG/tsig-prints#237: Already tracked
[23:32:18]   Skipping T-SIG/tsig-prints#236: Already tracked
[23:32:18]   Skipping T-SIG/tsig-prints#234: Already tracked
[23:32:18]   Skipping T-SIG/tsig-prints#231: Already tracked
[23:32:18]   Skipping T-SIG/tsig-prints#230: Already tracked
[23:32:18]   Skipping T-SIG/tsig-prints#229: Already tracked
[23:32:18]   Skipping T-SIG/tsig-prints#227: Already tracked
[23:32:18]   Skipping T-SIG/tsig-prints#226: Already tracked
[23:32:18]   Skipping T-SIG/tsig-prints#225: Already tracked
[23:32:18]   Skipping T-SIG/tsig-prints#224: Already tracked
[23:32:18]   Skipping visouha/openclaw-test-repo#2: Already tracked
[23:32:18]   Skipping VATSIM-UK/UK-Sector-File#6069: Already tracked
[23:32:19]   Checking lingdojo/kana-dojo#7665: priority=100, comments=1
[23:32:19] *** DISCOVERED: lingdojo/kana-dojo#7665 (priority: 100, 1 comments) ***
[23:32:19] >>> Posting on discovered issue lingdojo/kana-dojo#7665
[23:32:20] FAILED to post on lingdojo/kana-dojo#7665: GraphQL: User is blocked (addComment)
[23:32:20]   Checking lingdojo/kana-dojo#7664: priority=100, comments=1
[23:32:20] *** DISCOVERED: lingdojo/kana-dojo#7664 (priority: 100, 1 comments) ***
[23:32:20] >>> Posting on discovered issue lingdojo/kana-dojo#7664
[23:32:22] FAILED to post on lingdojo/kana-dojo#7664: GraphQL: User is blocked (addComment)
[23:32:22]   Checking lingdojo/kana-dojo#7663: priority=100, comments=2
[23:32:22] *** DISCOVERED: lingdojo/kana-dojo#7663 (priority: 100, 2 comments) ***
[23:32:22] >>> Posting on discovered issue lingdojo/kana-dojo#7663
[23:32:23] FAILED to post on lingdojo/kana-dojo#7663: GraphQL: User is blocked (addComment)
[23:32:24]   Checking lingdojo/kana-dojo#7662: priority=100, comments=1
[23:32:24] *** DISCOVERED: lingdojo/kana-dojo#7662 (priority: 100, 1 comments) ***
[23:32:24] >>> Posting on discovered issue lingdojo/kana-dojo#7662
[23:32:25] FAILED to post on lingdojo/kana-dojo#7662: GraphQL: User is blocked (addComment)
[23:32:25]   Checking lingdojo/kana-dojo#7661: priority=100, comments=1
[23:32:25] *** DISCOVERED: lingdojo/kana-dojo#7661 (priority: 100, 1 comments) ***
[23:32:25] >>> Posting on discovered issue lingdojo/kana-dojo#7661
[23:32:26] FAILED to post on lingdojo/kana-dojo#7661: GraphQL: User is blocked (addComment)
[23:32:26]   Checking lingdojo/kana-dojo#7660: priority=100, comments=1
[23:32:26] *** DISCOVERED: lingdojo/kana-dojo#7660 (priority: 100, 1 comments) ***
[23:32:26] >>> Posting on discovered issue lingdojo/kana-dojo#7660
[23:32:27] FAILED to post on lingdojo/kana-dojo#7660: GraphQL: User is blocked (addComment)
[23:32:28]   Checking lingdojo/kana-dojo#7659: priority=100, comments=1
[23:32:28] *** DISCOVERED: lingdojo/kana-dojo#7659 (priority: 100, 1 comments) ***
[23:32:28] >>> Posting on discovered issue lingdojo/kana-dojo#7659
[23:32:29] FAILED to post on lingdojo/kana-dojo#7659: GraphQL: User is blocked (addComment)
[23:32:29]   Checking lingdojo/kana-dojo#7658: priority=100, comments=1
[23:32:29] *** DISCOVERED: lingdojo/kana-dojo#7658 (priority: 100, 1 comments) ***
[23:32:29] >>> Posting on discovered issue lingdojo/kana-dojo#7658
[23:32:30] FAILED to post on lingdojo/kana-dojo#7658: GraphQL: User is blocked (addComment)
[23:32:31]   Checking lingdojo/kana-dojo#7657: priority=100, comments=1
[23:32:31] *** DISCOVERED: lingdojo/kana-dojo#7657 (priority: 100, 1 comments) ***
[23:32:31] >>> Posting on discovered issue lingdojo/kana-dojo#7657
[23:32:32] FAILED to post on lingdojo/kana-dojo#7657: GraphQL: User is blocked (addComment)
[23:32:32] Checked 50 issues, discovered 9 high-priority ones
[23:32:32] STEP 3: Checking follow-ups
[23:32:59] FOLLOW-UP NEEDED: Vexa-ai/vexa#160 (no response in 3 days)
[23:33:08] FOLLOW-UP NEEDED: mynextproject-portfolio/recipe-explorer-lite-yuewang199511#1 (no response in 3 days)
[23:33:10] FOLLOW-UP NEEDED: Marormur/Website#158 (no response in 3 days)
[23:33:13] FOLLOW-UP NEEDED: Marormur/Website#160 (no response in 3 days)
[23:33:14] FOLLOW-UP NEEDED: PatrickB1905/wealthwise#12 (no response in 3 days)
[23:33:15] FOLLOW-UP NEEDED: GreatJobTommy/DIT-Transfer-Tools#73 (no response in 3 days)
[23:33:19] FOLLOW-UP NEEDED: adenueltech/jobhunter#1 (no response in 3 days)
[23:33:20] FOLLOW-UP NEEDED: windoze95/nullfeed-backend#24 (no response in 3 days)
[23:33:21] FOLLOW-UP NEEDED: PatrickB1905/WealthWise#12 (no response in 3 days)
[23:33:24] FOLLOW-UP NEEDED: finnoybu/aegis-governance#14 (no response in 3 days)
[23:33:25] FOLLOW-UP NEEDED: finnoybu/aegis-governance#13 (no response in 3 days)
[23:33:26] FOLLOW-UP NEEDED: windoze95/nullfeed-flutter#15 (no response in 3 days)
[23:33:27] FOLLOW-UP NEEDED: windoze95/nullfeed-flutter#14 (no response in 3 days)
[23:33:28] FOLLOW-UP NEEDED: windoze95/nullfeed-backend#27 (no response in 3 days)
[23:33:31] FOLLOW-UP NEEDED: ibelanger/GraniteFungiForager#35 (no response in 3 days)
[23:33:32] FOLLOW-UP NEEDED: ibelanger/GraniteFungiForager#28 (no response in 3 days)
[23:33:34] FOLLOW-UP NEEDED: ibelanger/GraniteFungiForager#27 (no response in 3 days)
[23:33:35] FOLLOW-UP NEEDED: ibelanger/GraniteFungiForager#24 (no response in 3 days)
[23:33:36] FOLLOW-UP NEEDED: ibelanger/GraniteFungiForager#22 (no response in 3 days)
[23:33:38] STEP 4: Building action items list
[23:33:38] STEP 5: Updating metrics
[23:33:38] === SUMMARY ===
[23:33:38] Notifications: 82
[23:33:38] Posted: 0
[23:33:38] Consent opportunities: 9
[23:33:38] Stale issues: 0
[23:33:38] Need follow-up: 371
[23:33:38] Merge conflicts: 0
[23:33:38] Total tracked: 109
[23:33:38] Check complete
