=== GitHub SLA Check: Sat Mar  7 08:00:01 AM CST 2026 ===
[08:00:01] STEP 0: Cleaning old data
[08:00:01] Checking tracked issues for closures...
[08:00:13] Cleanup complete
[08:00:13] STEP 1: Processing notifications
[08:00:14] Found 67 notifications
[08:00:20] pytorch-tabular/pytorch_tabular#605: Too old (40 days), skipping
[08:00:42] activist-org/activist#1925: Already assigned, skipping
[08:01:04] microsoft/vscode#288770: Already assigned, skipping
[08:01:10] lucasjinreal/Kokoros#61: Too old (378 days), skipping
[08:01:44] STEP 2: Checking my PRs
[08:01:47] STEP 2.5: Proactive discovery - finding new issues
[08:01:47] Searching for good-first-issues...
[08:01:49] Found 20 good-first-issues from search
[08:01:49]   Checking GreatJobTommy/DIT-Transfer-Tools#73: priority=100, comments=0
[08:01:49] *** DISCOVERED: GreatJobTommy/DIT-Transfer-Tools#73 (priority: 100, 0 comments) ***
[08:01:49] >>> Posting on discovered issue GreatJobTommy/DIT-Transfer-Tools#73
[08:01:50] SUCCESS: Posted on GreatJobTommy/DIT-Transfer-Tools#73
[08:01:55]   Checking GreatJobTommy/DIT-Transfer-Tools#72: priority=100, comments=0
[08:01:55] *** DISCOVERED: GreatJobTommy/DIT-Transfer-Tools#72 (priority: 100, 0 comments) ***
[08:01:55] >>> Posting on discovered issue GreatJobTommy/DIT-Transfer-Tools#72
[08:01:56] SUCCESS: Posted on GreatJobTommy/DIT-Transfer-Tools#72
[08:02:01]   Skipping PatrickB1905/wealthwise#12: Already tracked
[08:02:01]   Skipping mynextproject-portfolio/recipe-explorer-lite-ildarakhmetov#1: Already tracked
[08:02:01]   Skipping rajmahadev422/Learn-To-PR#7: Already tracked
[08:02:02]   Skipping finnoybu/aegis-governance#12: Already tracked
[08:02:02]   Skipping Vexa-ai/vexa#160: Already tracked
[08:02:02]   Skipping rajmahadev422/Learn-To-PR#3: Already tracked
[08:02:02]   Skipping VATSIM-UK/UK-Sector-File#6064: Already tracked
[08:02:02]   Skipping Vexa-ai/vexa#155: Already tracked
[08:02:02]   Skipping windoze95/nullfeed-flutter#12: Already tracked
[08:02:02]   Skipping windoze95/nullfeed-backend#22: Already tracked
[08:02:02]   Skipping brendankowitz/FHIR-Tools-for-Anonymization#64: Too many comments (6)
[08:02:02]   Skipping brendankowitz/FHIR-Tools-for-Anonymization#63: Too many comments (6)
[08:02:02]   Skipping brendankowitz/FHIR-Tools-for-Anonymization#62: Already tracked
[08:02:02]   Skipping brendankowitz/FHIR-Tools-for-Anonymization#61: Too many comments (7)
[08:02:02]   Skipping cclib/cclib#1746: Already tracked
[08:02:02]   Skipping ray-project/kuberay#4568: Already tracked
[08:02:02]   Skipping mynextproject-portfolio/recipe-explorer-lite-yuewang199511#1: Already tracked
[08:02:02]   Skipping tensorzero/tensorzero#6750: Blocked repo
[08:02:02] Checked 20 issues, discovered 2 high-priority ones
[08:02:02] STEP 3: Checking follow-ups
[08:02:04] STEP 4: Building action items list
[08:02:04] STEP 5: Updating metrics
[08:02:04] === SUMMARY ===
[08:02:04] Notifications: 67
[08:02:04] Posted: 2
[08:02:04] Consent opportunities: 2
[08:02:04] Stale issues: 0
[08:02:04] Need follow-up: 0
[08:02:04] Merge conflicts: 0
[08:02:04] Total tracked: 38
[08:02:04] Check complete
