=== GitHub SLA Check: Sun Mar  8 03:30:01 AM CST 2026 ===
[03:30:01] STEP 0: Cleaning old data
[03:30:01] Checking tracked issues for closures...
[03:30:12] Cleanup complete
[03:30:12] STEP 1: Processing notifications
[03:30:13] Found 75 notifications
[03:30:29] VATSIM-UK/UK-Sector-File#6064: Already assigned, skipping
[03:30:33] pytorch-tabular/pytorch_tabular#605: Too old (41 days), skipping
[03:30:52] activist-org/activist#1925: Already assigned, skipping
[03:31:11] microsoft/vscode#288770: Already assigned, skipping
[03:31:17] lucasjinreal/Kokoros#61: Too old (379 days), skipping
[03:31:50] STEP 2: Checking my PRs
[03:31:53] STEP 2.5: Proactive discovery - finding new issues
[03:31:53] Searching for good-first-issues...
[03:31:55] Found 20 good-first-issues from search
[03:31:55]   Skipping ibelanger/GraniteFungiForager#36: Already tracked
[03:31:55]   Skipping ibelanger/GraniteFungiForager#35: Already tracked
[03:31:55]   Skipping ibelanger/GraniteFungiForager#28: Already tracked
[03:31:55]   Skipping ibelanger/GraniteFungiForager#27: Already tracked
[03:31:55]   Skipping ibelanger/GraniteFungiForager#24: Already tracked
[03:31:55]   Skipping ibelanger/GraniteFungiForager#22: Already tracked
[03:31:55]   Skipping windoze95/nullfeed-flutter#15: Already tracked
[03:31:55]   Skipping windoze95/nullfeed-flutter#14: Already tracked
[03:31:55]   Skipping windoze95/nullfeed-backend#27: Already tracked
[03:31:55]   Skipping finnoybu/aegis-governance#14: Already tracked
[03:31:56]   Skipping finnoybu/aegis-governance#13: Already tracked
[03:31:56]   Skipping adenueltech/jobhunter#27: Already tracked
[03:31:56]   Skipping adenueltech/jobhunter#1: Already tracked
[03:31:56]   Skipping GreatJobTommy/DIT-Transfer-Tools#72: Already tracked
[03:31:56]   Skipping GreatJobTommy/DIT-Transfer-Tools#73: Already tracked
[03:31:56]   Skipping PatrickB1905/WealthWise#12: Already tracked
[03:31:56]   Skipping mynextproject-portfolio/recipe-explorer-lite-ildarakhmetov#1: Already tracked
[03:31:56]   Skipping rajmahadev422/Learn-To-PR#7: Already tracked
[03:31:56]   Skipping finnoybu/aegis-governance#12: Already tracked
[03:31:56]   Skipping Vexa-ai/vexa#160: Already tracked
[03:31:56] Checked 20 issues, discovered 0 high-priority ones
[03:31:56] STEP 3: Checking follow-ups
[03:31:58] STEP 4: Building action items list
[03:31:58] STEP 5: Updating metrics
[03:31:58] === SUMMARY ===
[03:31:58] Notifications: 75
[03:31:58] Posted: 0
[03:31:58] Consent opportunities: 0
[03:31:58] Stale issues: 0
[03:31:58] Need follow-up: 0
[03:31:58] Merge conflicts: 0
[03:31:58] Total tracked: 54
[03:31:58] Check complete
