=== GitHub SLA Check: Sat Mar  7 05:00:02 AM CST 2026 ===
[05:00:02] STEP 0: Cleaning old data
[05:00:02] Checking tracked issues for closures...
[05:00:13] Cleanup complete
[05:00:13] STEP 1: Processing notifications
[05:00:15] Found 64 notifications
[05:00:16] pytorch-tabular/pytorch_tabular#605: Too old (40 days), skipping
[05:00:42] activist-org/activist#1925: Already assigned, skipping
[05:01:03] microsoft/vscode#288770: Already assigned, skipping
[05:01:08] lucasjinreal/Kokoros#61: Too old (378 days), skipping
[05:01:43] STEP 2: Checking my PRs
[05:01:46] STEP 3: Checking follow-ups
[05:01:47] STEP 4: Building action items list
[05:01:47] STEP 5: Updating metrics
[05:01:47] === SUMMARY ===
[05:01:47] Notifications: 64
[05:01:47] Posted: 0
[05:01:47] Consent opportunities: 0
[05:01:47] Stale issues: 0
[05:01:47] Need follow-up: 0
[05:01:47] Merge conflicts: 0
[05:01:47] Total tracked: 21
[05:01:47] Check complete
