=== GitHub SLA Check: Sat Mar  7 05:30:01 AM CST 2026 ===
[05:30:01] STEP 0: Cleaning old data
[05:30:01] Checking tracked issues for closures...
[05:30:13] Cleanup complete
[05:30:13] STEP 1: Processing notifications
[05:30:14] Found 64 notifications
[05:30:16] pytorch-tabular/pytorch_tabular#605: Too old (40 days), skipping
[05:30:39] activist-org/activist#1925: Already assigned, skipping
[05:31:01] microsoft/vscode#288770: Already assigned, skipping
[05:31:07] lucasjinreal/Kokoros#61: Too old (378 days), skipping
[05:31:41] STEP 2: Checking my PRs
[05:31:44] STEP 2.5: Proactive discovery - finding new issues
[05:31:44] Searching for good-first-issues...
[05:31:46] *** DISCOVERED: Vexa-ai/vexa#160 (priority: 100, 0 comments) ***
[05:31:46] >>> Posting on discovered issue Vexa-ai/vexa#160
[05:31:47] SUCCESS: Posted on Vexa-ai/vexa#160
[05:31:52] *** DISCOVERED: rajmahadev422/Learn-To-PR#3 (priority: 95, 4 comments) ***
[05:31:52] >>> Posting on discovered issue rajmahadev422/Learn-To-PR#3
[05:31:53] SUCCESS: Posted on rajmahadev422/Learn-To-PR#3
[05:31:59] *** DISCOVERED: VATSIM-UK/UK-Sector-File#6064 (priority: 100, 1 comments) ***
[05:31:59] >>> Posting on discovered issue VATSIM-UK/UK-Sector-File#6064
[05:32:00] SUCCESS: Posted on VATSIM-UK/UK-Sector-File#6064
[05:32:05] *** DISCOVERED: brendankowitz/FHIR-Tools-for-Anonymization#64 (priority: 99, 4 comments) ***
[05:32:05] >>> Posting on discovered issue brendankowitz/FHIR-Tools-for-Anonymization#64
[05:32:06] SUCCESS: Posted on brendankowitz/FHIR-Tools-for-Anonymization#64
[05:32:12] *** DISCOVERED: brendankowitz/FHIR-Tools-for-Anonymization#63 (priority: 99, 4 comments) ***
[05:32:12] >>> Posting on discovered issue brendankowitz/FHIR-Tools-for-Anonymization#63
[05:32:13] SUCCESS: Posted on brendankowitz/FHIR-Tools-for-Anonymization#63
[05:32:18] *** DISCOVERED: brendankowitz/FHIR-Tools-for-Anonymization#62 (priority: 99, 4 comments) ***
[05:32:19] *** DISCOVERED: cclib/cclib#1746 (priority: 100, 1 comments) ***
[05:32:19] *** DISCOVERED: mynextproject-portfolio/recipe-explorer-lite-yuewang199511#1 (priority: 100, 1 comments) ***
[05:32:19] *** DISCOVERED: Marormur/Website#163 (priority: 98, 2 comments) ***
[05:32:20] *** DISCOVERED: Marormur/Website#158 (priority: 100, 1 comments) ***
[05:32:20] *** DISCOVERED: Marormur/Website#160 (priority: 100, 1 comments) ***
[05:32:20] *** DISCOVERED: Vexa-ai/vexa#151 (priority: 97, 1 comments) ***
[05:32:20] STEP 3: Checking follow-ups
[05:32:21] STEP 4: Building action items list
[05:32:21] STEP 5: Updating metrics
[05:32:21] === SUMMARY ===
[05:32:21] Notifications: 64
[05:32:21] Posted: 0
[05:32:21] Consent opportunities: 12
[05:32:21] Stale issues: 0
[05:32:21] Need follow-up: 0
[05:32:21] Merge conflicts: 0
[05:32:21] Total tracked: 28
[05:32:21] Check complete
