=== GitHub SLA Check: Tue Mar 10 08:30:01 PM CST 2026 ===
[20:30:01] STEP 0: Cleaning old data
[20:30:01] Checking tracked issues for closures...
[20:30:13] Cleanup complete
[20:30:13] STEP 1: Processing notifications
[20:30:15] Found 81 notifications
[20:30:16] EndlessPixel/EndlessPixel-Modpack#35: Already assigned, skipping
[20:30:21] djangonaut-space/wagtail-indymeet#713: Already assigned, skipping
[20:30:23] VATSIM-UK/UK-Sector-File#6064: Already assigned, skipping
[20:30:55] pytorch-tabular/pytorch_tabular#605: Too old (44 days), skipping
[20:31:14] activist-org/activist#1925: Already assigned, skipping
[20:31:28] microsoft/vscode#288770: Already assigned, skipping
[20:31:32] lucasjinreal/Kokoros#61: Too old (382 days), skipping
[20:32:03] STEP 2: Checking my PRs
[20:32:05] STEP 2.5: Proactive discovery - finding new issues
[20:32:05] Searching for good-first-issues...
[20:32:07] Found 20 good-first-issues from search
[20:32:07]   Skipping 7788ken/linkgate#13: Already tracked
[20:32:07]   Skipping 7788ken/linkgate#7: Already tracked
[20:32:07]   Skipping 7788ken/linkgate#3: Already tracked
[20:32:07]   Skipping djangonaut-space/wagtail-indymeet#713: Already tracked
[20:32:07]   Skipping rajmahadev422/Learn-To-PR#16: Already tracked
[20:32:07]   Skipping EndlessPixel/EndlessPixel-Modpack#35: Too many comments (8)
[20:32:07]   Skipping rysweet/azlin#793: Already tracked
[20:32:07]   Skipping rysweet/amplihack#2981: Already tracked
[20:32:07]   Skipping rysweet/amplihack#2979: Already tracked
[20:32:07]   Skipping rysweet/amplihack#2980: Already tracked
[20:32:08]   Skipping rysweet/amplihack#2977: Already tracked
[20:32:08]   Skipping rysweet/amplihack#2976: Already tracked
[20:32:08]   Skipping brendankowitz/FHIR-Tools-for-Anonymization#80: Already tracked
[20:32:08]   Skipping windoze95/nullfeed-flutter#19: Already tracked
[20:32:08]   Skipping windoze95/nullfeed-backend#33: Already tracked
[20:32:08]   Skipping windoze95/nullfeed-backend#32: Already tracked
[20:32:08]   Skipping avni-j/synthetic-demo-app#12: Already tracked
[20:32:08]   Skipping T-SIG/tsig-prints#252: Already tracked
[20:32:08]   Skipping T-SIG/tsig-prints#249: Already tracked
[20:32:08]   Skipping T-SIG/tsig-prints#248: Already tracked
[20:32:08] Checked 20 issues, discovered 0 high-priority ones
[20:32:08] STEP 3: Checking follow-ups
[20:32:33] FOLLOW-UP NEEDED: Vexa-ai/vexa#160 (no response in 3 days)
[20:32:40] FOLLOW-UP NEEDED: mynextproject-portfolio/recipe-explorer-lite-yuewang199511#1 (no response in 3 days)
[20:32:42] FOLLOW-UP NEEDED: Marormur/Website#158 (no response in 3 days)
[20:32:44] FOLLOW-UP NEEDED: Marormur/Website#160 (no response in 3 days)
[20:32:45] FOLLOW-UP NEEDED: PatrickB1905/wealthwise#12 (no response in 3 days)
[20:32:46] FOLLOW-UP NEEDED: GreatJobTommy/DIT-Transfer-Tools#73 (no response in 3 days)
[20:32:49] FOLLOW-UP NEEDED: adenueltech/jobhunter#1 (no response in 3 days)
[20:32:50] FOLLOW-UP NEEDED: windoze95/nullfeed-backend#24 (no response in 3 days)
[20:32:52] FOLLOW-UP NEEDED: PatrickB1905/WealthWise#12 (no response in 3 days)
[20:32:54] FOLLOW-UP NEEDED: finnoybu/aegis-governance#14 (no response in 3 days)
[20:32:55] FOLLOW-UP NEEDED: finnoybu/aegis-governance#13 (no response in 3 days)
[20:32:56] FOLLOW-UP NEEDED: windoze95/nullfeed-flutter#15 (no response in 3 days)
[20:32:57] FOLLOW-UP NEEDED: windoze95/nullfeed-flutter#14 (no response in 3 days)
[20:32:59] FOLLOW-UP NEEDED: windoze95/nullfeed-backend#27 (no response in 3 days)
[20:33:02] STEP 4: Building action items list
[20:33:02] STEP 5: Updating metrics
[20:33:02] === SUMMARY ===
[20:33:02] Notifications: 81
[20:33:02] Posted: 0
[20:33:02] Consent opportunities: 0
[20:33:02] Stale issues: 0
[20:33:02] Need follow-up: 282
[20:33:02] Merge conflicts: 0
[20:33:02] Total tracked: 105
[20:33:02] Check complete
