=== GitHub SLA Check: Sat Mar  7 11:30:01 AM CST 2026 ===
[11:30:01] STEP 0: Cleaning old data
[11:30:01] Checking tracked issues for closures...
[11:30:03] Removing closed issue: windoze95/nullfeed-backend#22
[11:30:14] Cleanup complete
[11:30:14] STEP 1: Processing notifications
[11:30:15] Found 69 notifications
[11:30:17] Evaluating: windoze95/nullfeed-backend#24 (priority: 100)
[11:30:18] >>> Posting comment on windoze95/nullfeed-backend#24
[11:30:19] SUCCESS: Posted on windoze95/nullfeed-backend#24
[11:30:30] pytorch-tabular/pytorch_tabular#605: Too old (40 days), skipping
[11:30:52] activist-org/activist#1925: Already assigned, skipping
[11:31:12] microsoft/vscode#288770: Already assigned, skipping
[11:31:18] lucasjinreal/Kokoros#61: Too old (379 days), skipping
[11:31:50] STEP 2: Checking my PRs
[11:31:52] STEP 2.5: Proactive discovery - finding new issues
[11:31:52] Searching for good-first-issues...
[11:31:54] Found 20 good-first-issues from search
[11:31:54]   Skipping adenueltech/jobhunter#27: Already tracked
[11:31:55]   Skipping adenueltech/jobhunter#1: Already tracked
[11:31:55]   Skipping GreatJobTommy/DIT-Transfer-Tools#72: Already tracked
[11:31:55]   Skipping GreatJobTommy/DIT-Transfer-Tools#73: Already tracked
[11:31:55]   Checking PatrickB1905/WealthWise#12: priority=100, comments=0
[11:31:55] *** DISCOVERED: PatrickB1905/WealthWise#12 (priority: 100, 0 comments) ***
[11:31:55] >>> Posting on discovered issue PatrickB1905/WealthWise#12
[11:31:57] SUCCESS: Posted on PatrickB1905/WealthWise#12
[11:32:02]   Skipping mynextproject-portfolio/recipe-explorer-lite-ildarakhmetov#1: Already tracked
[11:32:02]   Skipping rajmahadev422/Learn-To-PR#7: Already tracked
[11:32:02]   Skipping finnoybu/aegis-governance#12: Already tracked
[11:32:02]   Skipping Vexa-ai/vexa#160: Already tracked
[11:32:02]   Skipping rajmahadev422/Learn-To-PR#3: Already tracked
[11:32:02]   Skipping VATSIM-UK/UK-Sector-File#6064: Already tracked
[11:32:02]   Skipping Vexa-ai/vexa#155: Already tracked
[11:32:02]   Skipping windoze95/nullfeed-flutter#12: Already tracked
[11:32:03]   Checking windoze95/nullfeed-backend#22: priority=100, comments=3
[11:32:03] *** DISCOVERED: windoze95/nullfeed-backend#22 (priority: 100, 3 comments) ***
[11:32:03] >>> Posting on discovered issue windoze95/nullfeed-backend#22
[11:32:04] SUCCESS: Posted on windoze95/nullfeed-backend#22
[11:32:09]   Skipping brendankowitz/FHIR-Tools-for-Anonymization#64: Too many comments (6)
[11:32:09]   Skipping brendankowitz/FHIR-Tools-for-Anonymization#63: Too many comments (6)
[11:32:09]   Skipping brendankowitz/FHIR-Tools-for-Anonymization#62: Already tracked
[11:32:09]   Skipping brendankowitz/FHIR-Tools-for-Anonymization#61: Too many comments (7)
[11:32:09]   Skipping cclib/cclib#1746: Already tracked
[11:32:09]   Skipping ray-project/kuberay#4568: Already tracked
[11:32:09] Checked 20 issues, discovered 2 high-priority ones
[11:32:09] STEP 3: Checking follow-ups
[11:32:11] STEP 4: Building action items list
[11:32:11] STEP 5: Updating metrics
[11:32:11] === SUMMARY ===
[11:32:11] Notifications: 69
[11:32:11] Posted: 3
[11:32:11] Consent opportunities: 2
[11:32:11] Stale issues: 0
[11:32:11] Need follow-up: 0
[11:32:11] Merge conflicts: 0
[11:32:11] Total tracked: 42
[11:32:11] Check complete
