=== GitHub SLA Check: Wed Mar 11 12:30:01 AM CST 2026 ===
[00:30:01] STEP 0: Cleaning old data
[00:30:01] Checking tracked issues for closures...
[00:30:13] Cleanup complete
[00:30:13] STEP 1: Processing notifications
[00:30:15] Found 82 notifications
[00:30:16] PretendoNetwork/juxtaposition#411: Already assigned, skipping
[00:30:18] EndlessPixel/EndlessPixel-Modpack#35: Already assigned, skipping
[00:30:25] djangonaut-space/wagtail-indymeet#713: Already assigned, skipping
[00:30:26] VATSIM-UK/UK-Sector-File#6064: Already assigned, skipping
[00:31:02] pytorch-tabular/pytorch_tabular#605: Too old (44 days), skipping
[00:31:21] activist-org/activist#1925: Already assigned, skipping
[00:31:37] microsoft/vscode#288770: Already assigned, skipping
[00:31:41] lucasjinreal/Kokoros#61: Too old (382 days), skipping
[00:32:14] STEP 2: Checking my PRs
[00:32:16] STEP 2.5: Proactive discovery - finding new issues
[00:32:16] Searching for good-first-issues...
[00:32:18] Found 50 good-first-issues from search
[00:32:18]   Skipping 7788ken/linkgate#13: Already tracked
[00:32:18]   Skipping 7788ken/linkgate#7: Already tracked
[00:32:18]   Skipping 7788ken/linkgate#3: Already tracked
[00:32:18]   Skipping djangonaut-space/wagtail-indymeet#713: Already tracked
[00:32:18]   Skipping rajmahadev422/Learn-To-PR#16: Already tracked
[00:32:18]   Skipping EndlessPixel/EndlessPixel-Modpack#35: Too many comments (8)
[00:32:18]   Skipping rysweet/azlin#793: Already tracked
[00:32:18]   Skipping rysweet/amplihack#2981: Already tracked
[00:32:19]   Skipping rysweet/amplihack#2979: Already tracked
[00:32:19]   Skipping rysweet/amplihack#2980: Already tracked
[00:32:19]   Skipping rysweet/amplihack#2977: Already tracked
[00:32:19]   Skipping rysweet/amplihack#2976: Already tracked
[00:32:19]   Skipping brendankowitz/FHIR-Tools-for-Anonymization#80: Already tracked
[00:32:19]   Skipping windoze95/nullfeed-flutter#19: Already tracked
[00:32:19]   Skipping windoze95/nullfeed-backend#33: Already tracked
[00:32:19]   Skipping windoze95/nullfeed-backend#32: Already tracked
[00:32:19]   Skipping avni-j/synthetic-demo-app#12: Already tracked
[00:32:19]   Skipping T-SIG/tsig-prints#252: Already tracked
[00:32:19]   Skipping T-SIG/tsig-prints#249: Already tracked
[00:32:19]   Skipping T-SIG/tsig-prints#248: Already tracked
[00:32:19]   Skipping T-SIG/tsig-prints#247: Already tracked
[00:32:19]   Skipping T-SIG/tsig-prints#245: Already tracked
[00:32:20]   Skipping T-SIG/tsig-prints#244: Already tracked
[00:32:20]   Skipping T-SIG/tsig-prints#243: Already tracked
[00:32:20]   Skipping T-SIG/tsig-prints#242: Already tracked
[00:32:20]   Skipping T-SIG/tsig-prints#241: Already tracked
[00:32:20]   Skipping T-SIG/tsig-prints#240: Already tracked
[00:32:20]   Skipping T-SIG/tsig-prints#239: Already tracked
[00:32:20]   Skipping T-SIG/tsig-prints#238: Already tracked
[00:32:20]   Skipping T-SIG/tsig-prints#237: Already tracked
[00:32:20]   Skipping T-SIG/tsig-prints#236: Already tracked
[00:32:20]   Skipping T-SIG/tsig-prints#234: Already tracked
[00:32:20]   Skipping T-SIG/tsig-prints#231: Already tracked
[00:32:20]   Skipping T-SIG/tsig-prints#230: Already tracked
[00:32:20]   Skipping T-SIG/tsig-prints#229: Already tracked
[00:32:20]   Skipping T-SIG/tsig-prints#227: Already tracked
[00:32:21]   Skipping T-SIG/tsig-prints#226: Already tracked
[00:32:21]   Skipping T-SIG/tsig-prints#225: Already tracked
[00:32:21]   Skipping T-SIG/tsig-prints#224: Already tracked
[00:32:21]   Skipping visouha/openclaw-test-repo#2: Already tracked
[00:32:21]   Skipping VATSIM-UK/UK-Sector-File#6069: Already tracked
[00:32:21]   Checking lingdojo/kana-dojo#7665: priority=100, comments=1
[00:32:21] *** DISCOVERED: lingdojo/kana-dojo#7665 (priority: 100, 1 comments) ***
[00:32:21] >>> Posting on discovered issue lingdojo/kana-dojo#7665
[00:32:22] FAILED to post on lingdojo/kana-dojo#7665: GraphQL: User is blocked (addComment)
[00:32:22]   Checking lingdojo/kana-dojo#7664: priority=100, comments=1
[00:32:22] *** DISCOVERED: lingdojo/kana-dojo#7664 (priority: 100, 1 comments) ***
[00:32:22] >>> Posting on discovered issue lingdojo/kana-dojo#7664
[00:32:24] FAILED to post on lingdojo/kana-dojo#7664: GraphQL: User is blocked (addComment)
[00:32:24]   Checking lingdojo/kana-dojo#7663: priority=100, comments=2
[00:32:24] *** DISCOVERED: lingdojo/kana-dojo#7663 (priority: 100, 2 comments) ***
[00:32:24] >>> Posting on discovered issue lingdojo/kana-dojo#7663
[00:32:25] FAILED to post on lingdojo/kana-dojo#7663: GraphQL: User is blocked (addComment)
[00:32:26]   Checking lingdojo/kana-dojo#7662: priority=100, comments=1
[00:32:26] *** DISCOVERED: lingdojo/kana-dojo#7662 (priority: 100, 1 comments) ***
[00:32:26] >>> Posting on discovered issue lingdojo/kana-dojo#7662
[00:32:27] FAILED to post on lingdojo/kana-dojo#7662: GraphQL: User is blocked (addComment)
[00:32:27]   Checking lingdojo/kana-dojo#7661: priority=100, comments=1
[00:32:27] *** DISCOVERED: lingdojo/kana-dojo#7661 (priority: 100, 1 comments) ***
[00:32:27] >>> Posting on discovered issue lingdojo/kana-dojo#7661
[00:32:29] FAILED to post on lingdojo/kana-dojo#7661: GraphQL: User is blocked (addComment)
[00:32:29]   Checking lingdojo/kana-dojo#7660: priority=100, comments=1
[00:32:29] *** DISCOVERED: lingdojo/kana-dojo#7660 (priority: 100, 1 comments) ***
[00:32:29] >>> Posting on discovered issue lingdojo/kana-dojo#7660
[00:32:30] FAILED to post on lingdojo/kana-dojo#7660: GraphQL: User is blocked (addComment)
[00:32:31]   Checking lingdojo/kana-dojo#7659: priority=100, comments=1
[00:32:31] *** DISCOVERED: lingdojo/kana-dojo#7659 (priority: 100, 1 comments) ***
[00:32:31] >>> Posting on discovered issue lingdojo/kana-dojo#7659
[00:32:32] FAILED to post on lingdojo/kana-dojo#7659: GraphQL: User is blocked (addComment)
[00:32:32]   Checking lingdojo/kana-dojo#7658: priority=100, comments=1
[00:32:32] *** DISCOVERED: lingdojo/kana-dojo#7658 (priority: 100, 1 comments) ***
[00:32:32] >>> Posting on discovered issue lingdojo/kana-dojo#7658
[00:32:33] FAILED to post on lingdojo/kana-dojo#7658: GraphQL: User is blocked (addComment)
[00:32:33]   Checking lingdojo/kana-dojo#7657: priority=100, comments=1
[00:32:33] *** DISCOVERED: lingdojo/kana-dojo#7657 (priority: 100, 1 comments) ***
[00:32:33] >>> Posting on discovered issue lingdojo/kana-dojo#7657
[00:32:35] FAILED to post on lingdojo/kana-dojo#7657: GraphQL: User is blocked (addComment)
[00:32:35] Checked 50 issues, discovered 9 high-priority ones
[00:32:35] STEP 3: Checking follow-ups
[00:33:04] FOLLOW-UP NEEDED: Vexa-ai/vexa#160 (no response in 3 days)
[00:33:13] FOLLOW-UP NEEDED: mynextproject-portfolio/recipe-explorer-lite-yuewang199511#1 (no response in 3 days)
[00:33:15] FOLLOW-UP NEEDED: Marormur/Website#158 (no response in 3 days)
[00:33:18] FOLLOW-UP NEEDED: Marormur/Website#160 (no response in 3 days)
[00:33:19] FOLLOW-UP NEEDED: PatrickB1905/wealthwise#12 (no response in 3 days)
[00:33:20] FOLLOW-UP NEEDED: GreatJobTommy/DIT-Transfer-Tools#73 (no response in 3 days)
[00:33:23] FOLLOW-UP NEEDED: adenueltech/jobhunter#1 (no response in 3 days)
[00:33:25] FOLLOW-UP NEEDED: windoze95/nullfeed-backend#24 (no response in 3 days)
[00:33:26] FOLLOW-UP NEEDED: PatrickB1905/WealthWise#12 (no response in 3 days)
[00:33:28] FOLLOW-UP NEEDED: finnoybu/aegis-governance#14 (no response in 3 days)
[00:33:29] FOLLOW-UP NEEDED: finnoybu/aegis-governance#13 (no response in 3 days)
[00:33:30] FOLLOW-UP NEEDED: windoze95/nullfeed-flutter#15 (no response in 3 days)
[00:33:31] FOLLOW-UP NEEDED: windoze95/nullfeed-flutter#14 (no response in 3 days)
[00:33:32] FOLLOW-UP NEEDED: windoze95/nullfeed-backend#27 (no response in 3 days)
[00:33:36] FOLLOW-UP NEEDED: ibelanger/GraniteFungiForager#35 (no response in 3 days)
[00:33:37] FOLLOW-UP NEEDED: ibelanger/GraniteFungiForager#28 (no response in 3 days)
[00:33:38] FOLLOW-UP NEEDED: ibelanger/GraniteFungiForager#27 (no response in 3 days)
[00:33:39] FOLLOW-UP NEEDED: ibelanger/GraniteFungiForager#24 (no response in 3 days)
[00:33:40] FOLLOW-UP NEEDED: ibelanger/GraniteFungiForager#22 (no response in 3 days)
[00:33:41] STEP 4: Building action items list
[00:33:42] STEP 5: Updating metrics
[00:33:42] === SUMMARY ===
[00:33:42] Notifications: 82
[00:33:42] Posted: 0
[00:33:42] Consent opportunities: 9
[00:33:42] Stale issues: 0
[00:33:42] Need follow-up: 409
[00:33:42] Merge conflicts: 0
[00:33:42] Total tracked: 109
[00:33:42] Check complete
