=== GitHub SLA Check: Sat Mar  7 07:35:29 AM CST 2026 ===
[07:35:29] STEP 0: Cleaning old data
[07:35:30] Checking tracked issues for closures...
[07:35:42] Cleanup complete
[07:35:42] STEP 1: Processing notifications
[07:35:44] Found 67 notifications
[07:35:49] pytorch-tabular/pytorch_tabular#605: Too old (40 days), skipping
[07:36:14] activist-org/activist#1925: Already assigned, skipping
[07:36:35] microsoft/vscode#288770: Already assigned, skipping
[07:36:41] lucasjinreal/Kokoros#61: Too old (378 days), skipping
[07:37:14] STEP 2: Checking my PRs
[07:37:18] STEP 2.5: Proactive discovery - finding new issues
[07:37:18] Searching for good-first-issues...
[07:37:20] Found 20 good-first-issues from search
[07:37:20]   Skipping PatrickB1905/wealthwise#12: Already tracked
[07:37:20]   Skipping mynextproject-portfolio/recipe-explorer-lite-ildarakhmetov#1: Already tracked
[07:37:20]   Skipping rajmahadev422/Learn-To-PR#7: Already tracked
[07:37:20]   Skipping finnoybu/aegis-governance#12: Already tracked
[07:37:20]   Skipping Vexa-ai/vexa#160: Already tracked
[07:37:20]   Skipping rajmahadev422/Learn-To-PR#3: Already tracked
[07:37:20]   Skipping VATSIM-UK/UK-Sector-File#6064: Already tracked
[07:37:21]   Skipping Vexa-ai/vexa#155: Already tracked
[07:37:21]   Skipping windoze95/nullfeed-flutter#12: Already tracked
[07:37:21]   Skipping windoze95/nullfeed-backend#22: Already tracked
[07:37:21]   Skipping brendankowitz/FHIR-Tools-for-Anonymization#64: Too many comments (6)
[07:37:21]   Skipping brendankowitz/FHIR-Tools-for-Anonymization#63: Too many comments (6)
[07:37:21]   Skipping brendankowitz/FHIR-Tools-for-Anonymization#62: Already tracked
[07:37:21]   Skipping brendankowitz/FHIR-Tools-for-Anonymization#61: Too many comments (7)
[07:37:21]   Skipping cclib/cclib#1746: Already tracked
[07:37:21]   Skipping ray-project/kuberay#4568: Already tracked
[07:37:21]   Skipping mynextproject-portfolio/recipe-explorer-lite-yuewang199511#1: Already tracked
[07:37:21]   Skipping tensorzero/tensorzero#6750: Blocked repo
[07:37:21]   Skipping Marormur/Website#160: Already tracked
[07:37:21]   Skipping Marormur/Website#158: Already tracked
[07:37:21] Checked 20 issues, discovered 0 high-priority ones
[07:37:21] STEP 3: Checking follow-ups
[07:37:22] STEP 4: Building action items list
[07:37:22] STEP 5: Updating metrics
[07:37:22] === SUMMARY ===
[07:37:22] Notifications: 67
[07:37:22] Posted: 0
[07:37:22] Consent opportunities: 0
[07:37:22] Stale issues: 0
[07:37:22] Need follow-up: 0
[07:37:22] Merge conflicts: 0
[07:37:22] Total tracked: 36
[07:37:22] Check complete
