=== GitHub SLA Check: Wed Mar 11 01:30:01 AM CST 2026 ===
[01:30:01] STEP 0: Cleaning old data
[01:30:01] Checking tracked issues for closures...
[01:30:14] Cleanup complete
[01:30:14] STEP 1: Processing notifications
[01:30:16] Found 82 notifications
[01:30:18] PretendoNetwork/juxtaposition#411: Already assigned, skipping
[01:30:20] EndlessPixel/EndlessPixel-Modpack#35: Already assigned, skipping
[01:30:24] djangonaut-space/wagtail-indymeet#713: Already assigned, skipping
[01:30:26] VATSIM-UK/UK-Sector-File#6064: Already assigned, skipping
[01:31:01] pytorch-tabular/pytorch_tabular#605: Too old (44 days), skipping
[01:31:19] activist-org/activist#1925: Already assigned, skipping
[01:31:33] microsoft/vscode#288770: Already assigned, skipping
[01:31:38] lucasjinreal/Kokoros#61: Too old (382 days), skipping
[01:32:11] STEP 2: Checking my PRs
[01:32:12] STEP 2.5: Proactive discovery - finding new issues
[01:32:12] Searching for good-first-issues...
[01:32:14] Found 50 good-first-issues from search
[01:32:14]   Skipping 7788ken/linkgate#13: Already tracked
[01:32:14]   Skipping 7788ken/linkgate#7: Already tracked
[01:32:15]   Skipping 7788ken/linkgate#3: Already tracked
[01:32:15]   Skipping djangonaut-space/wagtail-indymeet#713: Already tracked
[01:32:15]   Skipping rajmahadev422/Learn-To-PR#16: Already tracked
[01:32:15]   Skipping EndlessPixel/EndlessPixel-Modpack#35: Too many comments (8)
[01:32:15]   Skipping rysweet/azlin#793: Already tracked
[01:32:15]   Skipping rysweet/amplihack#2981: Already tracked
[01:32:15]   Skipping rysweet/amplihack#2979: Already tracked
[01:32:15]   Skipping rysweet/amplihack#2980: Already tracked
[01:32:15]   Skipping rysweet/amplihack#2977: Already tracked
[01:32:15]   Skipping rysweet/amplihack#2976: Already tracked
[01:32:15]   Skipping brendankowitz/FHIR-Tools-for-Anonymization#80: Already tracked
[01:32:15]   Skipping windoze95/nullfeed-flutter#19: Already tracked
[01:32:15]   Skipping windoze95/nullfeed-backend#33: Already tracked
[01:32:15]   Skipping windoze95/nullfeed-backend#32: Already tracked
[01:32:16]   Skipping avni-j/synthetic-demo-app#12: Already tracked
[01:32:16]   Skipping T-SIG/tsig-prints#252: Already tracked
[01:32:16]   Skipping T-SIG/tsig-prints#249: Already tracked
[01:32:16]   Skipping T-SIG/tsig-prints#248: Already tracked
[01:32:16]   Skipping T-SIG/tsig-prints#247: Already tracked
[01:32:16]   Skipping T-SIG/tsig-prints#245: Already tracked
[01:32:16]   Skipping T-SIG/tsig-prints#244: Already tracked
[01:32:16]   Skipping T-SIG/tsig-prints#243: Already tracked
[01:32:16]   Skipping T-SIG/tsig-prints#242: Already tracked
[01:32:16]   Skipping T-SIG/tsig-prints#241: Already tracked
[01:32:16]   Skipping T-SIG/tsig-prints#240: Already tracked
[01:32:16]   Skipping T-SIG/tsig-prints#239: Already tracked
[01:32:16]   Skipping T-SIG/tsig-prints#238: Already tracked
[01:32:17]   Skipping T-SIG/tsig-prints#237: Already tracked
[01:32:17]   Skipping T-SIG/tsig-prints#236: Already tracked
[01:32:17]   Skipping T-SIG/tsig-prints#234: Already tracked
[01:32:17]   Skipping T-SIG/tsig-prints#231: Already tracked
[01:32:17]   Skipping T-SIG/tsig-prints#230: Already tracked
[01:32:17]   Skipping T-SIG/tsig-prints#229: Already tracked
[01:32:17]   Skipping T-SIG/tsig-prints#227: Already tracked
[01:32:17]   Skipping T-SIG/tsig-prints#226: Already tracked
[01:32:17]   Skipping T-SIG/tsig-prints#225: Already tracked
[01:32:17]   Skipping T-SIG/tsig-prints#224: Already tracked
[01:32:17]   Skipping visouha/openclaw-test-repo#2: Already tracked
[01:32:17]   Skipping VATSIM-UK/UK-Sector-File#6069: Already tracked
[01:32:18]   Checking lingdojo/kana-dojo#7665: priority=100, comments=1
[01:32:18] *** DISCOVERED: lingdojo/kana-dojo#7665 (priority: 100, 1 comments) ***
[01:32:18] >>> Posting on discovered issue lingdojo/kana-dojo#7665
[01:32:19] FAILED to post on lingdojo/kana-dojo#7665: GraphQL: User is blocked (addComment)
[01:32:19]   Checking lingdojo/kana-dojo#7664: priority=100, comments=1
[01:32:19] *** DISCOVERED: lingdojo/kana-dojo#7664 (priority: 100, 1 comments) ***
[01:32:19] >>> Posting on discovered issue lingdojo/kana-dojo#7664
[01:32:21] FAILED to post on lingdojo/kana-dojo#7664: GraphQL: User is blocked (addComment)
[01:32:21]   Checking lingdojo/kana-dojo#7663: priority=100, comments=2
[01:32:21] *** DISCOVERED: lingdojo/kana-dojo#7663 (priority: 100, 2 comments) ***
[01:32:21] >>> Posting on discovered issue lingdojo/kana-dojo#7663
[01:32:22] FAILED to post on lingdojo/kana-dojo#7663: GraphQL: User is blocked (addComment)
[01:32:22]   Checking lingdojo/kana-dojo#7662: priority=100, comments=1
[01:32:22] *** DISCOVERED: lingdojo/kana-dojo#7662 (priority: 100, 1 comments) ***
[01:32:22] >>> Posting on discovered issue lingdojo/kana-dojo#7662
[01:32:23] FAILED to post on lingdojo/kana-dojo#7662: GraphQL: User is blocked (addComment)
[01:32:24]   Checking lingdojo/kana-dojo#7661: priority=100, comments=1
[01:32:24] *** DISCOVERED: lingdojo/kana-dojo#7661 (priority: 100, 1 comments) ***
[01:32:24] >>> Posting on discovered issue lingdojo/kana-dojo#7661
[01:32:25] FAILED to post on lingdojo/kana-dojo#7661: GraphQL: User is blocked (addComment)
[01:32:25]   Checking lingdojo/kana-dojo#7660: priority=100, comments=1
[01:32:25] *** DISCOVERED: lingdojo/kana-dojo#7660 (priority: 100, 1 comments) ***
[01:32:25] >>> Posting on discovered issue lingdojo/kana-dojo#7660
[01:32:26] FAILED to post on lingdojo/kana-dojo#7660: GraphQL: User is blocked (addComment)
[01:32:26]   Checking lingdojo/kana-dojo#7659: priority=100, comments=1
[01:32:26] *** DISCOVERED: lingdojo/kana-dojo#7659 (priority: 100, 1 comments) ***
[01:32:26] >>> Posting on discovered issue lingdojo/kana-dojo#7659
[01:32:27] FAILED to post on lingdojo/kana-dojo#7659: GraphQL: User is blocked (addComment)
[01:32:28]   Checking lingdojo/kana-dojo#7658: priority=100, comments=1
[01:32:28] *** DISCOVERED: lingdojo/kana-dojo#7658 (priority: 100, 1 comments) ***
[01:32:28] >>> Posting on discovered issue lingdojo/kana-dojo#7658
[01:32:29] FAILED to post on lingdojo/kana-dojo#7658: GraphQL: User is blocked (addComment)
[01:32:30]   Checking lingdojo/kana-dojo#7657: priority=100, comments=1
[01:32:30] *** DISCOVERED: lingdojo/kana-dojo#7657 (priority: 100, 1 comments) ***
[01:32:30] >>> Posting on discovered issue lingdojo/kana-dojo#7657
[01:32:32] FAILED to post on lingdojo/kana-dojo#7657: GraphQL: User is blocked (addComment)
[01:32:32] Checked 50 issues, discovered 9 high-priority ones
[01:32:32] STEP 3: Checking follow-ups
[01:32:58] FOLLOW-UP NEEDED: Vexa-ai/vexa#160 (no response in 3 days)
[01:33:06] FOLLOW-UP NEEDED: mynextproject-portfolio/recipe-explorer-lite-yuewang199511#1 (no response in 3 days)
[01:33:08] FOLLOW-UP NEEDED: Marormur/Website#158 (no response in 3 days)
[01:33:10] FOLLOW-UP NEEDED: Marormur/Website#160 (no response in 3 days)
[01:33:11] FOLLOW-UP NEEDED: PatrickB1905/wealthwise#12 (no response in 3 days)
[01:33:13] FOLLOW-UP NEEDED: GreatJobTommy/DIT-Transfer-Tools#73 (no response in 3 days)
[01:33:16] FOLLOW-UP NEEDED: adenueltech/jobhunter#1 (no response in 3 days)
[01:33:18] FOLLOW-UP NEEDED: windoze95/nullfeed-backend#24 (no response in 3 days)
[01:33:19] FOLLOW-UP NEEDED: PatrickB1905/WealthWise#12 (no response in 3 days)
[01:33:21] FOLLOW-UP NEEDED: finnoybu/aegis-governance#14 (no response in 3 days)
[01:33:22] FOLLOW-UP NEEDED: finnoybu/aegis-governance#13 (no response in 3 days)
[01:33:23] FOLLOW-UP NEEDED: windoze95/nullfeed-flutter#15 (no response in 3 days)
[01:33:24] FOLLOW-UP NEEDED: windoze95/nullfeed-flutter#14 (no response in 3 days)
[01:33:26] FOLLOW-UP NEEDED: windoze95/nullfeed-backend#27 (no response in 3 days)
[01:33:29] FOLLOW-UP NEEDED: ibelanger/GraniteFungiForager#35 (no response in 3 days)
[01:33:30] FOLLOW-UP NEEDED: ibelanger/GraniteFungiForager#28 (no response in 3 days)
[01:33:31] FOLLOW-UP NEEDED: ibelanger/GraniteFungiForager#27 (no response in 3 days)
[01:33:32] FOLLOW-UP NEEDED: ibelanger/GraniteFungiForager#24 (no response in 3 days)
[01:33:33] FOLLOW-UP NEEDED: ibelanger/GraniteFungiForager#22 (no response in 3 days)
[01:33:34] STEP 4: Building action items list
[01:33:35] STEP 5: Updating metrics
[01:33:35] === SUMMARY ===
[01:33:35] Notifications: 82
[01:33:35] Posted: 0
[01:33:35] Consent opportunities: 9
[01:33:35] Stale issues: 0
[01:33:35] Need follow-up: 447
[01:33:35] Merge conflicts: 0
[01:33:35] Total tracked: 109
[01:33:35] Check complete
