=== GitHub SLA Check: Tue Mar 10 04:00:01 AM CST 2026 ===
[04:00:01] STEP 0: Cleaning old data
[04:00:01] Checking tracked issues for closures...
[04:00:13] Cleanup complete
[04:00:13] STEP 1: Processing notifications
[04:00:15] Found 78 notifications
[04:00:16] EndlessPixel/EndlessPixel-Modpack#35: Already assigned, skipping
[04:00:17] VATSIM-UK/UK-Sector-File#6064: Already assigned, skipping
[04:00:55] pytorch-tabular/pytorch_tabular#605: Too old (43 days), skipping
[04:01:13] activist-org/activist#1925: Already assigned, skipping
[04:01:31] microsoft/vscode#288770: Already assigned, skipping
[04:01:36] lucasjinreal/Kokoros#61: Too old (381 days), skipping
[04:02:07] STEP 2: Checking my PRs
[04:02:08] STEP 2.5: Proactive discovery - finding new issues
[04:02:08] Searching for good-first-issues...
[04:02:09] Found 20 good-first-issues from search
[04:02:10]   Checking djangonaut-space/wagtail-indymeet#713: priority=100, comments=0
[04:02:10] *** DISCOVERED: djangonaut-space/wagtail-indymeet#713 (priority: 100, 0 comments) ***
[04:02:10] >>> Posting on discovered issue djangonaut-space/wagtail-indymeet#713
[04:02:11] SUCCESS: Posted on djangonaut-space/wagtail-indymeet#713
[04:02:16]   Skipping rajmahadev422/Learn-To-PR#16: Already tracked
[04:02:16]   Skipping EndlessPixel/EndlessPixel-Modpack#35: Too many comments (6)
[04:02:16]   Skipping rysweet/azlin#793: Already tracked
[04:02:16]   Skipping rysweet/amplihack#2981: Already tracked
[04:02:16]   Skipping rysweet/amplihack#2980: Already tracked
[04:02:16]   Skipping rysweet/amplihack#2979: Already tracked
[04:02:16]   Skipping rysweet/amplihack#2977: Already tracked
[04:02:16]   Skipping rysweet/amplihack#2976: Already tracked
[04:02:16]   Skipping brendankowitz/FHIR-Tools-for-Anonymization#80: Already tracked
[04:02:17]   Skipping windoze95/nullfeed-flutter#19: Already tracked
[04:02:17]   Skipping windoze95/nullfeed-backend#33: Already tracked
[04:02:17]   Skipping windoze95/nullfeed-backend#32: Already tracked
[04:02:17]   Skipping avni-j/synthetic-demo-app#12: Already tracked
[04:02:17]   Skipping T-SIG/tsig-prints#252: Already tracked
[04:02:17]   Skipping T-SIG/tsig-prints#249: Already tracked
[04:02:17]   Skipping T-SIG/tsig-prints#248: Already tracked
[04:02:17]   Skipping T-SIG/tsig-prints#247: Already tracked
[04:02:17]   Skipping T-SIG/tsig-prints#245: Already tracked
[04:02:17]   Skipping T-SIG/tsig-prints#244: Already tracked
[04:02:17] Checked 20 issues, discovered 1 high-priority ones
[04:02:17] STEP 3: Checking follow-ups
[04:02:41] STEP 4: Building action items list
[04:02:41] STEP 5: Updating metrics
[04:02:41] === SUMMARY ===
[04:02:41] Notifications: 78
[04:02:41] Posted: 1
[04:02:41] Consent opportunities: 1
[04:02:41] Stale issues: 0
[04:02:41] Need follow-up: 0
[04:02:41] Merge conflicts: 0
[04:02:41] Total tracked: 97
[04:02:41] Check complete
