=== GitHub SLA Check: Mon Mar  9 08:00:01 PM CST 2026 ===
[20:00:01] STEP 0: Cleaning old data
[20:00:01] Checking tracked issues for closures...
[20:00:13] Cleanup complete
[20:00:13] STEP 1: Processing notifications
[20:00:14] Found 76 notifications
[20:00:44] VATSIM-UK/UK-Sector-File#6064: Already assigned, skipping
[20:00:47] pytorch-tabular/pytorch_tabular#605: Too old (43 days), skipping
[20:01:06] activist-org/activist#1925: Already assigned, skipping
[20:01:22] microsoft/vscode#288770: Already assigned, skipping
[20:01:26] lucasjinreal/Kokoros#61: Too old (381 days), skipping
[20:01:58] STEP 2: Checking my PRs
[20:01:59] STEP 2.5: Proactive discovery - finding new issues
[20:01:59] Searching for good-first-issues...
[20:02:00] Found 20 good-first-issues from search
[20:02:00]   Skipping rysweet/azlin#793: Already tracked
[20:02:00]   Skipping rysweet/amplihack#2981: Already tracked
[20:02:00]   Skipping rysweet/amplihack#2980: Already tracked
[20:02:00]   Skipping rysweet/amplihack#2979: Already tracked
[20:02:00]   Skipping rysweet/amplihack#2977: Already tracked
[20:02:00]   Skipping rysweet/amplihack#2976: Already tracked
[20:02:01]   Skipping brendankowitz/FHIR-Tools-for-Anonymization#80: Already tracked
[20:02:01]   Skipping windoze95/nullfeed-flutter#19: Already tracked
[20:02:01]   Skipping windoze95/nullfeed-backend#33: Already tracked
[20:02:01]   Skipping windoze95/nullfeed-backend#32: Already tracked
[20:02:01]   Skipping avni-j/synthetic-demo-app#12: Already tracked
[20:02:01]   Skipping T-SIG/tsig-prints#252: Already tracked
[20:02:01]   Skipping T-SIG/tsig-prints#249: Already tracked
[20:02:01]   Skipping T-SIG/tsig-prints#248: Already tracked
[20:02:01]   Skipping T-SIG/tsig-prints#247: Already tracked
[20:02:01]   Skipping T-SIG/tsig-prints#245: Already tracked
[20:02:01]   Skipping T-SIG/tsig-prints#244: Already tracked
[20:02:01]   Skipping T-SIG/tsig-prints#243: Already tracked
[20:02:01]   Skipping T-SIG/tsig-prints#242: Already tracked
[20:02:01]   Skipping T-SIG/tsig-prints#241: Already tracked
[20:02:01] Checked 20 issues, discovered 0 high-priority ones
[20:02:01] STEP 3: Checking follow-ups
[20:02:05] STEP 4: Building action items list
[20:02:05] STEP 5: Updating metrics
[20:02:05] === SUMMARY ===
[20:02:05] Notifications: 76
[20:02:05] Posted: 0
[20:02:05] Consent opportunities: 0
[20:02:05] Stale issues: 0
[20:02:05] Need follow-up: 0
[20:02:05] Merge conflicts: 0
[20:02:05] Total tracked: 94
[20:02:05] Check complete
