=== GitHub SLA Check: Sat Mar  7 07:00:01 PM CST 2026 ===
[19:00:01] STEP 0: Cleaning old data
[19:00:01] Checking tracked issues for closures...
[19:00:13] Cleanup complete
[19:00:13] STEP 1: Processing notifications
[19:00:15] Found 72 notifications
[19:00:28] pytorch-tabular/pytorch_tabular#605: Too old (41 days), skipping
[19:00:50] activist-org/activist#1925: Already assigned, skipping
[19:01:10] microsoft/vscode#288770: Already assigned, skipping
[19:01:16] lucasjinreal/Kokoros#61: Too old (379 days), skipping
[19:01:50] STEP 2: Checking my PRs
[19:01:51] STEP 2.5: Proactive discovery - finding new issues
[19:01:51] Searching for good-first-issues...
[19:01:53] Found 20 good-first-issues from search
[19:01:53]   Skipping windoze95/nullfeed-flutter#15: Already tracked
[19:01:53]   Skipping windoze95/nullfeed-flutter#14: Already tracked
[19:01:53]   Skipping windoze95/nullfeed-backend#27: Already tracked
[19:01:53]   Skipping finnoybu/aegis-governance#14: Already tracked
[19:01:53]   Skipping finnoybu/aegis-governance#13: Already tracked
[19:01:53]   Skipping adenueltech/jobhunter#27: Already tracked
[19:01:53]   Skipping adenueltech/jobhunter#1: Already tracked
[19:01:53]   Skipping GreatJobTommy/DIT-Transfer-Tools#73: Already tracked
[19:01:53]   Skipping GreatJobTommy/DIT-Transfer-Tools#72: Already tracked
[19:01:53]   Skipping PatrickB1905/WealthWise#12: Already tracked
[19:01:53]   Skipping mynextproject-portfolio/recipe-explorer-lite-ildarakhmetov#1: Already tracked
[19:01:54]   Skipping rajmahadev422/Learn-To-PR#7: Already tracked
[19:01:54]   Skipping finnoybu/aegis-governance#12: Already tracked
[19:01:54]   Skipping Vexa-ai/vexa#160: Already tracked
[19:01:54]   Skipping rajmahadev422/Learn-To-PR#3: Already tracked
[19:01:54]   Skipping VATSIM-UK/UK-Sector-File#6064: Already tracked
[19:01:54]   Skipping Vexa-ai/vexa#155: Already tracked
[19:01:54]   Skipping windoze95/nullfeed-flutter#12: Already tracked
[19:01:54]   Skipping windoze95/nullfeed-backend#22: Already tracked
[19:01:54]   Skipping brendankowitz/FHIR-Tools-for-Anonymization#64: Too many comments (6)
[19:01:54] Checked 20 issues, discovered 0 high-priority ones
[19:01:54] STEP 3: Checking follow-ups
[19:01:55] STEP 4: Building action items list
[19:01:55] STEP 5: Updating metrics
[19:01:56] === SUMMARY ===
[19:01:56] Notifications: 72
[19:01:56] Posted: 0
[19:01:56] Consent opportunities: 0
[19:01:56] Stale issues: 0
[19:01:56] Need follow-up: 0
[19:01:56] Merge conflicts: 0
[19:01:56] Total tracked: 48
[19:01:56] Check complete
