=== GitHub SLA Check: Tue Mar 10 12:30:01 PM CST 2026 ===
[12:30:01] STEP 0: Cleaning old data
[12:30:01] Checking tracked issues for closures...
[12:30:17] Cleanup complete
[12:30:17] STEP 1: Processing notifications
[12:30:18] Found 81 notifications
[12:30:23] djangonaut-space/wagtail-indymeet#713: Already assigned, skipping
[12:30:24] EndlessPixel/EndlessPixel-Modpack#35: Already assigned, skipping
[12:30:25] VATSIM-UK/UK-Sector-File#6064: Already assigned, skipping
[12:31:03] pytorch-tabular/pytorch_tabular#605: Too old (43 days), skipping
[12:31:21] activist-org/activist#1925: Already assigned, skipping
[12:31:40] microsoft/vscode#288770: Already assigned, skipping
[12:31:44] lucasjinreal/Kokoros#61: Too old (382 days), skipping
[12:32:13] STEP 2: Checking my PRs
[12:32:14] STEP 2.5: Proactive discovery - finding new issues
[12:32:14] Searching for good-first-issues...
[12:32:16] Found 20 good-first-issues from search
[12:32:16]   Skipping 7788ken/linkgate#13: Already tracked
[12:32:16]   Skipping 7788ken/linkgate#7: Already tracked
[12:32:16]   Skipping 7788ken/linkgate#3: Already tracked
[12:32:16]   Skipping djangonaut-space/wagtail-indymeet#713: Already tracked
[12:32:16]   Skipping rajmahadev422/Learn-To-PR#16: Already tracked
[12:32:16]   Skipping EndlessPixel/EndlessPixel-Modpack#35: Too many comments (6)
[12:32:16]   Skipping rysweet/azlin#793: Already tracked
[12:32:16]   Skipping rysweet/amplihack#2981: Already tracked
[12:32:16]   Skipping rysweet/amplihack#2979: Already tracked
[12:32:17]   Skipping rysweet/amplihack#2980: Already tracked
[12:32:17]   Skipping rysweet/amplihack#2977: Already tracked
[12:32:17]   Skipping rysweet/amplihack#2976: Already tracked
[12:32:17]   Skipping brendankowitz/FHIR-Tools-for-Anonymization#80: Already tracked
[12:32:17]   Skipping windoze95/nullfeed-flutter#19: Already tracked
[12:32:17]   Skipping windoze95/nullfeed-backend#33: Already tracked
[12:32:17]   Skipping windoze95/nullfeed-backend#32: Already tracked
[12:32:17]   Skipping avni-j/synthetic-demo-app#12: Already tracked
[12:32:17]   Skipping T-SIG/tsig-prints#252: Already tracked
[12:32:17]   Skipping T-SIG/tsig-prints#249: Already tracked
[12:32:17]   Skipping T-SIG/tsig-prints#248: Already tracked
[12:32:17] Checked 20 issues, discovered 0 high-priority ones
[12:32:17] STEP 3: Checking follow-ups
[12:32:41] FOLLOW-UP NEEDED: Vexa-ai/vexa#160 (no response in 3 days)
[12:32:48] FOLLOW-UP NEEDED: mynextproject-portfolio/recipe-explorer-lite-yuewang199511#1 (no response in 3 days)
[12:32:50] FOLLOW-UP NEEDED: Marormur/Website#158 (no response in 3 days)
[12:32:53] FOLLOW-UP NEEDED: Marormur/Website#160 (no response in 3 days)
[12:32:54] FOLLOW-UP NEEDED: PatrickB1905/wealthwise#12 (no response in 3 days)
[12:32:55] FOLLOW-UP NEEDED: GreatJobTommy/DIT-Transfer-Tools#73 (no response in 3 days)
[12:32:58] FOLLOW-UP NEEDED: adenueltech/jobhunter#1 (no response in 3 days)
[12:33:00] FOLLOW-UP NEEDED: windoze95/nullfeed-backend#24 (no response in 3 days)
[12:33:00] FOLLOW-UP NEEDED: PatrickB1905/WealthWise#12 (no response in 3 days)
[12:33:03] STEP 4: Building action items list
[12:33:03] STEP 5: Updating metrics
[12:33:04] === SUMMARY ===
[12:33:04] Notifications: 81
[12:33:04] Posted: 0
[12:33:04] Consent opportunities: 0
[12:33:04] Stale issues: 0
[12:33:04] Need follow-up: 85
[12:33:04] Merge conflicts: 0
[12:33:04] Total tracked: 104
[12:33:04] Check complete
