=== GitHub SLA Check: Sun Mar  8 06:30:01 AM CST 2026 ===
[06:30:01] STEP 0: Cleaning old data
[06:30:01] Checking tracked issues for closures...
[06:30:13] Cleanup complete
[06:30:13] STEP 1: Processing notifications
[06:30:14] Found 70 notifications
[06:30:30] VATSIM-UK/UK-Sector-File#6064: Already assigned, skipping
[06:30:33] pytorch-tabular/pytorch_tabular#605: Too old (41 days), skipping
[06:30:53] activist-org/activist#1925: Already assigned, skipping
[06:31:10] microsoft/vscode#288770: Already assigned, skipping
[06:31:16] lucasjinreal/Kokoros#61: Too old (379 days), skipping
[06:31:45] STEP 2: Checking my PRs
[06:31:47] STEP 2.5: Proactive discovery - finding new issues
[06:31:47] Searching for good-first-issues...
[06:31:48] Found 20 good-first-issues from search
[06:31:49]   Checking lingdojo/kana-dojo#7599: priority=100, comments=1
[06:31:49] *** DISCOVERED: lingdojo/kana-dojo#7599 (priority: 100, 1 comments) ***
[06:31:49] >>> Posting on discovered issue lingdojo/kana-dojo#7599
[06:31:49] FAILED to post on lingdojo/kana-dojo#7599: GraphQL: User is blocked (addComment)
[06:31:50]   Checking lingdojo/kana-dojo#7598: priority=100, comments=1
[06:31:50] *** DISCOVERED: lingdojo/kana-dojo#7598 (priority: 100, 1 comments) ***
[06:31:50] >>> Posting on discovered issue lingdojo/kana-dojo#7598
[06:31:51] FAILED to post on lingdojo/kana-dojo#7598: GraphQL: User is blocked (addComment)
[06:31:51]   Checking lingdojo/kana-dojo#7597: priority=100, comments=1
[06:31:51] *** DISCOVERED: lingdojo/kana-dojo#7597 (priority: 100, 1 comments) ***
[06:31:51] >>> Posting on discovered issue lingdojo/kana-dojo#7597
[06:31:52] FAILED to post on lingdojo/kana-dojo#7597: GraphQL: User is blocked (addComment)
[06:31:52]   Checking lingdojo/kana-dojo#7596: priority=100, comments=1
[06:31:52] *** DISCOVERED: lingdojo/kana-dojo#7596 (priority: 100, 1 comments) ***
[06:31:52] >>> Posting on discovered issue lingdojo/kana-dojo#7596
[06:31:53] FAILED to post on lingdojo/kana-dojo#7596: GraphQL: User is blocked (addComment)
[06:31:53]   Checking lingdojo/kana-dojo#7595: priority=100, comments=1
[06:31:53] *** DISCOVERED: lingdojo/kana-dojo#7595 (priority: 100, 1 comments) ***
[06:31:53] >>> Posting on discovered issue lingdojo/kana-dojo#7595
[06:31:54] FAILED to post on lingdojo/kana-dojo#7595: GraphQL: User is blocked (addComment)
[06:31:55]   Checking lingdojo/kana-dojo#7594: priority=100, comments=1
[06:31:55] *** DISCOVERED: lingdojo/kana-dojo#7594 (priority: 100, 1 comments) ***
[06:31:55] >>> Posting on discovered issue lingdojo/kana-dojo#7594
[06:31:56] FAILED to post on lingdojo/kana-dojo#7594: GraphQL: User is blocked (addComment)
[06:31:56]   Checking lingdojo/kana-dojo#7593: priority=100, comments=1
[06:31:56] *** DISCOVERED: lingdojo/kana-dojo#7593 (priority: 100, 1 comments) ***
[06:31:56] >>> Posting on discovered issue lingdojo/kana-dojo#7593
[06:31:57] FAILED to post on lingdojo/kana-dojo#7593: GraphQL: User is blocked (addComment)
[06:31:57]   Checking lingdojo/kana-dojo#7590: priority=100, comments=2
[06:31:58] *** DISCOVERED: lingdojo/kana-dojo#7590 (priority: 100, 2 comments) ***
[06:31:58] >>> Posting on discovered issue lingdojo/kana-dojo#7590
[06:31:59] FAILED to post on lingdojo/kana-dojo#7590: GraphQL: User is blocked (addComment)
[06:31:59]   Skipping lingdojo/kana-dojo#7589: Already tracked
[06:31:59]   Skipping lingdojo/kana-dojo#7588: Already tracked
[06:31:59]   Skipping lingdojo/kana-dojo#7587: Already tracked
[06:31:59]   Skipping lingdojo/kana-dojo#7586: Already tracked
[06:31:59]   Skipping ibelanger/GraniteFungiForager#36: Already tracked
[06:31:59]   Skipping ibelanger/GraniteFungiForager#35: Already tracked
[06:31:59]   Skipping ibelanger/GraniteFungiForager#28: Already tracked
[06:31:59]   Skipping ibelanger/GraniteFungiForager#27: Already tracked
[06:32:00]   Skipping ibelanger/GraniteFungiForager#24: Already tracked
[06:32:00]   Skipping ibelanger/GraniteFungiForager#22: Already tracked
[06:32:00]   Skipping windoze95/nullfeed-flutter#15: Already tracked
[06:32:00]   Skipping windoze95/nullfeed-flutter#14: Already tracked
[06:32:00] Checked 20 issues, discovered 8 high-priority ones
[06:32:00] STEP 3: Checking follow-ups
[06:32:01] STEP 4: Building action items list
[06:32:02] STEP 5: Updating metrics
[06:32:02] === SUMMARY ===
[06:32:02] Notifications: 70
[06:32:02] Posted: 0
[06:32:02] Consent opportunities: 8
[06:32:02] Stale issues: 0
[06:32:02] Need follow-up: 0
[06:32:02] Merge conflicts: 0
[06:32:02] Total tracked: 58
[06:32:02] Check complete
