=== GitHub SLA Check: Mon Mar  9 08:00:01 AM CST 2026 ===
[08:00:01] STEP 0: Cleaning old data
[08:00:01] Checking tracked issues for closures...
[08:00:12] Cleanup complete
[08:00:12] STEP 1: Processing notifications
[08:00:14] Found 71 notifications
[08:00:34] VATSIM-UK/UK-Sector-File#6064: Already assigned, skipping
[08:00:37] pytorch-tabular/pytorch_tabular#605: Too old (42 days), skipping
[08:00:54] activist-org/activist#1925: Already assigned, skipping
[08:01:12] microsoft/vscode#288770: Already assigned, skipping
[08:01:16] lucasjinreal/Kokoros#61: Too old (380 days), skipping
[08:01:43] STEP 2: Checking my PRs
[08:01:44] STEP 2.5: Proactive discovery - finding new issues
[08:01:44] Searching for good-first-issues...
[08:01:46] Found 20 good-first-issues from search
[08:01:46]   Skipping VATSIM-UK/UK-Sector-File#6069: Already tracked
[08:01:46]   Checking lingdojo/kana-dojo#7665: priority=100, comments=1
[08:01:46] *** DISCOVERED: lingdojo/kana-dojo#7665 (priority: 100, 1 comments) ***
[08:01:46] >>> Posting on discovered issue lingdojo/kana-dojo#7665
[08:01:47] FAILED to post on lingdojo/kana-dojo#7665: GraphQL: User is blocked (addComment)
[08:01:48]   Checking lingdojo/kana-dojo#7664: priority=100, comments=1
[08:01:48] *** DISCOVERED: lingdojo/kana-dojo#7664 (priority: 100, 1 comments) ***
[08:01:48] >>> Posting on discovered issue lingdojo/kana-dojo#7664
[08:01:48] FAILED to post on lingdojo/kana-dojo#7664: GraphQL: User is blocked (addComment)
[08:01:49]   Checking lingdojo/kana-dojo#7663: priority=100, comments=2
[08:01:49] *** DISCOVERED: lingdojo/kana-dojo#7663 (priority: 100, 2 comments) ***
[08:01:49] >>> Posting on discovered issue lingdojo/kana-dojo#7663
[08:01:50] FAILED to post on lingdojo/kana-dojo#7663: GraphQL: User is blocked (addComment)
[08:01:50]   Checking lingdojo/kana-dojo#7662: priority=100, comments=1
[08:01:50] *** DISCOVERED: lingdojo/kana-dojo#7662 (priority: 100, 1 comments) ***
[08:01:50] >>> Posting on discovered issue lingdojo/kana-dojo#7662
[08:01:51] FAILED to post on lingdojo/kana-dojo#7662: GraphQL: User is blocked (addComment)
[08:01:51]   Checking lingdojo/kana-dojo#7661: priority=100, comments=1
[08:01:51] *** DISCOVERED: lingdojo/kana-dojo#7661 (priority: 100, 1 comments) ***
[08:01:51] >>> Posting on discovered issue lingdojo/kana-dojo#7661
[08:01:53] FAILED to post on lingdojo/kana-dojo#7661: GraphQL: User is blocked (addComment)
[08:01:53]   Checking lingdojo/kana-dojo#7660: priority=100, comments=1
[08:01:53] *** DISCOVERED: lingdojo/kana-dojo#7660 (priority: 100, 1 comments) ***
[08:01:53] >>> Posting on discovered issue lingdojo/kana-dojo#7660
[08:01:54] FAILED to post on lingdojo/kana-dojo#7660: GraphQL: User is blocked (addComment)
[08:01:54]   Checking lingdojo/kana-dojo#7659: priority=100, comments=1
[08:01:54] *** DISCOVERED: lingdojo/kana-dojo#7659 (priority: 100, 1 comments) ***
[08:01:55] >>> Posting on discovered issue lingdojo/kana-dojo#7659
[08:01:56] FAILED to post on lingdojo/kana-dojo#7659: GraphQL: User is blocked (addComment)
[08:01:56]   Checking lingdojo/kana-dojo#7658: priority=100, comments=1
[08:01:56] *** DISCOVERED: lingdojo/kana-dojo#7658 (priority: 100, 1 comments) ***
[08:01:56] >>> Posting on discovered issue lingdojo/kana-dojo#7658
[08:01:58] FAILED to post on lingdojo/kana-dojo#7658: GraphQL: User is blocked (addComment)
[08:01:58]   Checking lingdojo/kana-dojo#7657: priority=100, comments=1
[08:01:58] *** DISCOVERED: lingdojo/kana-dojo#7657 (priority: 100, 1 comments) ***
[08:01:58] >>> Posting on discovered issue lingdojo/kana-dojo#7657
[08:01:59] FAILED to post on lingdojo/kana-dojo#7657: GraphQL: User is blocked (addComment)
[08:01:59]   Checking lingdojo/kana-dojo#7656: priority=100, comments=1
[08:01:59] *** DISCOVERED: lingdojo/kana-dojo#7656 (priority: 100, 1 comments) ***
[08:01:59] >>> Posting on discovered issue lingdojo/kana-dojo#7656
[08:02:00] FAILED to post on lingdojo/kana-dojo#7656: GraphQL: User is blocked (addComment)
[08:02:00]   Checking lingdojo/kana-dojo#7654: priority=100, comments=1
[08:02:00] *** DISCOVERED: lingdojo/kana-dojo#7654 (priority: 100, 1 comments) ***
[08:02:00] >>> Posting on discovered issue lingdojo/kana-dojo#7654
[08:02:01] FAILED to post on lingdojo/kana-dojo#7654: GraphQL: User is blocked (addComment)
[08:02:01]   Skipping windoze95/nullfeed-flutter#17: Already tracked
[08:02:01]   Skipping windoze95/nullfeed-backend#29: Already tracked
[08:02:01]   Skipping windoze95/nullfeed-backend#28: Already tracked
[08:02:01]   Checking lingdojo/kana-dojo#7653: priority=100, comments=1
[08:02:01] *** DISCOVERED: lingdojo/kana-dojo#7653 (priority: 100, 1 comments) ***
[08:02:01] >>> Posting on discovered issue lingdojo/kana-dojo#7653
[08:02:02] FAILED to post on lingdojo/kana-dojo#7653: GraphQL: User is blocked (addComment)
[08:02:03]   Checking lingdojo/kana-dojo#7652: priority=100, comments=1
[08:02:03] *** DISCOVERED: lingdojo/kana-dojo#7652 (priority: 100, 1 comments) ***
[08:02:03] >>> Posting on discovered issue lingdojo/kana-dojo#7652
[08:02:03] FAILED to post on lingdojo/kana-dojo#7652: GraphQL: User is blocked (addComment)
[08:02:04]   Checking lingdojo/kana-dojo#7651: priority=100, comments=2
[08:02:04] *** DISCOVERED: lingdojo/kana-dojo#7651 (priority: 100, 2 comments) ***
[08:02:04] >>> Posting on discovered issue lingdojo/kana-dojo#7651
[08:02:05] FAILED to post on lingdojo/kana-dojo#7651: GraphQL: User is blocked (addComment)
[08:02:05]   Checking lingdojo/kana-dojo#7649: priority=100, comments=1
[08:02:05] *** DISCOVERED: lingdojo/kana-dojo#7649 (priority: 100, 1 comments) ***
[08:02:05] >>> Posting on discovered issue lingdojo/kana-dojo#7649
[08:02:06] FAILED to post on lingdojo/kana-dojo#7649: GraphQL: User is blocked (addComment)
[08:02:07]   Checking lingdojo/kana-dojo#7648: priority=100, comments=1
[08:02:07] *** DISCOVERED: lingdojo/kana-dojo#7648 (priority: 100, 1 comments) ***
[08:02:07] >>> Posting on discovered issue lingdojo/kana-dojo#7648
[08:02:08] FAILED to post on lingdojo/kana-dojo#7648: GraphQL: User is blocked (addComment)
[08:02:08] Checked 20 issues, discovered 16 high-priority ones
[08:02:08] STEP 3: Checking follow-ups
[08:02:09] STEP 4: Building action items list
[08:02:09] STEP 5: Updating metrics
[08:02:09] === SUMMARY ===
[08:02:09] Notifications: 71
[08:02:09] Posted: 0
[08:02:09] Consent opportunities: 16
[08:02:09] Stale issues: 0
[08:02:09] Need follow-up: 0
[08:02:09] Merge conflicts: 0
[08:02:09] Total tracked: 62
[08:02:09] Check complete
