=== GitHub SLA Check: Tue Mar 10 02:00:01 AM CST 2026 ===
[02:00:01] STEP 0: Cleaning old data
[02:00:01] Checking tracked issues for closures...
[02:00:13] Cleanup complete
[02:00:13] STEP 1: Processing notifications
[02:00:14] Found 78 notifications
[02:00:15] EndlessPixel/EndlessPixel-Modpack#35: Already assigned, skipping
[02:00:17] VATSIM-UK/UK-Sector-File#6064: Already assigned, skipping
[02:00:49] pytorch-tabular/pytorch_tabular#605: Too old (43 days), skipping
[02:01:09] activist-org/activist#1925: Already assigned, skipping
[02:01:25] microsoft/vscode#288770: Already assigned, skipping
[02:01:30] lucasjinreal/Kokoros#61: Too old (381 days), skipping
[02:02:03] STEP 2: Checking my PRs
[02:02:05] STEP 2.5: Proactive discovery - finding new issues
[02:02:05] Searching for good-first-issues...
[02:02:06] Found 20 good-first-issues from search
[02:02:06]   Skipping rajmahadev422/Learn-To-PR#16: Already tracked
[02:02:06]   Skipping EndlessPixel/EndlessPixel-Modpack#35: Too many comments (6)
[02:02:06]   Skipping rysweet/azlin#793: Already tracked
[02:02:07]   Skipping rysweet/amplihack#2981: Already tracked
[02:02:07]   Skipping rysweet/amplihack#2980: Already tracked
[02:02:07]   Skipping rysweet/amplihack#2979: Already tracked
[02:02:07]   Skipping rysweet/amplihack#2977: Already tracked
[02:02:07]   Skipping rysweet/amplihack#2976: Already tracked
[02:02:07]   Skipping brendankowitz/FHIR-Tools-for-Anonymization#80: Already tracked
[02:02:07]   Skipping windoze95/nullfeed-flutter#19: Already tracked
[02:02:07]   Skipping windoze95/nullfeed-backend#33: Already tracked
[02:02:07]   Skipping windoze95/nullfeed-backend#32: Already tracked
[02:02:07]   Skipping avni-j/synthetic-demo-app#12: Already tracked
[02:02:07]   Skipping T-SIG/tsig-prints#252: Already tracked
[02:02:07]   Skipping T-SIG/tsig-prints#249: Already tracked
[02:02:07]   Skipping T-SIG/tsig-prints#248: Already tracked
[02:02:07]   Skipping T-SIG/tsig-prints#247: Already tracked
[02:02:08]   Skipping T-SIG/tsig-prints#245: Already tracked
[02:02:08]   Skipping T-SIG/tsig-prints#244: Already tracked
[02:02:08]   Skipping T-SIG/tsig-prints#243: Already tracked
[02:02:08] Checked 20 issues, discovered 0 high-priority ones
[02:02:08] STEP 3: Checking follow-ups
[02:02:31] STEP 4: Building action items list
[02:02:31] STEP 5: Updating metrics
[02:02:31] === SUMMARY ===
[02:02:31] Notifications: 78
[02:02:31] Posted: 0
[02:02:31] Consent opportunities: 0
[02:02:31] Stale issues: 0
[02:02:31] Need follow-up: 0
[02:02:31] Merge conflicts: 0
[02:02:31] Total tracked: 96
[02:02:31] Check complete
