=== GitHub SLA Check: Sat Mar  7 12:00:01 AM CST 2026 ===
[00:00:01] STEP 0: Cleaning old data
[00:00:01] Checking tracked issues for closures...
[00:00:07] Cleanup complete
[00:00:07] STEP 1: Processing notifications
[00:00:08] Found 63 notifications
[00:00:30] activist-org/activist#1925: Already assigned, skipping
[00:00:49] Evaluating: filiptrivan/sg-tools#8 (priority: 99)
[00:00:49] Consent signals found in comments
[00:00:49] >>> Posting comment on filiptrivan/sg-tools#8
[00:00:50] SUCCESS: Posted on filiptrivan/sg-tools#8
[00:00:57] microsoft/vscode#288770: Already assigned, skipping
[00:00:58] Evaluating: enioxt/EGOS-Inteligencia#21 (priority: 100)
[00:00:58] Consent signals found in comments
[00:00:58] >>> Posting comment on enioxt/EGOS-Inteligencia#21
[00:00:59] SUCCESS: Posted on enioxt/EGOS-Inteligencia#21
[00:01:06] Evaluating: rodclemen/color-inspector#1 (priority: 96)
[00:01:06] Consent signals found in comments
[00:01:06] >>> Posting comment on rodclemen/color-inspector#1
[00:01:07] SUCCESS: Posted on rodclemen/color-inspector#1
[00:01:14] Evaluating: yhoungdev/typeorm-studio#8 (priority: 61)
[00:01:14] Consent signals found in comments
[00:01:14] >>> Posting comment on yhoungdev/typeorm-studio#8
[00:01:16] SUCCESS: Posted on yhoungdev/typeorm-studio#8
[00:01:23] Evaluating: openpista/openpista#21 (priority: 96)
[00:01:23] Consent signals found in comments
[00:01:23] >>> Posting comment on openpista/openpista#21
[00:01:24] SUCCESS: Posted on openpista/openpista#21
[00:01:29] MAX POSTS (5) reached
[00:01:29] STEP 2: Checking my PRs
[00:01:32] STEP 3: Checking follow-ups
[00:01:33] STEP 4: Updating metrics
[00:01:33] === SUMMARY ===
[00:01:33] Notifications: 63
[00:01:33] Posted: 5
[00:01:33] Consent opportunities: 5
[00:01:33] Urgent items: 0
[00:01:33] Questions to answer: 0
[00:01:33] Stale issues: 0
[00:01:33] Need follow-up: 0
[00:01:33] Merge conflicts: 0
[00:01:33] Total tracked: 15
[00:01:33] Check complete
