=== GitHub SLA Check: Mon Mar  9 11:00:01 AM CST 2026 ===
[11:00:01] STEP 0: Cleaning old data
[11:00:01] Checking tracked issues for closures...
[11:00:12] Cleanup complete
[11:00:12] STEP 1: Processing notifications
[11:00:13] Found 72 notifications
[11:00:34] VATSIM-UK/UK-Sector-File#6064: Already assigned, skipping
[11:00:37] pytorch-tabular/pytorch_tabular#605: Too old (42 days), skipping
[11:00:55] activist-org/activist#1925: Already assigned, skipping
[11:01:10] microsoft/vscode#288770: Already assigned, skipping
[11:01:14] lucasjinreal/Kokoros#61: Too old (381 days), skipping
[11:01:43] STEP 2: Checking my PRs
[11:01:44] STEP 2.5: Proactive discovery - finding new issues
[11:01:44] Searching for good-first-issues...
[11:01:45] Found 20 good-first-issues from search
[11:01:45]   Skipping VATSIM-UK/UK-Sector-File#6069: Already tracked
[11:01:46]   Checking lingdojo/kana-dojo#7665: priority=100, comments=1
[11:01:46] *** DISCOVERED: lingdojo/kana-dojo#7665 (priority: 100, 1 comments) ***
[11:01:46] >>> Posting on discovered issue lingdojo/kana-dojo#7665
[11:01:47] FAILED to post on lingdojo/kana-dojo#7665: GraphQL: User is blocked (addComment)
[11:01:47]   Checking lingdojo/kana-dojo#7664: priority=100, comments=1
[11:01:47] *** DISCOVERED: lingdojo/kana-dojo#7664 (priority: 100, 1 comments) ***
[11:01:47] >>> Posting on discovered issue lingdojo/kana-dojo#7664
[11:01:48] FAILED to post on lingdojo/kana-dojo#7664: GraphQL: User is blocked (addComment)
[11:01:48]   Checking lingdojo/kana-dojo#7663: priority=100, comments=2
[11:01:48] *** DISCOVERED: lingdojo/kana-dojo#7663 (priority: 100, 2 comments) ***
[11:01:48] >>> Posting on discovered issue lingdojo/kana-dojo#7663
[11:01:49] FAILED to post on lingdojo/kana-dojo#7663: GraphQL: User is blocked (addComment)
[11:01:49]   Checking lingdojo/kana-dojo#7662: priority=100, comments=1
[11:01:49] *** DISCOVERED: lingdojo/kana-dojo#7662 (priority: 100, 1 comments) ***
[11:01:49] >>> Posting on discovered issue lingdojo/kana-dojo#7662
[11:01:50] FAILED to post on lingdojo/kana-dojo#7662: GraphQL: User is blocked (addComment)
[11:01:50]   Checking lingdojo/kana-dojo#7661: priority=100, comments=1
[11:01:50] *** DISCOVERED: lingdojo/kana-dojo#7661 (priority: 100, 1 comments) ***
[11:01:51] >>> Posting on discovered issue lingdojo/kana-dojo#7661
[11:01:51] FAILED to post on lingdojo/kana-dojo#7661: GraphQL: User is blocked (addComment)
[11:01:52]   Checking lingdojo/kana-dojo#7660: priority=100, comments=1
[11:01:52] *** DISCOVERED: lingdojo/kana-dojo#7660 (priority: 100, 1 comments) ***
[11:01:52] >>> Posting on discovered issue lingdojo/kana-dojo#7660
[11:01:53] FAILED to post on lingdojo/kana-dojo#7660: GraphQL: User is blocked (addComment)
[11:01:53]   Checking lingdojo/kana-dojo#7659: priority=100, comments=1
[11:01:53] *** DISCOVERED: lingdojo/kana-dojo#7659 (priority: 100, 1 comments) ***
[11:01:53] >>> Posting on discovered issue lingdojo/kana-dojo#7659
[11:01:54] FAILED to post on lingdojo/kana-dojo#7659: GraphQL: User is blocked (addComment)
[11:01:55]   Checking lingdojo/kana-dojo#7658: priority=100, comments=1
[11:01:55] *** DISCOVERED: lingdojo/kana-dojo#7658 (priority: 100, 1 comments) ***
[11:01:55] >>> Posting on discovered issue lingdojo/kana-dojo#7658
[11:01:56] FAILED to post on lingdojo/kana-dojo#7658: GraphQL: User is blocked (addComment)
[11:01:56]   Checking lingdojo/kana-dojo#7657: priority=100, comments=1
[11:01:56] *** DISCOVERED: lingdojo/kana-dojo#7657 (priority: 100, 1 comments) ***
[11:01:56] >>> Posting on discovered issue lingdojo/kana-dojo#7657
[11:01:57] FAILED to post on lingdojo/kana-dojo#7657: GraphQL: User is blocked (addComment)
[11:01:57]   Checking lingdojo/kana-dojo#7656: priority=100, comments=1
[11:01:57] *** DISCOVERED: lingdojo/kana-dojo#7656 (priority: 100, 1 comments) ***
[11:01:57] >>> Posting on discovered issue lingdojo/kana-dojo#7656
[11:01:58] FAILED to post on lingdojo/kana-dojo#7656: GraphQL: User is blocked (addComment)
[11:01:58]   Checking lingdojo/kana-dojo#7654: priority=100, comments=1
[11:01:58] *** DISCOVERED: lingdojo/kana-dojo#7654 (priority: 100, 1 comments) ***
[11:01:58] >>> Posting on discovered issue lingdojo/kana-dojo#7654
[11:02:00] FAILED to post on lingdojo/kana-dojo#7654: GraphQL: User is blocked (addComment)
[11:02:00]   Skipping windoze95/nullfeed-flutter#17: Already tracked
[11:02:00]   Skipping windoze95/nullfeed-backend#29: Already tracked
[11:02:00]   Skipping windoze95/nullfeed-backend#28: Already tracked
[11:02:00]   Checking lingdojo/kana-dojo#7653: priority=100, comments=1
[11:02:00] *** DISCOVERED: lingdojo/kana-dojo#7653 (priority: 100, 1 comments) ***
[11:02:00] >>> Posting on discovered issue lingdojo/kana-dojo#7653
[11:02:01] FAILED to post on lingdojo/kana-dojo#7653: GraphQL: User is blocked (addComment)
[11:02:01]   Checking lingdojo/kana-dojo#7652: priority=100, comments=1
[11:02:01] *** DISCOVERED: lingdojo/kana-dojo#7652 (priority: 100, 1 comments) ***
[11:02:01] >>> Posting on discovered issue lingdojo/kana-dojo#7652
[11:02:02] FAILED to post on lingdojo/kana-dojo#7652: GraphQL: User is blocked (addComment)
[11:02:03]   Checking lingdojo/kana-dojo#7651: priority=100, comments=2
[11:02:03] *** DISCOVERED: lingdojo/kana-dojo#7651 (priority: 100, 2 comments) ***
[11:02:03] >>> Posting on discovered issue lingdojo/kana-dojo#7651
[11:02:04] FAILED to post on lingdojo/kana-dojo#7651: GraphQL: User is blocked (addComment)
[11:02:04]   Checking lingdojo/kana-dojo#7649: priority=100, comments=1
[11:02:04] *** DISCOVERED: lingdojo/kana-dojo#7649 (priority: 100, 1 comments) ***
[11:02:04] >>> Posting on discovered issue lingdojo/kana-dojo#7649
[11:02:05] FAILED to post on lingdojo/kana-dojo#7649: GraphQL: User is blocked (addComment)
[11:02:05]   Checking lingdojo/kana-dojo#7648: priority=100, comments=1
[11:02:05] *** DISCOVERED: lingdojo/kana-dojo#7648 (priority: 100, 1 comments) ***
[11:02:05] >>> Posting on discovered issue lingdojo/kana-dojo#7648
[11:02:06] FAILED to post on lingdojo/kana-dojo#7648: GraphQL: User is blocked (addComment)
[11:02:06] Checked 20 issues, discovered 16 high-priority ones
[11:02:06] STEP 3: Checking follow-ups
[11:02:08] STEP 4: Building action items list
[11:02:08] STEP 5: Updating metrics
[11:02:08] === SUMMARY ===
[11:02:08] Notifications: 72
[11:02:08] Posted: 0
[11:02:08] Consent opportunities: 16
[11:02:08] Stale issues: 0
[11:02:08] Need follow-up: 0
[11:02:08] Merge conflicts: 0
[11:02:08] Total tracked: 63
[11:02:08] Check complete
