=== GitHub SLA Check: Sat Mar  7 08:30:01 AM CST 2026 ===
[08:30:01] STEP 0: Cleaning old data
[08:30:01] Checking tracked issues for closures...
[08:30:14] Cleanup complete
[08:30:14] STEP 1: Processing notifications
[08:30:15] Found 68 notifications
[08:30:21] pytorch-tabular/pytorch_tabular#605: Too old (40 days), skipping
[08:30:46] activist-org/activist#1925: Already assigned, skipping
[08:31:07] microsoft/vscode#288770: Already assigned, skipping
[08:31:13] lucasjinreal/Kokoros#61: Too old (379 days), skipping
[08:31:48] STEP 2: Checking my PRs
[08:31:52] STEP 2.5: Proactive discovery - finding new issues
[08:31:52] Searching for good-first-issues...
[08:31:54] Found 20 good-first-issues from search
[08:31:54]   Skipping GreatJobTommy/DIT-Transfer-Tools#73: Already tracked
[08:31:54]   Skipping GreatJobTommy/DIT-Transfer-Tools#72: Already tracked
[08:31:54]   Skipping PatrickB1905/wealthwise#12: Already tracked
[08:31:54]   Skipping mynextproject-portfolio/recipe-explorer-lite-ildarakhmetov#1: Already tracked
[08:31:54]   Skipping rajmahadev422/Learn-To-PR#7: Already tracked
[08:31:54]   Skipping finnoybu/aegis-governance#12: Already tracked
[08:31:54]   Skipping Vexa-ai/vexa#160: Already tracked
[08:31:54]   Skipping rajmahadev422/Learn-To-PR#3: Already tracked
[08:31:54]   Skipping VATSIM-UK/UK-Sector-File#6064: Already tracked
[08:31:54]   Skipping Vexa-ai/vexa#155: Already tracked
[08:31:54]   Skipping windoze95/nullfeed-flutter#12: Already tracked
[08:31:54]   Skipping windoze95/nullfeed-backend#22: Already tracked
[08:31:54]   Skipping brendankowitz/FHIR-Tools-for-Anonymization#64: Too many comments (6)
[08:31:54]   Skipping brendankowitz/FHIR-Tools-for-Anonymization#63: Too many comments (6)
[08:31:54]   Skipping brendankowitz/FHIR-Tools-for-Anonymization#62: Already tracked
[08:31:55]   Skipping brendankowitz/FHIR-Tools-for-Anonymization#61: Too many comments (7)
[08:31:55]   Skipping cclib/cclib#1746: Already tracked
[08:31:55]   Skipping ray-project/kuberay#4568: Already tracked
[08:31:55]   Skipping mynextproject-portfolio/recipe-explorer-lite-yuewang199511#1: Already tracked
[08:31:55]   Skipping tensorzero/tensorzero#6750: Blocked repo
[08:31:55] Checked 20 issues, discovered 0 high-priority ones
[08:31:55] STEP 3: Checking follow-ups
[08:31:56] STEP 4: Building action items list
[08:31:56] STEP 5: Updating metrics
[08:31:56] === SUMMARY ===
[08:31:56] Notifications: 68
[08:31:56] Posted: 0
[08:31:56] Consent opportunities: 0
[08:31:56] Stale issues: 0
[08:31:56] Need follow-up: 0
[08:31:56] Merge conflicts: 0
[08:31:56] Total tracked: 38
[08:31:56] Check complete
