=== GitHub SLA Check: Sat Mar  7 02:00:01 AM CST 2026 ===
[02:00:01] STEP 0: Cleaning old data
[02:00:01] Checking tracked issues for closures...
[02:00:03] Removing closed issue: rajmahadev422/Learn-To-PR#3
[02:00:14] Cleanup complete
[02:00:14] STEP 1: Processing notifications
[02:00:16] Found 63 notifications
[02:00:38] activist-org/activist#1925: Already assigned, skipping
[02:01:02] microsoft/vscode#288770: Already assigned, skipping
[02:01:09] lucasjinreal/Kokoros#61: Too old (378 days), skipping
[02:01:46] STEP 2: Checking my PRs
[02:01:51] STEP 3: Checking follow-ups
[02:01:51] STEP 4: Updating metrics
[02:01:51] === SUMMARY ===
[02:01:51] Notifications: 63
[02:01:51] Posted: 0
[02:01:51] Consent opportunities: 0
[02:01:51] Urgent items: 0
[02:01:51] Questions to answer: 0
[02:01:51] Stale issues: 0
[02:01:51] Need follow-up: 0
[02:01:51] Merge conflicts: 0
[02:01:51] Total tracked: 21
[02:01:51] Check complete
