=== GitHub SLA Check: Mon Mar  9 12:30:01 PM CST 2026 ===
[12:30:01] STEP 0: Cleaning old data
[12:30:01] Checking tracked issues for closures...
[12:30:11] Cleanup complete
[12:30:11] STEP 1: Processing notifications
[12:30:12] Found 72 notifications
[12:30:34] VATSIM-UK/UK-Sector-File#6064: Already assigned, skipping
[12:30:37] pytorch-tabular/pytorch_tabular#605: Too old (42 days), skipping
[12:30:55] activist-org/activist#1925: Already assigned, skipping
[12:31:11] microsoft/vscode#288770: Already assigned, skipping
[12:31:15] lucasjinreal/Kokoros#61: Too old (381 days), skipping
[12:31:43] STEP 2: Checking my PRs
[12:31:45] STEP 2.5: Proactive discovery - finding new issues
[12:31:45] Searching for good-first-issues...
[12:31:46] Found 20 good-first-issues from search
[12:31:46]   Checking T-SIG/tsig-prints#252: priority=100, comments=0
[12:31:46] *** DISCOVERED: T-SIG/tsig-prints#252 (priority: 100, 0 comments) ***
[12:31:46] >>> Posting on discovered issue T-SIG/tsig-prints#252
[12:31:47] SUCCESS: Posted on T-SIG/tsig-prints#252
[12:31:52]   Checking T-SIG/tsig-prints#249: priority=100, comments=0
[12:31:52] *** DISCOVERED: T-SIG/tsig-prints#249 (priority: 100, 0 comments) ***
[12:31:53] >>> Posting on discovered issue T-SIG/tsig-prints#249
[12:31:54] SUCCESS: Posted on T-SIG/tsig-prints#249
[12:31:59]   Checking T-SIG/tsig-prints#248: priority=100, comments=0
[12:31:59] *** DISCOVERED: T-SIG/tsig-prints#248 (priority: 100, 0 comments) ***
[12:31:59] >>> Posting on discovered issue T-SIG/tsig-prints#248
[12:32:00] SUCCESS: Posted on T-SIG/tsig-prints#248
[12:32:05]   Checking T-SIG/tsig-prints#247: priority=100, comments=0
[12:32:05] *** DISCOVERED: T-SIG/tsig-prints#247 (priority: 100, 0 comments) ***
[12:32:05] >>> Posting on discovered issue T-SIG/tsig-prints#247
[12:32:07] SUCCESS: Posted on T-SIG/tsig-prints#247
[12:32:12]   Checking T-SIG/tsig-prints#245: priority=100, comments=0
[12:32:12] *** DISCOVERED: T-SIG/tsig-prints#245 (priority: 100, 0 comments) ***
[12:32:12] >>> Posting on discovered issue T-SIG/tsig-prints#245
[12:32:13] SUCCESS: Posted on T-SIG/tsig-prints#245
[12:32:18]   Checking T-SIG/tsig-prints#244: priority=100, comments=0
[12:32:18] *** DISCOVERED: T-SIG/tsig-prints#244 (priority: 100, 0 comments) ***
[12:32:19]   Checking T-SIG/tsig-prints#243: priority=100, comments=0
[12:32:19] *** DISCOVERED: T-SIG/tsig-prints#243 (priority: 100, 0 comments) ***
[12:32:19]   Checking T-SIG/tsig-prints#242: priority=100, comments=0
[12:32:19] *** DISCOVERED: T-SIG/tsig-prints#242 (priority: 100, 0 comments) ***
[12:32:19]   Checking T-SIG/tsig-prints#241: priority=100, comments=0
[12:32:19] *** DISCOVERED: T-SIG/tsig-prints#241 (priority: 100, 0 comments) ***
[12:32:19]   Checking T-SIG/tsig-prints#240: priority=100, comments=0
[12:32:19] *** DISCOVERED: T-SIG/tsig-prints#240 (priority: 100, 0 comments) ***
[12:32:20]   Checking T-SIG/tsig-prints#239: priority=100, comments=0
[12:32:20] *** DISCOVERED: T-SIG/tsig-prints#239 (priority: 100, 0 comments) ***
[12:32:20]   Checking T-SIG/tsig-prints#238: priority=100, comments=0
[12:32:20] *** DISCOVERED: T-SIG/tsig-prints#238 (priority: 100, 0 comments) ***
[12:32:20]   Checking T-SIG/tsig-prints#237: priority=100, comments=0
[12:32:20] *** DISCOVERED: T-SIG/tsig-prints#237 (priority: 100, 0 comments) ***
[12:32:20]   Checking T-SIG/tsig-prints#236: priority=100, comments=0
[12:32:20] *** DISCOVERED: T-SIG/tsig-prints#236 (priority: 100, 0 comments) ***
[12:32:21]   Checking T-SIG/tsig-prints#234: priority=100, comments=0
[12:32:21] *** DISCOVERED: T-SIG/tsig-prints#234 (priority: 100, 0 comments) ***
[12:32:21]   Checking T-SIG/tsig-prints#231: priority=100, comments=0
[12:32:21] *** DISCOVERED: T-SIG/tsig-prints#231 (priority: 100, 0 comments) ***
[12:32:21]   Checking T-SIG/tsig-prints#230: priority=100, comments=0
[12:32:21] *** DISCOVERED: T-SIG/tsig-prints#230 (priority: 100, 0 comments) ***
[12:32:22]   Checking T-SIG/tsig-prints#229: priority=100, comments=0
[12:32:22] *** DISCOVERED: T-SIG/tsig-prints#229 (priority: 100, 0 comments) ***
[12:32:22]   Checking T-SIG/tsig-prints#227: priority=100, comments=0
[12:32:22] *** DISCOVERED: T-SIG/tsig-prints#227 (priority: 100, 0 comments) ***
[12:32:22]   Checking T-SIG/tsig-prints#226: priority=100, comments=0
[12:32:22] *** DISCOVERED: T-SIG/tsig-prints#226 (priority: 100, 0 comments) ***
[12:32:22] Checked 20 issues, discovered 20 high-priority ones
[12:32:22] STEP 3: Checking follow-ups
[12:32:24] STEP 4: Building action items list
[12:32:24] STEP 5: Updating metrics
[12:32:24] === SUMMARY ===
[12:32:24] Notifications: 72
[12:32:24] Posted: 5
[12:32:24] Consent opportunities: 20
[12:32:24] Stale issues: 0
[12:32:24] Need follow-up: 0
[12:32:24] Merge conflicts: 0
[12:32:24] Total tracked: 69
[12:32:24] Check complete
