=== GitHub SLA Check: Tue Mar 10 01:00:01 PM CST 2026 ===
[13:00:01] STEP 0: Cleaning old data
[13:00:01] Checking tracked issues for closures...
[13:00:13] Cleanup complete
[13:00:13] STEP 1: Processing notifications
[13:00:14] Found 81 notifications
[13:00:17] djangonaut-space/wagtail-indymeet#713: Already assigned, skipping
[13:00:19] EndlessPixel/EndlessPixel-Modpack#35: Already assigned, skipping
[13:00:20] VATSIM-UK/UK-Sector-File#6064: Already assigned, skipping
[13:00:57] pytorch-tabular/pytorch_tabular#605: Too old (43 days), skipping
[13:01:15] activist-org/activist#1925: Already assigned, skipping
[13:01:31] microsoft/vscode#288770: Already assigned, skipping
[13:01:36] lucasjinreal/Kokoros#61: Too old (382 days), skipping
[13:02:05] STEP 2: Checking my PRs
[13:02:06] STEP 2.5: Proactive discovery - finding new issues
[13:02:06] Searching for good-first-issues...
[13:02:08] Found 20 good-first-issues from search
[13:02:08]   Skipping 7788ken/linkgate#13: Already tracked
[13:02:08]   Skipping 7788ken/linkgate#7: Already tracked
[13:02:08]   Skipping 7788ken/linkgate#3: Already tracked
[13:02:08]   Skipping djangonaut-space/wagtail-indymeet#713: Already tracked
[13:02:08]   Skipping rajmahadev422/Learn-To-PR#16: Already tracked
[13:02:09]   Skipping EndlessPixel/EndlessPixel-Modpack#35: Too many comments (6)
[13:02:09]   Skipping rysweet/azlin#793: Already tracked
[13:02:09]   Skipping rysweet/amplihack#2981: Already tracked
[13:02:09]   Skipping rysweet/amplihack#2979: Already tracked
[13:02:09]   Skipping rysweet/amplihack#2980: Already tracked
[13:02:09]   Skipping rysweet/amplihack#2977: Already tracked
[13:02:09]   Skipping rysweet/amplihack#2976: Already tracked
[13:02:09]   Skipping brendankowitz/FHIR-Tools-for-Anonymization#80: Already tracked
[13:02:09]   Skipping windoze95/nullfeed-flutter#19: Already tracked
[13:02:09]   Skipping windoze95/nullfeed-backend#33: Already tracked
[13:02:09]   Skipping windoze95/nullfeed-backend#32: Already tracked
[13:02:09]   Skipping avni-j/synthetic-demo-app#12: Already tracked
[13:02:09]   Skipping T-SIG/tsig-prints#252: Already tracked
[13:02:09]   Skipping T-SIG/tsig-prints#249: Already tracked
[13:02:10]   Skipping T-SIG/tsig-prints#248: Already tracked
[13:02:10] Checked 20 issues, discovered 0 high-priority ones
[13:02:10] STEP 3: Checking follow-ups
[13:02:35] FOLLOW-UP NEEDED: Vexa-ai/vexa#160 (no response in 3 days)
[13:02:41] FOLLOW-UP NEEDED: mynextproject-portfolio/recipe-explorer-lite-yuewang199511#1 (no response in 3 days)
[13:02:44] FOLLOW-UP NEEDED: Marormur/Website#158 (no response in 3 days)
[13:02:45] FOLLOW-UP NEEDED: Marormur/Website#160 (no response in 3 days)
[13:02:46] FOLLOW-UP NEEDED: PatrickB1905/wealthwise#12 (no response in 3 days)
[13:02:47] FOLLOW-UP NEEDED: GreatJobTommy/DIT-Transfer-Tools#73 (no response in 3 days)
[13:02:50] FOLLOW-UP NEEDED: adenueltech/jobhunter#1 (no response in 3 days)
[13:02:51] FOLLOW-UP NEEDED: windoze95/nullfeed-backend#24 (no response in 3 days)
[13:02:52] FOLLOW-UP NEEDED: PatrickB1905/WealthWise#12 (no response in 3 days)
[13:02:54] FOLLOW-UP NEEDED: finnoybu/aegis-governance#14 (no response in 3 days)
[13:02:55] FOLLOW-UP NEEDED: finnoybu/aegis-governance#13 (no response in 3 days)
[13:02:57] STEP 4: Building action items list
[13:02:57] STEP 5: Updating metrics
[13:02:57] === SUMMARY ===
[13:02:57] Notifications: 81
[13:02:57] Posted: 0
[13:02:57] Consent opportunities: 0
[13:02:57] Stale issues: 0
[13:02:57] Need follow-up: 96
[13:02:57] Merge conflicts: 0
[13:02:57] Total tracked: 104
[13:02:57] Check complete
