=== GitHub SLA Check: Tue Mar 10 09:30:01 PM CST 2026 ===
[21:30:01] STEP 0: Cleaning old data
[21:30:01] Checking tracked issues for closures...
[21:30:14] Cleanup complete
[21:30:14] STEP 1: Processing notifications
[21:30:16] Found 81 notifications
[21:30:18] EndlessPixel/EndlessPixel-Modpack#35: Already assigned, skipping
[21:30:24] djangonaut-space/wagtail-indymeet#713: Already assigned, skipping
[21:30:25] VATSIM-UK/UK-Sector-File#6064: Already assigned, skipping
[21:31:04] pytorch-tabular/pytorch_tabular#605: Too old (44 days), skipping
[21:31:23] activist-org/activist#1925: Already assigned, skipping
[21:31:40] microsoft/vscode#288770: Already assigned, skipping
[21:31:44] lucasjinreal/Kokoros#61: Too old (382 days), skipping
[21:32:16] STEP 2: Checking my PRs
[21:32:17] STEP 2.5: Proactive discovery - finding new issues
[21:32:17] Searching for good-first-issues...
[21:32:19] Found 20 good-first-issues from search
[21:32:19]   Skipping 7788ken/linkgate#13: Already tracked
[21:32:19]   Skipping 7788ken/linkgate#7: Already tracked
[21:32:19]   Skipping 7788ken/linkgate#3: Already tracked
[21:32:19]   Skipping djangonaut-space/wagtail-indymeet#713: Already tracked
[21:32:19]   Skipping rajmahadev422/Learn-To-PR#16: Already tracked
[21:32:19]   Skipping EndlessPixel/EndlessPixel-Modpack#35: Too many comments (8)
[21:32:19]   Skipping rysweet/azlin#793: Already tracked
[21:32:19]   Skipping rysweet/amplihack#2981: Already tracked
[21:32:20]   Skipping rysweet/amplihack#2979: Already tracked
[21:32:20]   Skipping rysweet/amplihack#2980: Already tracked
[21:32:20]   Skipping rysweet/amplihack#2977: Already tracked
[21:32:20]   Skipping rysweet/amplihack#2976: Already tracked
[21:32:20]   Skipping brendankowitz/FHIR-Tools-for-Anonymization#80: Already tracked
[21:32:20]   Skipping windoze95/nullfeed-flutter#19: Already tracked
[21:32:20]   Skipping windoze95/nullfeed-backend#33: Already tracked
[21:32:20]   Skipping windoze95/nullfeed-backend#32: Already tracked
[21:32:20]   Skipping avni-j/synthetic-demo-app#12: Already tracked
[21:32:20]   Skipping T-SIG/tsig-prints#252: Already tracked
[21:32:20]   Skipping T-SIG/tsig-prints#249: Already tracked
[21:32:20]   Skipping T-SIG/tsig-prints#248: Already tracked
[21:32:20] Checked 20 issues, discovered 0 high-priority ones
[21:32:20] STEP 3: Checking follow-ups
[21:32:46] FOLLOW-UP NEEDED: Vexa-ai/vexa#160 (no response in 3 days)
[21:32:56] FOLLOW-UP NEEDED: mynextproject-portfolio/recipe-explorer-lite-yuewang199511#1 (no response in 3 days)
[21:32:58] FOLLOW-UP NEEDED: Marormur/Website#158 (no response in 3 days)
[21:33:01] FOLLOW-UP NEEDED: Marormur/Website#160 (no response in 3 days)
[21:33:02] FOLLOW-UP NEEDED: PatrickB1905/wealthwise#12 (no response in 3 days)
[21:33:03] FOLLOW-UP NEEDED: GreatJobTommy/DIT-Transfer-Tools#73 (no response in 3 days)
[21:33:07] FOLLOW-UP NEEDED: adenueltech/jobhunter#1 (no response in 3 days)
[21:33:08] FOLLOW-UP NEEDED: windoze95/nullfeed-backend#24 (no response in 3 days)
[21:33:09] FOLLOW-UP NEEDED: PatrickB1905/WealthWise#12 (no response in 3 days)
[21:33:11] FOLLOW-UP NEEDED: finnoybu/aegis-governance#14 (no response in 3 days)
[21:33:12] FOLLOW-UP NEEDED: finnoybu/aegis-governance#13 (no response in 3 days)
[21:33:14] FOLLOW-UP NEEDED: windoze95/nullfeed-flutter#15 (no response in 3 days)
[21:33:15] FOLLOW-UP NEEDED: windoze95/nullfeed-flutter#14 (no response in 3 days)
[21:33:16] FOLLOW-UP NEEDED: windoze95/nullfeed-backend#27 (no response in 3 days)
[21:33:20] STEP 4: Building action items list
[21:33:20] STEP 5: Updating metrics
[21:33:20] === SUMMARY ===
[21:33:20] Notifications: 81
[21:33:20] Posted: 0
[21:33:20] Consent opportunities: 0
[21:33:20] Stale issues: 0
[21:33:20] Need follow-up: 310
[21:33:20] Merge conflicts: 0
[21:33:20] Total tracked: 108
[21:33:20] Check complete
