=== GitHub SLA Check: Tue Mar 10 02:30:01 AM CST 2026 ===
[02:30:01] STEP 0: Cleaning old data
[02:30:01] Checking tracked issues for closures...
[02:30:13] Cleanup complete
[02:30:13] STEP 1: Processing notifications
[02:30:14] Found 78 notifications
[02:30:16] EndlessPixel/EndlessPixel-Modpack#35: Already assigned, skipping
[02:30:17] VATSIM-UK/UK-Sector-File#6064: Already assigned, skipping
[02:30:53] pytorch-tabular/pytorch_tabular#605: Too old (43 days), skipping
[02:31:12] activist-org/activist#1925: Already assigned, skipping
[02:31:31] microsoft/vscode#288770: Already assigned, skipping
[02:31:36] lucasjinreal/Kokoros#61: Too old (381 days), skipping
[02:32:08] STEP 2: Checking my PRs
[02:32:09] STEP 2.5: Proactive discovery - finding new issues
[02:32:09] Searching for good-first-issues...
[02:32:11] Found 20 good-first-issues from search
[02:32:11]   Skipping rajmahadev422/Learn-To-PR#16: Already tracked
[02:32:11]   Skipping EndlessPixel/EndlessPixel-Modpack#35: Too many comments (6)
[02:32:11]   Skipping rysweet/azlin#793: Already tracked
[02:32:11]   Skipping rysweet/amplihack#2981: Already tracked
[02:32:11]   Skipping rysweet/amplihack#2980: Already tracked
[02:32:11]   Skipping rysweet/amplihack#2979: Already tracked
[02:32:11]   Skipping rysweet/amplihack#2977: Already tracked
[02:32:11]   Skipping rysweet/amplihack#2976: Already tracked
[02:32:11]   Skipping brendankowitz/FHIR-Tools-for-Anonymization#80: Already tracked
[02:32:11]   Skipping windoze95/nullfeed-flutter#19: Already tracked
[02:32:12]   Skipping windoze95/nullfeed-backend#33: Already tracked
[02:32:12]   Skipping windoze95/nullfeed-backend#32: Already tracked
[02:32:12]   Skipping avni-j/synthetic-demo-app#12: Already tracked
[02:32:12]   Skipping T-SIG/tsig-prints#252: Already tracked
[02:32:12]   Skipping T-SIG/tsig-prints#249: Already tracked
[02:32:12]   Skipping T-SIG/tsig-prints#248: Already tracked
[02:32:12]   Skipping T-SIG/tsig-prints#247: Already tracked
[02:32:12]   Skipping T-SIG/tsig-prints#245: Already tracked
[02:32:12]   Skipping T-SIG/tsig-prints#244: Already tracked
[02:32:12]   Skipping T-SIG/tsig-prints#243: Already tracked
[02:32:12] Checked 20 issues, discovered 0 high-priority ones
[02:32:12] STEP 3: Checking follow-ups
[02:32:40] STEP 4: Building action items list
[02:32:40] STEP 5: Updating metrics
[02:32:40] === SUMMARY ===
[02:32:40] Notifications: 78
[02:32:40] Posted: 0
[02:32:40] Consent opportunities: 0
[02:32:40] Stale issues: 0
[02:32:40] Need follow-up: 0
[02:32:40] Merge conflicts: 0
[02:32:40] Total tracked: 96
[02:32:40] Check complete
