=== GitHub SLA Check: Sun Mar  8 07:00:01 AM CST 2026 ===
[07:00:01] STEP 0: Cleaning old data
[07:00:01] Checking tracked issues for closures...
[07:00:13] Cleanup complete
[07:00:13] STEP 1: Processing notifications
[07:00:14] Found 70 notifications
[07:00:30] VATSIM-UK/UK-Sector-File#6064: Already assigned, skipping
[07:00:33] pytorch-tabular/pytorch_tabular#605: Too old (41 days), skipping
[07:00:52] activist-org/activist#1925: Already assigned, skipping
[07:01:10] microsoft/vscode#288770: Already assigned, skipping
[07:01:15] lucasjinreal/Kokoros#61: Too old (379 days), skipping
[07:01:45] STEP 2: Checking my PRs
[07:01:47] STEP 2.5: Proactive discovery - finding new issues
[07:01:47] Searching for good-first-issues...
[07:01:49] Found 20 good-first-issues from search
[07:01:49]   Checking lingdojo/kana-dojo#7601: priority=100, comments=1
[07:01:49] *** DISCOVERED: lingdojo/kana-dojo#7601 (priority: 100, 1 comments) ***
[07:01:49] >>> Posting on discovered issue lingdojo/kana-dojo#7601
[07:01:50] FAILED to post on lingdojo/kana-dojo#7601: GraphQL: User is blocked (addComment)
[07:01:50]   Checking lingdojo/kana-dojo#7600: priority=100, comments=3
[07:01:50] *** DISCOVERED: lingdojo/kana-dojo#7600 (priority: 100, 3 comments) ***
[07:01:50] >>> Posting on discovered issue lingdojo/kana-dojo#7600
[07:01:52] FAILED to post on lingdojo/kana-dojo#7600: GraphQL: User is blocked (addComment)
[07:01:52]   Checking lingdojo/kana-dojo#7599: priority=100, comments=1
[07:01:52] *** DISCOVERED: lingdojo/kana-dojo#7599 (priority: 100, 1 comments) ***
[07:01:52] >>> Posting on discovered issue lingdojo/kana-dojo#7599
[07:01:53] FAILED to post on lingdojo/kana-dojo#7599: GraphQL: User is blocked (addComment)
[07:01:53]   Checking lingdojo/kana-dojo#7598: priority=100, comments=1
[07:01:53] *** DISCOVERED: lingdojo/kana-dojo#7598 (priority: 100, 1 comments) ***
[07:01:53] >>> Posting on discovered issue lingdojo/kana-dojo#7598
[07:01:54] FAILED to post on lingdojo/kana-dojo#7598: GraphQL: User is blocked (addComment)
[07:01:55]   Checking lingdojo/kana-dojo#7597: priority=100, comments=1
[07:01:55] *** DISCOVERED: lingdojo/kana-dojo#7597 (priority: 100, 1 comments) ***
[07:01:55] >>> Posting on discovered issue lingdojo/kana-dojo#7597
[07:01:56] FAILED to post on lingdojo/kana-dojo#7597: GraphQL: User is blocked (addComment)
[07:01:56]   Checking lingdojo/kana-dojo#7596: priority=100, comments=1
[07:01:56] *** DISCOVERED: lingdojo/kana-dojo#7596 (priority: 100, 1 comments) ***
[07:01:56] >>> Posting on discovered issue lingdojo/kana-dojo#7596
[07:01:57] FAILED to post on lingdojo/kana-dojo#7596: GraphQL: User is blocked (addComment)
[07:01:57]   Checking lingdojo/kana-dojo#7595: priority=100, comments=1
[07:01:57] *** DISCOVERED: lingdojo/kana-dojo#7595 (priority: 100, 1 comments) ***
[07:01:57] >>> Posting on discovered issue lingdojo/kana-dojo#7595
[07:01:59] FAILED to post on lingdojo/kana-dojo#7595: GraphQL: User is blocked (addComment)
[07:01:59]   Checking lingdojo/kana-dojo#7594: priority=100, comments=1
[07:01:59] *** DISCOVERED: lingdojo/kana-dojo#7594 (priority: 100, 1 comments) ***
[07:01:59] >>> Posting on discovered issue lingdojo/kana-dojo#7594
[07:02:01] FAILED to post on lingdojo/kana-dojo#7594: GraphQL: User is blocked (addComment)
[07:02:01]   Checking lingdojo/kana-dojo#7593: priority=100, comments=1
[07:02:01] *** DISCOVERED: lingdojo/kana-dojo#7593 (priority: 100, 1 comments) ***
[07:02:01] >>> Posting on discovered issue lingdojo/kana-dojo#7593
[07:02:02] FAILED to post on lingdojo/kana-dojo#7593: GraphQL: User is blocked (addComment)
[07:02:02]   Checking lingdojo/kana-dojo#7590: priority=100, comments=2
[07:02:02] *** DISCOVERED: lingdojo/kana-dojo#7590 (priority: 100, 2 comments) ***
[07:02:02] >>> Posting on discovered issue lingdojo/kana-dojo#7590
[07:02:03] FAILED to post on lingdojo/kana-dojo#7590: GraphQL: User is blocked (addComment)
[07:02:03]   Skipping lingdojo/kana-dojo#7589: Already tracked
[07:02:03]   Skipping lingdojo/kana-dojo#7588: Already tracked
[07:02:03]   Skipping lingdojo/kana-dojo#7587: Already tracked
[07:02:04]   Skipping lingdojo/kana-dojo#7586: Already tracked
[07:02:04]   Skipping ibelanger/GraniteFungiForager#36: Already tracked
[07:02:04]   Skipping ibelanger/GraniteFungiForager#35: Already tracked
[07:02:04]   Skipping ibelanger/GraniteFungiForager#28: Already tracked
[07:02:04]   Skipping ibelanger/GraniteFungiForager#27: Already tracked
[07:02:04]   Skipping ibelanger/GraniteFungiForager#24: Already tracked
[07:02:04]   Skipping ibelanger/GraniteFungiForager#22: Already tracked
[07:02:04] Checked 20 issues, discovered 10 high-priority ones
[07:02:04] STEP 3: Checking follow-ups
[07:02:06] STEP 4: Building action items list
[07:02:06] STEP 5: Updating metrics
[07:02:06] === SUMMARY ===
[07:02:06] Notifications: 70
[07:02:06] Posted: 0
[07:02:06] Consent opportunities: 10
[07:02:06] Stale issues: 0
[07:02:06] Need follow-up: 0
[07:02:06] Merge conflicts: 0
[07:02:06] Total tracked: 58
[07:02:06] Check complete
