=== GitHub SLA Check: Sun Mar  8 03:30:01 PM CST 2026 ===
[15:30:01] STEP 0: Cleaning old data
[15:30:01] Checking tracked issues for closures...
[15:30:13] Cleanup complete
[15:30:13] STEP 1: Processing notifications
[15:30:14] Found 70 notifications
[15:30:31] VATSIM-UK/UK-Sector-File#6064: Already assigned, skipping
[15:30:35] pytorch-tabular/pytorch_tabular#605: Too old (41 days), skipping
[15:30:56] activist-org/activist#1925: Already assigned, skipping
[15:31:12] microsoft/vscode#288770: Already assigned, skipping
[15:31:18] lucasjinreal/Kokoros#61: Too old (380 days), skipping
[15:31:47] STEP 2: Checking my PRs
[15:31:49] STEP 2.5: Proactive discovery - finding new issues
[15:31:49] Searching for good-first-issues...
[15:31:51] Found 20 good-first-issues from search
[15:31:51]   Checking lingdojo/kana-dojo#7651: priority=100, comments=1
[15:31:51] *** DISCOVERED: lingdojo/kana-dojo#7651 (priority: 100, 1 comments) ***
[15:31:51] >>> Posting on discovered issue lingdojo/kana-dojo#7651
[15:31:52] FAILED to post on lingdojo/kana-dojo#7651: GraphQL: User is blocked (addComment)
[15:31:53]   Checking lingdojo/kana-dojo#7649: priority=100, comments=1
[15:31:53] *** DISCOVERED: lingdojo/kana-dojo#7649 (priority: 100, 1 comments) ***
[15:31:53] >>> Posting on discovered issue lingdojo/kana-dojo#7649
[15:31:54] FAILED to post on lingdojo/kana-dojo#7649: GraphQL: User is blocked (addComment)
[15:31:54]   Checking lingdojo/kana-dojo#7648: priority=100, comments=1
[15:31:54] *** DISCOVERED: lingdojo/kana-dojo#7648 (priority: 100, 1 comments) ***
[15:31:54] >>> Posting on discovered issue lingdojo/kana-dojo#7648
[15:31:55] FAILED to post on lingdojo/kana-dojo#7648: GraphQL: User is blocked (addComment)
[15:31:55]   Checking lingdojo/kana-dojo#7646: priority=100, comments=1
[15:31:55] *** DISCOVERED: lingdojo/kana-dojo#7646 (priority: 100, 1 comments) ***
[15:31:55] >>> Posting on discovered issue lingdojo/kana-dojo#7646
[15:31:56] FAILED to post on lingdojo/kana-dojo#7646: GraphQL: User is blocked (addComment)
[15:31:56]   Skipping rajmahadev422/Learn-To-PR#12: Already tracked
[15:31:57]   Checking lingdojo/kana-dojo#7640: priority=100, comments=2
[15:31:57] *** DISCOVERED: lingdojo/kana-dojo#7640 (priority: 100, 2 comments) ***
[15:31:57] >>> Posting on discovered issue lingdojo/kana-dojo#7640
[15:31:58] FAILED to post on lingdojo/kana-dojo#7640: GraphQL: User is blocked (addComment)
[15:31:58]   Checking lingdojo/kana-dojo#7638: priority=100, comments=2
[15:31:58] *** DISCOVERED: lingdojo/kana-dojo#7638 (priority: 100, 2 comments) ***
[15:31:58] >>> Posting on discovered issue lingdojo/kana-dojo#7638
[15:31:59] FAILED to post on lingdojo/kana-dojo#7638: GraphQL: User is blocked (addComment)
[15:31:59]   Checking lingdojo/kana-dojo#7637: priority=100, comments=2
[15:31:59] *** DISCOVERED: lingdojo/kana-dojo#7637 (priority: 100, 2 comments) ***
[15:31:59] >>> Posting on discovered issue lingdojo/kana-dojo#7637
[15:32:00] FAILED to post on lingdojo/kana-dojo#7637: GraphQL: User is blocked (addComment)
[15:32:01]   Checking lingdojo/kana-dojo#7636: priority=100, comments=1
[15:32:01] *** DISCOVERED: lingdojo/kana-dojo#7636 (priority: 100, 1 comments) ***
[15:32:01] >>> Posting on discovered issue lingdojo/kana-dojo#7636
[15:32:02] FAILED to post on lingdojo/kana-dojo#7636: GraphQL: User is blocked (addComment)
[15:32:02]   Checking lingdojo/kana-dojo#7635: priority=100, comments=1
[15:32:02] *** DISCOVERED: lingdojo/kana-dojo#7635 (priority: 100, 1 comments) ***
[15:32:02] >>> Posting on discovered issue lingdojo/kana-dojo#7635
[15:32:03] FAILED to post on lingdojo/kana-dojo#7635: GraphQL: User is blocked (addComment)
[15:32:04]   Checking lingdojo/kana-dojo#7632: priority=100, comments=4
[15:32:04] *** DISCOVERED: lingdojo/kana-dojo#7632 (priority: 100, 4 comments) ***
[15:32:04] >>> Posting on discovered issue lingdojo/kana-dojo#7632
[15:32:04] FAILED to post on lingdojo/kana-dojo#7632: GraphQL: User is blocked (addComment)
[15:32:05]   Checking lingdojo/kana-dojo#7630: priority=100, comments=1
[15:32:05] *** DISCOVERED: lingdojo/kana-dojo#7630 (priority: 100, 1 comments) ***
[15:32:05] >>> Posting on discovered issue lingdojo/kana-dojo#7630
[15:32:06] FAILED to post on lingdojo/kana-dojo#7630: GraphQL: User is blocked (addComment)
[15:32:06]   Checking lingdojo/kana-dojo#7628: priority=100, comments=1
[15:32:06] *** DISCOVERED: lingdojo/kana-dojo#7628 (priority: 100, 1 comments) ***
[15:32:06] >>> Posting on discovered issue lingdojo/kana-dojo#7628
[15:32:07] FAILED to post on lingdojo/kana-dojo#7628: GraphQL: User is blocked (addComment)
[15:32:07]   Checking lingdojo/kana-dojo#7627: priority=100, comments=4
[15:32:07] *** DISCOVERED: lingdojo/kana-dojo#7627 (priority: 100, 4 comments) ***
[15:32:07] >>> Posting on discovered issue lingdojo/kana-dojo#7627
[15:32:08] FAILED to post on lingdojo/kana-dojo#7627: GraphQL: User is blocked (addComment)
[15:32:08]   Checking lingdojo/kana-dojo#7626: priority=100, comments=1
[15:32:08] *** DISCOVERED: lingdojo/kana-dojo#7626 (priority: 100, 1 comments) ***
[15:32:08] >>> Posting on discovered issue lingdojo/kana-dojo#7626
[15:32:09] FAILED to post on lingdojo/kana-dojo#7626: GraphQL: User is blocked (addComment)
[15:32:09]   Checking lingdojo/kana-dojo#7625: priority=100, comments=1
[15:32:09] *** DISCOVERED: lingdojo/kana-dojo#7625 (priority: 100, 1 comments) ***
[15:32:09] >>> Posting on discovered issue lingdojo/kana-dojo#7625
[15:32:10] FAILED to post on lingdojo/kana-dojo#7625: GraphQL: User is blocked (addComment)
[15:32:11]   Checking lingdojo/kana-dojo#7624: priority=100, comments=1
[15:32:11] *** DISCOVERED: lingdojo/kana-dojo#7624 (priority: 100, 1 comments) ***
[15:32:11] >>> Posting on discovered issue lingdojo/kana-dojo#7624
[15:32:12] FAILED to post on lingdojo/kana-dojo#7624: GraphQL: User is blocked (addComment)
[15:32:12]   Checking lingdojo/kana-dojo#7623: priority=100, comments=1
[15:32:12] *** DISCOVERED: lingdojo/kana-dojo#7623 (priority: 100, 1 comments) ***
[15:32:12] >>> Posting on discovered issue lingdojo/kana-dojo#7623
[15:32:13] FAILED to post on lingdojo/kana-dojo#7623: GraphQL: User is blocked (addComment)
[15:32:13]   Checking lingdojo/kana-dojo#7622: priority=100, comments=1
[15:32:13] *** DISCOVERED: lingdojo/kana-dojo#7622 (priority: 100, 1 comments) ***
[15:32:13] >>> Posting on discovered issue lingdojo/kana-dojo#7622
[15:32:15] FAILED to post on lingdojo/kana-dojo#7622: GraphQL: User is blocked (addComment)
[15:32:15]   Checking lingdojo/kana-dojo#7620: priority=100, comments=1
[15:32:15] *** DISCOVERED: lingdojo/kana-dojo#7620 (priority: 100, 1 comments) ***
[15:32:15] >>> Posting on discovered issue lingdojo/kana-dojo#7620
[15:32:17] FAILED to post on lingdojo/kana-dojo#7620: GraphQL: User is blocked (addComment)
[15:32:17] Checked 20 issues, discovered 19 high-priority ones
[15:32:17] STEP 3: Checking follow-ups
[15:32:19] STEP 4: Building action items list
[15:32:19] STEP 5: Updating metrics
[15:32:19] === SUMMARY ===
[15:32:19] Notifications: 70
[15:32:19] Posted: 0
[15:32:19] Consent opportunities: 19
[15:32:19] Stale issues: 0
[15:32:19] Need follow-up: 0
[15:32:19] Merge conflicts: 0
[15:32:19] Total tracked: 59
[15:32:19] Check complete
