=== GitHub SLA Check: Sat Mar  7 03:30:01 AM CST 2026 ===
[03:30:01] STEP 0: Cleaning old data
[03:30:01] Checking tracked issues for closures...
[03:30:14] Cleanup complete
[03:30:14] STEP 1: Processing notifications
[03:30:15] Found 63 notifications
[03:30:38] activist-org/activist#1925: Already assigned, skipping
[03:30:59] microsoft/vscode#288770: Already assigned, skipping
[03:31:06] lucasjinreal/Kokoros#61: Too old (378 days), skipping
[03:31:38] STEP 2: Checking my PRs
[03:31:42] STEP 3: Checking follow-ups
[03:31:42] STEP 4: Building action items list
[03:31:42] STEP 5: Updating metrics
[03:31:42] === SUMMARY ===
[03:31:42] Notifications: 63
[03:31:42] Posted: 0
[03:31:42] Consent opportunities: 0
[03:31:42] Stale issues: 0
[03:31:42] Need follow-up: 0
[03:31:42] Merge conflicts: 0
[03:31:42] Total tracked: 21
[03:31:42] Check complete
