=== GitHub SLA Check: Sat Mar  7 10:30:01 AM CST 2026 ===
[10:30:01] STEP 0: Cleaning old data
[10:30:01] Checking tracked issues for closures...
[10:30:13] Cleanup complete
[10:30:13] STEP 1: Processing notifications
[10:30:14] Found 68 notifications
[10:30:19] pytorch-tabular/pytorch_tabular#605: Too old (40 days), skipping
[10:30:41] activist-org/activist#1925: Already assigned, skipping
[10:31:02] microsoft/vscode#288770: Already assigned, skipping
[10:31:09] lucasjinreal/Kokoros#61: Too old (379 days), skipping
[10:31:40] STEP 2: Checking my PRs
[10:31:43] STEP 2.5: Proactive discovery - finding new issues
[10:31:43] Searching for good-first-issues...
[10:31:45] Found 20 good-first-issues from search
[10:31:45]   Skipping GreatJobTommy/DIT-Transfer-Tools#72: Already tracked
[10:31:45]   Skipping GreatJobTommy/DIT-Transfer-Tools#73: Already tracked
[10:31:45]   Skipping PatrickB1905/wealthwise#12: Already tracked
[10:31:45]   Skipping mynextproject-portfolio/recipe-explorer-lite-ildarakhmetov#1: Already tracked
[10:31:45]   Skipping rajmahadev422/Learn-To-PR#7: Already tracked
[10:31:45]   Skipping finnoybu/aegis-governance#12: Already tracked
[10:31:45]   Skipping Vexa-ai/vexa#160: Already tracked
[10:31:46]   Skipping rajmahadev422/Learn-To-PR#3: Already tracked
[10:31:46]   Skipping VATSIM-UK/UK-Sector-File#6064: Already tracked
[10:31:46]   Skipping Vexa-ai/vexa#155: Already tracked
[10:31:46]   Skipping windoze95/nullfeed-flutter#12: Already tracked
[10:31:46]   Skipping windoze95/nullfeed-backend#22: Already tracked
[10:31:46]   Skipping brendankowitz/FHIR-Tools-for-Anonymization#64: Too many comments (6)
[10:31:46]   Skipping brendankowitz/FHIR-Tools-for-Anonymization#63: Too many comments (6)
[10:31:46]   Skipping brendankowitz/FHIR-Tools-for-Anonymization#62: Already tracked
[10:31:46]   Skipping brendankowitz/FHIR-Tools-for-Anonymization#61: Too many comments (7)
[10:31:46]   Skipping cclib/cclib#1746: Already tracked
[10:31:46]   Skipping ray-project/kuberay#4568: Already tracked
[10:31:46]   Skipping mynextproject-portfolio/recipe-explorer-lite-yuewang199511#1: Already tracked
[10:31:46]   Skipping tensorzero/tensorzero#6750: Blocked repo
[10:31:46] Checked 20 issues, discovered 0 high-priority ones
[10:31:46] STEP 3: Checking follow-ups
[10:31:47] STEP 4: Building action items list
[10:31:47] STEP 5: Updating metrics
[10:31:47] === SUMMARY ===
[10:31:47] Notifications: 68
[10:31:47] Posted: 0
[10:31:47] Consent opportunities: 0
[10:31:47] Stale issues: 0
[10:31:47] Need follow-up: 0
[10:31:47] Merge conflicts: 0
[10:31:47] Total tracked: 38
[10:31:47] Check complete
