=== GitHub SLA Check: Mon Mar  9 04:00:01 AM CST 2026 ===
[04:00:01] STEP 0: Cleaning old data
[04:00:01] Checking tracked issues for closures...
[04:00:14] Cleanup complete
[04:00:14] STEP 1: Processing notifications
[04:00:15] Found 71 notifications
[04:00:36] VATSIM-UK/UK-Sector-File#6064: Already assigned, skipping
[04:00:39] pytorch-tabular/pytorch_tabular#605: Too old (42 days), skipping
[04:00:56] activist-org/activist#1925: Already assigned, skipping
[04:01:11] microsoft/vscode#288770: Already assigned, skipping
[04:01:17] lucasjinreal/Kokoros#61: Too old (380 days), skipping
[04:01:48] STEP 2: Checking my PRs
[04:01:49] STEP 2.5: Proactive discovery - finding new issues
[04:01:49] Searching for good-first-issues...
[04:01:50] Found 20 good-first-issues from search
[04:01:50]   Skipping VATSIM-UK/UK-Sector-File#6069: Already tracked
[04:01:51]   Checking lingdojo/kana-dojo#7665: priority=100, comments=1
[04:01:51] *** DISCOVERED: lingdojo/kana-dojo#7665 (priority: 100, 1 comments) ***
[04:01:51] >>> Posting on discovered issue lingdojo/kana-dojo#7665
[04:01:52] FAILED to post on lingdojo/kana-dojo#7665: GraphQL: User is blocked (addComment)
[04:01:52]   Checking lingdojo/kana-dojo#7664: priority=100, comments=1
[04:01:52] *** DISCOVERED: lingdojo/kana-dojo#7664 (priority: 100, 1 comments) ***
[04:01:52] >>> Posting on discovered issue lingdojo/kana-dojo#7664
[04:01:53] FAILED to post on lingdojo/kana-dojo#7664: GraphQL: User is blocked (addComment)
[04:01:54]   Checking lingdojo/kana-dojo#7663: priority=100, comments=2
[04:01:54] *** DISCOVERED: lingdojo/kana-dojo#7663 (priority: 100, 2 comments) ***
[04:01:54] >>> Posting on discovered issue lingdojo/kana-dojo#7663
[04:01:54] FAILED to post on lingdojo/kana-dojo#7663: GraphQL: User is blocked (addComment)
[04:01:55]   Checking lingdojo/kana-dojo#7662: priority=100, comments=1
[04:01:55] *** DISCOVERED: lingdojo/kana-dojo#7662 (priority: 100, 1 comments) ***
[04:01:55] >>> Posting on discovered issue lingdojo/kana-dojo#7662
[04:01:56] FAILED to post on lingdojo/kana-dojo#7662: GraphQL: User is blocked (addComment)
[04:01:56]   Checking lingdojo/kana-dojo#7661: priority=100, comments=1
[04:01:56] *** DISCOVERED: lingdojo/kana-dojo#7661 (priority: 100, 1 comments) ***
[04:01:56] >>> Posting on discovered issue lingdojo/kana-dojo#7661
[04:01:57] FAILED to post on lingdojo/kana-dojo#7661: GraphQL: User is blocked (addComment)
[04:01:57]   Checking lingdojo/kana-dojo#7660: priority=100, comments=1
[04:01:57] *** DISCOVERED: lingdojo/kana-dojo#7660 (priority: 100, 1 comments) ***
[04:01:57] >>> Posting on discovered issue lingdojo/kana-dojo#7660
[04:01:58] FAILED to post on lingdojo/kana-dojo#7660: GraphQL: User is blocked (addComment)
[04:01:58]   Checking lingdojo/kana-dojo#7659: priority=100, comments=1
[04:01:58] *** DISCOVERED: lingdojo/kana-dojo#7659 (priority: 100, 1 comments) ***
[04:01:58] >>> Posting on discovered issue lingdojo/kana-dojo#7659
[04:01:59] FAILED to post on lingdojo/kana-dojo#7659: GraphQL: User is blocked (addComment)
[04:01:59]   Checking lingdojo/kana-dojo#7658: priority=100, comments=1
[04:01:59] *** DISCOVERED: lingdojo/kana-dojo#7658 (priority: 100, 1 comments) ***
[04:01:59] >>> Posting on discovered issue lingdojo/kana-dojo#7658
[04:02:01] FAILED to post on lingdojo/kana-dojo#7658: GraphQL: User is blocked (addComment)
[04:02:01]   Checking lingdojo/kana-dojo#7657: priority=100, comments=1
[04:02:01] *** DISCOVERED: lingdojo/kana-dojo#7657 (priority: 100, 1 comments) ***
[04:02:01] >>> Posting on discovered issue lingdojo/kana-dojo#7657
[04:02:02] FAILED to post on lingdojo/kana-dojo#7657: GraphQL: User is blocked (addComment)
[04:02:02]   Checking lingdojo/kana-dojo#7656: priority=100, comments=1
[04:02:02] *** DISCOVERED: lingdojo/kana-dojo#7656 (priority: 100, 1 comments) ***
[04:02:02] >>> Posting on discovered issue lingdojo/kana-dojo#7656
[04:02:03] FAILED to post on lingdojo/kana-dojo#7656: GraphQL: User is blocked (addComment)
[04:02:03]   Checking lingdojo/kana-dojo#7654: priority=100, comments=1
[04:02:03] *** DISCOVERED: lingdojo/kana-dojo#7654 (priority: 100, 1 comments) ***
[04:02:03] >>> Posting on discovered issue lingdojo/kana-dojo#7654
[04:02:04] FAILED to post on lingdojo/kana-dojo#7654: GraphQL: User is blocked (addComment)
[04:02:04]   Skipping windoze95/nullfeed-flutter#17: Already tracked
[04:02:04]   Skipping windoze95/nullfeed-backend#29: Already tracked
[04:02:04]   Skipping windoze95/nullfeed-backend#28: Already tracked
[04:02:05]   Checking lingdojo/kana-dojo#7653: priority=100, comments=1
[04:02:05] *** DISCOVERED: lingdojo/kana-dojo#7653 (priority: 100, 1 comments) ***
[04:02:05] >>> Posting on discovered issue lingdojo/kana-dojo#7653
[04:02:06] FAILED to post on lingdojo/kana-dojo#7653: GraphQL: User is blocked (addComment)
[04:02:06]   Checking lingdojo/kana-dojo#7652: priority=100, comments=1
[04:02:06] *** DISCOVERED: lingdojo/kana-dojo#7652 (priority: 100, 1 comments) ***
[04:02:06] >>> Posting on discovered issue lingdojo/kana-dojo#7652
[04:02:07] FAILED to post on lingdojo/kana-dojo#7652: GraphQL: User is blocked (addComment)
[04:02:07]   Checking lingdojo/kana-dojo#7651: priority=100, comments=2
[04:02:07] *** DISCOVERED: lingdojo/kana-dojo#7651 (priority: 100, 2 comments) ***
[04:02:07] >>> Posting on discovered issue lingdojo/kana-dojo#7651
[04:02:08] FAILED to post on lingdojo/kana-dojo#7651: GraphQL: User is blocked (addComment)
[04:02:08]   Checking lingdojo/kana-dojo#7649: priority=100, comments=1
[04:02:08] *** DISCOVERED: lingdojo/kana-dojo#7649 (priority: 100, 1 comments) ***
[04:02:08] >>> Posting on discovered issue lingdojo/kana-dojo#7649
[04:02:09] FAILED to post on lingdojo/kana-dojo#7649: GraphQL: User is blocked (addComment)
[04:02:10]   Checking lingdojo/kana-dojo#7648: priority=100, comments=1
[04:02:10] *** DISCOVERED: lingdojo/kana-dojo#7648 (priority: 100, 1 comments) ***
[04:02:10] >>> Posting on discovered issue lingdojo/kana-dojo#7648
[04:02:10] FAILED to post on lingdojo/kana-dojo#7648: GraphQL: User is blocked (addComment)
[04:02:10] Checked 20 issues, discovered 16 high-priority ones
[04:02:10] STEP 3: Checking follow-ups
[04:02:12] STEP 4: Building action items list
[04:02:12] STEP 5: Updating metrics
[04:02:12] === SUMMARY ===
[04:02:12] Notifications: 71
[04:02:12] Posted: 0
[04:02:12] Consent opportunities: 16
[04:02:12] Stale issues: 0
[04:02:12] Need follow-up: 0
[04:02:12] Merge conflicts: 0
[04:02:12] Total tracked: 62
[04:02:12] Check complete
