=== GitHub SLA Check: Mon Mar  9 06:30:01 PM CST 2026 ===
[18:30:01] STEP 0: Cleaning old data
[18:30:01] Checking tracked issues for closures...
[18:30:13] Cleanup complete
[18:30:13] STEP 1: Processing notifications
[18:30:15] Found 74 notifications
[18:30:42] VATSIM-UK/UK-Sector-File#6064: Already assigned, skipping
[18:30:46] pytorch-tabular/pytorch_tabular#605: Too old (43 days), skipping
[18:31:04] activist-org/activist#1925: Already assigned, skipping
[18:31:22] microsoft/vscode#288770: Already assigned, skipping
[18:31:26] lucasjinreal/Kokoros#61: Too old (381 days), skipping
[18:31:58] STEP 2: Checking my PRs
[18:31:59] STEP 2.5: Proactive discovery - finding new issues
[18:31:59] Searching for good-first-issues...
[18:32:01] Found 20 good-first-issues from search
[18:32:01]   Skipping rysweet/azlin#793: Already tracked
[18:32:01]   Skipping rysweet/amplihack#2981: Already tracked
[18:32:01]   Skipping rysweet/amplihack#2980: Already tracked
[18:32:01]   Skipping rysweet/amplihack#2979: Already tracked
[18:32:01]   Skipping rysweet/amplihack#2977: Already tracked
[18:32:01]   Checking rysweet/amplihack#2976: priority=100, comments=0
[18:32:01] *** DISCOVERED: rysweet/amplihack#2976 (priority: 100, 0 comments) ***
[18:32:01] >>> Posting on discovered issue rysweet/amplihack#2976
[18:32:02] SUCCESS: Posted on rysweet/amplihack#2976
[18:32:07]   Skipping brendankowitz/FHIR-Tools-for-Anonymization#80: Already tracked
[18:32:08]   Skipping windoze95/nullfeed-flutter#19: Already tracked
[18:32:08]   Skipping windoze95/nullfeed-backend#33: Already tracked
[18:32:08]   Skipping windoze95/nullfeed-backend#32: Already tracked
[18:32:08]   Skipping avni-j/synthetic-demo-app#12: Already tracked
[18:32:08]   Skipping T-SIG/tsig-prints#252: Already tracked
[18:32:08]   Skipping T-SIG/tsig-prints#249: Already tracked
[18:32:08]   Skipping T-SIG/tsig-prints#248: Already tracked
[18:32:08]   Skipping T-SIG/tsig-prints#247: Already tracked
[18:32:08]   Skipping T-SIG/tsig-prints#245: Already tracked
[18:32:08]   Skipping T-SIG/tsig-prints#244: Already tracked
[18:32:08]   Skipping T-SIG/tsig-prints#243: Already tracked
[18:32:08]   Skipping T-SIG/tsig-prints#242: Already tracked
[18:32:09]   Skipping T-SIG/tsig-prints#241: Already tracked
[18:32:09] Checked 20 issues, discovered 1 high-priority ones
[18:32:09] STEP 3: Checking follow-ups
[18:32:12] STEP 4: Building action items list
[18:32:12] STEP 5: Updating metrics
[18:32:12] === SUMMARY ===
[18:32:12] Notifications: 74
[18:32:12] Posted: 1
[18:32:12] Consent opportunities: 1
[18:32:12] Stale issues: 0
[18:32:12] Need follow-up: 0
[18:32:12] Merge conflicts: 0
[18:32:12] Total tracked: 94
[18:32:12] Check complete
