=== GitHub SLA Check: Sat Mar  7 07:30:01 AM CST 2026 ===
[07:30:01] STEP 0: Cleaning old data
[07:30:01] Checking tracked issues for closures...
[07:30:13] Cleanup complete
[07:30:13] STEP 1: Processing notifications
[07:30:15] Found 67 notifications
[07:30:20] pytorch-tabular/pytorch_tabular#605: Too old (40 days), skipping
[07:30:45] activist-org/activist#1925: Already assigned, skipping
[07:31:05] microsoft/vscode#288770: Already assigned, skipping
[07:31:11] lucasjinreal/Kokoros#61: Too old (378 days), skipping
[07:31:47] STEP 2: Checking my PRs
[07:31:51] STEP 2.5: Proactive discovery - finding new issues
[07:31:51] Searching for good-first-issues...
[07:31:53] *** DISCOVERED: PatrickB1905/wealthwise#12 (priority: 100, 0 comments) ***
[07:31:53] >>> Posting on discovered issue PatrickB1905/wealthwise#12
[07:31:55] SUCCESS: Posted on PatrickB1905/wealthwise#12
[07:32:01] STEP 3: Checking follow-ups
[07:32:03] STEP 4: Building action items list
[07:32:03] STEP 5: Updating metrics
[07:32:03] === SUMMARY ===
[07:32:03] Notifications: 67
[07:32:03] Posted: 0
[07:32:03] Consent opportunities: 1
[07:32:03] Stale issues: 0
[07:32:03] Need follow-up: 0
[07:32:03] Merge conflicts: 0
[07:32:03] Total tracked: 36
[07:32:03] Check complete
