=== GitHub SLA Check: Tue Mar 10 05:00:01 PM CST 2026 ===
[17:00:01] STEP 0: Cleaning old data
[17:00:01] Checking tracked issues for closures...
[17:00:12] Cleanup complete
[17:00:12] STEP 1: Processing notifications
[17:00:13] Found 81 notifications
[17:00:19] djangonaut-space/wagtail-indymeet#713: Already assigned, skipping
[17:00:20] EndlessPixel/EndlessPixel-Modpack#35: Already assigned, skipping
[17:00:21] VATSIM-UK/UK-Sector-File#6064: Already assigned, skipping
[17:00:55] pytorch-tabular/pytorch_tabular#605: Too old (44 days), skipping
[17:01:14] activist-org/activist#1925: Already assigned, skipping
[17:01:28] microsoft/vscode#288770: Already assigned, skipping
[17:01:32] lucasjinreal/Kokoros#61: Too old (382 days), skipping
[17:02:04] STEP 2: Checking my PRs
[17:02:06] STEP 2.5: Proactive discovery - finding new issues
[17:02:06] Searching for good-first-issues...
[17:02:08] Found 20 good-first-issues from search
[17:02:08]   Skipping 7788ken/linkgate#13: Already tracked
[17:02:08]   Skipping 7788ken/linkgate#7: Already tracked
[17:02:08]   Skipping 7788ken/linkgate#3: Already tracked
[17:02:08]   Skipping djangonaut-space/wagtail-indymeet#713: Already tracked
[17:02:08]   Skipping rajmahadev422/Learn-To-PR#16: Already tracked
[17:02:08]   Skipping EndlessPixel/EndlessPixel-Modpack#35: Too many comments (6)
[17:02:08]   Skipping rysweet/azlin#793: Already tracked
[17:02:08]   Skipping rysweet/amplihack#2981: Already tracked
[17:02:08]   Skipping rysweet/amplihack#2979: Already tracked
[17:02:08]   Skipping rysweet/amplihack#2980: Already tracked
[17:02:08]   Skipping rysweet/amplihack#2977: Already tracked
[17:02:09]   Skipping rysweet/amplihack#2976: Already tracked
[17:02:09]   Skipping brendankowitz/FHIR-Tools-for-Anonymization#80: Already tracked
[17:02:09]   Skipping windoze95/nullfeed-flutter#19: Already tracked
[17:02:09]   Skipping windoze95/nullfeed-backend#33: Already tracked
[17:02:09]   Skipping windoze95/nullfeed-backend#32: Already tracked
[17:02:09]   Skipping avni-j/synthetic-demo-app#12: Already tracked
[17:02:09]   Skipping T-SIG/tsig-prints#252: Already tracked
[17:02:09]   Skipping T-SIG/tsig-prints#249: Already tracked
[17:02:09]   Skipping T-SIG/tsig-prints#248: Already tracked
[17:02:09] Checked 20 issues, discovered 0 high-priority ones
[17:02:09] STEP 3: Checking follow-ups
[17:02:35] FOLLOW-UP NEEDED: Vexa-ai/vexa#160 (no response in 3 days)
[17:02:42] FOLLOW-UP NEEDED: mynextproject-portfolio/recipe-explorer-lite-yuewang199511#1 (no response in 3 days)
[17:02:45] FOLLOW-UP NEEDED: Marormur/Website#158 (no response in 3 days)
[17:02:47] FOLLOW-UP NEEDED: Marormur/Website#160 (no response in 3 days)
[17:02:48] FOLLOW-UP NEEDED: PatrickB1905/wealthwise#12 (no response in 3 days)
[17:02:49] FOLLOW-UP NEEDED: GreatJobTommy/DIT-Transfer-Tools#73 (no response in 3 days)
[17:02:52] FOLLOW-UP NEEDED: adenueltech/jobhunter#1 (no response in 3 days)
[17:02:53] FOLLOW-UP NEEDED: windoze95/nullfeed-backend#24 (no response in 3 days)
[17:02:54] FOLLOW-UP NEEDED: PatrickB1905/WealthWise#12 (no response in 3 days)
[17:02:56] FOLLOW-UP NEEDED: finnoybu/aegis-governance#14 (no response in 3 days)
[17:02:57] FOLLOW-UP NEEDED: finnoybu/aegis-governance#13 (no response in 3 days)
[17:02:59] STEP 4: Building action items list
[17:02:59] STEP 5: Updating metrics
[17:02:59] === SUMMARY ===
[17:02:59] Notifications: 81
[17:02:59] Posted: 0
[17:02:59] Consent opportunities: 0
[17:02:59] Stale issues: 0
[17:02:59] Need follow-up: 184
[17:02:59] Merge conflicts: 0
[17:02:59] Total tracked: 104
[17:02:59] Check complete
