=== GitHub SLA Check: Sun Mar  8 09:30:01 PM CST 2026 ===
[21:30:01] STEP 0: Cleaning old data
[21:30:01] Checking tracked issues for closures...
[21:30:11] Cleanup complete
[21:30:11] STEP 1: Processing notifications
[21:30:12] Found 70 notifications
[21:30:30] VATSIM-UK/UK-Sector-File#6064: Already assigned, skipping
[21:30:34] pytorch-tabular/pytorch_tabular#605: Too old (42 days), skipping
[21:30:51] activist-org/activist#1925: Already assigned, skipping
[21:31:07] microsoft/vscode#288770: Already assigned, skipping
[21:31:12] lucasjinreal/Kokoros#61: Too old (380 days), skipping
[21:31:41] STEP 2: Checking my PRs
[21:31:43] STEP 2.5: Proactive discovery - finding new issues
[21:31:43] Searching for good-first-issues...
[21:31:44] Found 20 good-first-issues from search
[21:31:44]   Checking lingdojo/kana-dojo#7665: priority=100, comments=1
[21:31:44] *** DISCOVERED: lingdojo/kana-dojo#7665 (priority: 100, 1 comments) ***
[21:31:44] >>> Posting on discovered issue lingdojo/kana-dojo#7665
[21:31:46] FAILED to post on lingdojo/kana-dojo#7665: GraphQL: User is blocked (addComment)
[21:31:47]   Checking lingdojo/kana-dojo#7664: priority=100, comments=1
[21:31:47] *** DISCOVERED: lingdojo/kana-dojo#7664 (priority: 100, 1 comments) ***
[21:31:47] >>> Posting on discovered issue lingdojo/kana-dojo#7664
[21:31:48] FAILED to post on lingdojo/kana-dojo#7664: GraphQL: User is blocked (addComment)
[21:31:48]   Checking lingdojo/kana-dojo#7663: priority=100, comments=1
[21:31:48] *** DISCOVERED: lingdojo/kana-dojo#7663 (priority: 100, 1 comments) ***
[21:31:48] >>> Posting on discovered issue lingdojo/kana-dojo#7663
[21:31:49] FAILED to post on lingdojo/kana-dojo#7663: GraphQL: User is blocked (addComment)
[21:31:49]   Checking lingdojo/kana-dojo#7662: priority=100, comments=1
[21:31:49] *** DISCOVERED: lingdojo/kana-dojo#7662 (priority: 100, 1 comments) ***
[21:31:49] >>> Posting on discovered issue lingdojo/kana-dojo#7662
[21:31:50] FAILED to post on lingdojo/kana-dojo#7662: GraphQL: User is blocked (addComment)
[21:31:50]   Checking lingdojo/kana-dojo#7661: priority=100, comments=1
[21:31:50] *** DISCOVERED: lingdojo/kana-dojo#7661 (priority: 100, 1 comments) ***
[21:31:50] >>> Posting on discovered issue lingdojo/kana-dojo#7661
[21:31:51] FAILED to post on lingdojo/kana-dojo#7661: GraphQL: User is blocked (addComment)
[21:31:51]   Checking lingdojo/kana-dojo#7660: priority=100, comments=1
[21:31:51] *** DISCOVERED: lingdojo/kana-dojo#7660 (priority: 100, 1 comments) ***
[21:31:52] >>> Posting on discovered issue lingdojo/kana-dojo#7660
[21:31:52] FAILED to post on lingdojo/kana-dojo#7660: GraphQL: User is blocked (addComment)
[21:31:53]   Checking lingdojo/kana-dojo#7659: priority=100, comments=1
[21:31:53] *** DISCOVERED: lingdojo/kana-dojo#7659 (priority: 100, 1 comments) ***
[21:31:53] >>> Posting on discovered issue lingdojo/kana-dojo#7659
[21:31:54] FAILED to post on lingdojo/kana-dojo#7659: GraphQL: User is blocked (addComment)
[21:31:55]   Checking lingdojo/kana-dojo#7658: priority=100, comments=1
[21:31:55] *** DISCOVERED: lingdojo/kana-dojo#7658 (priority: 100, 1 comments) ***
[21:31:55] >>> Posting on discovered issue lingdojo/kana-dojo#7658
[21:31:56] FAILED to post on lingdojo/kana-dojo#7658: GraphQL: User is blocked (addComment)
[21:31:56]   Checking lingdojo/kana-dojo#7657: priority=100, comments=1
[21:31:56] *** DISCOVERED: lingdojo/kana-dojo#7657 (priority: 100, 1 comments) ***
[21:31:56] >>> Posting on discovered issue lingdojo/kana-dojo#7657
[21:31:57] FAILED to post on lingdojo/kana-dojo#7657: GraphQL: User is blocked (addComment)
[21:31:57]   Checking lingdojo/kana-dojo#7656: priority=100, comments=1
[21:31:57] *** DISCOVERED: lingdojo/kana-dojo#7656 (priority: 100, 1 comments) ***
[21:31:57] >>> Posting on discovered issue lingdojo/kana-dojo#7656
[21:31:59] FAILED to post on lingdojo/kana-dojo#7656: GraphQL: User is blocked (addComment)
[21:31:59]   Checking lingdojo/kana-dojo#7654: priority=100, comments=1
[21:31:59] *** DISCOVERED: lingdojo/kana-dojo#7654 (priority: 100, 1 comments) ***
[21:31:59] >>> Posting on discovered issue lingdojo/kana-dojo#7654
[21:32:00] FAILED to post on lingdojo/kana-dojo#7654: GraphQL: User is blocked (addComment)
[21:32:00]   Skipping windoze95/nullfeed-flutter#17: Already tracked
[21:32:00]   Skipping windoze95/nullfeed-backend#29: Already tracked
[21:32:00]   Skipping windoze95/nullfeed-backend#28: Already tracked
[21:32:00]   Checking lingdojo/kana-dojo#7653: priority=100, comments=1
[21:32:00] *** DISCOVERED: lingdojo/kana-dojo#7653 (priority: 100, 1 comments) ***
[21:32:00] >>> Posting on discovered issue lingdojo/kana-dojo#7653
[21:32:02] FAILED to post on lingdojo/kana-dojo#7653: GraphQL: User is blocked (addComment)
[21:32:02]   Checking lingdojo/kana-dojo#7652: priority=100, comments=1
[21:32:02] *** DISCOVERED: lingdojo/kana-dojo#7652 (priority: 100, 1 comments) ***
[21:32:02] >>> Posting on discovered issue lingdojo/kana-dojo#7652
[21:32:03] FAILED to post on lingdojo/kana-dojo#7652: GraphQL: User is blocked (addComment)
[21:32:04]   Checking lingdojo/kana-dojo#7651: priority=100, comments=2
[21:32:04] *** DISCOVERED: lingdojo/kana-dojo#7651 (priority: 100, 2 comments) ***
[21:32:04] >>> Posting on discovered issue lingdojo/kana-dojo#7651
[21:32:05] FAILED to post on lingdojo/kana-dojo#7651: GraphQL: User is blocked (addComment)
[21:32:05]   Checking lingdojo/kana-dojo#7649: priority=100, comments=1
[21:32:05] *** DISCOVERED: lingdojo/kana-dojo#7649 (priority: 100, 1 comments) ***
[21:32:05] >>> Posting on discovered issue lingdojo/kana-dojo#7649
[21:32:06] FAILED to post on lingdojo/kana-dojo#7649: GraphQL: User is blocked (addComment)
[21:32:06]   Checking lingdojo/kana-dojo#7648: priority=100, comments=1
[21:32:06] *** DISCOVERED: lingdojo/kana-dojo#7648 (priority: 100, 1 comments) ***
[21:32:07] >>> Posting on discovered issue lingdojo/kana-dojo#7648
[21:32:07] FAILED to post on lingdojo/kana-dojo#7648: GraphQL: User is blocked (addComment)
[21:32:08]   Checking lingdojo/kana-dojo#7646: priority=100, comments=1
[21:32:08] *** DISCOVERED: lingdojo/kana-dojo#7646 (priority: 100, 1 comments) ***
[21:32:08] >>> Posting on discovered issue lingdojo/kana-dojo#7646
[21:32:09] FAILED to post on lingdojo/kana-dojo#7646: GraphQL: User is blocked (addComment)
[21:32:09] Checked 20 issues, discovered 17 high-priority ones
[21:32:09] STEP 3: Checking follow-ups
[21:32:10] STEP 4: Building action items list
[21:32:10] STEP 5: Updating metrics
[21:32:11] === SUMMARY ===
[21:32:11] Notifications: 70
[21:32:11] Posted: 0
[21:32:11] Consent opportunities: 17
[21:32:11] Stale issues: 0
[21:32:11] Need follow-up: 0
[21:32:11] Merge conflicts: 0
[21:32:11] Total tracked: 61
[21:32:11] Check complete
