=== GitHub SLA Check: Sun Mar  8 08:00:01 PM CST 2026 ===
[20:00:01] STEP 0: Cleaning old data
[20:00:01] Checking tracked issues for closures...
[20:00:12] Cleanup complete
[20:00:12] STEP 1: Processing notifications
[20:00:13] Found 70 notifications
[20:00:32] VATSIM-UK/UK-Sector-File#6064: Already assigned, skipping
[20:00:35] pytorch-tabular/pytorch_tabular#605: Too old (42 days), skipping
[20:00:52] activist-org/activist#1925: Already assigned, skipping
[20:01:08] microsoft/vscode#288770: Already assigned, skipping
[20:01:12] lucasjinreal/Kokoros#61: Too old (380 days), skipping
[20:01:40] STEP 2: Checking my PRs
[20:01:41] STEP 2.5: Proactive discovery - finding new issues
[20:01:41] Searching for good-first-issues...
[20:01:43] Found 20 good-first-issues from search
[20:01:43]   Checking lingdojo/kana-dojo#7665: priority=100, comments=1
[20:01:43] *** DISCOVERED: lingdojo/kana-dojo#7665 (priority: 100, 1 comments) ***
[20:01:43] >>> Posting on discovered issue lingdojo/kana-dojo#7665
[20:01:44] FAILED to post on lingdojo/kana-dojo#7665: GraphQL: User is blocked (addComment)
[20:01:44]   Checking lingdojo/kana-dojo#7664: priority=100, comments=1
[20:01:44] *** DISCOVERED: lingdojo/kana-dojo#7664 (priority: 100, 1 comments) ***
[20:01:44] >>> Posting on discovered issue lingdojo/kana-dojo#7664
[20:01:45] FAILED to post on lingdojo/kana-dojo#7664: GraphQL: User is blocked (addComment)
[20:01:46]   Checking lingdojo/kana-dojo#7663: priority=100, comments=1
[20:01:46] *** DISCOVERED: lingdojo/kana-dojo#7663 (priority: 100, 1 comments) ***
[20:01:46] >>> Posting on discovered issue lingdojo/kana-dojo#7663
[20:01:46] FAILED to post on lingdojo/kana-dojo#7663: GraphQL: User is blocked (addComment)
[20:01:47]   Checking lingdojo/kana-dojo#7662: priority=100, comments=1
[20:01:47] *** DISCOVERED: lingdojo/kana-dojo#7662 (priority: 100, 1 comments) ***
[20:01:47] >>> Posting on discovered issue lingdojo/kana-dojo#7662
[20:01:48] FAILED to post on lingdojo/kana-dojo#7662: GraphQL: User is blocked (addComment)
[20:01:48]   Checking lingdojo/kana-dojo#7661: priority=100, comments=1
[20:01:48] *** DISCOVERED: lingdojo/kana-dojo#7661 (priority: 100, 1 comments) ***
[20:01:48] >>> Posting on discovered issue lingdojo/kana-dojo#7661
[20:01:49] FAILED to post on lingdojo/kana-dojo#7661: GraphQL: User is blocked (addComment)
[20:01:49]   Checking lingdojo/kana-dojo#7660: priority=100, comments=1
[20:01:49] *** DISCOVERED: lingdojo/kana-dojo#7660 (priority: 100, 1 comments) ***
[20:01:49] >>> Posting on discovered issue lingdojo/kana-dojo#7660
[20:01:50] FAILED to post on lingdojo/kana-dojo#7660: GraphQL: User is blocked (addComment)
[20:01:50]   Checking lingdojo/kana-dojo#7659: priority=100, comments=1
[20:01:50] *** DISCOVERED: lingdojo/kana-dojo#7659 (priority: 100, 1 comments) ***
[20:01:50] >>> Posting on discovered issue lingdojo/kana-dojo#7659
[20:01:52] FAILED to post on lingdojo/kana-dojo#7659: GraphQL: User is blocked (addComment)
[20:01:52]   Checking lingdojo/kana-dojo#7658: priority=100, comments=1
[20:01:52] *** DISCOVERED: lingdojo/kana-dojo#7658 (priority: 100, 1 comments) ***
[20:01:52] >>> Posting on discovered issue lingdojo/kana-dojo#7658
[20:01:53] FAILED to post on lingdojo/kana-dojo#7658: GraphQL: User is blocked (addComment)
[20:01:53]   Checking lingdojo/kana-dojo#7657: priority=100, comments=1
[20:01:53] *** DISCOVERED: lingdojo/kana-dojo#7657 (priority: 100, 1 comments) ***
[20:01:53] >>> Posting on discovered issue lingdojo/kana-dojo#7657
[20:01:54] FAILED to post on lingdojo/kana-dojo#7657: GraphQL: User is blocked (addComment)
[20:01:54]   Checking lingdojo/kana-dojo#7656: priority=100, comments=1
[20:01:54] *** DISCOVERED: lingdojo/kana-dojo#7656 (priority: 100, 1 comments) ***
[20:01:54] >>> Posting on discovered issue lingdojo/kana-dojo#7656
[20:01:55] FAILED to post on lingdojo/kana-dojo#7656: GraphQL: User is blocked (addComment)
[20:01:55]   Checking lingdojo/kana-dojo#7654: priority=100, comments=1
[20:01:55] *** DISCOVERED: lingdojo/kana-dojo#7654 (priority: 100, 1 comments) ***
[20:01:55] >>> Posting on discovered issue lingdojo/kana-dojo#7654
[20:01:56] FAILED to post on lingdojo/kana-dojo#7654: GraphQL: User is blocked (addComment)
[20:01:56]   Skipping windoze95/nullfeed-flutter#17: Already tracked
[20:01:57]   Skipping windoze95/nullfeed-backend#29: Already tracked
[20:01:57]   Skipping windoze95/nullfeed-backend#28: Already tracked
[20:01:57]   Checking lingdojo/kana-dojo#7653: priority=100, comments=1
[20:01:57] *** DISCOVERED: lingdojo/kana-dojo#7653 (priority: 100, 1 comments) ***
[20:01:57] >>> Posting on discovered issue lingdojo/kana-dojo#7653
[20:01:58] FAILED to post on lingdojo/kana-dojo#7653: GraphQL: User is blocked (addComment)
[20:01:58]   Checking lingdojo/kana-dojo#7652: priority=100, comments=1
[20:01:58] *** DISCOVERED: lingdojo/kana-dojo#7652 (priority: 100, 1 comments) ***
[20:01:59] >>> Posting on discovered issue lingdojo/kana-dojo#7652
[20:01:59] FAILED to post on lingdojo/kana-dojo#7652: GraphQL: User is blocked (addComment)
[20:02:00]   Checking lingdojo/kana-dojo#7651: priority=100, comments=2
[20:02:00] *** DISCOVERED: lingdojo/kana-dojo#7651 (priority: 100, 2 comments) ***
[20:02:00] >>> Posting on discovered issue lingdojo/kana-dojo#7651
[20:02:01] FAILED to post on lingdojo/kana-dojo#7651: GraphQL: User is blocked (addComment)
[20:02:01]   Checking lingdojo/kana-dojo#7649: priority=100, comments=1
[20:02:01] *** DISCOVERED: lingdojo/kana-dojo#7649 (priority: 100, 1 comments) ***
[20:02:01] >>> Posting on discovered issue lingdojo/kana-dojo#7649
[20:02:02] FAILED to post on lingdojo/kana-dojo#7649: GraphQL: User is blocked (addComment)
[20:02:02]   Checking lingdojo/kana-dojo#7648: priority=100, comments=1
[20:02:02] *** DISCOVERED: lingdojo/kana-dojo#7648 (priority: 100, 1 comments) ***
[20:02:02] >>> Posting on discovered issue lingdojo/kana-dojo#7648
[20:02:03] FAILED to post on lingdojo/kana-dojo#7648: GraphQL: User is blocked (addComment)
[20:02:03]   Checking lingdojo/kana-dojo#7646: priority=100, comments=1
[20:02:03] *** DISCOVERED: lingdojo/kana-dojo#7646 (priority: 100, 1 comments) ***
[20:02:03] >>> Posting on discovered issue lingdojo/kana-dojo#7646
[20:02:05] FAILED to post on lingdojo/kana-dojo#7646: GraphQL: User is blocked (addComment)
[20:02:05] Checked 20 issues, discovered 17 high-priority ones
[20:02:05] STEP 3: Checking follow-ups
[20:02:06] STEP 4: Building action items list
[20:02:07] STEP 5: Updating metrics
[20:02:07] === SUMMARY ===
[20:02:07] Notifications: 70
[20:02:07] Posted: 0
[20:02:07] Consent opportunities: 17
[20:02:07] Stale issues: 0
[20:02:07] Need follow-up: 0
[20:02:07] Merge conflicts: 0
[20:02:07] Total tracked: 61
[20:02:07] Check complete
