=== GitHub SLA Check: Sun Mar  8 10:30:01 AM CST 2026 ===
[10:30:01] STEP 0: Cleaning old data
[10:30:01] Checking tracked issues for closures...
[10:30:13] Cleanup complete
[10:30:13] STEP 1: Processing notifications
[10:30:15] Found 70 notifications
[10:30:29] VATSIM-UK/UK-Sector-File#6064: Already assigned, skipping
[10:30:33] pytorch-tabular/pytorch_tabular#605: Too old (41 days), skipping
[10:30:51] activist-org/activist#1925: Already assigned, skipping
[10:31:08] microsoft/vscode#288770: Already assigned, skipping
[10:31:14] lucasjinreal/Kokoros#61: Too old (380 days), skipping
[10:31:43] STEP 2: Checking my PRs
[10:31:46] STEP 2.5: Proactive discovery - finding new issues
[10:31:46] Searching for good-first-issues...
[10:31:47] Found 20 good-first-issues from search
[10:31:48]   Checking lingdojo/kana-dojo#7618: priority=100, comments=1
[10:31:48] *** DISCOVERED: lingdojo/kana-dojo#7618 (priority: 100, 1 comments) ***
[10:31:48] >>> Posting on discovered issue lingdojo/kana-dojo#7618
[10:31:49] FAILED to post on lingdojo/kana-dojo#7618: GraphQL: User is blocked (addComment)
[10:31:49]   Checking lingdojo/kana-dojo#7616: priority=100, comments=1
[10:31:49] *** DISCOVERED: lingdojo/kana-dojo#7616 (priority: 100, 1 comments) ***
[10:31:49] >>> Posting on discovered issue lingdojo/kana-dojo#7616
[10:31:50] FAILED to post on lingdojo/kana-dojo#7616: GraphQL: User is blocked (addComment)
[10:31:51]   Checking lingdojo/kana-dojo#7615: priority=100, comments=1
[10:31:51] *** DISCOVERED: lingdojo/kana-dojo#7615 (priority: 100, 1 comments) ***
[10:31:51] >>> Posting on discovered issue lingdojo/kana-dojo#7615
[10:31:51] FAILED to post on lingdojo/kana-dojo#7615: GraphQL: User is blocked (addComment)
[10:31:52]   Checking lingdojo/kana-dojo#7613: priority=100, comments=1
[10:31:52] *** DISCOVERED: lingdojo/kana-dojo#7613 (priority: 100, 1 comments) ***
[10:31:52] >>> Posting on discovered issue lingdojo/kana-dojo#7613
[10:31:53] FAILED to post on lingdojo/kana-dojo#7613: GraphQL: User is blocked (addComment)
[10:31:53]   Checking lingdojo/kana-dojo#7612: priority=100, comments=1
[10:31:53] *** DISCOVERED: lingdojo/kana-dojo#7612 (priority: 100, 1 comments) ***
[10:31:53] >>> Posting on discovered issue lingdojo/kana-dojo#7612
[10:31:54] FAILED to post on lingdojo/kana-dojo#7612: GraphQL: User is blocked (addComment)
[10:31:54]   Checking lingdojo/kana-dojo#7611: priority=100, comments=3
[10:31:54] *** DISCOVERED: lingdojo/kana-dojo#7611 (priority: 100, 3 comments) ***
[10:31:54] >>> Posting on discovered issue lingdojo/kana-dojo#7611
[10:31:55] FAILED to post on lingdojo/kana-dojo#7611: GraphQL: User is blocked (addComment)
[10:31:56]   Checking lingdojo/kana-dojo#7610: priority=100, comments=1
[10:31:56] *** DISCOVERED: lingdojo/kana-dojo#7610 (priority: 100, 1 comments) ***
[10:31:56] >>> Posting on discovered issue lingdojo/kana-dojo#7610
[10:31:57] FAILED to post on lingdojo/kana-dojo#7610: GraphQL: User is blocked (addComment)
[10:31:57]   Checking lingdojo/kana-dojo#7609: priority=100, comments=1
[10:31:57] *** DISCOVERED: lingdojo/kana-dojo#7609 (priority: 100, 1 comments) ***
[10:31:57] >>> Posting on discovered issue lingdojo/kana-dojo#7609
[10:31:58] FAILED to post on lingdojo/kana-dojo#7609: GraphQL: User is blocked (addComment)
[10:31:58]   Checking lingdojo/kana-dojo#7608: priority=100, comments=3
[10:31:58] *** DISCOVERED: lingdojo/kana-dojo#7608 (priority: 100, 3 comments) ***
[10:31:58] >>> Posting on discovered issue lingdojo/kana-dojo#7608
[10:31:59] FAILED to post on lingdojo/kana-dojo#7608: GraphQL: User is blocked (addComment)
[10:31:59]   Checking lingdojo/kana-dojo#7607: priority=100, comments=1
[10:31:59] *** DISCOVERED: lingdojo/kana-dojo#7607 (priority: 100, 1 comments) ***
[10:31:59] >>> Posting on discovered issue lingdojo/kana-dojo#7607
[10:32:00] FAILED to post on lingdojo/kana-dojo#7607: GraphQL: User is blocked (addComment)
[10:32:00]   Checking lingdojo/kana-dojo#7606: priority=100, comments=1
[10:32:00] *** DISCOVERED: lingdojo/kana-dojo#7606 (priority: 100, 1 comments) ***
[10:32:00] >>> Posting on discovered issue lingdojo/kana-dojo#7606
[10:32:01] FAILED to post on lingdojo/kana-dojo#7606: GraphQL: User is blocked (addComment)
[10:32:02]   Checking lingdojo/kana-dojo#7605: priority=100, comments=1
[10:32:02] *** DISCOVERED: lingdojo/kana-dojo#7605 (priority: 100, 1 comments) ***
[10:32:02] >>> Posting on discovered issue lingdojo/kana-dojo#7605
[10:32:02] FAILED to post on lingdojo/kana-dojo#7605: GraphQL: User is blocked (addComment)
[10:32:03]   Checking lingdojo/kana-dojo#7604: priority=100, comments=1
[10:32:03] *** DISCOVERED: lingdojo/kana-dojo#7604 (priority: 100, 1 comments) ***
[10:32:03] >>> Posting on discovered issue lingdojo/kana-dojo#7604
[10:32:04] FAILED to post on lingdojo/kana-dojo#7604: GraphQL: User is blocked (addComment)
[10:32:04]   Checking lingdojo/kana-dojo#7603: priority=100, comments=1
[10:32:04] *** DISCOVERED: lingdojo/kana-dojo#7603 (priority: 100, 1 comments) ***
[10:32:04] >>> Posting on discovered issue lingdojo/kana-dojo#7603
[10:32:05] FAILED to post on lingdojo/kana-dojo#7603: GraphQL: User is blocked (addComment)
[10:32:05]   Checking lingdojo/kana-dojo#7601: priority=100, comments=1
[10:32:05] *** DISCOVERED: lingdojo/kana-dojo#7601 (priority: 100, 1 comments) ***
[10:32:05] >>> Posting on discovered issue lingdojo/kana-dojo#7601
[10:32:06] FAILED to post on lingdojo/kana-dojo#7601: GraphQL: User is blocked (addComment)
[10:32:06]   Checking lingdojo/kana-dojo#7600: priority=100, comments=4
[10:32:06] *** DISCOVERED: lingdojo/kana-dojo#7600 (priority: 100, 4 comments) ***
[10:32:06] >>> Posting on discovered issue lingdojo/kana-dojo#7600
[10:32:08] FAILED to post on lingdojo/kana-dojo#7600: GraphQL: User is blocked (addComment)
[10:32:08]   Checking lingdojo/kana-dojo#7599: priority=100, comments=1
[10:32:08] *** DISCOVERED: lingdojo/kana-dojo#7599 (priority: 100, 1 comments) ***
[10:32:08] >>> Posting on discovered issue lingdojo/kana-dojo#7599
[10:32:09] FAILED to post on lingdojo/kana-dojo#7599: GraphQL: User is blocked (addComment)
[10:32:09]   Checking lingdojo/kana-dojo#7598: priority=100, comments=1
[10:32:09] *** DISCOVERED: lingdojo/kana-dojo#7598 (priority: 100, 1 comments) ***
[10:32:10] >>> Posting on discovered issue lingdojo/kana-dojo#7598
[10:32:10] FAILED to post on lingdojo/kana-dojo#7598: GraphQL: User is blocked (addComment)
[10:32:11]   Checking lingdojo/kana-dojo#7597: priority=100, comments=1
[10:32:11] *** DISCOVERED: lingdojo/kana-dojo#7597 (priority: 100, 1 comments) ***
[10:32:11] >>> Posting on discovered issue lingdojo/kana-dojo#7597
[10:32:12] FAILED to post on lingdojo/kana-dojo#7597: GraphQL: User is blocked (addComment)
[10:32:12]   Checking lingdojo/kana-dojo#7596: priority=100, comments=1
[10:32:12] *** DISCOVERED: lingdojo/kana-dojo#7596 (priority: 100, 1 comments) ***
[10:32:12] >>> Posting on discovered issue lingdojo/kana-dojo#7596
[10:32:13] FAILED to post on lingdojo/kana-dojo#7596: GraphQL: User is blocked (addComment)
[10:32:13] Checked 20 issues, discovered 20 high-priority ones
[10:32:13] STEP 3: Checking follow-ups
[10:32:15] STEP 4: Building action items list
[10:32:15] STEP 5: Updating metrics
[10:32:15] === SUMMARY ===
[10:32:15] Notifications: 70
[10:32:15] Posted: 0
[10:32:15] Consent opportunities: 20
[10:32:15] Stale issues: 0
[10:32:15] Need follow-up: 0
[10:32:15] Merge conflicts: 0
[10:32:15] Total tracked: 58
[10:32:15] Check complete
