=== GitHub Commit Check: Fri Mar  6 09:40:23 PM CST 2026 ===
On branch master
Your branch is up to date with 'origin/master'.

Changes not staged for commit:
  (use "git add <file>..." to update what will be committed)
  (use "git restore <file>..." to discard changes in working directory)
  (commit or discard the untracked or modified content in submodules)
	modified:   agent-stamina (untracked content)
	modified:   memory-logs/memory-2026-03-06.jsonl

Untracked files:
  (use "git add <file>..." to include in what will be committed)
	cron-logs/
	cron-scripts/

no changes added to commit (use "git add" and/or "git commit -a")
[master 6e5e09d] Progress: Fri Mar  6 09:40:23 PM CST 2026
 115 files changed, 5929 insertions(+)
 create mode 100644 cron-logs/already-posted.json
 create mode 100644 cron-logs/consent-opportunities-20260306.json
 create mode 100644 cron-logs/github-commit-20260306-214023.log
 create mode 100644 cron-logs/github-sla-20260306-112501.log
 create mode 100644 cron-logs/github-sla-20260306-114236.log
 create mode 100644 cron-logs/github-sla-20260306-115057.log
 create mode 100644 cron-logs/github-sla-20260306-115415.log
 create mode 100644 cron-logs/github-sla-20260306-120001.log
 create mode 100644 cron-logs/github-sla-20260306-123001.log
 create mode 100644 cron-logs/github-sla-20260306-130001.log
 create mode 100644 cron-logs/github-sla-20260306-133001.log
 create mode 100644 cron-logs/github-sla-20260306-140001.log
 create mode 100644 cron-logs/github-sla-20260306-143001.log
 create mode 100644 cron-logs/github-sla-20260306-150001.log
 create mode 100644 cron-logs/github-sla-20260306-153001.log
 create mode 100644 cron-logs/github-sla-20260306-160002.log
 create mode 100644 cron-logs/github-sla-20260306-163001.log
 create mode 100644 cron-logs/github-sla-20260306-170001.log
 create mode 100644 cron-logs/github-sla-20260306-173001.log
 create mode 100644 cron-logs/github-sla-20260306-180001.log
 create mode 100644 cron-logs/github-sla-20260306-183001.log
 create mode 100644 cron-logs/github-sla-20260306-190001.log
 create mode 100644 cron-logs/github-sla-20260306-193001.log
 create mode 100644 cron-logs/github-sla-20260306-200001.log
 create mode 100644 cron-logs/github-sla-20260306-203001.log
 create mode 100644 cron-logs/github-sla-20260306-210001.log
 create mode 100644 cron-logs/github-sla-20260306-213001.log
 create mode 100644 cron-logs/memory-20260306-112048.log
 create mode 100644 cron-logs/memory-20260306-113322.log
 create mode 100644 cron-logs/memory-20260306-114001.log
 create mode 100644 cron-logs/memory-20260306-115001.log
 create mode 100644 cron-logs/memory-20260306-120001.log
 create mode 100644 cron-logs/memory-20260306-121001.log
 create mode 100644 cron-logs/memory-20260306-122001.log
 create mode 100644 cron-logs/memory-20260306-123001.log
 create mode 100644 cron-logs/memory-20260306-124001.log
 create mode 100644 cron-logs/memory-20260306-125001.log
 create mode 100644 cron-logs/memory-20260306-130001.log
 create mode 100644 cron-logs/memory-20260306-131001.log
 create mode 100644 cron-logs/memory-20260306-132001.log
 create mode 100644 cron-logs/memory-20260306-133001.log
 create mode 100644 cron-logs/memory-20260306-134001.log
 create mode 100644 cron-logs/memory-20260306-135001.log
 create mode 100644 cron-logs/memory-20260306-140001.log
 create mode 100644 cron-logs/memory-20260306-141001.log
 create mode 100644 cron-logs/memory-20260306-142001.log
 create mode 100644 cron-logs/memory-20260306-143001.log
 create mode 100644 cron-logs/memory-20260306-144001.log
 create mode 100644 cron-logs/memory-20260306-145001.log
 create mode 100644 cron-logs/memory-20260306-150001.log
 create mode 100644 cron-logs/memory-20260306-151001.log
 create mode 100644 cron-logs/memory-20260306-152001.log
 create mode 100644 cron-logs/memory-20260306-153001.log
 create mode 100644 cron-logs/memory-20260306-154001.log
 create mode 100644 cron-logs/memory-20260306-155001.log
 create mode 100644 cron-logs/memory-20260306-160002.log
 create mode 100644 cron-logs/memory-20260306-161001.log
 create mode 100644 cron-logs/memory-20260306-162001.log
 create mode 100644 cron-logs/memory-20260306-163001.log
 create mode 100644 cron-logs/memory-20260306-164001.log
 create mode 100644 cron-logs/memory-20260306-165001.log
 create mode 100644 cron-logs/memory-20260306-170001.log
 create mode 100644 cron-logs/memory-20260306-171001.log
 create mode 100644 cron-logs/memory-20260306-172001.log
 create mode 100644 cron-logs/memory-20260306-173001.log
 create mode 100644 cron-logs/memory-20260306-174001.log
 create mode 100644 cron-logs/memory-20260306-175001.log
 create mode 100644 cron-logs/memory-20260306-180001.log
 create mode 100644 cron-logs/memory-20260306-181001.log
 create mode 100644 cron-logs/memory-20260306-182001.log
 create mode 100644 cron-logs/memory-20260306-183001.log
 create mode 100644 cron-logs/memory-20260306-184001.log
 create mode 100644 cron-logs/memory-20260306-185001.log
 create mode 100644 cron-logs/memory-20260306-190001.log
 create mode 100644 cron-logs/memory-20260306-191001.log
 create mode 100644 cron-logs/memory-20260306-192001.log
 create mode 100644 cron-logs/memory-20260306-193001.log
 create mode 100644 cron-logs/memory-20260306-194001.log
 create mode 100644 cron-logs/memory-20260306-195001.log
 create mode 100644 cron-logs/memory-20260306-200001.log
 create mode 100644 cron-logs/memory-20260306-201001.log
 create mode 100644 cron-logs/memory-20260306-202001.log
 create mode 100644 cron-logs/memory-20260306-203001.log
 create mode 100644 cron-logs/memory-20260306-204001.log
 create mode 100644 cron-logs/memory-20260306-205001.log
 create mode 100644 cron-logs/memory-20260306-210001.log
 create mode 100644 cron-logs/memory-20260306-211001.log
 create mode 100644 cron-logs/memory-20260306-212001.log
 create mode 100644 cron-logs/memory-20260306-213001.log
 create mode 100644 cron-logs/memory-20260306-214001.log
 create mode 100644 cron-logs/moltbook-20260306-111122.log
 create mode 100644 cron-logs/moltbook-20260306-120001.log
 create mode 100644 cron-logs/moltbook-20260306-123001.log
 create mode 100644 cron-logs/moltbook-20260306-130001.log
 create mode 100644 cron-logs/moltbook-20260306-133001.log
 create mode 100644 cron-logs/moltbook-20260306-140001.log
 create mode 100644 cron-logs/moltbook-20260306-143001.log
 create mode 100644 cron-logs/moltbook-20260306-150001.log
 create mode 100644 cron-logs/moltbook-20260306-153001.log
 create mode 100644 cron-logs/moltbook-20260306-160002.log
 create mode 100644 cron-logs/moltbook-20260306-163002.log
 create mode 100644 cron-logs/moltbook-20260306-170001.log
 create mode 100644 cron-logs/moltbook-20260306-173001.log
 create mode 100644 cron-logs/moltbook-20260306-180001.log
 create mode 100644 cron-logs/moltbook-20260306-183001.log
 create mode 100644 cron-logs/moltbook-20260306-190001.log
 create mode 100644 cron-logs/moltbook-20260306-193001.log
 create mode 100644 cron-logs/moltbook-20260306-200001.log
 create mode 100644 cron-logs/moltbook-20260306-203001.log
 create mode 100644 cron-logs/moltbook-20260306-210001.log
 create mode 100644 cron-logs/moltbook-20260306-213001.log
 create mode 100755 cron-scripts/github-sla.sh
 create mode 100755 cron-scripts/memory-monitor.sh
 create mode 100755 cron-scripts/moltbook-heartbeat.sh
remote: error: GH013: Repository rule violations found for refs/heads/master.        
remote: 
remote: - GITHUB PUSH PROTECTION        
remote:   —————————————————————————————————————————        
remote:     Resolve the following violations before pushing again        
remote: 
remote:     - Push cannot contain secrets        
remote: 
remote:             
remote:      (?) Learn how to resolve a blocked push        
remote:      https://docs.github.com/code-security/secret-scanning/working-with-secret-scanning-and-push-protection/working-with-push-protection-from-the-command-line#resolving-a-blocked-push        
remote:             
remote:             
remote:       —— GitHub Personal Access Token ——————————————————————        
remote:        locations:        
remote:          - commit: 6e5e09dcf199bf9a8452d3a7b8731af7016a71d7        
remote:            path: cron-scripts/github-sla.sh:5        
remote:             
remote:        (?) To push, remove secret from commit(s) or follow this URL to allow the secret.        
remote:        https://github.com/Kai-Rowan-the-AI/morgan-workspace/security/secret-scanning/unblock-secret/3AZeGiaZAvccuRR4Q4G8aiYY7wG        
remote:             
remote: 
remote: 
To https://github.com/Kai-Rowan-the-AI/morgan-workspace.git
 ! [remote rejected] master -> master (push declined due to repository rule violations)
error: failed to push some refs to 'https://github.com/Kai-Rowan-the-AI/morgan-workspace.git'
Changes committed and pushed

=== Check complete: Fri Mar  6 09:40:25 PM CST 2026 ===
