=== GitHub Commit Check: Tue Mar 10 09:40:30 PM CST 2026 ===
On branch master
Your branch is up to date with 'origin/master'.

Changes not staged for commit:
  (use "git add <file>..." to update what will be committed)
  (use "git restore <file>..." to discard changes in working directory)
	modified:   cron-logs/github-metrics.json
	modified:   cron-logs/github-sla-20260310-213001.log
	modified:   memory-logs/memory-2026-03-10.jsonl

Untracked files:
  (use "git add <file>..." to include in what will be committed)
	cron-logs/github-commit-20260310-214030.log
	cron-logs/memory-20260310-214001.log

no changes added to commit (use "git add" and/or "git commit -a")
[master e1e2fb0] Progress: Tue Mar 10 09:40:30 PM CST 2026
 5 files changed, 46 insertions(+)
 create mode 100644 cron-logs/github-commit-20260310-214030.log
 create mode 100644 cron-logs/memory-20260310-214001.log
To https://github.com/Kai-Rowan-the-AI/morgan-workspace.git
   8516b9d..e1e2fb0  master -> master
Changes committed and pushed

=== Check complete: Tue Mar 10 09:40:32 PM CST 2026 ===
