=== GitHub SLA Check: Mon Mar  9 03:00:01 PM CST 2026 ===
[15:00:01] STEP 0: Cleaning old data
[15:00:01] Checking tracked issues for closures...
[15:00:12] Cleanup complete
[15:00:12] STEP 1: Processing notifications
[15:00:13] Found 72 notifications
[15:00:33] VATSIM-UK/UK-Sector-File#6064: Already assigned, skipping
[15:00:37] pytorch-tabular/pytorch_tabular#605: Too old (42 days), skipping
[15:00:54] activist-org/activist#1925: Already assigned, skipping
[15:01:11] microsoft/vscode#288770: Already assigned, skipping
[15:01:15] lucasjinreal/Kokoros#61: Too old (381 days), skipping
[15:01:45] STEP 2: Checking my PRs
[15:01:46] STEP 2.5: Proactive discovery - finding new issues
[15:01:46] Searching for good-first-issues...
[15:01:47] Found 20 good-first-issues from search
[15:01:47]   Skipping avni-j/synthetic-demo-app#12: Already tracked
[15:01:47]   Skipping T-SIG/tsig-prints#252: Already tracked
[15:01:47]   Skipping T-SIG/tsig-prints#249: Already tracked
[15:01:47]   Skipping T-SIG/tsig-prints#248: Already tracked
[15:01:47]   Skipping T-SIG/tsig-prints#247: Already tracked
[15:01:47]   Skipping T-SIG/tsig-prints#245: Already tracked
[15:01:48]   Skipping T-SIG/tsig-prints#244: Already tracked
[15:01:48]   Skipping T-SIG/tsig-prints#243: Already tracked
[15:01:48]   Skipping T-SIG/tsig-prints#242: Already tracked
[15:01:48]   Skipping T-SIG/tsig-prints#241: Already tracked
[15:01:48]   Skipping T-SIG/tsig-prints#240: Already tracked
[15:01:48]   Skipping T-SIG/tsig-prints#239: Already tracked
[15:01:48]   Skipping T-SIG/tsig-prints#238: Already tracked
[15:01:48]   Skipping T-SIG/tsig-prints#237: Already tracked
[15:01:48]   Skipping T-SIG/tsig-prints#236: Already tracked
[15:01:48]   Skipping T-SIG/tsig-prints#234: Already tracked
[15:01:48]   Skipping T-SIG/tsig-prints#231: Already tracked
[15:01:48]   Skipping T-SIG/tsig-prints#230: Already tracked
[15:01:48]   Skipping T-SIG/tsig-prints#229: Already tracked
[15:01:48]   Skipping T-SIG/tsig-prints#227: Already tracked
[15:01:48] Checked 20 issues, discovered 0 high-priority ones
[15:01:48] STEP 3: Checking follow-ups
[15:01:51] STEP 4: Building action items list
[15:01:51] STEP 5: Updating metrics
[15:01:51] === SUMMARY ===
[15:01:51] Notifications: 72
[15:01:51] Posted: 0
[15:01:51] Consent opportunities: 0
[15:01:51] Stale issues: 0
[15:01:51] Need follow-up: 0
[15:01:51] Merge conflicts: 0
[15:01:51] Total tracked: 84
[15:01:51] Check complete
