=== GitHub SLA Check: Sun Mar  8 05:00:01 PM CST 2026 ===
[17:00:01] STEP 0: Cleaning old data
[17:00:01] Checking tracked issues for closures...
[17:00:12] Cleanup complete
[17:00:12] STEP 1: Processing notifications
[17:00:13] Found 70 notifications
[17:00:31] VATSIM-UK/UK-Sector-File#6064: Already assigned, skipping
[17:00:35] pytorch-tabular/pytorch_tabular#605: Too old (42 days), skipping
[17:00:51] activist-org/activist#1925: Already assigned, skipping
[17:01:08] microsoft/vscode#288770: Already assigned, skipping
[17:01:12] lucasjinreal/Kokoros#61: Too old (380 days), skipping
[17:01:41] STEP 2: Checking my PRs
[17:01:42] STEP 2.5: Proactive discovery - finding new issues
[17:01:42] Searching for good-first-issues...
[17:01:44] Found 20 good-first-issues from search
[17:01:44]   Checking lingdojo/kana-dojo#7658: priority=100, comments=1
[17:01:44] *** DISCOVERED: lingdojo/kana-dojo#7658 (priority: 100, 1 comments) ***
[17:01:44] >>> Posting on discovered issue lingdojo/kana-dojo#7658
[17:01:45] FAILED to post on lingdojo/kana-dojo#7658: GraphQL: User is blocked (addComment)
[17:01:46]   Checking lingdojo/kana-dojo#7657: priority=100, comments=1
[17:01:46] *** DISCOVERED: lingdojo/kana-dojo#7657 (priority: 100, 1 comments) ***
[17:01:46] >>> Posting on discovered issue lingdojo/kana-dojo#7657
[17:01:47] FAILED to post on lingdojo/kana-dojo#7657: GraphQL: User is blocked (addComment)
[17:01:47]   Checking lingdojo/kana-dojo#7656: priority=100, comments=1
[17:01:47] *** DISCOVERED: lingdojo/kana-dojo#7656 (priority: 100, 1 comments) ***
[17:01:47] >>> Posting on discovered issue lingdojo/kana-dojo#7656
[17:01:48] FAILED to post on lingdojo/kana-dojo#7656: GraphQL: User is blocked (addComment)
[17:01:49]   Checking lingdojo/kana-dojo#7654: priority=100, comments=1
[17:01:49] *** DISCOVERED: lingdojo/kana-dojo#7654 (priority: 100, 1 comments) ***
[17:01:49] >>> Posting on discovered issue lingdojo/kana-dojo#7654
[17:01:50] FAILED to post on lingdojo/kana-dojo#7654: GraphQL: User is blocked (addComment)
[17:01:50]   Skipping windoze95/nullfeed-flutter#17: Already tracked
[17:01:50]   Skipping windoze95/nullfeed-backend#29: Already tracked
[17:01:50]   Skipping windoze95/nullfeed-backend#28: Already tracked
[17:01:50]   Checking lingdojo/kana-dojo#7653: priority=100, comments=1
[17:01:50] *** DISCOVERED: lingdojo/kana-dojo#7653 (priority: 100, 1 comments) ***
[17:01:51] >>> Posting on discovered issue lingdojo/kana-dojo#7653
[17:01:51] FAILED to post on lingdojo/kana-dojo#7653: GraphQL: User is blocked (addComment)
[17:01:52]   Checking lingdojo/kana-dojo#7652: priority=100, comments=1
[17:01:52] *** DISCOVERED: lingdojo/kana-dojo#7652 (priority: 100, 1 comments) ***
[17:01:52] >>> Posting on discovered issue lingdojo/kana-dojo#7652
[17:01:53] FAILED to post on lingdojo/kana-dojo#7652: GraphQL: User is blocked (addComment)
[17:01:53]   Checking lingdojo/kana-dojo#7651: priority=100, comments=2
[17:01:53] *** DISCOVERED: lingdojo/kana-dojo#7651 (priority: 100, 2 comments) ***
[17:01:53] >>> Posting on discovered issue lingdojo/kana-dojo#7651
[17:01:54] FAILED to post on lingdojo/kana-dojo#7651: GraphQL: User is blocked (addComment)
[17:01:54]   Checking lingdojo/kana-dojo#7649: priority=100, comments=1
[17:01:54] *** DISCOVERED: lingdojo/kana-dojo#7649 (priority: 100, 1 comments) ***
[17:01:54] >>> Posting on discovered issue lingdojo/kana-dojo#7649
[17:01:55] FAILED to post on lingdojo/kana-dojo#7649: GraphQL: User is blocked (addComment)
[17:01:55]   Checking lingdojo/kana-dojo#7648: priority=100, comments=1
[17:01:55] *** DISCOVERED: lingdojo/kana-dojo#7648 (priority: 100, 1 comments) ***
[17:01:55] >>> Posting on discovered issue lingdojo/kana-dojo#7648
[17:01:57] FAILED to post on lingdojo/kana-dojo#7648: GraphQL: User is blocked (addComment)
[17:01:57]   Checking lingdojo/kana-dojo#7646: priority=100, comments=1
[17:01:57] *** DISCOVERED: lingdojo/kana-dojo#7646 (priority: 100, 1 comments) ***
[17:01:57] >>> Posting on discovered issue lingdojo/kana-dojo#7646
[17:01:59] FAILED to post on lingdojo/kana-dojo#7646: GraphQL: User is blocked (addComment)
[17:01:59]   Skipping rajmahadev422/Learn-To-PR#12: Already tracked
[17:01:59]   Checking lingdojo/kana-dojo#7640: priority=100, comments=2
[17:01:59] *** DISCOVERED: lingdojo/kana-dojo#7640 (priority: 100, 2 comments) ***
[17:01:59] >>> Posting on discovered issue lingdojo/kana-dojo#7640
[17:02:00] FAILED to post on lingdojo/kana-dojo#7640: GraphQL: User is blocked (addComment)
[17:02:01]   Checking lingdojo/kana-dojo#7638: priority=100, comments=4
[17:02:01] *** DISCOVERED: lingdojo/kana-dojo#7638 (priority: 100, 4 comments) ***
[17:02:01] >>> Posting on discovered issue lingdojo/kana-dojo#7638
[17:02:02] FAILED to post on lingdojo/kana-dojo#7638: GraphQL: User is blocked (addComment)
[17:02:02]   Checking lingdojo/kana-dojo#7637: priority=100, comments=2
[17:02:02] *** DISCOVERED: lingdojo/kana-dojo#7637 (priority: 100, 2 comments) ***
[17:02:02] >>> Posting on discovered issue lingdojo/kana-dojo#7637
[17:02:03] FAILED to post on lingdojo/kana-dojo#7637: GraphQL: User is blocked (addComment)
[17:02:03]   Checking lingdojo/kana-dojo#7636: priority=100, comments=1
[17:02:03] *** DISCOVERED: lingdojo/kana-dojo#7636 (priority: 100, 1 comments) ***
[17:02:03] >>> Posting on discovered issue lingdojo/kana-dojo#7636
[17:02:04] FAILED to post on lingdojo/kana-dojo#7636: GraphQL: User is blocked (addComment)
[17:02:04]   Checking lingdojo/kana-dojo#7635: priority=100, comments=1
[17:02:04] *** DISCOVERED: lingdojo/kana-dojo#7635 (priority: 100, 1 comments) ***
[17:02:04] >>> Posting on discovered issue lingdojo/kana-dojo#7635
[17:02:06] FAILED to post on lingdojo/kana-dojo#7635: GraphQL: User is blocked (addComment)
[17:02:06]   Checking lingdojo/kana-dojo#7632: priority=100, comments=4
[17:02:06] *** DISCOVERED: lingdojo/kana-dojo#7632 (priority: 100, 4 comments) ***
[17:02:06] >>> Posting on discovered issue lingdojo/kana-dojo#7632
[17:02:07] FAILED to post on lingdojo/kana-dojo#7632: GraphQL: User is blocked (addComment)
[17:02:07] Checked 20 issues, discovered 16 high-priority ones
[17:02:07] STEP 3: Checking follow-ups
[17:02:09] STEP 4: Building action items list
[17:02:09] STEP 5: Updating metrics
[17:02:09] === SUMMARY ===
[17:02:09] Notifications: 70
[17:02:09] Posted: 0
[17:02:09] Consent opportunities: 16
[17:02:09] Stale issues: 0
[17:02:09] Need follow-up: 0
[17:02:09] Merge conflicts: 0
[17:02:09] Total tracked: 61
[17:02:09] Check complete
