=== GitHub SLA Check: Sun Mar  8 08:30:01 PM CST 2026 ===
[20:30:01] STEP 0: Cleaning old data
[20:30:01] Checking tracked issues for closures...
[20:30:13] Cleanup complete
[20:30:13] STEP 1: Processing notifications
[20:30:15] Found 70 notifications
[20:30:34] VATSIM-UK/UK-Sector-File#6064: Already assigned, skipping
[20:30:37] pytorch-tabular/pytorch_tabular#605: Too old (42 days), skipping
[20:30:55] activist-org/activist#1925: Already assigned, skipping
[20:31:11] microsoft/vscode#288770: Already assigned, skipping
[20:31:16] lucasjinreal/Kokoros#61: Too old (380 days), skipping
[20:31:43] STEP 2: Checking my PRs
[20:31:44] STEP 2.5: Proactive discovery - finding new issues
[20:31:44] Searching for good-first-issues...
[20:31:45] Found 20 good-first-issues from search
[20:31:46]   Checking lingdojo/kana-dojo#7665: priority=100, comments=1
[20:31:46] *** DISCOVERED: lingdojo/kana-dojo#7665 (priority: 100, 1 comments) ***
[20:31:46] >>> Posting on discovered issue lingdojo/kana-dojo#7665
[20:31:47] FAILED to post on lingdojo/kana-dojo#7665: GraphQL: User is blocked (addComment)
[20:31:47]   Checking lingdojo/kana-dojo#7664: priority=100, comments=1
[20:31:47] *** DISCOVERED: lingdojo/kana-dojo#7664 (priority: 100, 1 comments) ***
[20:31:47] >>> Posting on discovered issue lingdojo/kana-dojo#7664
[20:31:49] FAILED to post on lingdojo/kana-dojo#7664: GraphQL: User is blocked (addComment)
[20:31:50]   Checking lingdojo/kana-dojo#7663: priority=100, comments=1
[20:31:50] *** DISCOVERED: lingdojo/kana-dojo#7663 (priority: 100, 1 comments) ***
[20:31:50] >>> Posting on discovered issue lingdojo/kana-dojo#7663
[20:31:50] FAILED to post on lingdojo/kana-dojo#7663: GraphQL: User is blocked (addComment)
[20:31:51]   Checking lingdojo/kana-dojo#7662: priority=100, comments=1
[20:31:51] *** DISCOVERED: lingdojo/kana-dojo#7662 (priority: 100, 1 comments) ***
[20:31:51] >>> Posting on discovered issue lingdojo/kana-dojo#7662
[20:31:52] FAILED to post on lingdojo/kana-dojo#7662: GraphQL: User is blocked (addComment)
[20:31:52]   Checking lingdojo/kana-dojo#7661: priority=100, comments=1
[20:31:52] *** DISCOVERED: lingdojo/kana-dojo#7661 (priority: 100, 1 comments) ***
[20:31:52] >>> Posting on discovered issue lingdojo/kana-dojo#7661
[20:31:53] FAILED to post on lingdojo/kana-dojo#7661: GraphQL: User is blocked (addComment)
[20:31:53]   Checking lingdojo/kana-dojo#7660: priority=100, comments=1
[20:31:53] *** DISCOVERED: lingdojo/kana-dojo#7660 (priority: 100, 1 comments) ***
[20:31:53] >>> Posting on discovered issue lingdojo/kana-dojo#7660
[20:31:54] FAILED to post on lingdojo/kana-dojo#7660: GraphQL: User is blocked (addComment)
[20:31:54]   Checking lingdojo/kana-dojo#7659: priority=100, comments=1
[20:31:54] *** DISCOVERED: lingdojo/kana-dojo#7659 (priority: 100, 1 comments) ***
[20:31:54] >>> Posting on discovered issue lingdojo/kana-dojo#7659
[20:31:56] FAILED to post on lingdojo/kana-dojo#7659: GraphQL: User is blocked (addComment)
[20:31:56]   Checking lingdojo/kana-dojo#7658: priority=100, comments=1
[20:31:56] *** DISCOVERED: lingdojo/kana-dojo#7658 (priority: 100, 1 comments) ***
[20:31:56] >>> Posting on discovered issue lingdojo/kana-dojo#7658
[20:31:57] FAILED to post on lingdojo/kana-dojo#7658: GraphQL: User is blocked (addComment)
[20:31:57]   Checking lingdojo/kana-dojo#7657: priority=100, comments=1
[20:31:57] *** DISCOVERED: lingdojo/kana-dojo#7657 (priority: 100, 1 comments) ***
[20:31:57] >>> Posting on discovered issue lingdojo/kana-dojo#7657
[20:31:58] FAILED to post on lingdojo/kana-dojo#7657: GraphQL: User is blocked (addComment)
[20:31:59]   Checking lingdojo/kana-dojo#7656: priority=100, comments=1
[20:31:59] *** DISCOVERED: lingdojo/kana-dojo#7656 (priority: 100, 1 comments) ***
[20:31:59] >>> Posting on discovered issue lingdojo/kana-dojo#7656
[20:32:00] FAILED to post on lingdojo/kana-dojo#7656: GraphQL: User is blocked (addComment)
[20:32:00]   Checking lingdojo/kana-dojo#7654: priority=100, comments=1
[20:32:00] *** DISCOVERED: lingdojo/kana-dojo#7654 (priority: 100, 1 comments) ***
[20:32:00] >>> Posting on discovered issue lingdojo/kana-dojo#7654
[20:32:01] FAILED to post on lingdojo/kana-dojo#7654: GraphQL: User is blocked (addComment)
[20:32:01]   Skipping windoze95/nullfeed-flutter#17: Already tracked
[20:32:01]   Skipping windoze95/nullfeed-backend#29: Already tracked
[20:32:01]   Skipping windoze95/nullfeed-backend#28: Already tracked
[20:32:02]   Checking lingdojo/kana-dojo#7653: priority=100, comments=1
[20:32:02] *** DISCOVERED: lingdojo/kana-dojo#7653 (priority: 100, 1 comments) ***
[20:32:02] >>> Posting on discovered issue lingdojo/kana-dojo#7653
[20:32:03] FAILED to post on lingdojo/kana-dojo#7653: GraphQL: User is blocked (addComment)
[20:32:03]   Checking lingdojo/kana-dojo#7652: priority=100, comments=1
[20:32:03] *** DISCOVERED: lingdojo/kana-dojo#7652 (priority: 100, 1 comments) ***
[20:32:03] >>> Posting on discovered issue lingdojo/kana-dojo#7652
[20:32:04] FAILED to post on lingdojo/kana-dojo#7652: GraphQL: User is blocked (addComment)
[20:32:04]   Checking lingdojo/kana-dojo#7651: priority=100, comments=2
[20:32:04] *** DISCOVERED: lingdojo/kana-dojo#7651 (priority: 100, 2 comments) ***
[20:32:04] >>> Posting on discovered issue lingdojo/kana-dojo#7651
[20:32:05] FAILED to post on lingdojo/kana-dojo#7651: GraphQL: User is blocked (addComment)
[20:32:05]   Checking lingdojo/kana-dojo#7649: priority=100, comments=1
[20:32:05] *** DISCOVERED: lingdojo/kana-dojo#7649 (priority: 100, 1 comments) ***
[20:32:05] >>> Posting on discovered issue lingdojo/kana-dojo#7649
[20:32:06] FAILED to post on lingdojo/kana-dojo#7649: GraphQL: User is blocked (addComment)
[20:32:06]   Checking lingdojo/kana-dojo#7648: priority=100, comments=1
[20:32:06] *** DISCOVERED: lingdojo/kana-dojo#7648 (priority: 100, 1 comments) ***
[20:32:06] >>> Posting on discovered issue lingdojo/kana-dojo#7648
[20:32:07] FAILED to post on lingdojo/kana-dojo#7648: GraphQL: User is blocked (addComment)
[20:32:08]   Checking lingdojo/kana-dojo#7646: priority=100, comments=1
[20:32:08] *** DISCOVERED: lingdojo/kana-dojo#7646 (priority: 100, 1 comments) ***
[20:32:08] >>> Posting on discovered issue lingdojo/kana-dojo#7646
[20:32:09] FAILED to post on lingdojo/kana-dojo#7646: GraphQL: User is blocked (addComment)
[20:32:09] Checked 20 issues, discovered 17 high-priority ones
[20:32:09] STEP 3: Checking follow-ups
[20:32:10] STEP 4: Building action items list
[20:32:10] STEP 5: Updating metrics
[20:32:10] === SUMMARY ===
[20:32:10] Notifications: 70
[20:32:10] Posted: 0
[20:32:10] Consent opportunities: 17
[20:32:10] Stale issues: 0
[20:32:10] Need follow-up: 0
[20:32:10] Merge conflicts: 0
[20:32:10] Total tracked: 61
[20:32:10] Check complete
