=== GitHub Commit Check: Tue Mar 10 09:40:41 AM CST 2026 ===
On branch master
Your branch is up to date with 'origin/master'.

Changes not staged for commit:
  (use "git add <file>..." to update what will be committed)
  (use "git restore <file>..." to discard changes in working directory)
  (commit or discard the untracked or modified content in submodules)
	modified:   agent-stamina (new commits, untracked content)
	modified:   cron-logs/already-posted.json
	modified:   cron-logs/backup-20260309-214941.log
	modified:   cron-logs/follow-ups.json
	modified:   cron-logs/github-metrics.json
	modified:   cron-logs/moltbook-metrics.json
	modified:   memory-logs/memory-2026-03-09.jsonl

Untracked files:
  (use "git add <file>..." to include in what will be committed)
	cron-logs/action-required-20260310.json
	cron-logs/agent-stamina-20260309-225425.log
	cron-logs/agent-stamina-20260309-225505.log
	cron-logs/browser-restart-20260310-030034.log
	cron-logs/consent-opportunities-20260310.json
	cron-logs/github-commit-20260310-094041.log
	cron-logs/github-sla-20260309-220001.log
	cron-logs/github-sla-20260309-223001.log
	cron-logs/github-sla-20260309-230001.log
	cron-logs/github-sla-20260309-233001.log
	cron-logs/github-sla-20260310-000001.log
	cron-logs/github-sla-20260310-003002.log
	cron-logs/github-sla-20260310-010001.log
	cron-logs/github-sla-20260310-013001.log
	cron-logs/github-sla-20260310-020001.log
	cron-logs/github-sla-20260310-023001.log
	cron-logs/github-sla-20260310-030001.log
	cron-logs/github-sla-20260310-033001.log
	cron-logs/github-sla-20260310-040001.log
	cron-logs/github-sla-20260310-043001.log
	cron-logs/github-sla-20260310-050001.log
	cron-logs/github-sla-20260310-053001.log
	cron-logs/github-sla-20260310-060001.log
	cron-logs/github-sla-20260310-063001.log
	cron-logs/github-sla-20260310-070001.log
	cron-logs/github-sla-20260310-073001.log
	cron-logs/github-sla-20260310-080001.log
	cron-logs/github-sla-20260310-083001.log
	cron-logs/github-sla-20260310-090001.log
	cron-logs/github-sla-20260310-093001.log
	cron-logs/memory-20260309-215001.log
	cron-logs/memory-20260309-220001.log
	cron-logs/memory-20260309-221001.log
	cron-logs/memory-20260309-222001.log
	cron-logs/memory-20260309-223001.log
	cron-logs/memory-20260309-224001.log
	cron-logs/memory-20260309-225001.log
	cron-logs/memory-20260309-230001.log
	cron-logs/memory-20260309-231001.log
	cron-logs/memory-20260309-232001.log
	cron-logs/memory-20260309-233001.log
	cron-logs/memory-20260309-234001.log
	cron-logs/memory-20260309-235001.log
	cron-logs/memory-20260310-000001.log
	cron-logs/memory-20260310-001001.log
	cron-logs/memory-20260310-002001.log
	cron-logs/memory-20260310-003002.log
	cron-logs/memory-20260310-004001.log
	cron-logs/memory-20260310-005001.log
	cron-logs/memory-20260310-010001.log
	cron-logs/memory-20260310-011001.log
	cron-logs/memory-20260310-012001.log
	cron-logs/memory-20260310-013001.log
	cron-logs/memory-20260310-014001.log
	cron-logs/memory-20260310-015001.log
	cron-logs/memory-20260310-020001.log
	cron-logs/memory-20260310-021002.log
	cron-logs/memory-20260310-022001.log
	cron-logs/memory-20260310-023001.log
	cron-logs/memory-20260310-024001.log
	cron-logs/memory-20260310-025001.log
	cron-logs/memory-20260310-030001.log
	cron-logs/memory-20260310-031001.log
	cron-logs/memory-20260310-032001.log
	cron-logs/memory-20260310-033001.log
	cron-logs/memory-20260310-034001.log
	cron-logs/memory-20260310-035001.log
	cron-logs/memory-20260310-040001.log
	cron-logs/memory-20260310-041002.log
	cron-logs/memory-20260310-042001.log
	cron-logs/memory-20260310-043001.log
	cron-logs/memory-20260310-044001.log
	cron-logs/memory-20260310-045001.log
	cron-logs/memory-20260310-050001.log
	cron-logs/memory-20260310-051001.log
	cron-logs/memory-20260310-052001.log
	cron-logs/memory-20260310-053001.log
	cron-logs/memory-20260310-054001.log
	cron-logs/memory-20260310-055001.log
	cron-logs/memory-20260310-060001.log
	cron-logs/memory-20260310-061001.log
	cron-logs/memory-20260310-062001.log
	cron-logs/memory-20260310-063001.log
	cron-logs/memory-20260310-064002.log
	cron-logs/memory-20260310-065001.log
	cron-logs/memory-20260310-070001.log
	cron-logs/memory-20260310-071001.log
	cron-logs/memory-20260310-072001.log
	cron-logs/memory-20260310-073001.log
	cron-logs/memory-20260310-074001.log
	cron-logs/memory-20260310-075001.log
	cron-logs/memory-20260310-080001.log
	cron-logs/memory-20260310-081001.log
	cron-logs/memory-20260310-082001.log
	cron-logs/memory-20260310-083001.log
	cron-logs/memory-20260310-084001.log
	cron-logs/memory-20260310-085001.log
	cron-logs/memory-20260310-090001.log
	cron-logs/memory-20260310-091001.log
	cron-logs/memory-20260310-092001.log
	cron-logs/memory-20260310-093001.log
	cron-logs/memory-20260310-094001.log
	cron-logs/moltbook-20260309-220001.log
	cron-logs/moltbook-20260309-223001.log
	cron-logs/moltbook-20260309-230001.log
	cron-logs/moltbook-20260309-233001.log
	cron-logs/moltbook-20260310-000001.log
	cron-logs/moltbook-20260310-003002.log
	cron-logs/moltbook-20260310-010001.log
	cron-logs/moltbook-20260310-013001.log
	cron-logs/moltbook-20260310-020001.log
	cron-logs/moltbook-20260310-023001.log
	cron-logs/moltbook-20260310-030001.log
	cron-logs/moltbook-20260310-033001.log
	cron-logs/moltbook-20260310-040001.log
	cron-logs/moltbook-20260310-043001.log
	cron-logs/moltbook-20260310-050001.log
	cron-logs/moltbook-20260310-053001.log
	cron-logs/moltbook-20260310-060001.log
	cron-logs/moltbook-20260310-063001.log
	cron-logs/moltbook-20260310-070001.log
	cron-logs/moltbook-20260310-073001.log
	cron-logs/moltbook-20260310-080001.log
	cron-logs/moltbook-20260310-083001.log
	cron-logs/moltbook-20260310-090001.log
	cron-logs/moltbook-20260310-093001.log
	cron-logs/research-20260310-090001.log
	diary/2026-03-10-research-live.md
	memory-logs/memory-2026-03-10.jsonl

no changes added to commit (use "git add" and/or "git commit -a")
