=== GitHub SLA Check: Mon Mar  9 07:30:01 PM CST 2026 ===
[19:30:01] STEP 0: Cleaning old data
[19:30:01] Checking tracked issues for closures...
[19:30:13] Cleanup complete
[19:30:13] STEP 1: Processing notifications
[19:30:15] Found 74 notifications
[19:30:42] VATSIM-UK/UK-Sector-File#6064: Already assigned, skipping
[19:30:46] pytorch-tabular/pytorch_tabular#605: Too old (43 days), skipping
[19:31:05] activist-org/activist#1925: Already assigned, skipping
[19:31:21] microsoft/vscode#288770: Already assigned, skipping
[19:31:25] lucasjinreal/Kokoros#61: Too old (381 days), skipping
[19:31:58] STEP 2: Checking my PRs
[19:31:59] STEP 2.5: Proactive discovery - finding new issues
[19:31:59] Searching for good-first-issues...
[19:32:01] Found 20 good-first-issues from search
[19:32:01]   Skipping rysweet/azlin#793: Already tracked
[19:32:01]   Skipping rysweet/amplihack#2981: Already tracked
[19:32:01]   Skipping rysweet/amplihack#2980: Already tracked
[19:32:01]   Skipping rysweet/amplihack#2979: Already tracked
[19:32:01]   Skipping rysweet/amplihack#2977: Already tracked
[19:32:01]   Skipping rysweet/amplihack#2976: Already tracked
[19:32:01]   Skipping brendankowitz/FHIR-Tools-for-Anonymization#80: Already tracked
[19:32:01]   Skipping windoze95/nullfeed-flutter#19: Already tracked
[19:32:01]   Skipping windoze95/nullfeed-backend#33: Already tracked
[19:32:01]   Skipping windoze95/nullfeed-backend#32: Already tracked
[19:32:01]   Skipping avni-j/synthetic-demo-app#12: Already tracked
[19:32:02]   Skipping T-SIG/tsig-prints#252: Already tracked
[19:32:02]   Skipping T-SIG/tsig-prints#249: Already tracked
[19:32:02]   Skipping T-SIG/tsig-prints#248: Already tracked
[19:32:02]   Skipping T-SIG/tsig-prints#247: Already tracked
[19:32:02]   Skipping T-SIG/tsig-prints#245: Already tracked
[19:32:02]   Skipping T-SIG/tsig-prints#244: Already tracked
[19:32:02]   Skipping T-SIG/tsig-prints#243: Already tracked
[19:32:02]   Skipping T-SIG/tsig-prints#242: Already tracked
[19:32:02]   Skipping T-SIG/tsig-prints#241: Already tracked
[19:32:02] Checked 20 issues, discovered 0 high-priority ones
[19:32:02] STEP 3: Checking follow-ups
[19:32:05] STEP 4: Building action items list
[19:32:05] STEP 5: Updating metrics
[19:32:05] === SUMMARY ===
[19:32:05] Notifications: 74
[19:32:05] Posted: 0
[19:32:05] Consent opportunities: 0
[19:32:05] Stale issues: 0
[19:32:05] Need follow-up: 0
[19:32:05] Merge conflicts: 0
[19:32:05] Total tracked: 94
[19:32:05] Check complete
