=== GitHub Commit Check: Sat Mar  7 09:41:37 AM CST 2026 ===
On branch master
Your branch is up to date with 'origin/master'.

Changes not staged for commit:
  (use "git add <file>..." to update what will be committed)
  (use "git restore <file>..." to discard changes in working directory)
  (commit or discard the untracked or modified content in submodules)
	modified:   agent-stamina (untracked content)
	modified:   cron-logs/already-posted.json
	modified:   cron-logs/backup-20260306-214935.log
	modified:   cron-logs/consent-opportunities-20260306.json
	modified:   cron-scripts/github-sla.sh
	modified:   cron-scripts/moltbook-heartbeat.sh
	modified:   memory-logs/memory-2026-03-06.jsonl

Untracked files:
  (use "git add <file>..." to include in what will be committed)
	cron-logs/action-required-20260307.json
	cron-logs/agent-stamina-20260306-225458.log
	cron-logs/browser-restart-20260307-030108.log
	cron-logs/consent-opportunities-20260307.json
	cron-logs/follow-ups.json
	cron-logs/github-commit-20260307-094137.log
	cron-logs/github-metrics.json
	cron-logs/github-sla-20260306-220001.log
	cron-logs/github-sla-20260306-222803.log
	cron-logs/github-sla-20260306-223001.log
	cron-logs/github-sla-20260306-230002.log
	cron-logs/github-sla-20260306-232127.log
	cron-logs/github-sla-20260306-232147.log
	cron-logs/github-sla-20260306-232339.log
	cron-logs/github-sla-20260306-233001.log
	cron-logs/github-sla-20260306-233056.log
	cron-logs/github-sla-20260306-234854.log
	cron-logs/github-sla-20260307-000001.log
	cron-logs/github-sla-20260307-003001.log
	cron-logs/github-sla-20260307-010001.log
	cron-logs/github-sla-20260307-013001.log
	cron-logs/github-sla-20260307-020001.log
	cron-logs/github-sla-20260307-023001.log
	cron-logs/github-sla-20260307-030001.log
	cron-logs/github-sla-20260307-033001.log
	cron-logs/github-sla-20260307-040001.log
	cron-logs/github-sla-20260307-043001.log
	cron-logs/github-sla-20260307-050002.log
	cron-logs/github-sla-20260307-050249.log
	cron-logs/github-sla-20260307-053001.log
	cron-logs/github-sla-20260307-060001.log
	cron-logs/github-sla-20260307-063001.log
	cron-logs/github-sla-20260307-070001.log
	cron-logs/github-sla-20260307-073001.log
	cron-logs/github-sla-20260307-073152.log
	cron-logs/github-sla-20260307-073529.log
	cron-logs/github-sla-20260307-080001.log
	cron-logs/github-sla-20260307-083001.log
	cron-logs/github-sla-20260307-090001.log
	cron-logs/github-sla-20260307-093001.log
	cron-logs/memory-20260306-215001.log
	cron-logs/memory-20260306-220001.log
	cron-logs/memory-20260306-221001.log
	cron-logs/memory-20260306-222001.log
	cron-logs/memory-20260306-223001.log
	cron-logs/memory-20260306-224001.log
	cron-logs/memory-20260306-225001.log
	cron-logs/memory-20260306-230002.log
	cron-logs/memory-20260306-231001.log
	cron-logs/memory-20260306-232001.log
	cron-logs/memory-20260306-233001.log
	cron-logs/memory-20260306-234001.log
	cron-logs/memory-20260306-235001.log
	cron-logs/memory-20260307-000001.log
	cron-logs/memory-20260307-001001.log
	cron-logs/memory-20260307-002001.log
	cron-logs/memory-20260307-003001.log
	cron-logs/memory-20260307-004001.log
	cron-logs/memory-20260307-005001.log
	cron-logs/memory-20260307-010001.log
	cron-logs/memory-20260307-011002.log
	cron-logs/memory-20260307-012001.log
	cron-logs/memory-20260307-013001.log
	cron-logs/memory-20260307-014001.log
	cron-logs/memory-20260307-015001.log
	cron-logs/memory-20260307-020001.log
	cron-logs/memory-20260307-021001.log
	cron-logs/memory-20260307-022001.log
	cron-logs/memory-20260307-023001.log
	cron-logs/memory-20260307-024001.log
	cron-logs/memory-20260307-025001.log
	cron-logs/memory-20260307-030001.log
	cron-logs/memory-20260307-031001.log
	cron-logs/memory-20260307-032001.log
	cron-logs/memory-20260307-033001.log
	cron-logs/memory-20260307-034001.log
	cron-logs/memory-20260307-035001.log
	cron-logs/memory-20260307-040001.log
	cron-logs/memory-20260307-041001.log
	cron-logs/memory-20260307-042001.log
	cron-logs/memory-20260307-043001.log
	cron-logs/memory-20260307-044001.log
	cron-logs/memory-20260307-045001.log
	cron-logs/memory-20260307-050002.log
	cron-logs/memory-20260307-051001.log
	cron-logs/memory-20260307-052001.log
	cron-logs/memory-20260307-053001.log
	cron-logs/memory-20260307-054001.log
	cron-logs/memory-20260307-055001.log
	cron-logs/memory-20260307-060001.log
	cron-logs/memory-20260307-061001.log
	cron-logs/memory-20260307-062001.log
	cron-logs/memory-20260307-063001.log
	cron-logs/memory-20260307-064001.log
	cron-logs/memory-20260307-065001.log
	cron-logs/memory-20260307-070001.log
	cron-logs/memory-20260307-071001.log
	cron-logs/memory-20260307-072001.log
	cron-logs/memory-20260307-073001.log
	cron-logs/memory-20260307-074001.log
	cron-logs/memory-20260307-075001.log
	cron-logs/memory-20260307-080001.log
	cron-logs/memory-20260307-081001.log
	cron-logs/memory-20260307-082001.log
	cron-logs/memory-20260307-083001.log
	cron-logs/memory-20260307-084001.log
	cron-logs/memory-20260307-085001.log
	cron-logs/memory-20260307-090001.log
	cron-logs/memory-20260307-091001.log
	cron-logs/memory-20260307-092001.log
	cron-logs/memory-20260307-093001.log
	cron-logs/memory-20260307-094001.log
	cron-logs/merge-conflicts.json
	cron-logs/moltbook-20260306-220001.log
	cron-logs/moltbook-20260306-223001.log
	cron-logs/moltbook-20260306-230002.log
	cron-logs/moltbook-20260306-233001.log
	cron-logs/moltbook-20260306-235156.log
	cron-logs/moltbook-20260306-235222.log
	cron-logs/moltbook-20260306-235249.log
	cron-logs/moltbook-20260306-235325.log
	cron-logs/moltbook-20260307-000001.log
	cron-logs/moltbook-20260307-000813.log
	cron-logs/moltbook-20260307-000931.log
	cron-logs/moltbook-20260307-003001.log
	cron-logs/moltbook-20260307-010002.log
	cron-logs/moltbook-20260307-011454.log
	cron-logs/moltbook-20260307-013001.log
	cron-logs/moltbook-20260307-020001.log
	cron-logs/moltbook-20260307-023001.log
	cron-logs/moltbook-20260307-030001.log
	cron-logs/moltbook-20260307-033001.log
	cron-logs/moltbook-20260307-040001.log
	cron-logs/moltbook-20260307-043001.log
	cron-logs/moltbook-20260307-050002.log
	cron-logs/moltbook-20260307-053001.log
	cron-logs/moltbook-20260307-060001.log
	cron-logs/moltbook-20260307-063001.log
	cron-logs/moltbook-20260307-070001.log
	cron-logs/moltbook-20260307-073001.log
	cron-logs/moltbook-20260307-080001.log
	cron-logs/moltbook-20260307-083001.log
	cron-logs/moltbook-20260307-090001.log
	cron-logs/moltbook-20260307-093001.log
	cron-logs/moltbook-alerts.json
	cron-logs/moltbook-commented.json
	cron-logs/moltbook-dm-state.json
	cron-logs/moltbook-engagement.json
	cron-logs/moltbook-followed.json
	cron-logs/moltbook-inspiration.json
	cron-logs/moltbook-metrics.json
	cron-logs/moltbook-my-posts.json
	cron-logs/moltbook-post-queue.json
	cron-logs/moltbook-trends.json
	cron-logs/moltbook-upvoted.json
	cron-logs/prs-created.json
	cron-logs/research-20260307-000948.log
	cron-logs/research-20260307-090001.log
	cron-logs/sentiment-analysis.json
	cron-logs/skill-matches.json
	cron-logs/stale-issues.json
	cron-scripts/implement-fix.py
	cron-scripts/research-deep-dive.sh
	diary/2026-03-07-research.md
	memory-logs/memory-2026-03-07.jsonl
	nullfeed-backend/

no changes added to commit (use "git add" and/or "git commit -a")
[master c098482] Progress: Sat Mar  7 09:41:37 AM CST 2026
 172 files changed, 5618 insertions(+), 253 deletions(-)
 create mode 100644 cron-logs/action-required-20260307.json
 create mode 100644 cron-logs/agent-stamina-20260306-225458.log
 create mode 100644 cron-logs/browser-restart-20260307-030108.log
 create mode 100644 cron-logs/consent-opportunities-20260307.json
 create mode 100644 cron-logs/follow-ups.json
 create mode 100644 cron-logs/github-commit-20260307-094137.log
 create mode 100644 cron-logs/github-metrics.json
 create mode 100644 cron-logs/github-sla-20260306-220001.log
 create mode 100644 cron-logs/github-sla-20260306-222803.log
 create mode 100644 cron-logs/github-sla-20260306-223001.log
 create mode 100644 cron-logs/github-sla-20260306-230002.log
 create mode 100644 cron-logs/github-sla-20260306-232127.log
 create mode 100644 cron-logs/github-sla-20260306-232147.log
 create mode 100644 cron-logs/github-sla-20260306-232339.log
 create mode 100644 cron-logs/github-sla-20260306-233001.log
 create mode 100644 cron-logs/github-sla-20260306-233056.log
 create mode 100644 cron-logs/github-sla-20260306-234854.log
 create mode 100644 cron-logs/github-sla-20260307-000001.log
 create mode 100644 cron-logs/github-sla-20260307-003001.log
 create mode 100644 cron-logs/github-sla-20260307-010001.log
 create mode 100644 cron-logs/github-sla-20260307-013001.log
 create mode 100644 cron-logs/github-sla-20260307-020001.log
 create mode 100644 cron-logs/github-sla-20260307-023001.log
 create mode 100644 cron-logs/github-sla-20260307-030001.log
 create mode 100644 cron-logs/github-sla-20260307-033001.log
 create mode 100644 cron-logs/github-sla-20260307-040001.log
 create mode 100644 cron-logs/github-sla-20260307-043001.log
 create mode 100644 cron-logs/github-sla-20260307-050002.log
 create mode 100644 cron-logs/github-sla-20260307-050249.log
 create mode 100644 cron-logs/github-sla-20260307-053001.log
 create mode 100644 cron-logs/github-sla-20260307-060001.log
 create mode 100644 cron-logs/github-sla-20260307-063001.log
 create mode 100644 cron-logs/github-sla-20260307-070001.log
 create mode 100644 cron-logs/github-sla-20260307-073001.log
 create mode 100644 cron-logs/github-sla-20260307-073152.log
 create mode 100644 cron-logs/github-sla-20260307-073529.log
 create mode 100644 cron-logs/github-sla-20260307-080001.log
 create mode 100644 cron-logs/github-sla-20260307-083001.log
 create mode 100644 cron-logs/github-sla-20260307-090001.log
 create mode 100644 cron-logs/github-sla-20260307-093001.log
 create mode 100644 cron-logs/memory-20260306-215001.log
 create mode 100644 cron-logs/memory-20260306-220001.log
 create mode 100644 cron-logs/memory-20260306-221001.log
 create mode 100644 cron-logs/memory-20260306-222001.log
 create mode 100644 cron-logs/memory-20260306-223001.log
 create mode 100644 cron-logs/memory-20260306-224001.log
 create mode 100644 cron-logs/memory-20260306-225001.log
 create mode 100644 cron-logs/memory-20260306-230002.log
 create mode 100644 cron-logs/memory-20260306-231001.log
 create mode 100644 cron-logs/memory-20260306-232001.log
 create mode 100644 cron-logs/memory-20260306-233001.log
 create mode 100644 cron-logs/memory-20260306-234001.log
 create mode 100644 cron-logs/memory-20260306-235001.log
 create mode 100644 cron-logs/memory-20260307-000001.log
 create mode 100644 cron-logs/memory-20260307-001001.log
 create mode 100644 cron-logs/memory-20260307-002001.log
 create mode 100644 cron-logs/memory-20260307-003001.log
 create mode 100644 cron-logs/memory-20260307-004001.log
 create mode 100644 cron-logs/memory-20260307-005001.log
 create mode 100644 cron-logs/memory-20260307-010001.log
 create mode 100644 cron-logs/memory-20260307-011002.log
 create mode 100644 cron-logs/memory-20260307-012001.log
 create mode 100644 cron-logs/memory-20260307-013001.log
 create mode 100644 cron-logs/memory-20260307-014001.log
 create mode 100644 cron-logs/memory-20260307-015001.log
 create mode 100644 cron-logs/memory-20260307-020001.log
 create mode 100644 cron-logs/memory-20260307-021001.log
 create mode 100644 cron-logs/memory-20260307-022001.log
 create mode 100644 cron-logs/memory-20260307-023001.log
 create mode 100644 cron-logs/memory-20260307-024001.log
 create mode 100644 cron-logs/memory-20260307-025001.log
 create mode 100644 cron-logs/memory-20260307-030001.log
 create mode 100644 cron-logs/memory-20260307-031001.log
 create mode 100644 cron-logs/memory-20260307-032001.log
 create mode 100644 cron-logs/memory-20260307-033001.log
 create mode 100644 cron-logs/memory-20260307-034001.log
 create mode 100644 cron-logs/memory-20260307-035001.log
 create mode 100644 cron-logs/memory-20260307-040001.log
 create mode 100644 cron-logs/memory-20260307-041001.log
 create mode 100644 cron-logs/memory-20260307-042001.log
 create mode 100644 cron-logs/memory-20260307-043001.log
 create mode 100644 cron-logs/memory-20260307-044001.log
 create mode 100644 cron-logs/memory-20260307-045001.log
 create mode 100644 cron-logs/memory-20260307-050002.log
 create mode 100644 cron-logs/memory-20260307-051001.log
 create mode 100644 cron-logs/memory-20260307-052001.log
 create mode 100644 cron-logs/memory-20260307-053001.log
 create mode 100644 cron-logs/memory-20260307-054001.log
 create mode 100644 cron-logs/memory-20260307-055001.log
 create mode 100644 cron-logs/memory-20260307-060001.log
 create mode 100644 cron-logs/memory-20260307-061001.log
 create mode 100644 cron-logs/memory-20260307-062001.log
 create mode 100644 cron-logs/memory-20260307-063001.log
 create mode 100644 cron-logs/memory-20260307-064001.log
 create mode 100644 cron-logs/memory-20260307-065001.log
 create mode 100644 cron-logs/memory-20260307-070001.log
 create mode 100644 cron-logs/memory-20260307-071001.log
 create mode 100644 cron-logs/memory-20260307-072001.log
 create mode 100644 cron-logs/memory-20260307-073001.log
 create mode 100644 cron-logs/memory-20260307-074001.log
 create mode 100644 cron-logs/memory-20260307-075001.log
 create mode 100644 cron-logs/memory-20260307-080001.log
 create mode 100644 cron-logs/memory-20260307-081001.log
 create mode 100644 cron-logs/memory-20260307-082001.log
 create mode 100644 cron-logs/memory-20260307-083001.log
 create mode 100644 cron-logs/memory-20260307-084001.log
 create mode 100644 cron-logs/memory-20260307-085001.log
 create mode 100644 cron-logs/memory-20260307-090001.log
 create mode 100644 cron-logs/memory-20260307-091001.log
 create mode 100644 cron-logs/memory-20260307-092001.log
 create mode 100644 cron-logs/memory-20260307-093001.log
 create mode 100644 cron-logs/memory-20260307-094001.log
 create mode 100644 cron-logs/merge-conflicts.json
 create mode 100644 cron-logs/moltbook-20260306-220001.log
 create mode 100644 cron-logs/moltbook-20260306-223001.log
 create mode 100644 cron-logs/moltbook-20260306-230002.log
 create mode 100644 cron-logs/moltbook-20260306-233001.log
 create mode 100644 cron-logs/moltbook-20260306-235156.log
 create mode 100644 cron-logs/moltbook-20260306-235222.log
 create mode 100644 cron-logs/moltbook-20260306-235249.log
 create mode 100644 cron-logs/moltbook-20260306-235325.log
 create mode 100644 cron-logs/moltbook-20260307-000001.log
 create mode 100644 cron-logs/moltbook-20260307-000813.log
 create mode 100644 cron-logs/moltbook-20260307-000931.log
 create mode 100644 cron-logs/moltbook-20260307-003001.log
 create mode 100644 cron-logs/moltbook-20260307-010002.log
 create mode 100644 cron-logs/moltbook-20260307-011454.log
 create mode 100644 cron-logs/moltbook-20260307-013001.log
 create mode 100644 cron-logs/moltbook-20260307-020001.log
 create mode 100644 cron-logs/moltbook-20260307-023001.log
 create mode 100644 cron-logs/moltbook-20260307-030001.log
 create mode 100644 cron-logs/moltbook-20260307-033001.log
 create mode 100644 cron-logs/moltbook-20260307-040001.log
 create mode 100644 cron-logs/moltbook-20260307-043001.log
 create mode 100644 cron-logs/moltbook-20260307-050002.log
 create mode 100644 cron-logs/moltbook-20260307-053001.log
 create mode 100644 cron-logs/moltbook-20260307-060001.log
 create mode 100644 cron-logs/moltbook-20260307-063001.log
 create mode 100644 cron-logs/moltbook-20260307-070001.log
 create mode 100644 cron-logs/moltbook-20260307-073001.log
 create mode 100644 cron-logs/moltbook-20260307-080001.log
 create mode 100644 cron-logs/moltbook-20260307-083001.log
 create mode 100644 cron-logs/moltbook-20260307-090001.log
 create mode 100644 cron-logs/moltbook-20260307-093001.log
 create mode 100644 cron-logs/moltbook-alerts.json
 create mode 100644 cron-logs/moltbook-commented.json
 create mode 100644 cron-logs/moltbook-dm-state.json
 create mode 100644 cron-logs/moltbook-engagement.json
 create mode 100644 cron-logs/moltbook-followed.json
 create mode 100644 cron-logs/moltbook-inspiration.json
 create mode 100644 cron-logs/moltbook-metrics.json
 create mode 100644 cron-logs/moltbook-my-posts.json
 create mode 100644 cron-logs/moltbook-post-queue.json
 create mode 100644 cron-logs/moltbook-trends.json
 create mode 100644 cron-logs/moltbook-upvoted.json
 create mode 100644 cron-logs/prs-created.json
 create mode 100644 cron-logs/research-20260307-000948.log
 create mode 100644 cron-logs/research-20260307-090001.log
 create mode 100644 cron-logs/sentiment-analysis.json
 create mode 100644 cron-logs/skill-matches.json
 create mode 100644 cron-logs/stale-issues.json
 create mode 100644 cron-scripts/implement-fix.py
 create mode 100755 cron-scripts/research-deep-dive.sh
 create mode 100644 diary/2026-03-07-research.md
 create mode 100644 memory-logs/memory-2026-03-07.jsonl
 create mode 160000 nullfeed-backend
To https://github.com/Kai-Rowan-the-AI/morgan-workspace.git
   8490a5f..c098482  master -> master
Changes committed and pushed

=== Check complete: Sat Mar  7 09:41:39 AM CST 2026 ===
