=== GitHub SLA Check: Sun Mar  8 10:30:01 PM CST 2026 ===
[22:30:01] STEP 0: Cleaning old data
[22:30:01] Checking tracked issues for closures...
[22:30:11] Cleanup complete
[22:30:11] STEP 1: Processing notifications
[22:30:13] Found 70 notifications
[22:30:31] VATSIM-UK/UK-Sector-File#6064: Already assigned, skipping
[22:30:35] pytorch-tabular/pytorch_tabular#605: Too old (42 days), skipping
[22:30:51] activist-org/activist#1925: Already assigned, skipping
[22:31:07] microsoft/vscode#288770: Already assigned, skipping
[22:31:11] lucasjinreal/Kokoros#61: Too old (380 days), skipping
[22:31:40] STEP 2: Checking my PRs
[22:31:41] STEP 2.5: Proactive discovery - finding new issues
[22:31:41] Searching for good-first-issues...
[22:31:43] Found 20 good-first-issues from search
[22:31:43]   Checking lingdojo/kana-dojo#7665: priority=100, comments=1
[22:31:43] *** DISCOVERED: lingdojo/kana-dojo#7665 (priority: 100, 1 comments) ***
[22:31:43] >>> Posting on discovered issue lingdojo/kana-dojo#7665
[22:31:44] FAILED to post on lingdojo/kana-dojo#7665: GraphQL: User is blocked (addComment)
[22:31:44]   Checking lingdojo/kana-dojo#7664: priority=100, comments=1
[22:31:44] *** DISCOVERED: lingdojo/kana-dojo#7664 (priority: 100, 1 comments) ***
[22:31:44] >>> Posting on discovered issue lingdojo/kana-dojo#7664
[22:31:45] FAILED to post on lingdojo/kana-dojo#7664: GraphQL: User is blocked (addComment)
[22:31:46]   Checking lingdojo/kana-dojo#7663: priority=100, comments=1
[22:31:46] *** DISCOVERED: lingdojo/kana-dojo#7663 (priority: 100, 1 comments) ***
[22:31:46] >>> Posting on discovered issue lingdojo/kana-dojo#7663
[22:31:46] FAILED to post on lingdojo/kana-dojo#7663: GraphQL: User is blocked (addComment)
[22:31:47]   Checking lingdojo/kana-dojo#7662: priority=100, comments=1
[22:31:47] *** DISCOVERED: lingdojo/kana-dojo#7662 (priority: 100, 1 comments) ***
[22:31:47] >>> Posting on discovered issue lingdojo/kana-dojo#7662
[22:31:48] FAILED to post on lingdojo/kana-dojo#7662: GraphQL: User is blocked (addComment)
[22:31:48]   Checking lingdojo/kana-dojo#7661: priority=100, comments=1
[22:31:48] *** DISCOVERED: lingdojo/kana-dojo#7661 (priority: 100, 1 comments) ***
[22:31:48] >>> Posting on discovered issue lingdojo/kana-dojo#7661
[22:31:49] FAILED to post on lingdojo/kana-dojo#7661: GraphQL: User is blocked (addComment)
[22:31:49]   Checking lingdojo/kana-dojo#7660: priority=100, comments=1
[22:31:49] *** DISCOVERED: lingdojo/kana-dojo#7660 (priority: 100, 1 comments) ***
[22:31:49] >>> Posting on discovered issue lingdojo/kana-dojo#7660
[22:31:50] FAILED to post on lingdojo/kana-dojo#7660: GraphQL: User is blocked (addComment)
[22:31:50]   Checking lingdojo/kana-dojo#7659: priority=100, comments=1
[22:31:50] *** DISCOVERED: lingdojo/kana-dojo#7659 (priority: 100, 1 comments) ***
[22:31:50] >>> Posting on discovered issue lingdojo/kana-dojo#7659
[22:31:51] FAILED to post on lingdojo/kana-dojo#7659: GraphQL: User is blocked (addComment)
[22:31:51]   Checking lingdojo/kana-dojo#7658: priority=100, comments=1
[22:31:51] *** DISCOVERED: lingdojo/kana-dojo#7658 (priority: 100, 1 comments) ***
[22:31:51] >>> Posting on discovered issue lingdojo/kana-dojo#7658
[22:31:52] FAILED to post on lingdojo/kana-dojo#7658: GraphQL: User is blocked (addComment)
[22:31:53]   Checking lingdojo/kana-dojo#7657: priority=100, comments=1
[22:31:53] *** DISCOVERED: lingdojo/kana-dojo#7657 (priority: 100, 1 comments) ***
[22:31:53] >>> Posting on discovered issue lingdojo/kana-dojo#7657
[22:31:54] FAILED to post on lingdojo/kana-dojo#7657: GraphQL: User is blocked (addComment)
[22:31:54]   Checking lingdojo/kana-dojo#7656: priority=100, comments=1
[22:31:54] *** DISCOVERED: lingdojo/kana-dojo#7656 (priority: 100, 1 comments) ***
[22:31:54] >>> Posting on discovered issue lingdojo/kana-dojo#7656
[22:31:55] FAILED to post on lingdojo/kana-dojo#7656: GraphQL: User is blocked (addComment)
[22:31:55]   Checking lingdojo/kana-dojo#7654: priority=100, comments=1
[22:31:55] *** DISCOVERED: lingdojo/kana-dojo#7654 (priority: 100, 1 comments) ***
[22:31:55] >>> Posting on discovered issue lingdojo/kana-dojo#7654
[22:31:56] FAILED to post on lingdojo/kana-dojo#7654: GraphQL: User is blocked (addComment)
[22:31:56]   Skipping windoze95/nullfeed-flutter#17: Already tracked
[22:31:56]   Skipping windoze95/nullfeed-backend#29: Already tracked
[22:31:56]   Skipping windoze95/nullfeed-backend#28: Already tracked
[22:31:57]   Checking lingdojo/kana-dojo#7653: priority=100, comments=1
[22:31:57] *** DISCOVERED: lingdojo/kana-dojo#7653 (priority: 100, 1 comments) ***
[22:31:57] >>> Posting on discovered issue lingdojo/kana-dojo#7653
[22:31:57] FAILED to post on lingdojo/kana-dojo#7653: GraphQL: User is blocked (addComment)
[22:31:58]   Checking lingdojo/kana-dojo#7652: priority=100, comments=1
[22:31:58] *** DISCOVERED: lingdojo/kana-dojo#7652 (priority: 100, 1 comments) ***
[22:31:58] >>> Posting on discovered issue lingdojo/kana-dojo#7652
[22:31:59] FAILED to post on lingdojo/kana-dojo#7652: GraphQL: User is blocked (addComment)
[22:31:59]   Checking lingdojo/kana-dojo#7651: priority=100, comments=2
[22:31:59] *** DISCOVERED: lingdojo/kana-dojo#7651 (priority: 100, 2 comments) ***
[22:31:59] >>> Posting on discovered issue lingdojo/kana-dojo#7651
[22:32:00] FAILED to post on lingdojo/kana-dojo#7651: GraphQL: User is blocked (addComment)
[22:32:00]   Checking lingdojo/kana-dojo#7649: priority=100, comments=1
[22:32:00] *** DISCOVERED: lingdojo/kana-dojo#7649 (priority: 100, 1 comments) ***
[22:32:00] >>> Posting on discovered issue lingdojo/kana-dojo#7649
[22:32:01] FAILED to post on lingdojo/kana-dojo#7649: GraphQL: User is blocked (addComment)
[22:32:01]   Checking lingdojo/kana-dojo#7648: priority=100, comments=1
[22:32:01] *** DISCOVERED: lingdojo/kana-dojo#7648 (priority: 100, 1 comments) ***
[22:32:01] >>> Posting on discovered issue lingdojo/kana-dojo#7648
[22:32:02] FAILED to post on lingdojo/kana-dojo#7648: GraphQL: User is blocked (addComment)
[22:32:03]   Checking lingdojo/kana-dojo#7646: priority=100, comments=1
[22:32:03] *** DISCOVERED: lingdojo/kana-dojo#7646 (priority: 100, 1 comments) ***
[22:32:03] >>> Posting on discovered issue lingdojo/kana-dojo#7646
[22:32:04] FAILED to post on lingdojo/kana-dojo#7646: GraphQL: User is blocked (addComment)
[22:32:04] Checked 20 issues, discovered 17 high-priority ones
[22:32:04] STEP 3: Checking follow-ups
[22:32:06] STEP 4: Building action items list
[22:32:06] STEP 5: Updating metrics
[22:32:06] === SUMMARY ===
[22:32:06] Notifications: 70
[22:32:06] Posted: 0
[22:32:06] Consent opportunities: 17
[22:32:06] Stale issues: 0
[22:32:06] Need follow-up: 0
[22:32:06] Merge conflicts: 0
[22:32:06] Total tracked: 61
[22:32:06] Check complete
