=== GitHub SLA Check: Sun Mar  8 12:30:01 AM CST 2026 ===
[00:30:01] STEP 0: Cleaning old data
[00:30:01] Checking tracked issues for closures...
[00:30:13] Cleanup complete
[00:30:13] STEP 1: Processing notifications
[00:30:15] Found 74 notifications
[00:30:27] VATSIM-UK/UK-Sector-File#6064: Already assigned, skipping
[00:30:31] pytorch-tabular/pytorch_tabular#605: Too old (41 days), skipping
[00:30:51] activist-org/activist#1925: Already assigned, skipping
[00:31:10] microsoft/vscode#288770: Already assigned, skipping
[00:31:16] lucasjinreal/Kokoros#61: Too old (379 days), skipping
[00:31:48] STEP 2: Checking my PRs
[00:31:51] STEP 2.5: Proactive discovery - finding new issues
[00:31:51] Searching for good-first-issues...
[00:31:52] Found 20 good-first-issues from search
[00:31:52]   Skipping ibelanger/GraniteFungiForager#36: Already tracked
[00:31:52]   Skipping ibelanger/GraniteFungiForager#35: Already tracked
[00:31:52]   Skipping ibelanger/GraniteFungiForager#28: Already tracked
[00:31:52]   Skipping ibelanger/GraniteFungiForager#27: Already tracked
[00:31:52]   Skipping ibelanger/GraniteFungiForager#24: Already tracked
[00:31:53]   Skipping ibelanger/GraniteFungiForager#22: Already tracked
[00:31:53]   Skipping windoze95/nullfeed-flutter#15: Already tracked
[00:31:53]   Skipping windoze95/nullfeed-flutter#14: Already tracked
[00:31:53]   Skipping windoze95/nullfeed-backend#27: Already tracked
[00:31:53]   Skipping finnoybu/aegis-governance#14: Already tracked
[00:31:53]   Skipping finnoybu/aegis-governance#13: Already tracked
[00:31:53]   Skipping adenueltech/jobhunter#27: Already tracked
[00:31:53]   Skipping adenueltech/jobhunter#1: Already tracked
[00:31:53]   Skipping GreatJobTommy/DIT-Transfer-Tools#72: Already tracked
[00:31:53]   Skipping GreatJobTommy/DIT-Transfer-Tools#73: Already tracked
[00:31:53]   Skipping PatrickB1905/WealthWise#12: Already tracked
[00:31:53]   Skipping mynextproject-portfolio/recipe-explorer-lite-ildarakhmetov#1: Already tracked
[00:31:53]   Skipping rajmahadev422/Learn-To-PR#7: Already tracked
[00:31:53]   Skipping finnoybu/aegis-governance#12: Already tracked
[00:31:53]   Skipping Vexa-ai/vexa#160: Already tracked
[00:31:53] Checked 20 issues, discovered 0 high-priority ones
[00:31:54] STEP 3: Checking follow-ups
[00:31:55] STEP 4: Building action items list
[00:31:55] STEP 5: Updating metrics
[00:31:55] === SUMMARY ===
[00:31:55] Notifications: 74
[00:31:55] Posted: 0
[00:31:55] Consent opportunities: 0
[00:31:55] Stale issues: 0
[00:31:55] Need follow-up: 0
[00:31:55] Merge conflicts: 0
[00:31:55] Total tracked: 54
[00:31:55] Check complete
