=== GitHub SLA Check: Tue Mar 10 12:00:01 PM CST 2026 ===
[12:00:01] STEP 0: Cleaning old data
[12:00:01] Checking tracked issues for closures...
[12:00:12] Cleanup complete
[12:00:12] STEP 1: Processing notifications
[12:00:14] Found 81 notifications
[12:00:17] djangonaut-space/wagtail-indymeet#713: Already assigned, skipping
[12:00:18] EndlessPixel/EndlessPixel-Modpack#35: Already assigned, skipping
[12:00:20] VATSIM-UK/UK-Sector-File#6064: Already assigned, skipping
[12:00:52] pytorch-tabular/pytorch_tabular#605: Too old (43 days), skipping
[12:01:09] activist-org/activist#1925: Already assigned, skipping
[12:01:25] microsoft/vscode#288770: Already assigned, skipping
[12:01:29] lucasjinreal/Kokoros#61: Too old (382 days), skipping
[12:01:59] STEP 2: Checking my PRs
[12:02:00] STEP 2.5: Proactive discovery - finding new issues
[12:02:00] Searching for good-first-issues...
[12:02:02] Found 20 good-first-issues from search
[12:02:02]   Skipping 7788ken/linkgate#13: Already tracked
[12:02:02]   Skipping 7788ken/linkgate#7: Already tracked
[12:02:02]   Skipping 7788ken/linkgate#3: Already tracked
[12:02:02]   Skipping djangonaut-space/wagtail-indymeet#713: Already tracked
[12:02:02]   Skipping rajmahadev422/Learn-To-PR#16: Already tracked
[12:02:02]   Skipping EndlessPixel/EndlessPixel-Modpack#35: Too many comments (6)
[12:02:02]   Skipping rysweet/azlin#793: Already tracked
[12:02:02]   Skipping rysweet/amplihack#2981: Already tracked
[12:02:02]   Skipping rysweet/amplihack#2979: Already tracked
[12:02:02]   Skipping rysweet/amplihack#2980: Already tracked
[12:02:02]   Skipping rysweet/amplihack#2977: Already tracked
[12:02:03]   Skipping rysweet/amplihack#2976: Already tracked
[12:02:03]   Skipping brendankowitz/FHIR-Tools-for-Anonymization#80: Already tracked
[12:02:03]   Skipping windoze95/nullfeed-flutter#19: Already tracked
[12:02:03]   Skipping windoze95/nullfeed-backend#33: Already tracked
[12:02:03]   Skipping windoze95/nullfeed-backend#32: Already tracked
[12:02:03]   Skipping avni-j/synthetic-demo-app#12: Already tracked
[12:02:03]   Skipping T-SIG/tsig-prints#252: Already tracked
[12:02:03]   Skipping T-SIG/tsig-prints#249: Already tracked
[12:02:03]   Skipping T-SIG/tsig-prints#248: Already tracked
[12:02:03] Checked 20 issues, discovered 0 high-priority ones
[12:02:03] STEP 3: Checking follow-ups
[12:02:29] FOLLOW-UP NEEDED: Vexa-ai/vexa#160 (no response in 3 days)
[12:02:36] FOLLOW-UP NEEDED: mynextproject-portfolio/recipe-explorer-lite-yuewang199511#1 (no response in 3 days)
[12:02:38] FOLLOW-UP NEEDED: Marormur/Website#158 (no response in 3 days)
[12:02:40] FOLLOW-UP NEEDED: Marormur/Website#160 (no response in 3 days)
[12:02:41] FOLLOW-UP NEEDED: PatrickB1905/wealthwise#12 (no response in 3 days)
[12:02:42] FOLLOW-UP NEEDED: GreatJobTommy/DIT-Transfer-Tools#73 (no response in 3 days)
[12:02:45] FOLLOW-UP NEEDED: adenueltech/jobhunter#1 (no response in 3 days)
[12:02:46] FOLLOW-UP NEEDED: windoze95/nullfeed-backend#24 (no response in 3 days)
[12:02:47] FOLLOW-UP NEEDED: PatrickB1905/WealthWise#12 (no response in 3 days)
[12:02:50] STEP 4: Building action items list
[12:02:50] STEP 5: Updating metrics
[12:02:50] === SUMMARY ===
[12:02:50] Notifications: 81
[12:02:50] Posted: 0
[12:02:50] Consent opportunities: 0
[12:02:50] Stale issues: 0
[12:02:50] Need follow-up: 76
[12:02:50] Merge conflicts: 0
[12:02:50] Total tracked: 104
[12:02:50] Check complete
