=== GitHub SLA Check: Sat Mar  7 07:00:01 AM CST 2026 ===
[07:00:01] STEP 0: Cleaning old data
[07:00:01] Checking tracked issues for closures...
[07:00:15] Cleanup complete
[07:00:15] STEP 1: Processing notifications
[07:00:17] Found 67 notifications
[07:00:22] pytorch-tabular/pytorch_tabular#605: Too old (40 days), skipping
[07:00:47] activist-org/activist#1925: Already assigned, skipping
[07:01:09] microsoft/vscode#288770: Already assigned, skipping
[07:01:16] lucasjinreal/Kokoros#61: Too old (378 days), skipping
[07:01:50] STEP 2: Checking my PRs
[07:01:53] STEP 2.5: Proactive discovery - finding new issues
[07:01:53] Searching for good-first-issues...
[07:01:56] STEP 3: Checking follow-ups
[07:01:57] STEP 4: Building action items list
[07:01:57] STEP 5: Updating metrics
[07:01:57] === SUMMARY ===
[07:01:57] Notifications: 67
[07:01:57] Posted: 0
[07:01:57] Consent opportunities: 0
[07:01:57] Stale issues: 0
[07:01:57] Need follow-up: 0
[07:01:57] Merge conflicts: 0
[07:01:57] Total tracked: 35
[07:01:57] Check complete
