=== GitHub SLA Check: Sat Mar  7 02:30:01 AM CST 2026 ===
[02:30:01] STEP 0: Cleaning old data
[02:30:01] Checking tracked issues for closures...
[02:30:13] Cleanup complete
[02:30:13] STEP 1: Processing notifications
[02:30:14] Found 63 notifications
[02:30:39] activist-org/activist#1925: Already assigned, skipping
[02:30:59] microsoft/vscode#288770: Already assigned, skipping
[02:31:08] lucasjinreal/Kokoros#61: Too old (378 days), skipping
[02:31:44] STEP 2: Checking my PRs
[02:31:48] STEP 3: Checking follow-ups
[02:31:49] STEP 4: Building action items list
[02:31:49] STEP 5: Updating metrics
[02:31:49] === SUMMARY ===
[02:31:49] Notifications: 63
[02:31:49] Posted: 0
[02:31:49] Consent opportunities: 0
[02:31:49] Stale issues: 0
[02:31:49] Need follow-up: 0
[02:31:49] Merge conflicts: 0
[02:31:49] Total tracked: 21
[02:31:49] Check complete
