=== GitHub SLA Check: Sat Mar  7 12:30:01 PM CST 2026 ===
[12:30:01] STEP 0: Cleaning old data
[12:30:01] Checking tracked issues for closures...
[12:30:14] Cleanup complete
[12:30:14] STEP 1: Processing notifications
[12:30:15] Found 69 notifications
[12:30:24] pytorch-tabular/pytorch_tabular#605: Too old (40 days), skipping
[12:30:47] activist-org/activist#1925: Already assigned, skipping
[12:31:05] microsoft/vscode#288770: Already assigned, skipping
[12:31:12] lucasjinreal/Kokoros#61: Too old (379 days), skipping
[12:31:44] STEP 2: Checking my PRs
[12:31:46] STEP 2.5: Proactive discovery - finding new issues
[12:31:46] Searching for good-first-issues...
[12:31:48] Found 20 good-first-issues from search
[12:31:48]   Skipping adenueltech/jobhunter#27: Already tracked
[12:31:48]   Skipping adenueltech/jobhunter#1: Already tracked
[12:31:48]   Skipping GreatJobTommy/DIT-Transfer-Tools#72: Already tracked
[12:31:48]   Skipping GreatJobTommy/DIT-Transfer-Tools#73: Already tracked
[12:31:48]   Skipping PatrickB1905/WealthWise#12: Already tracked
[12:31:48]   Skipping mynextproject-portfolio/recipe-explorer-lite-ildarakhmetov#1: Already tracked
[12:31:48]   Skipping rajmahadev422/Learn-To-PR#7: Already tracked
[12:31:48]   Skipping finnoybu/aegis-governance#12: Already tracked
[12:31:48]   Skipping Vexa-ai/vexa#160: Already tracked
[12:31:48]   Skipping rajmahadev422/Learn-To-PR#3: Already tracked
[12:31:48]   Skipping VATSIM-UK/UK-Sector-File#6064: Already tracked
[12:31:48]   Skipping Vexa-ai/vexa#155: Already tracked
[12:31:49]   Skipping windoze95/nullfeed-flutter#12: Already tracked
[12:31:49]   Skipping windoze95/nullfeed-backend#22: Already tracked
[12:31:49]   Skipping brendankowitz/FHIR-Tools-for-Anonymization#64: Too many comments (6)
[12:31:49]   Skipping brendankowitz/FHIR-Tools-for-Anonymization#63: Too many comments (6)
[12:31:49]   Skipping brendankowitz/FHIR-Tools-for-Anonymization#62: Already tracked
[12:31:49]   Skipping brendankowitz/FHIR-Tools-for-Anonymization#61: Too many comments (7)
[12:31:49]   Skipping cclib/cclib#1746: Already tracked
[12:31:49]   Skipping ray-project/kuberay#4568: Already tracked
[12:31:49] Checked 20 issues, discovered 0 high-priority ones
[12:31:49] STEP 3: Checking follow-ups
[12:31:50] STEP 4: Building action items list
[12:31:50] STEP 5: Updating metrics
[12:31:50] === SUMMARY ===
[12:31:50] Notifications: 69
[12:31:50] Posted: 0
[12:31:50] Consent opportunities: 0
[12:31:50] Stale issues: 0
[12:31:50] Need follow-up: 0
[12:31:50] Merge conflicts: 0
[12:31:50] Total tracked: 42
[12:31:50] Check complete
