=== GitHub SLA Check: Mon Mar  9 03:00:01 AM CST 2026 ===
[03:00:01] STEP 0: Cleaning old data
[03:00:02] Checking tracked issues for closures...
[03:00:12] Cleanup complete
[03:00:12] STEP 1: Processing notifications
[03:00:13] Found 70 notifications
[03:00:31] VATSIM-UK/UK-Sector-File#6064: Already assigned, skipping
[03:00:35] pytorch-tabular/pytorch_tabular#605: Too old (42 days), skipping
[03:00:53] activist-org/activist#1925: Already assigned, skipping
[03:01:10] microsoft/vscode#288770: Already assigned, skipping
[03:01:14] lucasjinreal/Kokoros#61: Too old (380 days), skipping
[03:01:43] STEP 2: Checking my PRs
[03:01:44] STEP 2.5: Proactive discovery - finding new issues
[03:01:44] Searching for good-first-issues...
[03:01:45] Found 20 good-first-issues from search
[03:01:45]   Skipping VATSIM-UK/UK-Sector-File#6069: Already tracked
[03:01:46]   Checking lingdojo/kana-dojo#7665: priority=100, comments=1
[03:01:46] *** DISCOVERED: lingdojo/kana-dojo#7665 (priority: 100, 1 comments) ***
[03:01:46] >>> Posting on discovered issue lingdojo/kana-dojo#7665
[03:01:47] FAILED to post on lingdojo/kana-dojo#7665: GraphQL: User is blocked (addComment)
[03:01:47]   Checking lingdojo/kana-dojo#7664: priority=100, comments=1
[03:01:47] *** DISCOVERED: lingdojo/kana-dojo#7664 (priority: 100, 1 comments) ***
[03:01:47] >>> Posting on discovered issue lingdojo/kana-dojo#7664
[03:01:48] FAILED to post on lingdojo/kana-dojo#7664: GraphQL: User is blocked (addComment)
[03:01:48]   Checking lingdojo/kana-dojo#7663: priority=100, comments=2
[03:01:48] *** DISCOVERED: lingdojo/kana-dojo#7663 (priority: 100, 2 comments) ***
[03:01:48] >>> Posting on discovered issue lingdojo/kana-dojo#7663
[03:01:50] FAILED to post on lingdojo/kana-dojo#7663: GraphQL: User is blocked (addComment)
[03:01:50]   Checking lingdojo/kana-dojo#7662: priority=100, comments=1
[03:01:50] *** DISCOVERED: lingdojo/kana-dojo#7662 (priority: 100, 1 comments) ***
[03:01:50] >>> Posting on discovered issue lingdojo/kana-dojo#7662
[03:01:51] FAILED to post on lingdojo/kana-dojo#7662: GraphQL: User is blocked (addComment)
[03:01:51]   Checking lingdojo/kana-dojo#7661: priority=100, comments=1
[03:01:51] *** DISCOVERED: lingdojo/kana-dojo#7661 (priority: 100, 1 comments) ***
[03:01:51] >>> Posting on discovered issue lingdojo/kana-dojo#7661
[03:01:52] FAILED to post on lingdojo/kana-dojo#7661: GraphQL: User is blocked (addComment)
[03:01:52]   Checking lingdojo/kana-dojo#7660: priority=100, comments=1
[03:01:52] *** DISCOVERED: lingdojo/kana-dojo#7660 (priority: 100, 1 comments) ***
[03:01:52] >>> Posting on discovered issue lingdojo/kana-dojo#7660
[03:01:53] FAILED to post on lingdojo/kana-dojo#7660: GraphQL: User is blocked (addComment)
[03:01:54]   Checking lingdojo/kana-dojo#7659: priority=100, comments=1
[03:01:54] *** DISCOVERED: lingdojo/kana-dojo#7659 (priority: 100, 1 comments) ***
[03:01:54] >>> Posting on discovered issue lingdojo/kana-dojo#7659
[03:01:55] FAILED to post on lingdojo/kana-dojo#7659: GraphQL: User is blocked (addComment)
[03:01:55]   Checking lingdojo/kana-dojo#7658: priority=100, comments=1
[03:01:55] *** DISCOVERED: lingdojo/kana-dojo#7658 (priority: 100, 1 comments) ***
[03:01:55] >>> Posting on discovered issue lingdojo/kana-dojo#7658
[03:01:56] FAILED to post on lingdojo/kana-dojo#7658: GraphQL: User is blocked (addComment)
[03:01:56]   Checking lingdojo/kana-dojo#7657: priority=100, comments=1
[03:01:56] *** DISCOVERED: lingdojo/kana-dojo#7657 (priority: 100, 1 comments) ***
[03:01:56] >>> Posting on discovered issue lingdojo/kana-dojo#7657
[03:01:57] FAILED to post on lingdojo/kana-dojo#7657: GraphQL: User is blocked (addComment)
[03:01:57]   Checking lingdojo/kana-dojo#7656: priority=100, comments=1
[03:01:57] *** DISCOVERED: lingdojo/kana-dojo#7656 (priority: 100, 1 comments) ***
[03:01:57] >>> Posting on discovered issue lingdojo/kana-dojo#7656
[03:01:58] FAILED to post on lingdojo/kana-dojo#7656: GraphQL: User is blocked (addComment)
[03:01:59]   Checking lingdojo/kana-dojo#7654: priority=100, comments=1
[03:01:59] *** DISCOVERED: lingdojo/kana-dojo#7654 (priority: 100, 1 comments) ***
[03:01:59] >>> Posting on discovered issue lingdojo/kana-dojo#7654
[03:02:00] FAILED to post on lingdojo/kana-dojo#7654: GraphQL: User is blocked (addComment)
[03:02:00]   Skipping windoze95/nullfeed-flutter#17: Already tracked
[03:02:00]   Skipping windoze95/nullfeed-backend#29: Already tracked
[03:02:00]   Skipping windoze95/nullfeed-backend#28: Already tracked
[03:02:00]   Checking lingdojo/kana-dojo#7653: priority=100, comments=1
[03:02:00] *** DISCOVERED: lingdojo/kana-dojo#7653 (priority: 100, 1 comments) ***
[03:02:00] >>> Posting on discovered issue lingdojo/kana-dojo#7653
[03:02:01] FAILED to post on lingdojo/kana-dojo#7653: GraphQL: User is blocked (addComment)
[03:02:01]   Checking lingdojo/kana-dojo#7652: priority=100, comments=1
[03:02:01] *** DISCOVERED: lingdojo/kana-dojo#7652 (priority: 100, 1 comments) ***
[03:02:01] >>> Posting on discovered issue lingdojo/kana-dojo#7652
[03:02:02] FAILED to post on lingdojo/kana-dojo#7652: GraphQL: User is blocked (addComment)
[03:02:02]   Checking lingdojo/kana-dojo#7651: priority=100, comments=2
[03:02:02] *** DISCOVERED: lingdojo/kana-dojo#7651 (priority: 100, 2 comments) ***
[03:02:02] >>> Posting on discovered issue lingdojo/kana-dojo#7651
[03:02:03] FAILED to post on lingdojo/kana-dojo#7651: GraphQL: User is blocked (addComment)
[03:02:04]   Checking lingdojo/kana-dojo#7649: priority=100, comments=1
[03:02:04] *** DISCOVERED: lingdojo/kana-dojo#7649 (priority: 100, 1 comments) ***
[03:02:04] >>> Posting on discovered issue lingdojo/kana-dojo#7649
[03:02:04] FAILED to post on lingdojo/kana-dojo#7649: GraphQL: User is blocked (addComment)
[03:02:05]   Checking lingdojo/kana-dojo#7648: priority=100, comments=1
[03:02:05] *** DISCOVERED: lingdojo/kana-dojo#7648 (priority: 100, 1 comments) ***
[03:02:05] >>> Posting on discovered issue lingdojo/kana-dojo#7648
[03:02:06] FAILED to post on lingdojo/kana-dojo#7648: GraphQL: User is blocked (addComment)
[03:02:06] Checked 20 issues, discovered 16 high-priority ones
[03:02:06] STEP 3: Checking follow-ups
[03:02:08] STEP 4: Building action items list
[03:02:08] STEP 5: Updating metrics
[03:02:08] === SUMMARY ===
[03:02:08] Notifications: 70
[03:02:08] Posted: 0
[03:02:08] Consent opportunities: 16
[03:02:08] Stale issues: 0
[03:02:08] Need follow-up: 0
[03:02:08] Merge conflicts: 0
[03:02:08] Total tracked: 62
[03:02:08] Check complete
