=== GitHub SLA Check: Tue Mar 10 06:00:01 PM CST 2026 ===
[18:00:01] STEP 0: Cleaning old data
[18:00:01] Checking tracked issues for closures...
[18:00:14] Cleanup complete
[18:00:14] STEP 1: Processing notifications
[18:00:15] Found 81 notifications
[18:00:20] djangonaut-space/wagtail-indymeet#713: Already assigned, skipping
[18:00:22] EndlessPixel/EndlessPixel-Modpack#35: Already assigned, skipping
[18:00:24] VATSIM-UK/UK-Sector-File#6064: Already assigned, skipping
[18:00:59] pytorch-tabular/pytorch_tabular#605: Too old (44 days), skipping
[18:01:18] activist-org/activist#1925: Already assigned, skipping
[18:01:33] microsoft/vscode#288770: Already assigned, skipping
[18:01:37] lucasjinreal/Kokoros#61: Too old (382 days), skipping
[18:02:09] STEP 2: Checking my PRs
[18:02:10] STEP 2.5: Proactive discovery - finding new issues
[18:02:10] Searching for good-first-issues...
[18:02:12] Found 20 good-first-issues from search
[18:02:12]   Skipping 7788ken/linkgate#13: Already tracked
[18:02:12]   Skipping 7788ken/linkgate#7: Already tracked
[18:02:12]   Skipping 7788ken/linkgate#3: Already tracked
[18:02:12]   Skipping djangonaut-space/wagtail-indymeet#713: Already tracked
[18:02:12]   Skipping rajmahadev422/Learn-To-PR#16: Already tracked
[18:02:12]   Skipping EndlessPixel/EndlessPixel-Modpack#35: Too many comments (6)
[18:02:12]   Skipping rysweet/azlin#793: Already tracked
[18:02:12]   Skipping rysweet/amplihack#2981: Already tracked
[18:02:13]   Skipping rysweet/amplihack#2979: Already tracked
[18:02:13]   Skipping rysweet/amplihack#2980: Already tracked
[18:02:13]   Skipping rysweet/amplihack#2977: Already tracked
[18:02:13]   Skipping rysweet/amplihack#2976: Already tracked
[18:02:13]   Skipping brendankowitz/FHIR-Tools-for-Anonymization#80: Already tracked
[18:02:13]   Skipping windoze95/nullfeed-flutter#19: Already tracked
[18:02:13]   Skipping windoze95/nullfeed-backend#33: Already tracked
[18:02:13]   Skipping windoze95/nullfeed-backend#32: Already tracked
[18:02:13]   Skipping avni-j/synthetic-demo-app#12: Already tracked
[18:02:13]   Skipping T-SIG/tsig-prints#252: Already tracked
[18:02:13]   Skipping T-SIG/tsig-prints#249: Already tracked
[18:02:13]   Skipping T-SIG/tsig-prints#248: Already tracked
[18:02:13] Checked 20 issues, discovered 0 high-priority ones
[18:02:13] STEP 3: Checking follow-ups
[18:02:37] FOLLOW-UP NEEDED: Vexa-ai/vexa#160 (no response in 3 days)
[18:02:45] FOLLOW-UP NEEDED: mynextproject-portfolio/recipe-explorer-lite-yuewang199511#1 (no response in 3 days)
[18:02:48] FOLLOW-UP NEEDED: Marormur/Website#158 (no response in 3 days)
[18:02:50] FOLLOW-UP NEEDED: Marormur/Website#160 (no response in 3 days)
[18:02:51] FOLLOW-UP NEEDED: PatrickB1905/wealthwise#12 (no response in 3 days)
[18:02:52] FOLLOW-UP NEEDED: GreatJobTommy/DIT-Transfer-Tools#73 (no response in 3 days)
[18:02:55] FOLLOW-UP NEEDED: adenueltech/jobhunter#1 (no response in 3 days)
[18:02:56] FOLLOW-UP NEEDED: windoze95/nullfeed-backend#24 (no response in 3 days)
[18:02:57] FOLLOW-UP NEEDED: PatrickB1905/WealthWise#12 (no response in 3 days)
[18:02:59] FOLLOW-UP NEEDED: finnoybu/aegis-governance#14 (no response in 3 days)
[18:03:00] FOLLOW-UP NEEDED: finnoybu/aegis-governance#13 (no response in 3 days)
[18:03:01] FOLLOW-UP NEEDED: windoze95/nullfeed-flutter#15 (no response in 3 days)
[18:03:02] FOLLOW-UP NEEDED: windoze95/nullfeed-flutter#14 (no response in 3 days)
[18:03:03] FOLLOW-UP NEEDED: windoze95/nullfeed-backend#27 (no response in 3 days)
[18:03:05] STEP 4: Building action items list
[18:03:05] STEP 5: Updating metrics
[18:03:05] === SUMMARY ===
[18:03:05] Notifications: 81
[18:03:05] Posted: 0
[18:03:05] Consent opportunities: 0
[18:03:05] Stale issues: 0
[18:03:05] Need follow-up: 212
[18:03:05] Merge conflicts: 0
[18:03:05] Total tracked: 104
[18:03:05] Check complete
