=== GitHub SLA Check: Sat Mar  7 05:30:02 PM CST 2026 ===
[17:30:02] STEP 0: Cleaning old data
[17:30:02] Checking tracked issues for closures...
[17:30:12] Cleanup complete
[17:30:12] STEP 1: Processing notifications
[17:30:14] Found 71 notifications
[17:30:25] pytorch-tabular/pytorch_tabular#605: Too old (41 days), skipping
[17:30:46] activist-org/activist#1925: Already assigned, skipping
[17:31:05] microsoft/vscode#288770: Already assigned, skipping
[17:31:11] lucasjinreal/Kokoros#61: Too old (379 days), skipping
[17:31:43] STEP 2: Checking my PRs
[17:31:45] STEP 2.5: Proactive discovery - finding new issues
[17:31:45] Searching for good-first-issues...
[17:31:47] Found 20 good-first-issues from search
[17:31:47]   Checking windoze95/nullfeed-flutter#15: priority=100, comments=0
[17:31:47] *** DISCOVERED: windoze95/nullfeed-flutter#15 (priority: 100, 0 comments) ***
[17:31:47] >>> Posting on discovered issue windoze95/nullfeed-flutter#15
[17:31:48] SUCCESS: Posted on windoze95/nullfeed-flutter#15
[17:31:53]   Checking windoze95/nullfeed-flutter#14: priority=100, comments=0
[17:31:53] *** DISCOVERED: windoze95/nullfeed-flutter#14 (priority: 100, 0 comments) ***
[17:31:53] >>> Posting on discovered issue windoze95/nullfeed-flutter#14
[17:31:54] SUCCESS: Posted on windoze95/nullfeed-flutter#14
[17:32:00]   Checking windoze95/nullfeed-backend#27: priority=100, comments=0
[17:32:00] *** DISCOVERED: windoze95/nullfeed-backend#27 (priority: 100, 0 comments) ***
[17:32:00] >>> Posting on discovered issue windoze95/nullfeed-backend#27
[17:32:01] SUCCESS: Posted on windoze95/nullfeed-backend#27
[17:32:06]   Skipping finnoybu/aegis-governance#14: Already tracked
[17:32:06]   Skipping finnoybu/aegis-governance#13: Already tracked
[17:32:06]   Skipping adenueltech/jobhunter#27: Already tracked
[17:32:06]   Skipping adenueltech/jobhunter#1: Already tracked
[17:32:06]   Skipping GreatJobTommy/DIT-Transfer-Tools#73: Already tracked
[17:32:07]   Skipping GreatJobTommy/DIT-Transfer-Tools#72: Already tracked
[17:32:07]   Skipping PatrickB1905/WealthWise#12: Already tracked
[17:32:07]   Skipping mynextproject-portfolio/recipe-explorer-lite-ildarakhmetov#1: Already tracked
[17:32:07]   Skipping rajmahadev422/Learn-To-PR#7: Already tracked
[17:32:07]   Skipping finnoybu/aegis-governance#12: Already tracked
[17:32:07]   Skipping Vexa-ai/vexa#160: Already tracked
[17:32:07]   Skipping rajmahadev422/Learn-To-PR#3: Already tracked
[17:32:07]   Skipping VATSIM-UK/UK-Sector-File#6064: Already tracked
[17:32:07]   Skipping Vexa-ai/vexa#155: Already tracked
[17:32:07]   Skipping windoze95/nullfeed-flutter#12: Already tracked
[17:32:07]   Skipping windoze95/nullfeed-backend#22: Already tracked
[17:32:07]   Skipping brendankowitz/FHIR-Tools-for-Anonymization#64: Too many comments (6)
[17:32:07] Checked 20 issues, discovered 3 high-priority ones
[17:32:07] STEP 3: Checking follow-ups
[17:32:09] STEP 4: Building action items list
[17:32:09] STEP 5: Updating metrics
[17:32:09] === SUMMARY ===
[17:32:09] Notifications: 71
[17:32:09] Posted: 3
[17:32:09] Consent opportunities: 3
[17:32:09] Stale issues: 0
[17:32:09] Need follow-up: 0
[17:32:09] Merge conflicts: 0
[17:32:09] Total tracked: 47
[17:32:09] Check complete
