=== GitHub SLA Check: Tue Mar 10 05:30:01 AM CST 2026 ===
[05:30:01] STEP 0: Cleaning old data
[05:30:01] Checking tracked issues for closures...
[05:30:14] Cleanup complete
[05:30:14] STEP 1: Processing notifications
[05:30:15] Found 79 notifications
[05:30:18] EndlessPixel/EndlessPixel-Modpack#35: Already assigned, skipping
[05:30:19] VATSIM-UK/UK-Sector-File#6064: Already assigned, skipping
[05:30:54] pytorch-tabular/pytorch_tabular#605: Too old (43 days), skipping
[05:31:14] activist-org/activist#1925: Already assigned, skipping
[05:31:30] microsoft/vscode#288770: Already assigned, skipping
[05:31:35] lucasjinreal/Kokoros#61: Too old (381 days), skipping
[05:32:07] STEP 2: Checking my PRs
[05:32:08] STEP 2.5: Proactive discovery - finding new issues
[05:32:08] Searching for good-first-issues...
[05:32:10] Found 20 good-first-issues from search
[05:32:10]   Checking kobepaw/goop-veil#15: priority=100, comments=0
[05:32:10] *** DISCOVERED: kobepaw/goop-veil#15 (priority: 100, 0 comments) ***
[05:32:10] >>> Posting on discovered issue kobepaw/goop-veil#15
[05:32:11] SUCCESS: Posted on kobepaw/goop-veil#15
[05:32:17]   Checking kobepaw/goop-veil#13: priority=100, comments=0
[05:32:17] *** DISCOVERED: kobepaw/goop-veil#13 (priority: 100, 0 comments) ***
[05:32:17] >>> Posting on discovered issue kobepaw/goop-veil#13
[05:32:18] SUCCESS: Posted on kobepaw/goop-veil#13
[05:32:23]   Checking kobepaw/goop-veil#12: priority=100, comments=0
[05:32:23] *** DISCOVERED: kobepaw/goop-veil#12 (priority: 100, 0 comments) ***
[05:32:23] >>> Posting on discovered issue kobepaw/goop-veil#12
[05:32:25] SUCCESS: Posted on kobepaw/goop-veil#12
[05:32:31]   Checking kobepaw/goop-veil#11: priority=100, comments=0
[05:32:31] *** DISCOVERED: kobepaw/goop-veil#11 (priority: 100, 0 comments) ***
[05:32:31] >>> Posting on discovered issue kobepaw/goop-veil#11
[05:32:32] SUCCESS: Posted on kobepaw/goop-veil#11
[05:32:37]   Skipping djangonaut-space/wagtail-indymeet#713: Already tracked
[05:32:37]   Skipping rajmahadev422/Learn-To-PR#16: Already tracked
[05:32:37]   Skipping EndlessPixel/EndlessPixel-Modpack#35: Too many comments (6)
[05:32:37]   Skipping rysweet/azlin#793: Already tracked
[05:32:37]   Skipping rysweet/amplihack#2981: Already tracked
[05:32:37]   Skipping rysweet/amplihack#2980: Already tracked
[05:32:37]   Skipping rysweet/amplihack#2979: Already tracked
[05:32:37]   Skipping rysweet/amplihack#2977: Already tracked
[05:32:37]   Skipping rysweet/amplihack#2976: Already tracked
[05:32:37]   Skipping brendankowitz/FHIR-Tools-for-Anonymization#80: Already tracked
[05:32:38]   Skipping windoze95/nullfeed-flutter#19: Already tracked
[05:32:38]   Skipping windoze95/nullfeed-backend#33: Already tracked
[05:32:38]   Skipping windoze95/nullfeed-backend#32: Already tracked
[05:32:38]   Skipping avni-j/synthetic-demo-app#12: Already tracked
[05:32:38]   Skipping T-SIG/tsig-prints#252: Already tracked
[05:32:38]   Skipping T-SIG/tsig-prints#249: Already tracked
[05:32:38] Checked 20 issues, discovered 4 high-priority ones
[05:32:38] STEP 3: Checking follow-ups
[05:33:04] FOLLOW-UP NEEDED: Vexa-ai/vexa#160 (no response in 3 days)
[05:33:11] STEP 4: Building action items list
[05:33:11] STEP 5: Updating metrics
[05:33:11] === SUMMARY ===
[05:33:11] Notifications: 79
[05:33:11] Posted: 4
[05:33:11] Consent opportunities: 4
[05:33:11] Stale issues: 0
[05:33:12] Need follow-up: 1
[05:33:12] Merge conflicts: 0
[05:33:12] Total tracked: 101
[05:33:12] Check complete
