=== GitHub SLA Check: Tue Mar 10 03:30:01 AM CST 2026 ===
[03:30:01] STEP 0: Cleaning old data
[03:30:01] Checking tracked issues for closures...
[03:30:12] Cleanup complete
[03:30:12] STEP 1: Processing notifications
[03:30:14] Found 78 notifications
[03:30:15] EndlessPixel/EndlessPixel-Modpack#35: Already assigned, skipping
[03:30:16] VATSIM-UK/UK-Sector-File#6064: Already assigned, skipping
[03:30:49] pytorch-tabular/pytorch_tabular#605: Too old (43 days), skipping
[03:31:08] activist-org/activist#1925: Already assigned, skipping
[03:31:24] microsoft/vscode#288770: Already assigned, skipping
[03:31:30] lucasjinreal/Kokoros#61: Too old (381 days), skipping
[03:32:02] STEP 2: Checking my PRs
[03:32:03] STEP 2.5: Proactive discovery - finding new issues
[03:32:03] Searching for good-first-issues...
[03:32:05] Found 20 good-first-issues from search
[03:32:05]   Skipping rajmahadev422/Learn-To-PR#16: Already tracked
[03:32:05]   Skipping EndlessPixel/EndlessPixel-Modpack#35: Too many comments (6)
[03:32:05]   Skipping rysweet/azlin#793: Already tracked
[03:32:05]   Skipping rysweet/amplihack#2981: Already tracked
[03:32:05]   Skipping rysweet/amplihack#2980: Already tracked
[03:32:05]   Skipping rysweet/amplihack#2979: Already tracked
[03:32:06]   Skipping rysweet/amplihack#2977: Already tracked
[03:32:06]   Skipping rysweet/amplihack#2976: Already tracked
[03:32:06]   Skipping brendankowitz/FHIR-Tools-for-Anonymization#80: Already tracked
[03:32:06]   Skipping windoze95/nullfeed-flutter#19: Already tracked
[03:32:06]   Skipping windoze95/nullfeed-backend#33: Already tracked
[03:32:06]   Skipping windoze95/nullfeed-backend#32: Already tracked
[03:32:06]   Skipping avni-j/synthetic-demo-app#12: Already tracked
[03:32:06]   Skipping T-SIG/tsig-prints#252: Already tracked
[03:32:06]   Skipping T-SIG/tsig-prints#249: Already tracked
[03:32:06]   Skipping T-SIG/tsig-prints#248: Already tracked
[03:32:06]   Skipping T-SIG/tsig-prints#247: Already tracked
[03:32:06]   Skipping T-SIG/tsig-prints#245: Already tracked
[03:32:06]   Skipping T-SIG/tsig-prints#244: Already tracked
[03:32:06]   Skipping T-SIG/tsig-prints#243: Already tracked
[03:32:06] Checked 20 issues, discovered 0 high-priority ones
[03:32:06] STEP 3: Checking follow-ups
[03:32:31] STEP 4: Building action items list
[03:32:31] STEP 5: Updating metrics
[03:32:31] === SUMMARY ===
[03:32:31] Notifications: 78
[03:32:31] Posted: 0
[03:32:31] Consent opportunities: 0
[03:32:31] Stale issues: 0
[03:32:31] Need follow-up: 0
[03:32:31] Merge conflicts: 0
[03:32:31] Total tracked: 96
[03:32:31] Check complete
