=== GitHub SLA Check: Sun Mar  8 01:00:01 AM CST 2026 ===
[01:00:01] STEP 0: Cleaning old data
[01:00:01] Checking tracked issues for closures...
[01:00:12] Cleanup complete
[01:00:12] STEP 1: Processing notifications
[01:00:14] Found 74 notifications
[01:00:27] VATSIM-UK/UK-Sector-File#6064: Already assigned, skipping
[01:00:31] pytorch-tabular/pytorch_tabular#605: Too old (41 days), skipping
[01:00:53] activist-org/activist#1925: Already assigned, skipping
[01:01:13] microsoft/vscode#288770: Already assigned, skipping
[01:01:18] lucasjinreal/Kokoros#61: Too old (379 days), skipping
[01:01:52] STEP 2: Checking my PRs
[01:01:55] STEP 2.5: Proactive discovery - finding new issues
[01:01:55] Searching for good-first-issues...
[01:01:56] Found 20 good-first-issues from search
[01:01:56]   Skipping ibelanger/GraniteFungiForager#36: Already tracked
[01:01:56]   Skipping ibelanger/GraniteFungiForager#35: Already tracked
[01:01:56]   Skipping ibelanger/GraniteFungiForager#28: Already tracked
[01:01:56]   Skipping ibelanger/GraniteFungiForager#27: Already tracked
[01:01:56]   Skipping ibelanger/GraniteFungiForager#24: Already tracked
[01:01:56]   Skipping ibelanger/GraniteFungiForager#22: Already tracked
[01:01:56]   Skipping windoze95/nullfeed-flutter#15: Already tracked
[01:01:56]   Skipping windoze95/nullfeed-flutter#14: Already tracked
[01:01:56]   Skipping windoze95/nullfeed-backend#27: Already tracked
[01:01:56]   Skipping finnoybu/aegis-governance#14: Already tracked
[01:01:57]   Skipping finnoybu/aegis-governance#13: Already tracked
[01:01:57]   Skipping adenueltech/jobhunter#27: Already tracked
[01:01:57]   Skipping adenueltech/jobhunter#1: Already tracked
[01:01:57]   Skipping GreatJobTommy/DIT-Transfer-Tools#72: Already tracked
[01:01:57]   Skipping GreatJobTommy/DIT-Transfer-Tools#73: Already tracked
[01:01:57]   Skipping PatrickB1905/WealthWise#12: Already tracked
[01:01:57]   Skipping mynextproject-portfolio/recipe-explorer-lite-ildarakhmetov#1: Already tracked
[01:01:57]   Skipping rajmahadev422/Learn-To-PR#7: Already tracked
[01:01:57]   Skipping finnoybu/aegis-governance#12: Already tracked
[01:01:57]   Skipping Vexa-ai/vexa#160: Already tracked
[01:01:57] Checked 20 issues, discovered 0 high-priority ones
[01:01:57] STEP 3: Checking follow-ups
[01:01:59] STEP 4: Building action items list
[01:01:59] STEP 5: Updating metrics
[01:01:59] === SUMMARY ===
[01:01:59] Notifications: 74
[01:01:59] Posted: 0
[01:01:59] Consent opportunities: 0
[01:01:59] Stale issues: 0
[01:01:59] Need follow-up: 0
[01:01:59] Merge conflicts: 0
[01:01:59] Total tracked: 54
[01:01:59] Check complete
