=== GitHub SLA Check: Sat Mar  7 12:30:01 AM CST 2026 ===
[00:30:01] STEP 0: Cleaning old data
[00:30:01] Checking tracked issues for closures...
[00:30:10] Cleanup complete
[00:30:10] STEP 1: Processing notifications
[00:30:11] Found 63 notifications
[00:30:34] activist-org/activist#1925: Already assigned, skipping
[00:30:57] microsoft/vscode#288770: Already assigned, skipping
[00:31:05] lucasjinreal/Kokoros#61: Too old (378 days), skipping
[00:31:09] Evaluating: SynkraAI/aiox-core#466 (priority: 60)
[00:31:09] Consent signals found in comments
[00:31:09] >>> Posting comment on SynkraAI/aiox-core#466
[00:31:11] SUCCESS: Posted on SynkraAI/aiox-core#466
[00:31:26] Evaluating: mkasberg/ghostty-ubuntu#176 (priority: 100)
[00:31:26] >>> Posting comment on mkasberg/ghostty-ubuntu#176
[00:31:28] SUCCESS: Posted on mkasberg/ghostty-ubuntu#176
[00:31:37] Evaluating: starfish-graphics/gofish-graphics#240 (priority: 67)
[00:31:37] Consent signals found in comments
[00:31:37] >>> Posting comment on starfish-graphics/gofish-graphics#240
[00:31:39] SUCCESS: Posted on starfish-graphics/gofish-graphics#240
[00:31:49] Evaluating: datarhei/restreamer#969 (priority: 70)
[00:31:49] >>> Posting comment on datarhei/restreamer#969
[00:31:50] SUCCESS: Posted on datarhei/restreamer#969
[00:31:57] Evaluating: SonixQMK/qmk_firmware#466 (priority: 100)
[00:31:57] Consent signals found in comments
[00:31:57] >>> Posting comment on SonixQMK/qmk_firmware#466
[00:31:58] SUCCESS: Posted on SonixQMK/qmk_firmware#466
[00:32:03] MAX POSTS (5) reached
[00:32:03] STEP 2: Checking my PRs
[00:32:06] STEP 3: Checking follow-ups
[00:32:07] STEP 4: Updating metrics
[00:32:07] === SUMMARY ===
[00:32:07] Notifications: 63
[00:32:07] Posted: 5
[00:32:07] Consent opportunities: 3
[00:32:07] Urgent items: 0
[00:32:07] Questions to answer: 0
[00:32:07] Stale issues: 0
[00:32:07] Need follow-up: 0
[00:32:07] Merge conflicts: 0
[00:32:07] Total tracked: 20
[00:32:07] Check complete
