=== GitHub SLA Check: Tue Mar 10 09:00:01 AM CST 2026 ===
[09:00:01] STEP 0: Cleaning old data
[09:00:01] Checking tracked issues for closures...
[09:00:14] Cleanup complete
[09:00:14] STEP 1: Processing notifications
[09:00:15] Found 79 notifications
[09:00:17] djangonaut-space/wagtail-indymeet#713: Already assigned, skipping
[09:00:18] EndlessPixel/EndlessPixel-Modpack#35: Already assigned, skipping
[09:00:19] VATSIM-UK/UK-Sector-File#6064: Already assigned, skipping
[09:00:52] pytorch-tabular/pytorch_tabular#605: Too old (43 days), skipping
[09:01:10] activist-org/activist#1925: Already assigned, skipping
[09:01:25] microsoft/vscode#288770: Already assigned, skipping
[09:01:29] lucasjinreal/Kokoros#61: Too old (382 days), skipping
[09:02:00] STEP 2: Checking my PRs
[09:02:01] STEP 2.5: Proactive discovery - finding new issues
[09:02:01] Searching for good-first-issues...
[09:02:02] Found 20 good-first-issues from search
[09:02:02]   Skipping djangonaut-space/wagtail-indymeet#713: Already tracked
[09:02:02]   Skipping rajmahadev422/Learn-To-PR#16: Already tracked
[09:02:03]   Skipping EndlessPixel/EndlessPixel-Modpack#35: Too many comments (6)
[09:02:03]   Skipping rysweet/azlin#793: Already tracked
[09:02:03]   Skipping rysweet/amplihack#2981: Already tracked
[09:02:03]   Skipping rysweet/amplihack#2980: Already tracked
[09:02:03]   Skipping rysweet/amplihack#2979: Already tracked
[09:02:03]   Skipping rysweet/amplihack#2977: Already tracked
[09:02:03]   Skipping rysweet/amplihack#2976: Already tracked
[09:02:03]   Skipping brendankowitz/FHIR-Tools-for-Anonymization#80: Already tracked
[09:02:03]   Skipping windoze95/nullfeed-flutter#19: Already tracked
[09:02:03]   Skipping windoze95/nullfeed-backend#33: Already tracked
[09:02:03]   Skipping windoze95/nullfeed-backend#32: Already tracked
[09:02:03]   Skipping avni-j/synthetic-demo-app#12: Already tracked
[09:02:03]   Skipping T-SIG/tsig-prints#252: Already tracked
[09:02:03]   Skipping T-SIG/tsig-prints#249: Already tracked
[09:02:04]   Skipping T-SIG/tsig-prints#248: Already tracked
[09:02:04]   Skipping T-SIG/tsig-prints#247: Already tracked
[09:02:04]   Skipping T-SIG/tsig-prints#245: Already tracked
[09:02:04]   Skipping T-SIG/tsig-prints#244: Already tracked
[09:02:04] Checked 20 issues, discovered 0 high-priority ones
[09:02:04] STEP 3: Checking follow-ups
[09:02:28] FOLLOW-UP NEEDED: Vexa-ai/vexa#160 (no response in 3 days)
[09:02:35] FOLLOW-UP NEEDED: mynextproject-portfolio/recipe-explorer-lite-yuewang199511#1 (no response in 3 days)
[09:02:37] FOLLOW-UP NEEDED: Marormur/Website#158 (no response in 3 days)
[09:02:39] FOLLOW-UP NEEDED: Marormur/Website#160 (no response in 3 days)
[09:02:40] FOLLOW-UP NEEDED: PatrickB1905/wealthwise#12 (no response in 3 days)
[09:02:41] FOLLOW-UP NEEDED: GreatJobTommy/DIT-Transfer-Tools#73 (no response in 3 days)
[09:02:44] STEP 4: Building action items list
[09:02:45] STEP 5: Updating metrics
[09:02:45] === SUMMARY ===
[09:02:45] Notifications: 79
[09:02:45] Posted: 0
[09:02:45] Consent opportunities: 0
[09:02:45] Stale issues: 0
[09:02:45] Need follow-up: 33
[09:02:45] Merge conflicts: 0
[09:02:45] Total tracked: 101
[09:02:45] Check complete
