=== GitHub SLA Check: Sat Mar  7 04:30:01 AM CST 2026 ===
[04:30:01] STEP 0: Cleaning old data
[04:30:01] Checking tracked issues for closures...
[04:30:14] Cleanup complete
[04:30:14] STEP 1: Processing notifications
[04:30:16] Found 63 notifications
[04:30:42] activist-org/activist#1925: Already assigned, skipping
[04:31:05] microsoft/vscode#288770: Already assigned, skipping
[04:31:11] lucasjinreal/Kokoros#61: Too old (378 days), skipping
[04:31:46] STEP 2: Checking my PRs
[04:31:49] STEP 3: Checking follow-ups
[04:31:50] STEP 4: Building action items list
[04:31:50] STEP 5: Updating metrics
[04:31:50] === SUMMARY ===
[04:31:50] Notifications: 63
[04:31:50] Posted: 0
[04:31:50] Consent opportunities: 0
[04:31:50] Stale issues: 0
[04:31:50] Need follow-up: 0
[04:31:50] Merge conflicts: 0
[04:31:50] Total tracked: 21
[04:31:50] Check complete
