=== GitHub SLA Check: Sun Mar  8 01:30:01 AM CST 2026 ===
[01:30:01] STEP 0: Cleaning old data
[01:30:01] Checking tracked issues for closures...
[01:30:13] Cleanup complete
[01:30:13] STEP 1: Processing notifications
[01:30:15] Found 75 notifications
[01:30:28] VATSIM-UK/UK-Sector-File#6064: Already assigned, skipping
[01:30:32] pytorch-tabular/pytorch_tabular#605: Too old (41 days), skipping
[01:30:52] activist-org/activist#1925: Already assigned, skipping
[01:31:13] microsoft/vscode#288770: Already assigned, skipping
[01:31:18] lucasjinreal/Kokoros#61: Too old (379 days), skipping
[01:31:50] STEP 2: Checking my PRs
[01:31:52] STEP 2.5: Proactive discovery - finding new issues
[01:31:52] Searching for good-first-issues...
[01:31:54] Found 20 good-first-issues from search
[01:31:54]   Skipping ibelanger/GraniteFungiForager#36: Already tracked
[01:31:54]   Skipping ibelanger/GraniteFungiForager#35: Already tracked
[01:31:55]   Skipping ibelanger/GraniteFungiForager#28: Already tracked
[01:31:55]   Skipping ibelanger/GraniteFungiForager#27: Already tracked
[01:31:55]   Skipping ibelanger/GraniteFungiForager#24: Already tracked
[01:31:55]   Skipping ibelanger/GraniteFungiForager#22: Already tracked
[01:31:55]   Skipping windoze95/nullfeed-flutter#15: Already tracked
[01:31:55]   Skipping windoze95/nullfeed-flutter#14: Already tracked
[01:31:55]   Skipping windoze95/nullfeed-backend#27: Already tracked
[01:31:55]   Skipping finnoybu/aegis-governance#14: Already tracked
[01:31:55]   Skipping finnoybu/aegis-governance#13: Already tracked
[01:31:55]   Skipping adenueltech/jobhunter#27: Already tracked
[01:31:55]   Skipping adenueltech/jobhunter#1: Already tracked
[01:31:55]   Skipping GreatJobTommy/DIT-Transfer-Tools#72: Already tracked
[01:31:55]   Skipping GreatJobTommy/DIT-Transfer-Tools#73: Already tracked
[01:31:55]   Skipping PatrickB1905/WealthWise#12: Already tracked
[01:31:55]   Skipping mynextproject-portfolio/recipe-explorer-lite-ildarakhmetov#1: Already tracked
[01:31:56]   Skipping rajmahadev422/Learn-To-PR#7: Already tracked
[01:31:56]   Skipping finnoybu/aegis-governance#12: Already tracked
[01:31:56]   Skipping Vexa-ai/vexa#160: Already tracked
[01:31:56] Checked 20 issues, discovered 0 high-priority ones
[01:31:56] STEP 3: Checking follow-ups
[01:31:57] STEP 4: Building action items list
[01:31:57] STEP 5: Updating metrics
[01:31:57] === SUMMARY ===
[01:31:57] Notifications: 75
[01:31:57] Posted: 0
[01:31:57] Consent opportunities: 0
[01:31:57] Stale issues: 0
[01:31:57] Need follow-up: 0
[01:31:57] Merge conflicts: 0
[01:31:57] Total tracked: 54
[01:31:57] Check complete
