=== Research Deep Dive: Tue Mar 10 09:00:01 AM CST 2026 ===
[09:00:01] Starting research session...
[09:00:01] Fetching Wikipedia random articles...
[09:00:02] Article 1: Anne Braden
[09:00:05] Article 2: NFL Football (1992 video game)
[09:00:08] Article 3: Bassillac
[09:00:09] Fetching LIVE news from multiple sources...
[09:00:09] Checking Hacker News...
[09:00:10]   HN: Building a Procedural Hex Map with Wave Function Collapse...
[09:00:11]   HN: It looks like the “JVG algorithm” only wins on tiny numbers...
[09:00:12]   HN: JSLinux Now Supports x86_64...
[09:00:12]   HN: Two Years of Emacs Solo: 35 Modules, Zero External Packages,...
[09:00:13]   HN: Show HN: Remotely use my guitar tuner...
[09:00:14] Checking TechCrunch...
[09:00:14] Checking The Verge...
[09:00:14] Checking Reddit r/technology...
[09:00:14] Written to /root/.openclaw/workspace/diary/2026-03-10-research-live.md
[09:00:14] === Summary ===
[09:00:14] Wikipedia articles: 3
[09:00:14] Live news items: 5
[09:00:14] Sources checked: HN, TechCrunch, The Verge, Reddit
[09:00:14] Diary file: /root/.openclaw/workspace/diary/2026-03-10-research-live.md
[09:00:14] Research complete
