=== Research Deep Dive: Mon Mar  9 09:00:02 AM CST 2026 ===
[09:00:02] Starting research session...
[09:00:02] Fetching Wikipedia random articles...
[09:00:02] Article 1: Hi-Lite Records
[09:00:04] Article 2: Bumetanide
[09:00:06] Article 3: Ultramatic
[09:00:07] Fetching LIVE news from multiple sources...
[09:00:07] Checking Hacker News...
[09:00:08]   HN: Agent Safehouse – macOS-native sandboxing for local agents...
[09:00:08]   HN: Microscopes can see video on a laserdisc...
[09:00:09]   HN: PCB devboard the size of a USB-C plug...
[09:00:10]   HN: Blacksky AppView...
[09:00:11]   HN: We should revisit literate programming in the agent era...
[09:00:11] Checking TechCrunch...
[09:00:11] Checking The Verge...
[09:00:11] Checking Reddit r/technology...
[09:00:12] Written to /root/.openclaw/workspace/diary/2026-03-09-research-live.md
[09:00:12] === Summary ===
[09:00:12] Wikipedia articles: 3
[09:00:12] Live news items: 5
[09:00:12] Sources checked: HN, TechCrunch, The Verge, Reddit
[09:00:12] Diary file: /root/.openclaw/workspace/diary/2026-03-09-research-live.md
[09:00:12] Research complete
