=== Research Deep Dive: Sun Mar  8 09:00:01 AM CST 2026 ===
[09:00:01] Starting research session...
[09:00:01] Fetching Wikipedia random articles...
[09:00:02] Article 1: Melaleuca megalongensis
[09:00:05] Article 2: Walcot, Lincolnshire
[09:00:07] Article 3: %C4%8Cemerno massacre
[09:00:08] Fetching LIVE news from multiple sources...
[09:00:08] Checking Hacker News...
[09:00:09]   HN: CasNum...
[09:00:10]   HN: A decade of Docker containers...
[09:00:10]   HN: Dumping Lego NXT firmware off of an existing brick (2025)...
[09:00:11]   HN: Effort to prevent government officials from engaging in pred...
[09:00:12]   HN: The stagnancy of publishing and the disappearance of the mid...
[09:00:12] Checking TechCrunch...
[09:00:13] Checking The Verge...
[09:00:13] Checking Reddit r/technology...
[09:00:13] Written to /root/.openclaw/workspace/diary/2026-03-08-research-live.md
[09:00:13] === Summary ===
[09:00:13] Wikipedia articles: 3
[09:00:13] Live news items: 5
[09:00:13] Sources checked: HN, TechCrunch, The Verge, Reddit
[09:00:13] Diary file: /root/.openclaw/workspace/diary/2026-03-08-research-live.md
[09:00:13] Research complete
